[3.131s] Invoking command in '/home/aansari/Documents/ME439/ME439Team125/build/finalproj125': DEBUGINFOD_URLS=https://debuginfod.ubuntu.com PYTHONPATH=/home/aansari/Documents/ME439/ME439Team125/build/finalproj125/prefix_override:/usr/lib/python3/dist-packages/colcon_core/task/python/colcon_distutils_commands:/home/aansari/Documents/ME439/ME439Team125/install/finalproj125/lib/python3.12/site-packages:${PYTHONPATH} /usr/bin/python3 -W ignore:setup.py install is deprecated -W ignore:easy_install command is deprecated setup.py develop --editable --build-directory /home/aansari/Documents/ME439/ME439Team125/build/finalproj125/build --no-deps symlink_data
[3.781s] /usr/local/lib/python3.12/dist-packages/setuptools/_distutils/dist.py:261: UserWarning: Unknown distribution option: 'tests_require'
[3.781s]   warnings.warn(msg)
[4.436s] running develop
[5.304s] running egg_info
[5.391s] creating finalproj125.egg-info
[5.392s] writing finalproj125.egg-info/PKG-INFO
[5.395s] writing dependency_links to finalproj125.egg-info/dependency_links.txt
[5.399s] writing requirements to finalproj125.egg-info/requires.txt
[5.399s] writing top-level names to finalproj125.egg-info/top_level.txt
[5.400s] writing manifest file 'finalproj125.egg-info/SOURCES.txt'
[5.577s] reading manifest file 'finalproj125.egg-info/SOURCES.txt'
[5.581s] writing manifest file 'finalproj125.egg-info/SOURCES.txt'
[5.688s] running build_ext
[5.690s] Creating /home/aansari/Documents/ME439/ME439Team125/install/finalproj125/lib/python3.12/site-packages/finalproj125.egg-link (link to .)
[5.693s] 
[5.693s] Installed /home/aansari/Documents/ME439/ME439Team125/build/finalproj125
[5.693s] running symlink_data
[5.696s] creating /home/aansari/Documents/ME439/ME439Team125/install/finalproj125/share/ament_index/resource_index/packages
[5.696s] symbolically linking /home/aansari/Documents/ME439/ME439Team125/build/finalproj125/resource/finalproj125 -> /home/aansari/Documents/ME439/ME439Team125/install/finalproj125/share/ament_index/resource_index/packages
[5.696s] symbolically linking /home/aansari/Documents/ME439/ME439Team125/build/finalproj125/package.xml -> /home/aansari/Documents/ME439/ME439Team125/install/finalproj125/share/finalproj125
[5.840s] Invoked command in '/home/aansari/Documents/ME439/ME439Team125/build/finalproj125' returned '0': DEBUGINFOD_URLS=https://debuginfod.ubuntu.com PYTHONPATH=/home/aansari/Documents/ME439/ME439Team125/build/finalproj125/prefix_override:/usr/lib/python3/dist-packages/colcon_core/task/python/colcon_distutils_commands:/home/aansari/Documents/ME439/ME439Team125/install/finalproj125/lib/python3.12/site-packages:${PYTHONPATH} /usr/bin/python3 -W ignore:setup.py install is deprecated -W ignore:easy_install command is deprecated setup.py develop --editable --build-directory /home/aansari/Documents/ME439/ME439Team125/build/finalproj125/build --no-deps symlink_data
