-- The C compiler identification is GNU 13.2.0
-- The CXX compiler identification is GNU 13.2.0
-- Detecting C compiler ABI info
-- Detecting C compiler ABI info - done
-- Check for working C compiler: /usr/bin/cc - skipped
-- Detecting C compile features
-- Detecting C compile features - done
-- Detecting CXX compiler ABI info
-- Detecting CXX compiler ABI info - done
-- Check for working CXX compiler: /usr/bin/c++ - skipped
-- Detecting CXX compile features
-- Detecting CXX compile features - done
-- Found ament_cmake: 2.5.2 (/opt/ros/jazzy/share/ament_cmake/cmake)
-- Found Python3: /usr/bin/python3 (found version "3.12.3") found components: Interpreter 
-- Override CMake install command with custom implementation using symlinks instead of copying resources
-- Found ament_lint_auto: 0.17.1 (/opt/ros/jazzy/share/ament_lint_auto/cmake)
-- Found rosidl_default_generators: 1.6.0 (/opt/ros/jazzy/share/rosidl_default_generators/cmake)
-- Using all available rosidl_typesupport_c: rosidl_typesupport_fastrtps_c;rosidl_typesupport_introspection_c
-- Using all available rosidl_typesupport_cpp: rosidl_typesupport_fastrtps_cpp;rosidl_typesupport_introspection_cpp
-- Found rosidl_adapter: 4.6.4 (/opt/ros/jazzy/share/rosidl_adapter/cmake)
-- Found ament_cmake_ros: 0.12.0 (/opt/ros/jazzy/share/ament_cmake_ros/cmake)
-- Using all available rosidl_typesupport_c: rosidl_typesupport_fastrtps_c;rosidl_typesupport_introspection_c
-- Using all available rosidl_typesupport_cpp: rosidl_typesupport_fastrtps_cpp;rosidl_typesupport_introspection_cpp
-- Found python_cmake_module: 0.11.1 (/opt/ros/jazzy/share/python_cmake_module/cmake)
-- Found PythonExtra: /usr/bin/python3  
-- Found Python3: /usr/bin/python3 (found version "3.12.3") found components: Interpreter Development NumPy Development.Module Development.Embed 
-- Added test 'lint_cmake' to check CMake code style
-- Added test 'xmllint' to check XML markup files
-- Configuring done (8.5s)
-- Generating done (0.1s)
-- Build files have been written to: /home/aansari/Documents/ME439/ME439Team125/build/finalproj125_interfaces
[  2%] [34m[1mGenerating type hashes for ROS interfaces[0m
[  2%] Built target ament_cmake_python_symlink_finalproj125_interfaces
[  2%] Built target finalproj125_interfaces__rosidl_generator_type_description
[  4%] [34m[1mGenerating C code for ROS interfaces[0m
running egg_info
[  6%] [34m[1mGenerating C++ code for ROS interfaces[0m
creating finalproj125_interfaces.egg-info
writing finalproj125_interfaces.egg-info/PKG-INFO
writing dependency_links to finalproj125_interfaces.egg-info/dependency_links.txt
writing top-level names to finalproj125_interfaces.egg-info/top_level.txt
writing manifest file 'finalproj125_interfaces.egg-info/SOURCES.txt'
reading manifest file 'finalproj125_interfaces.egg-info/SOURCES.txt'
writing manifest file 'finalproj125_interfaces.egg-info/SOURCES.txt'
[  6%] Built target ament_cmake_python_build_finalproj125_interfaces_egg
[  6%] Built target finalproj125_interfaces__cpp
[  9%] [32mBuilding C object CMakeFiles/finalproj125_interfaces__rosidl_generator_c.dir/rosidl_generator_c/finalproj125_interfaces/action/detail/return_same__description.c.o[0m
[ 11%] [32mBuilding C object CMakeFiles/finalproj125_interfaces__rosidl_generator_c.dir/rosidl_generator_c/finalproj125_interfaces/action/detail/return_same__functions.c.o[0m
[ 13%] [32mBuilding C object CMakeFiles/finalproj125_interfaces__rosidl_generator_c.dir/rosidl_generator_c/finalproj125_interfaces/action/detail/return_same__type_support.c.o[0m
[ 15%] [32mBuilding C object CMakeFiles/finalproj125_interfaces__rosidl_generator_c.dir/rosidl_generator_c/finalproj125_interfaces/action/detail/return_double__description.c.o[0m
[ 18%] [32mBuilding C object CMakeFiles/finalproj125_interfaces__rosidl_generator_c.dir/rosidl_generator_c/finalproj125_interfaces/action/detail/return_double__functions.c.o[0m
[ 20%] [32mBuilding C object CMakeFiles/finalproj125_interfaces__rosidl_generator_c.dir/rosidl_generator_c/finalproj125_interfaces/action/detail/return_double__type_support.c.o[0m
[ 22%] [32m[1mLinking C shared library libfinalproj125_interfaces__rosidl_generator_c.so[0m
[ 22%] Built target finalproj125_interfaces__rosidl_generator_c
[ 25%] [34m[1mGenerating C++ type support dispatch for ROS interfaces[0m
[ 27%] [34m[1mGenerating C type support for eProsima Fast-RTPS[0m
[ 29%] [34m[1mGenerating C introspection for ROS interfaces[0m
[ 31%] [34m[1mGenerating C type support dispatch for ROS interfaces[0m
[ 34%] [32mBuilding CXX object CMakeFiles/finalproj125_interfaces__rosidl_typesupport_c.dir/rosidl_typesupport_c/finalproj125_interfaces/action/return_same__type_support.cpp.o[0m
[ 36%] [32mBuilding CXX object CMakeFiles/finalproj125_interfaces__rosidl_typesupport_c.dir/rosidl_typesupport_c/finalproj125_interfaces/action/return_double__type_support.cpp.o[0m
[ 38%] [32mBuilding CXX object CMakeFiles/finalproj125_interfaces__rosidl_typesupport_cpp.dir/rosidl_typesupport_cpp/finalproj125_interfaces/action/return_same__type_support.cpp.o[0m
[ 40%] [32m[1mLinking CXX shared library libfinalproj125_interfaces__rosidl_typesupport_c.so[0m
[ 40%] Built target finalproj125_interfaces__rosidl_typesupport_c
[ 43%] [32mBuilding CXX object CMakeFiles/finalproj125_interfaces__rosidl_typesupport_cpp.dir/rosidl_typesupport_cpp/finalproj125_interfaces/action/return_double__type_support.cpp.o[0m
[ 45%] [32mBuilding C object CMakeFiles/finalproj125_interfaces__rosidl_typesupport_introspection_c.dir/rosidl_typesupport_introspection_c/finalproj125_interfaces/action/detail/return_same__type_support.c.o[0m
[ 47%] [32mBuilding C object CMakeFiles/finalproj125_interfaces__rosidl_typesupport_introspection_c.dir/rosidl_typesupport_introspection_c/finalproj125_interfaces/action/detail/return_double__type_support.c.o[0m
[ 50%] [32m[1mLinking C shared library libfinalproj125_interfaces__rosidl_typesupport_introspection_c.so[0m
[ 50%] Built target finalproj125_interfaces__rosidl_typesupport_introspection_c
[ 52%] [34m[1mGenerating C++ type support for eProsima Fast-RTPS[0m
[ 54%] [32mBuilding CXX object CMakeFiles/finalproj125_interfaces__rosidl_typesupport_fastrtps_c.dir/rosidl_typesupport_fastrtps_c/finalproj125_interfaces/action/detail/return_same__type_support_c.cpp.o[0m
[ 56%] [32mBuilding CXX object CMakeFiles/finalproj125_interfaces__rosidl_typesupport_fastrtps_c.dir/rosidl_typesupport_fastrtps_c/finalproj125_interfaces/action/detail/return_double__type_support_c.cpp.o[0m
[ 59%] [32m[1mLinking CXX shared library libfinalproj125_interfaces__rosidl_typesupport_cpp.so[0m
[ 59%] Built target finalproj125_interfaces__rosidl_typesupport_cpp
[ 61%] [34m[1mGenerating C++ introspection for ROS interfaces[0m
[ 63%] [32m[1mLinking CXX shared library libfinalproj125_interfaces__rosidl_typesupport_fastrtps_c.so[0m
[ 65%] [32mBuilding CXX object CMakeFiles/finalproj125_interfaces__rosidl_typesupport_fastrtps_cpp.dir/rosidl_typesupport_fastrtps_cpp/finalproj125_interfaces/action/detail/dds_fastrtps/return_same__type_support.cpp.o[0m
[ 68%] [32mBuilding CXX object CMakeFiles/finalproj125_interfaces__rosidl_typesupport_fastrtps_cpp.dir/rosidl_typesupport_fastrtps_cpp/finalproj125_interfaces/action/detail/dds_fastrtps/return_double__type_support.cpp.o[0m
[ 68%] Built target finalproj125_interfaces__rosidl_typesupport_fastrtps_c
[ 70%] [32mBuilding CXX object CMakeFiles/finalproj125_interfaces__rosidl_typesupport_introspection_cpp.dir/rosidl_typesupport_introspection_cpp/finalproj125_interfaces/action/detail/return_same__type_support.cpp.o[0m
[ 72%] [32mBuilding CXX object CMakeFiles/finalproj125_interfaces__rosidl_typesupport_introspection_cpp.dir/rosidl_typesupport_introspection_cpp/finalproj125_interfaces/action/detail/return_double__type_support.cpp.o[0m
[ 75%] [32m[1mLinking CXX shared library libfinalproj125_interfaces__rosidl_typesupport_introspection_cpp.so[0m
[ 75%] Built target finalproj125_interfaces__rosidl_typesupport_introspection_cpp
[ 77%] [32m[1mLinking CXX shared library libfinalproj125_interfaces__rosidl_typesupport_fastrtps_cpp.so[0m
[ 77%] Built target finalproj125_interfaces__rosidl_typesupport_fastrtps_cpp
[ 77%] Built target finalproj125_interfaces
[ 79%] [34m[1mGenerating Python code for ROS interfaces[0m
[ 79%] Built target finalproj125_interfaces__py
[ 81%] [32mBuilding C object CMakeFiles/finalproj125_interfaces__rosidl_generator_py.dir/rosidl_generator_py/finalproj125_interfaces/action/_return_same_s.c.o[0m
[ 84%] [32mBuilding C object CMakeFiles/finalproj125_interfaces__rosidl_generator_py.dir/rosidl_generator_py/finalproj125_interfaces/action/_return_double_s.c.o[0m
[ 86%] [32m[1mLinking C shared library libfinalproj125_interfaces__rosidl_generator_py.so[0m
[ 86%] Built target finalproj125_interfaces__rosidl_generator_py
[ 88%] [32mBuilding C object CMakeFiles/finalproj125_interfaces_s__rosidl_typesupport_fastrtps_c.dir/rosidl_generator_py/finalproj125_interfaces/_finalproj125_interfaces_s.ep.rosidl_typesupport_fastrtps_c.c.o[0m
[ 90%] [32mBuilding C object CMakeFiles/finalproj125_interfaces_s__rosidl_typesupport_introspection_c.dir/rosidl_generator_py/finalproj125_interfaces/_finalproj125_interfaces_s.ep.rosidl_typesupport_introspection_c.c.o[0m
[ 93%] [32mBuilding C object CMakeFiles/finalproj125_interfaces_s__rosidl_typesupport_c.dir/rosidl_generator_py/finalproj125_interfaces/_finalproj125_interfaces_s.ep.rosidl_typesupport_c.c.o[0m
[ 95%] [32m[1mLinking C shared module rosidl_generator_py/finalproj125_interfaces/finalproj125_interfaces_s__rosidl_typesupport_fastrtps_c.so[0m
[ 95%] Built target finalproj125_interfaces_s__rosidl_typesupport_fastrtps_c
[ 97%] [32m[1mLinking C shared module rosidl_generator_py/finalproj125_interfaces/finalproj125_interfaces_s__rosidl_typesupport_c.so[0m
[ 97%] Built target finalproj125_interfaces_s__rosidl_typesupport_c
[100%] [32m[1mLinking C shared module rosidl_generator_py/finalproj125_interfaces/finalproj125_interfaces_s__rosidl_typesupport_introspection_c.so[0m
[100%] Built target finalproj125_interfaces_s__rosidl_typesupport_introspection_c
-- Install configuration: ""
-- Execute custom install script
-- Symlinking: /home/aansari/Documents/ME439/ME439Team125/install/finalproj125_interfaces/share/ament_index/resource_index/rosidl_interfaces/finalproj125_interfaces
-- Symlinking: /home/aansari/Documents/ME439/ME439Team125/install/finalproj125_interfaces/share/finalproj125_interfaces/action/ReturnSame.json
-- Symlinking: /home/aansari/Documents/ME439/ME439Team125/install/finalproj125_interfaces/share/finalproj125_interfaces/action/ReturnDouble.json
-- Symlinking: /home/aansari/Documents/ME439/ME439Team125/install/finalproj125_interfaces/include/finalproj125_interfaces/finalproj125_interfaces/action/detail/return_double__functions.h
-- Symlinking: /home/aansari/Documents/ME439/ME439Team125/install/finalproj125_interfaces/include/finalproj125_interfaces/finalproj125_interfaces/action/detail/return_double__struct.h
-- Symlinking: /home/aansari/Documents/ME439/ME439Team125/install/finalproj125_interfaces/include/finalproj125_interfaces/finalproj125_interfaces/action/detail/return_double__type_support.h
-- Symlinking: /home/aansari/Documents/ME439/ME439Team125/install/finalproj125_interfaces/include/finalproj125_interfaces/finalproj125_interfaces/action/detail/return_same__functions.h
-- Symlinking: /home/aansari/Documents/ME439/ME439Team125/install/finalproj125_interfaces/include/finalproj125_interfaces/finalproj125_interfaces/action/detail/return_same__struct.h
-- Symlinking: /home/aansari/Documents/ME439/ME439Team125/install/finalproj125_interfaces/include/finalproj125_interfaces/finalproj125_interfaces/action/detail/return_same__type_support.h
-- Symlinking: /home/aansari/Documents/ME439/ME439Team125/install/finalproj125_interfaces/include/finalproj125_interfaces/finalproj125_interfaces/action/return_double.h
-- Symlinking: /home/aansari/Documents/ME439/ME439Team125/install/finalproj125_interfaces/include/finalproj125_interfaces/finalproj125_interfaces/action/return_same.h
-- Symlinking: /home/aansari/Documents/ME439/ME439Team125/install/finalproj125_interfaces/include/finalproj125_interfaces/finalproj125_interfaces/msg/rosidl_generator_c__visibility_control.h
-- Symlinking: /home/aansari/Documents/ME439/ME439Team125/install/finalproj125_interfaces/share/finalproj125_interfaces/environment/library_path.sh
-- Symlinking: /home/aansari/Documents/ME439/ME439Team125/install/finalproj125_interfaces/share/finalproj125_interfaces/environment/library_path.dsv
-- Symlinking: /home/aansari/Documents/ME439/ME439Team125/install/finalproj125_interfaces/include/finalproj125_interfaces/finalproj125_interfaces/action/detail/return_double__rosidl_typesupport_fastrtps_c.h
-- Symlinking: /home/aansari/Documents/ME439/ME439Team125/install/finalproj125_interfaces/include/finalproj125_interfaces/finalproj125_interfaces/action/detail/return_same__rosidl_typesupport_fastrtps_c.h
-- Symlinking: /home/aansari/Documents/ME439/ME439Team125/install/finalproj125_interfaces/include/finalproj125_interfaces/finalproj125_interfaces/msg/rosidl_typesupport_fastrtps_c__visibility_control.h
-- Symlinking: /home/aansari/Documents/ME439/ME439Team125/install/finalproj125_interfaces/include/finalproj125_interfaces/finalproj125_interfaces/action/detail/return_double__rosidl_typesupport_introspection_c.h
-- Symlinking: /home/aansari/Documents/ME439/ME439Team125/install/finalproj125_interfaces/include/finalproj125_interfaces/finalproj125_interfaces/action/detail/return_same__rosidl_typesupport_introspection_c.h
-- Symlinking: /home/aansari/Documents/ME439/ME439Team125/install/finalproj125_interfaces/include/finalproj125_interfaces/finalproj125_interfaces/msg/rosidl_typesupport_introspection_c__visibility_control.h
-- Symlinking: /home/aansari/Documents/ME439/ME439Team125/install/finalproj125_interfaces/include/finalproj125_interfaces/finalproj125_interfaces/action/detail/return_double__builder.hpp
-- Symlinking: /home/aansari/Documents/ME439/ME439Team125/install/finalproj125_interfaces/include/finalproj125_interfaces/finalproj125_interfaces/action/detail/return_double__struct.hpp
-- Symlinking: /home/aansari/Documents/ME439/ME439Team125/install/finalproj125_interfaces/include/finalproj125_interfaces/finalproj125_interfaces/action/detail/return_double__traits.hpp
-- Symlinking: /home/aansari/Documents/ME439/ME439Team125/install/finalproj125_interfaces/include/finalproj125_interfaces/finalproj125_interfaces/action/detail/return_double__type_support.hpp
-- Symlinking: /home/aansari/Documents/ME439/ME439Team125/install/finalproj125_interfaces/include/finalproj125_interfaces/finalproj125_interfaces/action/detail/return_same__builder.hpp
-- Symlinking: /home/aansari/Documents/ME439/ME439Team125/install/finalproj125_interfaces/include/finalproj125_interfaces/finalproj125_interfaces/action/detail/return_same__struct.hpp
-- Symlinking: /home/aansari/Documents/ME439/ME439Team125/install/finalproj125_interfaces/include/finalproj125_interfaces/finalproj125_interfaces/action/detail/return_same__traits.hpp
-- Symlinking: /home/aansari/Documents/ME439/ME439Team125/install/finalproj125_interfaces/include/finalproj125_interfaces/finalproj125_interfaces/action/detail/return_same__type_support.hpp
-- Symlinking: /home/aansari/Documents/ME439/ME439Team125/install/finalproj125_interfaces/include/finalproj125_interfaces/finalproj125_interfaces/action/return_double.hpp
-- Symlinking: /home/aansari/Documents/ME439/ME439Team125/install/finalproj125_interfaces/include/finalproj125_interfaces/finalproj125_interfaces/action/return_same.hpp
-- Symlinking: /home/aansari/Documents/ME439/ME439Team125/install/finalproj125_interfaces/include/finalproj125_interfaces/finalproj125_interfaces/msg/rosidl_generator_cpp__visibility_control.hpp
-- Symlinking: /home/aansari/Documents/ME439/ME439Team125/install/finalproj125_interfaces/include/finalproj125_interfaces/finalproj125_interfaces/action/detail/return_double__rosidl_typesupport_fastrtps_cpp.hpp
-- Symlinking: /home/aansari/Documents/ME439/ME439Team125/install/finalproj125_interfaces/include/finalproj125_interfaces/finalproj125_interfaces/action/detail/return_same__rosidl_typesupport_fastrtps_cpp.hpp
-- Symlinking: /home/aansari/Documents/ME439/ME439Team125/install/finalproj125_interfaces/include/finalproj125_interfaces/finalproj125_interfaces/msg/rosidl_typesupport_fastrtps_cpp__visibility_control.h
-- Symlinking: /home/aansari/Documents/ME439/ME439Team125/install/finalproj125_interfaces/include/finalproj125_interfaces/finalproj125_interfaces/action/detail/return_double__rosidl_typesupport_introspection_cpp.hpp
-- Symlinking: /home/aansari/Documents/ME439/ME439Team125/install/finalproj125_interfaces/include/finalproj125_interfaces/finalproj125_interfaces/action/detail/return_same__rosidl_typesupport_introspection_cpp.hpp
-- Symlinking: /home/aansari/Documents/ME439/ME439Team125/install/finalproj125_interfaces/share/finalproj125_interfaces/environment/pythonpath.sh
-- Symlinking: /home/aansari/Documents/ME439/ME439Team125/install/finalproj125_interfaces/share/finalproj125_interfaces/environment/pythonpath.dsv
-- Symlinking: /home/aansari/Documents/ME439/ME439Team125/install/finalproj125_interfaces/lib/python3.12/site-packages/finalproj125_interfaces-0.0.0-py3.12.egg-info/PKG-INFO
-- Symlinking: /home/aansari/Documents/ME439/ME439Team125/install/finalproj125_interfaces/lib/python3.12/site-packages/finalproj125_interfaces-0.0.0-py3.12.egg-info/SOURCES.txt
-- Symlinking: /home/aansari/Documents/ME439/ME439Team125/install/finalproj125_interfaces/lib/python3.12/site-packages/finalproj125_interfaces-0.0.0-py3.12.egg-info/dependency_links.txt
-- Symlinking: /home/aansari/Documents/ME439/ME439Team125/install/finalproj125_interfaces/lib/python3.12/site-packages/finalproj125_interfaces-0.0.0-py3.12.egg-info/top_level.txt
-- Symlinking: /home/aansari/Documents/ME439/ME439Team125/install/finalproj125_interfaces/lib/python3.12/site-packages/finalproj125_interfaces/__init__.py
-- Symlinking: /home/aansari/Documents/ME439/ME439Team125/install/finalproj125_interfaces/lib/python3.12/site-packages/finalproj125_interfaces/_finalproj125_interfaces_s.ep.rosidl_typesupport_c.c
-- Symlinking: /home/aansari/Documents/ME439/ME439Team125/install/finalproj125_interfaces/lib/python3.12/site-packages/finalproj125_interfaces/_finalproj125_interfaces_s.ep.rosidl_typesupport_fastrtps_c.c
-- Symlinking: /home/aansari/Documents/ME439/ME439Team125/install/finalproj125_interfaces/lib/python3.12/site-packages/finalproj125_interfaces/_finalproj125_interfaces_s.ep.rosidl_typesupport_introspection_c.c
-- Symlinking: /home/aansari/Documents/ME439/ME439Team125/install/finalproj125_interfaces/lib/python3.12/site-packages/finalproj125_interfaces/action/__init__.py
-- Symlinking: /home/aansari/Documents/ME439/ME439Team125/install/finalproj125_interfaces/lib/python3.12/site-packages/finalproj125_interfaces/action/_return_double.py
-- Symlinking: /home/aansari/Documents/ME439/ME439Team125/install/finalproj125_interfaces/lib/python3.12/site-packages/finalproj125_interfaces/action/_return_double_s.c
-- Symlinking: /home/aansari/Documents/ME439/ME439Team125/install/finalproj125_interfaces/lib/python3.12/site-packages/finalproj125_interfaces/action/_return_same.py
-- Symlinking: /home/aansari/Documents/ME439/ME439Team125/install/finalproj125_interfaces/lib/python3.12/site-packages/finalproj125_interfaces/action/_return_same_s.c
-- Symlinking: /home/aansari/Documents/ME439/ME439Team125/install/finalproj125_interfaces/lib/python3.12/site-packages/finalproj125_interfaces/finalproj125_interfaces_s__rosidl_typesupport_c.so
-- Symlinking: /home/aansari/Documents/ME439/ME439Team125/install/finalproj125_interfaces/lib/python3.12/site-packages/finalproj125_interfaces/finalproj125_interfaces_s__rosidl_typesupport_fastrtps_c.so
-- Symlinking: /home/aansari/Documents/ME439/ME439Team125/install/finalproj125_interfaces/lib/python3.12/site-packages/finalproj125_interfaces/finalproj125_interfaces_s__rosidl_typesupport_introspection_c.so
-- Up-to-date symlink: /home/aansari/Documents/ME439/ME439Team125/install/finalproj125_interfaces/lib/python3.12/site-packages/finalproj125_interfaces/finalproj125_interfaces_s__rosidl_typesupport_fastrtps_c.so
-- Up-to-date symlink: /home/aansari/Documents/ME439/ME439Team125/install/finalproj125_interfaces/lib/python3.12/site-packages/finalproj125_interfaces/finalproj125_interfaces_s__rosidl_typesupport_introspection_c.so
-- Up-to-date symlink: /home/aansari/Documents/ME439/ME439Team125/install/finalproj125_interfaces/lib/python3.12/site-packages/finalproj125_interfaces/finalproj125_interfaces_s__rosidl_typesupport_c.so
-- Symlinking: /home/aansari/Documents/ME439/ME439Team125/install/finalproj125_interfaces/share/finalproj125_interfaces/action/ReturnSame.idl
-- Symlinking: /home/aansari/Documents/ME439/ME439Team125/install/finalproj125_interfaces/share/finalproj125_interfaces/action/ReturnDouble.idl
-- Symlinking: /home/aansari/Documents/ME439/ME439Team125/install/finalproj125_interfaces/share/finalproj125_interfaces/action/ReturnSame.action
-- Symlinking: /home/aansari/Documents/ME439/ME439Team125/install/finalproj125_interfaces/share/finalproj125_interfaces/action/ReturnDouble.action
-- Symlinking: /home/aansari/Documents/ME439/ME439Team125/install/finalproj125_interfaces/share/ament_index/resource_index/package_run_dependencies/finalproj125_interfaces
-- Symlinking: /home/aansari/Documents/ME439/ME439Team125/install/finalproj125_interfaces/share/ament_index/resource_index/parent_prefix_path/finalproj125_interfaces
-- Symlinking: /home/aansari/Documents/ME439/ME439Team125/install/finalproj125_interfaces/share/finalproj125_interfaces/environment/ament_prefix_path.sh
-- Symlinking: /home/aansari/Documents/ME439/ME439Team125/install/finalproj125_interfaces/share/finalproj125_interfaces/environment/ament_prefix_path.dsv
-- Symlinking: /home/aansari/Documents/ME439/ME439Team125/install/finalproj125_interfaces/share/finalproj125_interfaces/environment/path.sh
-- Symlinking: /home/aansari/Documents/ME439/ME439Team125/install/finalproj125_interfaces/share/finalproj125_interfaces/environment/path.dsv
-- Symlinking: /home/aansari/Documents/ME439/ME439Team125/install/finalproj125_interfaces/share/finalproj125_interfaces/local_setup.bash
-- Symlinking: /home/aansari/Documents/ME439/ME439Team125/install/finalproj125_interfaces/share/finalproj125_interfaces/local_setup.sh
-- Symlinking: /home/aansari/Documents/ME439/ME439Team125/install/finalproj125_interfaces/share/finalproj125_interfaces/local_setup.zsh
-- Symlinking: /home/aansari/Documents/ME439/ME439Team125/install/finalproj125_interfaces/share/finalproj125_interfaces/local_setup.dsv
-- Symlinking: /home/aansari/Documents/ME439/ME439Team125/install/finalproj125_interfaces/share/finalproj125_interfaces/package.dsv
-- Symlinking: /home/aansari/Documents/ME439/ME439Team125/install/finalproj125_interfaces/share/ament_index/resource_index/packages/finalproj125_interfaces
-- Symlinking: /home/aansari/Documents/ME439/ME439Team125/install/finalproj125_interfaces/share/finalproj125_interfaces/cmake/rosidl_cmake-extras.cmake
-- Symlinking: /home/aansari/Documents/ME439/ME439Team125/install/finalproj125_interfaces/share/finalproj125_interfaces/cmake/ament_cmake_export_dependencies-extras.cmake
-- Symlinking: /home/aansari/Documents/ME439/ME439Team125/install/finalproj125_interfaces/share/finalproj125_interfaces/cmake/ament_cmake_export_include_directories-extras.cmake
-- Symlinking: /home/aansari/Documents/ME439/ME439Team125/install/finalproj125_interfaces/share/finalproj125_interfaces/cmake/ament_cmake_export_libraries-extras.cmake
-- Symlinking: /home/aansari/Documents/ME439/ME439Team125/install/finalproj125_interfaces/share/finalproj125_interfaces/cmake/ament_cmake_export_targets-extras.cmake
-- Symlinking: /home/aansari/Documents/ME439/ME439Team125/install/finalproj125_interfaces/share/finalproj125_interfaces/cmake/rosidl_cmake_export_typesupport_targets-extras.cmake
-- Symlinking: /home/aansari/Documents/ME439/ME439Team125/install/finalproj125_interfaces/share/finalproj125_interfaces/cmake/rosidl_cmake_export_typesupport_libraries-extras.cmake
-- Symlinking: /home/aansari/Documents/ME439/ME439Team125/install/finalproj125_interfaces/share/finalproj125_interfaces/cmake/finalproj125_interfacesConfig.cmake
-- Symlinking: /home/aansari/Documents/ME439/ME439Team125/install/finalproj125_interfaces/share/finalproj125_interfaces/cmake/finalproj125_interfacesConfig-version.cmake
-- Symlinking: /home/aansari/Documents/ME439/ME439Team125/install/finalproj125_interfaces/share/finalproj125_interfaces/package.xml
-- Installing: /home/aansari/Documents/ME439/ME439Team125/install/finalproj125_interfaces/lib/libfinalproj125_interfaces__rosidl_generator_c.so
-- Set non-toolchain portion of runtime path of "/home/aansari/Documents/ME439/ME439Team125/install/finalproj125_interfaces/lib/libfinalproj125_interfaces__rosidl_generator_c.so" to ""
-- Installing: /home/aansari/Documents/ME439/ME439Team125/install/finalproj125_interfaces/lib/libfinalproj125_interfaces__rosidl_typesupport_fastrtps_c.so
-- Set non-toolchain portion of runtime path of "/home/aansari/Documents/ME439/ME439Team125/install/finalproj125_interfaces/lib/libfinalproj125_interfaces__rosidl_typesupport_fastrtps_c.so" to ""
-- Installing: /home/aansari/Documents/ME439/ME439Team125/install/finalproj125_interfaces/lib/libfinalproj125_interfaces__rosidl_typesupport_introspection_c.so
-- Set non-toolchain portion of runtime path of "/home/aansari/Documents/ME439/ME439Team125/install/finalproj125_interfaces/lib/libfinalproj125_interfaces__rosidl_typesupport_introspection_c.so" to ""
-- Installing: /home/aansari/Documents/ME439/ME439Team125/install/finalproj125_interfaces/lib/libfinalproj125_interfaces__rosidl_typesupport_c.so
-- Set non-toolchain portion of runtime path of "/home/aansari/Documents/ME439/ME439Team125/install/finalproj125_interfaces/lib/libfinalproj125_interfaces__rosidl_typesupport_c.so" to ""
-- Installing: /home/aansari/Documents/ME439/ME439Team125/install/finalproj125_interfaces/lib/libfinalproj125_interfaces__rosidl_typesupport_fastrtps_cpp.so
-- Set non-toolchain portion of runtime path of "/home/aansari/Documents/ME439/ME439Team125/install/finalproj125_interfaces/lib/libfinalproj125_interfaces__rosidl_typesupport_fastrtps_cpp.so" to ""
-- Installing: /home/aansari/Documents/ME439/ME439Team125/install/finalproj125_interfaces/lib/libfinalproj125_interfaces__rosidl_typesupport_introspection_cpp.so
-- Set non-toolchain portion of runtime path of "/home/aansari/Documents/ME439/ME439Team125/install/finalproj125_interfaces/lib/libfinalproj125_interfaces__rosidl_typesupport_introspection_cpp.so" to ""
-- Installing: /home/aansari/Documents/ME439/ME439Team125/install/finalproj125_interfaces/lib/libfinalproj125_interfaces__rosidl_typesupport_cpp.so
-- Set non-toolchain portion of runtime path of "/home/aansari/Documents/ME439/ME439Team125/install/finalproj125_interfaces/lib/libfinalproj125_interfaces__rosidl_typesupport_cpp.so" to ""
Listing '/home/aansari/Documents/ME439/ME439Team125/install/finalproj125_interfaces/lib/python3.12/site-packages/finalproj125_interfaces'...
Compiling '/home/aansari/Documents/ME439/ME439Team125/install/finalproj125_interfaces/lib/python3.12/site-packages/finalproj125_interfaces/__init__.py'...
Listing '/home/aansari/Documents/ME439/ME439Team125/install/finalproj125_interfaces/lib/python3.12/site-packages/finalproj125_interfaces/action'...
Compiling '/home/aansari/Documents/ME439/ME439Team125/install/finalproj125_interfaces/lib/python3.12/site-packages/finalproj125_interfaces/action/__init__.py'...
Compiling '/home/aansari/Documents/ME439/ME439Team125/install/finalproj125_interfaces/lib/python3.12/site-packages/finalproj125_interfaces/action/_return_double.py'...
Compiling '/home/aansari/Documents/ME439/ME439Team125/install/finalproj125_interfaces/lib/python3.12/site-packages/finalproj125_interfaces/action/_return_same.py'...
-- Installing: /home/aansari/Documents/ME439/ME439Team125/install/finalproj125_interfaces/lib/libfinalproj125_interfaces__rosidl_generator_py.so
-- Set non-toolchain portion of runtime path of "/home/aansari/Documents/ME439/ME439Team125/install/finalproj125_interfaces/lib/libfinalproj125_interfaces__rosidl_generator_py.so" to ""
-- Installing: /home/aansari/Documents/ME439/ME439Team125/install/finalproj125_interfaces/share/finalproj125_interfaces/cmake/export_finalproj125_interfaces__rosidl_generator_cExport.cmake
-- Installing: /home/aansari/Documents/ME439/ME439Team125/install/finalproj125_interfaces/share/finalproj125_interfaces/cmake/export_finalproj125_interfaces__rosidl_generator_cExport-noconfig.cmake
-- Installing: /home/aansari/Documents/ME439/ME439Team125/install/finalproj125_interfaces/share/finalproj125_interfaces/cmake/export_finalproj125_interfaces__rosidl_typesupport_fastrtps_cExport.cmake
-- Installing: /home/aansari/Documents/ME439/ME439Team125/install/finalproj125_interfaces/share/finalproj125_interfaces/cmake/export_finalproj125_interfaces__rosidl_typesupport_fastrtps_cExport-noconfig.cmake
-- Installing: /home/aansari/Documents/ME439/ME439Team125/install/finalproj125_interfaces/share/finalproj125_interfaces/cmake/finalproj125_interfaces__rosidl_typesupport_introspection_cExport.cmake
-- Installing: /home/aansari/Documents/ME439/ME439Team125/install/finalproj125_interfaces/share/finalproj125_interfaces/cmake/finalproj125_interfaces__rosidl_typesupport_introspection_cExport-noconfig.cmake
-- Installing: /home/aansari/Documents/ME439/ME439Team125/install/finalproj125_interfaces/share/finalproj125_interfaces/cmake/finalproj125_interfaces__rosidl_typesupport_cExport.cmake
-- Installing: /home/aansari/Documents/ME439/ME439Team125/install/finalproj125_interfaces/share/finalproj125_interfaces/cmake/finalproj125_interfaces__rosidl_typesupport_cExport-noconfig.cmake
-- Installing: /home/aansari/Documents/ME439/ME439Team125/install/finalproj125_interfaces/share/finalproj125_interfaces/cmake/export_finalproj125_interfaces__rosidl_generator_cppExport.cmake
-- Installing: /home/aansari/Documents/ME439/ME439Team125/install/finalproj125_interfaces/share/finalproj125_interfaces/cmake/export_finalproj125_interfaces__rosidl_typesupport_fastrtps_cppExport.cmake
-- Installing: /home/aansari/Documents/ME439/ME439Team125/install/finalproj125_interfaces/share/finalproj125_interfaces/cmake/export_finalproj125_interfaces__rosidl_typesupport_fastrtps_cppExport-noconfig.cmake
-- Installing: /home/aansari/Documents/ME439/ME439Team125/install/finalproj125_interfaces/share/finalproj125_interfaces/cmake/finalproj125_interfaces__rosidl_typesupport_introspection_cppExport.cmake
-- Installing: /home/aansari/Documents/ME439/ME439Team125/install/finalproj125_interfaces/share/finalproj125_interfaces/cmake/finalproj125_interfaces__rosidl_typesupport_introspection_cppExport-noconfig.cmake
-- Installing: /home/aansari/Documents/ME439/ME439Team125/install/finalproj125_interfaces/share/finalproj125_interfaces/cmake/finalproj125_interfaces__rosidl_typesupport_cppExport.cmake
-- Installing: /home/aansari/Documents/ME439/ME439Team125/install/finalproj125_interfaces/share/finalproj125_interfaces/cmake/finalproj125_interfaces__rosidl_typesupport_cppExport-noconfig.cmake
-- Installing: /home/aansari/Documents/ME439/ME439Team125/install/finalproj125_interfaces/share/finalproj125_interfaces/cmake/export_finalproj125_interfaces__rosidl_generator_pyExport.cmake
-- Installing: /home/aansari/Documents/ME439/ME439Team125/install/finalproj125_interfaces/share/finalproj125_interfaces/cmake/export_finalproj125_interfaces__rosidl_generator_pyExport-noconfig.cmake
