[0.395s] Invoking command in '/home/aansari/Documents/ME439/ME439Team125/build/finalproj125_interfaces': CMAKE_PREFIX_PATH=${CMAKE_PREFIX_PATH}:/home/aansari/Documents/ME439/ME439Team125/install/finalproj125:/home/aansari/ros2_prac/install/xarmrob:/home/aansari/ros2_prac/install/mobrob:/opt/ros/jazzy DEBUGINFOD_URLS=https://debuginfod.ubuntu.com /usr/bin/cmake /home/aansari/Documents/ME439/ME439Team125/src/finalproj125_interfaces -DAMENT_CMAKE_SYMLINK_INSTALL=1 -DCMAKE_INSTALL_PREFIX=/home/aansari/Documents/ME439/ME439Team125/install/finalproj125_interfaces
[0.553s] -- The C compiler identification is GNU 13.2.0
[0.701s] -- The CXX compiler identification is GNU 13.2.0
[0.734s] -- Detecting C compiler ABI info
[0.943s] -- Detecting C compiler ABI info - done
[0.974s] -- Check for working C compiler: /usr/bin/cc - skipped
[0.975s] -- Detecting C compile features
[0.976s] -- Detecting C compile features - done
[1.003s] -- Detecting CXX compiler ABI info
[1.327s] -- Detecting CXX compiler ABI info - done
[1.369s] -- Check for working CXX compiler: /usr/bin/c++ - skipped
[1.371s] -- Detecting CXX compile features
[1.373s] -- Detecting CXX compile features - done
[1.388s] -- Found ament_cmake: 2.5.2 (/opt/ros/jazzy/share/ament_cmake/cmake)
[1.984s] -- Found Python3: /usr/bin/python3 (found version "3.12.3") found components: Interpreter 
[2.323s] -- Override CMake install command with custom implementation using symlinks instead of copying resources
[2.435s] -- Found ament_lint_auto: 0.17.1 (/opt/ros/jazzy/share/ament_lint_auto/cmake)
[2.963s] -- Found rosidl_default_generators: 1.6.0 (/opt/ros/jazzy/share/rosidl_default_generators/cmake)
[3.009s] -- Using all available rosidl_typesupport_c: rosidl_typesupport_fastrtps_c;rosidl_typesupport_introspection_c
[3.194s] -- Using all available rosidl_typesupport_cpp: rosidl_typesupport_fastrtps_cpp;rosidl_typesupport_introspection_cpp
[3.381s] -- Found rosidl_adapter: 4.6.4 (/opt/ros/jazzy/share/rosidl_adapter/cmake)
[5.752s] -- Found ament_cmake_ros: 0.12.0 (/opt/ros/jazzy/share/ament_cmake_ros/cmake)
[6.839s] -- Using all available rosidl_typesupport_c: rosidl_typesupport_fastrtps_c;rosidl_typesupport_introspection_c
[7.747s] -- Using all available rosidl_typesupport_cpp: rosidl_typesupport_fastrtps_cpp;rosidl_typesupport_introspection_cpp
[7.753s] -- Found python_cmake_module: 0.11.1 (/opt/ros/jazzy/share/python_cmake_module/cmake)
[7.963s] -- Found PythonExtra: /usr/bin/python3  
[8.825s] -- Found Python3: /usr/bin/python3 (found version "3.12.3") found components: Interpreter Development NumPy Development.Module Development.Embed 
[8.897s] -- Added test 'lint_cmake' to check CMake code style
[8.901s] -- Added test 'xmllint' to check XML markup files
[8.916s] -- Configuring done (8.5s)
[8.985s] -- Generating done (0.1s)
[9.009s] -- Build files have been written to: /home/aansari/Documents/ME439/ME439Team125/build/finalproj125_interfaces
[9.027s] Invoked command in '/home/aansari/Documents/ME439/ME439Team125/build/finalproj125_interfaces' returned '0': CMAKE_PREFIX_PATH=${CMAKE_PREFIX_PATH}:/home/aansari/Documents/ME439/ME439Team125/install/finalproj125:/home/aansari/ros2_prac/install/xarmrob:/home/aansari/ros2_prac/install/mobrob:/opt/ros/jazzy DEBUGINFOD_URLS=https://debuginfod.ubuntu.com /usr/bin/cmake /home/aansari/Documents/ME439/ME439Team125/src/finalproj125_interfaces -DAMENT_CMAKE_SYMLINK_INSTALL=1 -DCMAKE_INSTALL_PREFIX=/home/aansari/Documents/ME439/ME439Team125/install/finalproj125_interfaces
[9.029s] Invoking command in '/home/aansari/Documents/ME439/ME439Team125/build/finalproj125_interfaces': CMAKE_PREFIX_PATH=${CMAKE_PREFIX_PATH}:/home/aansari/Documents/ME439/ME439Team125/install/finalproj125:/home/aansari/ros2_prac/install/xarmrob:/home/aansari/ros2_prac/install/mobrob:/opt/ros/jazzy DEBUGINFOD_URLS=https://debuginfod.ubuntu.com /usr/bin/cmake --build /home/aansari/Documents/ME439/ME439Team125/build/finalproj125_interfaces -- -j4 -l4
[9.112s] [  2%] [34m[1mGenerating type hashes for ROS interfaces[0m
[9.136s] [  2%] Built target ament_cmake_python_symlink_finalproj125_interfaces
[9.720s] [  2%] Built target finalproj125_interfaces__rosidl_generator_type_description
[9.745s] [  4%] [34m[1mGenerating C code for ROS interfaces[0m
[9.761s] running egg_info
[9.764s] [  6%] [34m[1mGenerating C++ code for ROS interfaces[0m
[9.830s] creating finalproj125_interfaces.egg-info
[9.830s] writing finalproj125_interfaces.egg-info/PKG-INFO
[9.831s] writing dependency_links to finalproj125_interfaces.egg-info/dependency_links.txt
[9.834s] writing top-level names to finalproj125_interfaces.egg-info/top_level.txt
[9.835s] writing manifest file 'finalproj125_interfaces.egg-info/SOURCES.txt'
[10.050s] reading manifest file 'finalproj125_interfaces.egg-info/SOURCES.txt'
[10.052s] writing manifest file 'finalproj125_interfaces.egg-info/SOURCES.txt'
[10.138s] [  6%] Built target ament_cmake_python_build_finalproj125_interfaces_egg
[12.025s] [  6%] Built target finalproj125_interfaces__cpp
[12.148s] [  9%] [32mBuilding C object CMakeFiles/finalproj125_interfaces__rosidl_generator_c.dir/rosidl_generator_c/finalproj125_interfaces/action/detail/return_same__description.c.o[0m
[12.148s] [ 11%] [32mBuilding C object CMakeFiles/finalproj125_interfaces__rosidl_generator_c.dir/rosidl_generator_c/finalproj125_interfaces/action/detail/return_same__functions.c.o[0m
[12.152s] [ 13%] [32mBuilding C object CMakeFiles/finalproj125_interfaces__rosidl_generator_c.dir/rosidl_generator_c/finalproj125_interfaces/action/detail/return_same__type_support.c.o[0m
[12.152s] [ 15%] [32mBuilding C object CMakeFiles/finalproj125_interfaces__rosidl_generator_c.dir/rosidl_generator_c/finalproj125_interfaces/action/detail/return_double__description.c.o[0m
[12.400s] [ 18%] [32mBuilding C object CMakeFiles/finalproj125_interfaces__rosidl_generator_c.dir/rosidl_generator_c/finalproj125_interfaces/action/detail/return_double__functions.c.o[0m
[12.542s] [ 20%] [32mBuilding C object CMakeFiles/finalproj125_interfaces__rosidl_generator_c.dir/rosidl_generator_c/finalproj125_interfaces/action/detail/return_double__type_support.c.o[0m
[12.904s] [ 22%] [32m[1mLinking C shared library libfinalproj125_interfaces__rosidl_generator_c.so[0m
[12.965s] [ 22%] Built target finalproj125_interfaces__rosidl_generator_c
[12.987s] [ 25%] [34m[1mGenerating C++ type support dispatch for ROS interfaces[0m
[13.008s] [ 27%] [34m[1mGenerating C type support for eProsima Fast-RTPS[0m
[13.008s] [ 29%] [34m[1mGenerating C introspection for ROS interfaces[0m
[13.016s] [ 31%] [34m[1mGenerating C type support dispatch for ROS interfaces[0m
[14.675s] [ 34%] [32mBuilding CXX object CMakeFiles/finalproj125_interfaces__rosidl_typesupport_c.dir/rosidl_typesupport_c/finalproj125_interfaces/action/return_same__type_support.cpp.o[0m
[14.942s] [ 36%] [32mBuilding CXX object CMakeFiles/finalproj125_interfaces__rosidl_typesupport_c.dir/rosidl_typesupport_c/finalproj125_interfaces/action/return_double__type_support.cpp.o[0m
[15.069s] [ 38%] [32mBuilding CXX object CMakeFiles/finalproj125_interfaces__rosidl_typesupport_cpp.dir/rosidl_typesupport_cpp/finalproj125_interfaces/action/return_same__type_support.cpp.o[0m
[15.150s] [ 40%] [32m[1mLinking CXX shared library libfinalproj125_interfaces__rosidl_typesupport_c.so[0m
[15.274s] [ 40%] Built target finalproj125_interfaces__rosidl_typesupport_c
[15.293s] [ 43%] [32mBuilding CXX object CMakeFiles/finalproj125_interfaces__rosidl_typesupport_cpp.dir/rosidl_typesupport_cpp/finalproj125_interfaces/action/return_double__type_support.cpp.o[0m
[15.587s] [ 45%] [32mBuilding C object CMakeFiles/finalproj125_interfaces__rosidl_typesupport_introspection_c.dir/rosidl_typesupport_introspection_c/finalproj125_interfaces/action/detail/return_same__type_support.c.o[0m
[16.021s] [ 47%] [32mBuilding C object CMakeFiles/finalproj125_interfaces__rosidl_typesupport_introspection_c.dir/rosidl_typesupport_introspection_c/finalproj125_interfaces/action/detail/return_double__type_support.c.o[0m
[16.237s] [ 50%] [32m[1mLinking C shared library libfinalproj125_interfaces__rosidl_typesupport_introspection_c.so[0m
[16.396s] [ 50%] Built target finalproj125_interfaces__rosidl_typesupport_introspection_c
[16.440s] [ 52%] [34m[1mGenerating C++ type support for eProsima Fast-RTPS[0m
[17.168s] [ 54%] [32mBuilding CXX object CMakeFiles/finalproj125_interfaces__rosidl_typesupport_fastrtps_c.dir/rosidl_typesupport_fastrtps_c/finalproj125_interfaces/action/detail/return_same__type_support_c.cpp.o[0m
[18.550s] [ 56%] [32mBuilding CXX object CMakeFiles/finalproj125_interfaces__rosidl_typesupport_fastrtps_c.dir/rosidl_typesupport_fastrtps_c/finalproj125_interfaces/action/detail/return_double__type_support_c.cpp.o[0m
[18.851s] [ 59%] [32m[1mLinking CXX shared library libfinalproj125_interfaces__rosidl_typesupport_cpp.so[0m
[19.394s] [ 59%] Built target finalproj125_interfaces__rosidl_typesupport_cpp
[19.417s] [ 61%] [34m[1mGenerating C++ introspection for ROS interfaces[0m
[21.436s] [ 63%] [32m[1mLinking CXX shared library libfinalproj125_interfaces__rosidl_typesupport_fastrtps_c.so[0m
[21.624s] [ 65%] [32mBuilding CXX object CMakeFiles/finalproj125_interfaces__rosidl_typesupport_fastrtps_cpp.dir/rosidl_typesupport_fastrtps_cpp/finalproj125_interfaces/action/detail/dds_fastrtps/return_same__type_support.cpp.o[0m
[21.641s] [ 68%] [32mBuilding CXX object CMakeFiles/finalproj125_interfaces__rosidl_typesupport_fastrtps_cpp.dir/rosidl_typesupport_fastrtps_cpp/finalproj125_interfaces/action/detail/dds_fastrtps/return_double__type_support.cpp.o[0m
[21.710s] [ 68%] Built target finalproj125_interfaces__rosidl_typesupport_fastrtps_c
[21.853s] [ 70%] [32mBuilding CXX object CMakeFiles/finalproj125_interfaces__rosidl_typesupport_introspection_cpp.dir/rosidl_typesupport_introspection_cpp/finalproj125_interfaces/action/detail/return_same__type_support.cpp.o[0m
[21.863s] [ 72%] [32mBuilding CXX object CMakeFiles/finalproj125_interfaces__rosidl_typesupport_introspection_cpp.dir/rosidl_typesupport_introspection_cpp/finalproj125_interfaces/action/detail/return_double__type_support.cpp.o[0m
[27.250s] [ 75%] [32m[1mLinking CXX shared library libfinalproj125_interfaces__rosidl_typesupport_introspection_cpp.so[0m
[27.754s] [ 75%] Built target finalproj125_interfaces__rosidl_typesupport_introspection_cpp
[28.241s] [ 77%] [32m[1mLinking CXX shared library libfinalproj125_interfaces__rosidl_typesupport_fastrtps_cpp.so[0m
[28.486s] [ 77%] Built target finalproj125_interfaces__rosidl_typesupport_fastrtps_cpp
[28.566s] [ 77%] Built target finalproj125_interfaces
[28.647s] [ 79%] [34m[1mGenerating Python code for ROS interfaces[0m
[34.014s] [ 79%] Built target finalproj125_interfaces__py
[34.078s] [ 81%] [32mBuilding C object CMakeFiles/finalproj125_interfaces__rosidl_generator_py.dir/rosidl_generator_py/finalproj125_interfaces/action/_return_same_s.c.o[0m
[34.087s] [ 84%] [32mBuilding C object CMakeFiles/finalproj125_interfaces__rosidl_generator_py.dir/rosidl_generator_py/finalproj125_interfaces/action/_return_double_s.c.o[0m
[35.405s] [ 86%] [32m[1mLinking C shared library libfinalproj125_interfaces__rosidl_generator_py.so[0m
[35.585s] [ 86%] Built target finalproj125_interfaces__rosidl_generator_py
[35.683s] [ 88%] [32mBuilding C object CMakeFiles/finalproj125_interfaces_s__rosidl_typesupport_fastrtps_c.dir/rosidl_generator_py/finalproj125_interfaces/_finalproj125_interfaces_s.ep.rosidl_typesupport_fastrtps_c.c.o[0m
[35.684s] [ 90%] [32mBuilding C object CMakeFiles/finalproj125_interfaces_s__rosidl_typesupport_introspection_c.dir/rosidl_generator_py/finalproj125_interfaces/_finalproj125_interfaces_s.ep.rosidl_typesupport_introspection_c.c.o[0m
[35.692s] [ 93%] [32mBuilding C object CMakeFiles/finalproj125_interfaces_s__rosidl_typesupport_c.dir/rosidl_generator_py/finalproj125_interfaces/_finalproj125_interfaces_s.ep.rosidl_typesupport_c.c.o[0m
[36.256s] [ 95%] [32m[1mLinking C shared module rosidl_generator_py/finalproj125_interfaces/finalproj125_interfaces_s__rosidl_typesupport_fastrtps_c.so[0m
[36.390s] [ 95%] Built target finalproj125_interfaces_s__rosidl_typesupport_fastrtps_c
[36.668s] [ 97%] [32m[1mLinking C shared module rosidl_generator_py/finalproj125_interfaces/finalproj125_interfaces_s__rosidl_typesupport_c.so[0m
[36.744s] [ 97%] Built target finalproj125_interfaces_s__rosidl_typesupport_c
[36.863s] [100%] [32m[1mLinking C shared module rosidl_generator_py/finalproj125_interfaces/finalproj125_interfaces_s__rosidl_typesupport_introspection_c.so[0m
[36.991s] [100%] Built target finalproj125_interfaces_s__rosidl_typesupport_introspection_c
[37.045s] Invoked command in '/home/aansari/Documents/ME439/ME439Team125/build/finalproj125_interfaces' returned '0': CMAKE_PREFIX_PATH=${CMAKE_PREFIX_PATH}:/home/aansari/Documents/ME439/ME439Team125/install/finalproj125:/home/aansari/ros2_prac/install/xarmrob:/home/aansari/ros2_prac/install/mobrob:/opt/ros/jazzy DEBUGINFOD_URLS=https://debuginfod.ubuntu.com /usr/bin/cmake --build /home/aansari/Documents/ME439/ME439Team125/build/finalproj125_interfaces -- -j4 -l4
[37.087s] Invoking command in '/home/aansari/Documents/ME439/ME439Team125/build/finalproj125_interfaces': CMAKE_PREFIX_PATH=${CMAKE_PREFIX_PATH}:/home/aansari/Documents/ME439/ME439Team125/install/finalproj125:/home/aansari/ros2_prac/install/xarmrob:/home/aansari/ros2_prac/install/mobrob:/opt/ros/jazzy DEBUGINFOD_URLS=https://debuginfod.ubuntu.com /usr/bin/cmake --install /home/aansari/Documents/ME439/ME439Team125/build/finalproj125_interfaces
[37.124s] -- Install configuration: ""
[37.124s] -- Execute custom install script
[37.125s] -- Symlinking: /home/aansari/Documents/ME439/ME439Team125/install/finalproj125_interfaces/share/ament_index/resource_index/rosidl_interfaces/finalproj125_interfaces
[37.169s] -- Symlinking: /home/aansari/Documents/ME439/ME439Team125/install/finalproj125_interfaces/share/finalproj125_interfaces/action/ReturnSame.json
[37.210s] -- Symlinking: /home/aansari/Documents/ME439/ME439Team125/install/finalproj125_interfaces/share/finalproj125_interfaces/action/ReturnDouble.json
[37.245s] -- Symlinking: /home/aansari/Documents/ME439/ME439Team125/install/finalproj125_interfaces/include/finalproj125_interfaces/finalproj125_interfaces/action/detail/return_double__functions.h
[37.287s] -- Symlinking: /home/aansari/Documents/ME439/ME439Team125/install/finalproj125_interfaces/include/finalproj125_interfaces/finalproj125_interfaces/action/detail/return_double__struct.h
[37.330s] -- Symlinking: /home/aansari/Documents/ME439/ME439Team125/install/finalproj125_interfaces/include/finalproj125_interfaces/finalproj125_interfaces/action/detail/return_double__type_support.h
[37.374s] -- Symlinking: /home/aansari/Documents/ME439/ME439Team125/install/finalproj125_interfaces/include/finalproj125_interfaces/finalproj125_interfaces/action/detail/return_same__functions.h
[37.412s] -- Symlinking: /home/aansari/Documents/ME439/ME439Team125/install/finalproj125_interfaces/include/finalproj125_interfaces/finalproj125_interfaces/action/detail/return_same__struct.h
[37.449s] -- Symlinking: /home/aansari/Documents/ME439/ME439Team125/install/finalproj125_interfaces/include/finalproj125_interfaces/finalproj125_interfaces/action/detail/return_same__type_support.h
[37.471s] -- Symlinking: /home/aansari/Documents/ME439/ME439Team125/install/finalproj125_interfaces/include/finalproj125_interfaces/finalproj125_interfaces/action/return_double.h
[37.503s] -- Symlinking: /home/aansari/Documents/ME439/ME439Team125/install/finalproj125_interfaces/include/finalproj125_interfaces/finalproj125_interfaces/action/return_same.h
[37.532s] -- Symlinking: /home/aansari/Documents/ME439/ME439Team125/install/finalproj125_interfaces/include/finalproj125_interfaces/finalproj125_interfaces/msg/rosidl_generator_c__visibility_control.h
[37.554s] -- Symlinking: /home/aansari/Documents/ME439/ME439Team125/install/finalproj125_interfaces/share/finalproj125_interfaces/environment/library_path.sh
[37.576s] -- Symlinking: /home/aansari/Documents/ME439/ME439Team125/install/finalproj125_interfaces/share/finalproj125_interfaces/environment/library_path.dsv
[37.599s] -- Symlinking: /home/aansari/Documents/ME439/ME439Team125/install/finalproj125_interfaces/include/finalproj125_interfaces/finalproj125_interfaces/action/detail/return_double__rosidl_typesupport_fastrtps_c.h
[37.620s] -- Symlinking: /home/aansari/Documents/ME439/ME439Team125/install/finalproj125_interfaces/include/finalproj125_interfaces/finalproj125_interfaces/action/detail/return_same__rosidl_typesupport_fastrtps_c.h
[37.641s] -- Symlinking: /home/aansari/Documents/ME439/ME439Team125/install/finalproj125_interfaces/include/finalproj125_interfaces/finalproj125_interfaces/msg/rosidl_typesupport_fastrtps_c__visibility_control.h
[37.663s] -- Symlinking: /home/aansari/Documents/ME439/ME439Team125/install/finalproj125_interfaces/include/finalproj125_interfaces/finalproj125_interfaces/action/detail/return_double__rosidl_typesupport_introspection_c.h
[37.690s] -- Symlinking: /home/aansari/Documents/ME439/ME439Team125/install/finalproj125_interfaces/include/finalproj125_interfaces/finalproj125_interfaces/action/detail/return_same__rosidl_typesupport_introspection_c.h
[37.712s] -- Symlinking: /home/aansari/Documents/ME439/ME439Team125/install/finalproj125_interfaces/include/finalproj125_interfaces/finalproj125_interfaces/msg/rosidl_typesupport_introspection_c__visibility_control.h
[37.736s] -- Symlinking: /home/aansari/Documents/ME439/ME439Team125/install/finalproj125_interfaces/include/finalproj125_interfaces/finalproj125_interfaces/action/detail/return_double__builder.hpp
[37.759s] -- Symlinking: /home/aansari/Documents/ME439/ME439Team125/install/finalproj125_interfaces/include/finalproj125_interfaces/finalproj125_interfaces/action/detail/return_double__struct.hpp
[37.786s] -- Symlinking: /home/aansari/Documents/ME439/ME439Team125/install/finalproj125_interfaces/include/finalproj125_interfaces/finalproj125_interfaces/action/detail/return_double__traits.hpp
[37.825s] -- Symlinking: /home/aansari/Documents/ME439/ME439Team125/install/finalproj125_interfaces/include/finalproj125_interfaces/finalproj125_interfaces/action/detail/return_double__type_support.hpp
[37.865s] -- Symlinking: /home/aansari/Documents/ME439/ME439Team125/install/finalproj125_interfaces/include/finalproj125_interfaces/finalproj125_interfaces/action/detail/return_same__builder.hpp
[37.892s] -- Symlinking: /home/aansari/Documents/ME439/ME439Team125/install/finalproj125_interfaces/include/finalproj125_interfaces/finalproj125_interfaces/action/detail/return_same__struct.hpp
[37.913s] -- Symlinking: /home/aansari/Documents/ME439/ME439Team125/install/finalproj125_interfaces/include/finalproj125_interfaces/finalproj125_interfaces/action/detail/return_same__traits.hpp
[37.933s] -- Symlinking: /home/aansari/Documents/ME439/ME439Team125/install/finalproj125_interfaces/include/finalproj125_interfaces/finalproj125_interfaces/action/detail/return_same__type_support.hpp
[37.957s] -- Symlinking: /home/aansari/Documents/ME439/ME439Team125/install/finalproj125_interfaces/include/finalproj125_interfaces/finalproj125_interfaces/action/return_double.hpp
[37.979s] -- Symlinking: /home/aansari/Documents/ME439/ME439Team125/install/finalproj125_interfaces/include/finalproj125_interfaces/finalproj125_interfaces/action/return_same.hpp
[38.001s] -- Symlinking: /home/aansari/Documents/ME439/ME439Team125/install/finalproj125_interfaces/include/finalproj125_interfaces/finalproj125_interfaces/msg/rosidl_generator_cpp__visibility_control.hpp
[38.025s] -- Symlinking: /home/aansari/Documents/ME439/ME439Team125/install/finalproj125_interfaces/include/finalproj125_interfaces/finalproj125_interfaces/action/detail/return_double__rosidl_typesupport_fastrtps_cpp.hpp
[38.042s] -- Symlinking: /home/aansari/Documents/ME439/ME439Team125/install/finalproj125_interfaces/include/finalproj125_interfaces/finalproj125_interfaces/action/detail/return_same__rosidl_typesupport_fastrtps_cpp.hpp
[38.062s] -- Symlinking: /home/aansari/Documents/ME439/ME439Team125/install/finalproj125_interfaces/include/finalproj125_interfaces/finalproj125_interfaces/msg/rosidl_typesupport_fastrtps_cpp__visibility_control.h
[38.084s] -- Symlinking: /home/aansari/Documents/ME439/ME439Team125/install/finalproj125_interfaces/include/finalproj125_interfaces/finalproj125_interfaces/action/detail/return_double__rosidl_typesupport_introspection_cpp.hpp
[38.105s] -- Symlinking: /home/aansari/Documents/ME439/ME439Team125/install/finalproj125_interfaces/include/finalproj125_interfaces/finalproj125_interfaces/action/detail/return_same__rosidl_typesupport_introspection_cpp.hpp
[38.127s] -- Symlinking: /home/aansari/Documents/ME439/ME439Team125/install/finalproj125_interfaces/share/finalproj125_interfaces/environment/pythonpath.sh
[38.149s] -- Symlinking: /home/aansari/Documents/ME439/ME439Team125/install/finalproj125_interfaces/share/finalproj125_interfaces/environment/pythonpath.dsv
[38.172s] -- Symlinking: /home/aansari/Documents/ME439/ME439Team125/install/finalproj125_interfaces/lib/python3.12/site-packages/finalproj125_interfaces-0.0.0-py3.12.egg-info/PKG-INFO
[38.194s] -- Symlinking: /home/aansari/Documents/ME439/ME439Team125/install/finalproj125_interfaces/lib/python3.12/site-packages/finalproj125_interfaces-0.0.0-py3.12.egg-info/SOURCES.txt
[38.218s] -- Symlinking: /home/aansari/Documents/ME439/ME439Team125/install/finalproj125_interfaces/lib/python3.12/site-packages/finalproj125_interfaces-0.0.0-py3.12.egg-info/dependency_links.txt
[38.240s] -- Symlinking: /home/aansari/Documents/ME439/ME439Team125/install/finalproj125_interfaces/lib/python3.12/site-packages/finalproj125_interfaces-0.0.0-py3.12.egg-info/top_level.txt
[38.262s] -- Symlinking: /home/aansari/Documents/ME439/ME439Team125/install/finalproj125_interfaces/lib/python3.12/site-packages/finalproj125_interfaces/__init__.py
[38.286s] -- Symlinking: /home/aansari/Documents/ME439/ME439Team125/install/finalproj125_interfaces/lib/python3.12/site-packages/finalproj125_interfaces/_finalproj125_interfaces_s.ep.rosidl_typesupport_c.c
[38.308s] -- Symlinking: /home/aansari/Documents/ME439/ME439Team125/install/finalproj125_interfaces/lib/python3.12/site-packages/finalproj125_interfaces/_finalproj125_interfaces_s.ep.rosidl_typesupport_fastrtps_c.c
[38.330s] -- Symlinking: /home/aansari/Documents/ME439/ME439Team125/install/finalproj125_interfaces/lib/python3.12/site-packages/finalproj125_interfaces/_finalproj125_interfaces_s.ep.rosidl_typesupport_introspection_c.c
[38.355s] -- Symlinking: /home/aansari/Documents/ME439/ME439Team125/install/finalproj125_interfaces/lib/python3.12/site-packages/finalproj125_interfaces/action/__init__.py
[38.382s] -- Symlinking: /home/aansari/Documents/ME439/ME439Team125/install/finalproj125_interfaces/lib/python3.12/site-packages/finalproj125_interfaces/action/_return_double.py
[38.412s] -- Symlinking: /home/aansari/Documents/ME439/ME439Team125/install/finalproj125_interfaces/lib/python3.12/site-packages/finalproj125_interfaces/action/_return_double_s.c
[38.442s] -- Symlinking: /home/aansari/Documents/ME439/ME439Team125/install/finalproj125_interfaces/lib/python3.12/site-packages/finalproj125_interfaces/action/_return_same.py
[38.472s] -- Symlinking: /home/aansari/Documents/ME439/ME439Team125/install/finalproj125_interfaces/lib/python3.12/site-packages/finalproj125_interfaces/action/_return_same_s.c
[38.495s] -- Symlinking: /home/aansari/Documents/ME439/ME439Team125/install/finalproj125_interfaces/lib/python3.12/site-packages/finalproj125_interfaces/finalproj125_interfaces_s__rosidl_typesupport_c.so
[38.517s] -- Symlinking: /home/aansari/Documents/ME439/ME439Team125/install/finalproj125_interfaces/lib/python3.12/site-packages/finalproj125_interfaces/finalproj125_interfaces_s__rosidl_typesupport_fastrtps_c.so
[38.538s] -- Symlinking: /home/aansari/Documents/ME439/ME439Team125/install/finalproj125_interfaces/lib/python3.12/site-packages/finalproj125_interfaces/finalproj125_interfaces_s__rosidl_typesupport_introspection_c.so
[38.559s] -- Up-to-date symlink: /home/aansari/Documents/ME439/ME439Team125/install/finalproj125_interfaces/lib/python3.12/site-packages/finalproj125_interfaces/finalproj125_interfaces_s__rosidl_typesupport_fastrtps_c.so
[38.561s] -- Up-to-date symlink: /home/aansari/Documents/ME439/ME439Team125/install/finalproj125_interfaces/lib/python3.12/site-packages/finalproj125_interfaces/finalproj125_interfaces_s__rosidl_typesupport_introspection_c.so
[38.562s] -- Up-to-date symlink: /home/aansari/Documents/ME439/ME439Team125/install/finalproj125_interfaces/lib/python3.12/site-packages/finalproj125_interfaces/finalproj125_interfaces_s__rosidl_typesupport_c.so
[38.564s] -- Symlinking: /home/aansari/Documents/ME439/ME439Team125/install/finalproj125_interfaces/share/finalproj125_interfaces/action/ReturnSame.idl
[38.584s] -- Symlinking: /home/aansari/Documents/ME439/ME439Team125/install/finalproj125_interfaces/share/finalproj125_interfaces/action/ReturnDouble.idl
[38.609s] -- Symlinking: /home/aansari/Documents/ME439/ME439Team125/install/finalproj125_interfaces/share/finalproj125_interfaces/action/ReturnSame.action
[38.631s] -- Symlinking: /home/aansari/Documents/ME439/ME439Team125/install/finalproj125_interfaces/share/finalproj125_interfaces/action/ReturnDouble.action
[38.653s] -- Symlinking: /home/aansari/Documents/ME439/ME439Team125/install/finalproj125_interfaces/share/ament_index/resource_index/package_run_dependencies/finalproj125_interfaces
[38.675s] -- Symlinking: /home/aansari/Documents/ME439/ME439Team125/install/finalproj125_interfaces/share/ament_index/resource_index/parent_prefix_path/finalproj125_interfaces
[38.697s] -- Symlinking: /home/aansari/Documents/ME439/ME439Team125/install/finalproj125_interfaces/share/finalproj125_interfaces/environment/ament_prefix_path.sh
[38.721s] -- Symlinking: /home/aansari/Documents/ME439/ME439Team125/install/finalproj125_interfaces/share/finalproj125_interfaces/environment/ament_prefix_path.dsv
[38.742s] -- Symlinking: /home/aansari/Documents/ME439/ME439Team125/install/finalproj125_interfaces/share/finalproj125_interfaces/environment/path.sh
[38.768s] -- Symlinking: /home/aansari/Documents/ME439/ME439Team125/install/finalproj125_interfaces/share/finalproj125_interfaces/environment/path.dsv
[38.786s] -- Symlinking: /home/aansari/Documents/ME439/ME439Team125/install/finalproj125_interfaces/share/finalproj125_interfaces/local_setup.bash
[38.807s] -- Symlinking: /home/aansari/Documents/ME439/ME439Team125/install/finalproj125_interfaces/share/finalproj125_interfaces/local_setup.sh
[38.829s] -- Symlinking: /home/aansari/Documents/ME439/ME439Team125/install/finalproj125_interfaces/share/finalproj125_interfaces/local_setup.zsh
[38.853s] -- Symlinking: /home/aansari/Documents/ME439/ME439Team125/install/finalproj125_interfaces/share/finalproj125_interfaces/local_setup.dsv
[38.871s] -- Symlinking: /home/aansari/Documents/ME439/ME439Team125/install/finalproj125_interfaces/share/finalproj125_interfaces/package.dsv
[38.893s] -- Symlinking: /home/aansari/Documents/ME439/ME439Team125/install/finalproj125_interfaces/share/ament_index/resource_index/packages/finalproj125_interfaces
[38.913s] -- Symlinking: /home/aansari/Documents/ME439/ME439Team125/install/finalproj125_interfaces/share/finalproj125_interfaces/cmake/rosidl_cmake-extras.cmake
[38.938s] -- Symlinking: /home/aansari/Documents/ME439/ME439Team125/install/finalproj125_interfaces/share/finalproj125_interfaces/cmake/ament_cmake_export_dependencies-extras.cmake
[38.955s] -- Symlinking: /home/aansari/Documents/ME439/ME439Team125/install/finalproj125_interfaces/share/finalproj125_interfaces/cmake/ament_cmake_export_include_directories-extras.cmake
[38.992s] -- Symlinking: /home/aansari/Documents/ME439/ME439Team125/install/finalproj125_interfaces/share/finalproj125_interfaces/cmake/ament_cmake_export_libraries-extras.cmake
[39.020s] -- Symlinking: /home/aansari/Documents/ME439/ME439Team125/install/finalproj125_interfaces/share/finalproj125_interfaces/cmake/ament_cmake_export_targets-extras.cmake
[39.043s] -- Symlinking: /home/aansari/Documents/ME439/ME439Team125/install/finalproj125_interfaces/share/finalproj125_interfaces/cmake/rosidl_cmake_export_typesupport_targets-extras.cmake
[39.061s] -- Symlinking: /home/aansari/Documents/ME439/ME439Team125/install/finalproj125_interfaces/share/finalproj125_interfaces/cmake/rosidl_cmake_export_typesupport_libraries-extras.cmake
[39.083s] -- Symlinking: /home/aansari/Documents/ME439/ME439Team125/install/finalproj125_interfaces/share/finalproj125_interfaces/cmake/finalproj125_interfacesConfig.cmake
[39.107s] -- Symlinking: /home/aansari/Documents/ME439/ME439Team125/install/finalproj125_interfaces/share/finalproj125_interfaces/cmake/finalproj125_interfacesConfig-version.cmake
[39.129s] -- Symlinking: /home/aansari/Documents/ME439/ME439Team125/install/finalproj125_interfaces/share/finalproj125_interfaces/package.xml
[39.152s] -- Installing: /home/aansari/Documents/ME439/ME439Team125/install/finalproj125_interfaces/lib/libfinalproj125_interfaces__rosidl_generator_c.so
[39.152s] -- Set non-toolchain portion of runtime path of "/home/aansari/Documents/ME439/ME439Team125/install/finalproj125_interfaces/lib/libfinalproj125_interfaces__rosidl_generator_c.so" to ""
[39.153s] -- Installing: /home/aansari/Documents/ME439/ME439Team125/install/finalproj125_interfaces/lib/libfinalproj125_interfaces__rosidl_typesupport_fastrtps_c.so
[39.155s] -- Set non-toolchain portion of runtime path of "/home/aansari/Documents/ME439/ME439Team125/install/finalproj125_interfaces/lib/libfinalproj125_interfaces__rosidl_typesupport_fastrtps_c.so" to ""
[39.155s] -- Installing: /home/aansari/Documents/ME439/ME439Team125/install/finalproj125_interfaces/lib/libfinalproj125_interfaces__rosidl_typesupport_introspection_c.so
[39.157s] -- Set non-toolchain portion of runtime path of "/home/aansari/Documents/ME439/ME439Team125/install/finalproj125_interfaces/lib/libfinalproj125_interfaces__rosidl_typesupport_introspection_c.so" to ""
[39.159s] -- Installing: /home/aansari/Documents/ME439/ME439Team125/install/finalproj125_interfaces/lib/libfinalproj125_interfaces__rosidl_typesupport_c.so
[39.159s] -- Set non-toolchain portion of runtime path of "/home/aansari/Documents/ME439/ME439Team125/install/finalproj125_interfaces/lib/libfinalproj125_interfaces__rosidl_typesupport_c.so" to ""
[39.160s] -- Installing: /home/aansari/Documents/ME439/ME439Team125/install/finalproj125_interfaces/lib/libfinalproj125_interfaces__rosidl_typesupport_fastrtps_cpp.so
[39.162s] -- Set non-toolchain portion of runtime path of "/home/aansari/Documents/ME439/ME439Team125/install/finalproj125_interfaces/lib/libfinalproj125_interfaces__rosidl_typesupport_fastrtps_cpp.so" to ""
[39.164s] -- Installing: /home/aansari/Documents/ME439/ME439Team125/install/finalproj125_interfaces/lib/libfinalproj125_interfaces__rosidl_typesupport_introspection_cpp.so
[39.165s] -- Set non-toolchain portion of runtime path of "/home/aansari/Documents/ME439/ME439Team125/install/finalproj125_interfaces/lib/libfinalproj125_interfaces__rosidl_typesupport_introspection_cpp.so" to ""
[39.166s] -- Installing: /home/aansari/Documents/ME439/ME439Team125/install/finalproj125_interfaces/lib/libfinalproj125_interfaces__rosidl_typesupport_cpp.so
[39.168s] -- Set non-toolchain portion of runtime path of "/home/aansari/Documents/ME439/ME439Team125/install/finalproj125_interfaces/lib/libfinalproj125_interfaces__rosidl_typesupport_cpp.so" to ""
[39.361s] Listing '/home/aansari/Documents/ME439/ME439Team125/install/finalproj125_interfaces/lib/python3.12/site-packages/finalproj125_interfaces'...
[39.361s] Compiling '/home/aansari/Documents/ME439/ME439Team125/install/finalproj125_interfaces/lib/python3.12/site-packages/finalproj125_interfaces/__init__.py'...
[39.362s] Listing '/home/aansari/Documents/ME439/ME439Team125/install/finalproj125_interfaces/lib/python3.12/site-packages/finalproj125_interfaces/action'...
[39.362s] Compiling '/home/aansari/Documents/ME439/ME439Team125/install/finalproj125_interfaces/lib/python3.12/site-packages/finalproj125_interfaces/action/__init__.py'...
[39.362s] Compiling '/home/aansari/Documents/ME439/ME439Team125/install/finalproj125_interfaces/lib/python3.12/site-packages/finalproj125_interfaces/action/_return_double.py'...
[39.362s] Compiling '/home/aansari/Documents/ME439/ME439Team125/install/finalproj125_interfaces/lib/python3.12/site-packages/finalproj125_interfaces/action/_return_same.py'...
[39.381s] -- Installing: /home/aansari/Documents/ME439/ME439Team125/install/finalproj125_interfaces/lib/libfinalproj125_interfaces__rosidl_generator_py.so
[39.382s] -- Set non-toolchain portion of runtime path of "/home/aansari/Documents/ME439/ME439Team125/install/finalproj125_interfaces/lib/libfinalproj125_interfaces__rosidl_generator_py.so" to ""
[39.382s] -- Installing: /home/aansari/Documents/ME439/ME439Team125/install/finalproj125_interfaces/share/finalproj125_interfaces/cmake/export_finalproj125_interfaces__rosidl_generator_cExport.cmake
[39.383s] -- Installing: /home/aansari/Documents/ME439/ME439Team125/install/finalproj125_interfaces/share/finalproj125_interfaces/cmake/export_finalproj125_interfaces__rosidl_generator_cExport-noconfig.cmake
[39.384s] -- Installing: /home/aansari/Documents/ME439/ME439Team125/install/finalproj125_interfaces/share/finalproj125_interfaces/cmake/export_finalproj125_interfaces__rosidl_typesupport_fastrtps_cExport.cmake
[39.384s] -- Installing: /home/aansari/Documents/ME439/ME439Team125/install/finalproj125_interfaces/share/finalproj125_interfaces/cmake/export_finalproj125_interfaces__rosidl_typesupport_fastrtps_cExport-noconfig.cmake
[39.384s] -- Installing: /home/aansari/Documents/ME439/ME439Team125/install/finalproj125_interfaces/share/finalproj125_interfaces/cmake/finalproj125_interfaces__rosidl_typesupport_introspection_cExport.cmake
[39.385s] -- Installing: /home/aansari/Documents/ME439/ME439Team125/install/finalproj125_interfaces/share/finalproj125_interfaces/cmake/finalproj125_interfaces__rosidl_typesupport_introspection_cExport-noconfig.cmake
[39.385s] -- Installing: /home/aansari/Documents/ME439/ME439Team125/install/finalproj125_interfaces/share/finalproj125_interfaces/cmake/finalproj125_interfaces__rosidl_typesupport_cExport.cmake
[39.386s] -- Installing: /home/aansari/Documents/ME439/ME439Team125/install/finalproj125_interfaces/share/finalproj125_interfaces/cmake/finalproj125_interfaces__rosidl_typesupport_cExport-noconfig.cmake
[39.387s] -- Installing: /home/aansari/Documents/ME439/ME439Team125/install/finalproj125_interfaces/share/finalproj125_interfaces/cmake/export_finalproj125_interfaces__rosidl_generator_cppExport.cmake
[39.387s] -- Installing: /home/aansari/Documents/ME439/ME439Team125/install/finalproj125_interfaces/share/finalproj125_interfaces/cmake/export_finalproj125_interfaces__rosidl_typesupport_fastrtps_cppExport.cmake
[39.387s] -- Installing: /home/aansari/Documents/ME439/ME439Team125/install/finalproj125_interfaces/share/finalproj125_interfaces/cmake/export_finalproj125_interfaces__rosidl_typesupport_fastrtps_cppExport-noconfig.cmake
[39.388s] -- Installing: /home/aansari/Documents/ME439/ME439Team125/install/finalproj125_interfaces/share/finalproj125_interfaces/cmake/finalproj125_interfaces__rosidl_typesupport_introspection_cppExport.cmake
[39.388s] -- Installing: /home/aansari/Documents/ME439/ME439Team125/install/finalproj125_interfaces/share/finalproj125_interfaces/cmake/finalproj125_interfaces__rosidl_typesupport_introspection_cppExport-noconfig.cmake
[39.389s] -- Installing: /home/aansari/Documents/ME439/ME439Team125/install/finalproj125_interfaces/share/finalproj125_interfaces/cmake/finalproj125_interfaces__rosidl_typesupport_cppExport.cmake
[39.389s] -- Installing: /home/aansari/Documents/ME439/ME439Team125/install/finalproj125_interfaces/share/finalproj125_interfaces/cmake/finalproj125_interfaces__rosidl_typesupport_cppExport-noconfig.cmake
[39.389s] -- Installing: /home/aansari/Documents/ME439/ME439Team125/install/finalproj125_interfaces/share/finalproj125_interfaces/cmake/export_finalproj125_interfaces__rosidl_generator_pyExport.cmake
[39.390s] -- Installing: /home/aansari/Documents/ME439/ME439Team125/install/finalproj125_interfaces/share/finalproj125_interfaces/cmake/export_finalproj125_interfaces__rosidl_generator_pyExport-noconfig.cmake
[39.396s] Invoked command in '/home/aansari/Documents/ME439/ME439Team125/build/finalproj125_interfaces' returned '0': CMAKE_PREFIX_PATH=${CMAKE_PREFIX_PATH}:/home/aansari/Documents/ME439/ME439Team125/install/finalproj125:/home/aansari/ros2_prac/install/xarmrob:/home/aansari/ros2_prac/install/mobrob:/opt/ros/jazzy DEBUGINFOD_URLS=https://debuginfod.ubuntu.com /usr/bin/cmake --install /home/aansari/Documents/ME439/ME439Team125/build/finalproj125_interfaces
