/home/aansari/Documents/ME439/ME439Team125/install/xarmrob/lib/python3.12/site-packages/xarmrob/endpoint_keyboard.py
/home/aansari/Documents/ME439/ME439Team125/install/xarmrob/lib/python3.12/site-packages/xarmrob/operate_gripper.py
/home/aansari/Documents/ME439/ME439Team125/install/xarmrob/lib/python3.12/site-packages/xarmrob/move_to_point.py
/home/aansari/Documents/ME439/ME439Team125/install/xarmrob/lib/python3.12/site-packages/xarmrob/command_xarm.py
/home/aansari/Documents/ME439/ME439Team125/install/xarmrob/lib/python3.12/site-packages/xarmrob/__init__.py
/home/aansari/Documents/ME439/ME439Team125/install/xarmrob/lib/python3.12/site-packages/xarmrob/endpoint_sliders.py
/home/aansari/Documents/ME439/ME439Team125/install/xarmrob/lib/python3.12/site-packages/xarmrob/cmd_sliders.py
/home/aansari/Documents/ME439/ME439Team125/install/xarmrob/lib/python3.12/site-packages/xarmrob/angle_sliders.py
/home/aansari/Documents/ME439/ME439Team125/install/xarmrob/lib/python3.12/site-packages/xarmrob/xarm_kinematics.py
/home/aansari/Documents/ME439/ME439Team125/install/xarmrob/lib/python3.12/site-packages/xarmrob/endpoint_keyboard_smooth.py
/home/aansari/Documents/ME439/ME439Team125/install/xarmrob/lib/python3.12/site-packages/xarmrob/main_control_node.py
/home/aansari/Documents/ME439/ME439Team125/install/xarmrob/lib/python3.12/site-packages/xarmrob/smooth_interpolation.py
/home/aansari/Documents/ME439/ME439Team125/install/xarmrob/lib/python3.12/site-packages/xarmrob/cmd_keyboard.py
/home/aansari/Documents/ME439/ME439Team125/install/xarmrob/lib/python3.12/site-packages/xarmrob/parse_svg_for_robot_arm_v03.py
/home/aansari/Documents/ME439/ME439Team125/install/xarmrob/lib/python3.12/site-packages/xarmrob/endpoint_automatic_smooth.py
/home/aansari/Documents/ME439/ME439Team125/install/xarmrob/lib/python3.12/site-packages/xarmrob/angle_keyboard.py
/home/aansari/Documents/ME439/ME439Team125/install/xarmrob/lib/python3.12/site-packages/xarmrob/__pycache__/endpoint_keyboard.cpython-312.pyc
/home/aansari/Documents/ME439/ME439Team125/install/xarmrob/lib/python3.12/site-packages/xarmrob/__pycache__/operate_gripper.cpython-312.pyc
/home/aansari/Documents/ME439/ME439Team125/install/xarmrob/lib/python3.12/site-packages/xarmrob/__pycache__/move_to_point.cpython-312.pyc
/home/aansari/Documents/ME439/ME439Team125/install/xarmrob/lib/python3.12/site-packages/xarmrob/__pycache__/command_xarm.cpython-312.pyc
/home/aansari/Documents/ME439/ME439Team125/install/xarmrob/lib/python3.12/site-packages/xarmrob/__pycache__/__init__.cpython-312.pyc
/home/aansari/Documents/ME439/ME439Team125/install/xarmrob/lib/python3.12/site-packages/xarmrob/__pycache__/endpoint_sliders.cpython-312.pyc
/home/aansari/Documents/ME439/ME439Team125/install/xarmrob/lib/python3.12/site-packages/xarmrob/__pycache__/cmd_sliders.cpython-312.pyc
/home/aansari/Documents/ME439/ME439Team125/install/xarmrob/lib/python3.12/site-packages/xarmrob/__pycache__/angle_sliders.cpython-312.pyc
/home/aansari/Documents/ME439/ME439Team125/install/xarmrob/lib/python3.12/site-packages/xarmrob/__pycache__/xarm_kinematics.cpython-312.pyc
/home/aansari/Documents/ME439/ME439Team125/install/xarmrob/lib/python3.12/site-packages/xarmrob/__pycache__/endpoint_keyboard_smooth.cpython-312.pyc
/home/aansari/Documents/ME439/ME439Team125/install/xarmrob/lib/python3.12/site-packages/xarmrob/__pycache__/main_control_node.cpython-312.pyc
/home/aansari/Documents/ME439/ME439Team125/install/xarmrob/lib/python3.12/site-packages/xarmrob/__pycache__/smooth_interpolation.cpython-312.pyc
/home/aansari/Documents/ME439/ME439Team125/install/xarmrob/lib/python3.12/site-packages/xarmrob/__pycache__/cmd_keyboard.cpython-312.pyc
/home/aansari/Documents/ME439/ME439Team125/install/xarmrob/lib/python3.12/site-packages/xarmrob/__pycache__/parse_svg_for_robot_arm_v03.cpython-312.pyc
/home/aansari/Documents/ME439/ME439Team125/install/xarmrob/lib/python3.12/site-packages/xarmrob/__pycache__/endpoint_automatic_smooth.cpython-312.pyc
/home/aansari/Documents/ME439/ME439Team125/install/xarmrob/lib/python3.12/site-packages/xarmrob/__pycache__/angle_keyboard.cpython-312.pyc
/home/aansari/Documents/ME439/ME439Team125/install/xarmrob/share/ament_index/resource_index/packages/xarmrob
/home/aansari/Documents/ME439/ME439Team125/install/xarmrob/share/xarmrob/package.xml
/home/aansari/Documents/ME439/ME439Team125/install/xarmrob/share/xarmrob/launch/xarm_cmd_sliders.launch.py
/home/aansari/Documents/ME439/ME439Team125/install/xarmrob/share/xarmrob/launch/xarm_cmd_sliders_param.launch.py
/home/aansari/Documents/ME439/ME439Team125/install/xarmrob/share/xarmrob/launch/xarm_no_cmd_param.launch.py
/home/aansari/Documents/ME439/ME439Team125/install/xarmrob/share/xarmrob/launch/xarm_no_cmd.launch.py
/home/aansari/Documents/ME439/ME439Team125/install/xarmrob/share/xarmrob/launch/xarm_automatic.launch.py
/home/aansari/Documents/ME439/ME439Team125/install/xarmrob/share/xarmrob/launch/xarm_angle_sliders.launch.py
/home/aansari/Documents/ME439/ME439Team125/install/xarmrob/share/xarmrob/launch/xarm_endpoint_sliders.launch.py
/home/aansari/Documents/ME439/ME439Team125/install/xarmrob/share/xarmrob/urdf/urdf.rviz
/home/aansari/Documents/ME439/ME439Team125/install/xarmrob/share/xarmrob/urdf/robot-xarm-pen.urdf
/home/aansari/Documents/ME439/ME439Team125/install/xarmrob/share/xarmrob/urdf/robot-xarm.urdf
/home/aansari/Documents/ME439/ME439Team125/install/xarmrob/share/xarmrob/config/robot_xarm_info.yaml
/home/aansari/Documents/ME439/ME439Team125/install/xarmrob/lib/python3.12/site-packages/xarmrob-0.0.0-py3.12.egg-info/SOURCES.txt
/home/aansari/Documents/ME439/ME439Team125/install/xarmrob/lib/python3.12/site-packages/xarmrob-0.0.0-py3.12.egg-info/PKG-INFO
/home/aansari/Documents/ME439/ME439Team125/install/xarmrob/lib/python3.12/site-packages/xarmrob-0.0.0-py3.12.egg-info/dependency_links.txt
/home/aansari/Documents/ME439/ME439Team125/install/xarmrob/lib/python3.12/site-packages/xarmrob-0.0.0-py3.12.egg-info/top_level.txt
/home/aansari/Documents/ME439/ME439Team125/install/xarmrob/lib/python3.12/site-packages/xarmrob-0.0.0-py3.12.egg-info/requires.txt
/home/aansari/Documents/ME439/ME439Team125/install/xarmrob/lib/python3.12/site-packages/xarmrob-0.0.0-py3.12.egg-info/entry_points.txt
/home/aansari/Documents/ME439/ME439Team125/install/xarmrob/lib/python3.12/site-packages/xarmrob-0.0.0-py3.12.egg-info/zip-safe
/home/aansari/Documents/ME439/ME439Team125/install/xarmrob/lib/xarmrob/angle_keyboard
/home/aansari/Documents/ME439/ME439Team125/install/xarmrob/lib/xarmrob/angle_sliders
/home/aansari/Documents/ME439/ME439Team125/install/xarmrob/lib/xarmrob/cmd_keyboard
/home/aansari/Documents/ME439/ME439Team125/install/xarmrob/lib/xarmrob/cmd_sliders
/home/aansari/Documents/ME439/ME439Team125/install/xarmrob/lib/xarmrob/command_xarm
/home/aansari/Documents/ME439/ME439Team125/install/xarmrob/lib/xarmrob/endpoint_automatic_smooth
/home/aansari/Documents/ME439/ME439Team125/install/xarmrob/lib/xarmrob/endpoint_keyboard
/home/aansari/Documents/ME439/ME439Team125/install/xarmrob/lib/xarmrob/endpoint_keyboard_smooth
/home/aansari/Documents/ME439/ME439Team125/install/xarmrob/lib/xarmrob/endpoint_sliders
/home/aansari/Documents/ME439/ME439Team125/install/xarmrob/lib/xarmrob/xarm_kinematics
