[0.136s] DEBUG:colcon:Command line arguments: ['/usr/bin/colcon', 'build', '--symlink-install']
[0.136s] DEBUG:colcon:Parsed command line arguments: Namespace(log_base=None, log_level=None, verb_name='build', build_base='build', install_base='install', merge_install=False, symlink_install=True, test_result_base=None, continue_on_error=False, executor='parallel', parallel_workers=4, event_handlers=None, ignore_user_meta=False, metas=['./colcon.meta'], base_paths=['.'], packages_ignore=None, packages_ignore_regex=None, paths=None, packages_up_to=None, packages_up_to_regex=None, packages_above=None, packages_above_and_dependencies=None, packages_above_depth=None, packages_select_by_dep=None, packages_skip_by_dep=None, packages_skip_up_to=None, packages_select_build_failed=False, packages_skip_build_finished=False, packages_select_test_failures=False, packages_skip_test_passed=False, packages_select=None, packages_skip=None, packages_select_regex=None, packages_skip_regex=None, packages_start=None, packages_end=None, allow_overriding=[], cmake_args=None, cmake_target=None, cmake_target_skip_unavailable=False, cmake_clean_cache=False, cmake_clean_first=False, cmake_force_configure=False, ament_cmake_args=None, catkin_cmake_args=None, catkin_skip_building_tests=False, mixin_files=None, mixin=None, verb_parser=<colcon_mixin.mixin.mixin_argument.MixinArgumentDecorator object at 0x7c60ce69c860>, verb_extension=<colcon_core.verb.build.BuildVerb object at 0x7c60ce61e420>, main=<bound method BuildVerb.main of <colcon_core.verb.build.BuildVerb object at 0x7c60ce61e420>>, mixin_verb=('build',))
[0.182s] Level 1:colcon.colcon_core.package_discovery:discover_packages(colcon_meta) check parameters
[0.182s] Level 1:colcon.colcon_core.package_discovery:discover_packages(recursive) check parameters
[0.182s] Level 1:colcon.colcon_core.package_discovery:discover_packages(ignore) check parameters
[0.182s] Level 1:colcon.colcon_core.package_discovery:discover_packages(path) check parameters
[0.182s] Level 1:colcon.colcon_core.package_discovery:discover_packages(colcon_meta) discover
[0.182s] Level 1:colcon.colcon_core.package_discovery:discover_packages(recursive) discover
[0.182s] INFO:colcon.colcon_core.package_discovery:Crawling recursively for packages in '/home/aansari/Documents/ME439/ME439Team125'
[0.183s] Level 1:colcon.colcon_core.package_identification:_identify(.) by extensions ['ignore', 'ignore_ament_install']
[0.183s] Level 1:colcon.colcon_core.package_identification:_identify(.) by extension 'ignore'
[0.183s] Level 1:colcon.colcon_core.package_identification:_identify(.) by extension 'ignore_ament_install'
[0.183s] Level 1:colcon.colcon_core.package_identification:_identify(.) by extensions ['colcon_pkg']
[0.183s] Level 1:colcon.colcon_core.package_identification:_identify(.) by extension 'colcon_pkg'
[0.183s] Level 1:colcon.colcon_core.package_identification:_identify(.) by extensions ['colcon_meta']
[0.183s] Level 1:colcon.colcon_core.package_identification:_identify(.) by extension 'colcon_meta'
[0.183s] Level 1:colcon.colcon_core.package_identification:_identify(.) by extensions ['ros']
[0.183s] Level 1:colcon.colcon_core.package_identification:_identify(.) by extension 'ros'
[0.215s] Level 1:colcon.colcon_core.package_identification:_identify(.) by extensions ['cmake', 'python']
[0.215s] Level 1:colcon.colcon_core.package_identification:_identify(.) by extension 'cmake'
[0.215s] Level 1:colcon.colcon_core.package_identification:_identify(.) by extension 'python'
[0.215s] Level 1:colcon.colcon_core.package_identification:_identify(.) by extensions ['python_setup_py']
[0.215s] Level 1:colcon.colcon_core.package_identification:_identify(.) by extension 'python_setup_py'
[0.215s] Level 1:colcon.colcon_core.package_identification:_identify(build) by extensions ['ignore', 'ignore_ament_install']
[0.216s] Level 1:colcon.colcon_core.package_identification:_identify(build) by extension 'ignore'
[0.216s] Level 1:colcon.colcon_core.package_identification:_identify(build) ignored
[0.216s] Level 1:colcon.colcon_core.package_identification:_identify(install) by extensions ['ignore', 'ignore_ament_install']
[0.216s] Level 1:colcon.colcon_core.package_identification:_identify(install) by extension 'ignore'
[0.216s] Level 1:colcon.colcon_core.package_identification:_identify(install) ignored
[0.216s] Level 1:colcon.colcon_core.package_identification:_identify(log) by extensions ['ignore', 'ignore_ament_install']
[0.217s] Level 1:colcon.colcon_core.package_identification:_identify(log) by extension 'ignore'
[0.217s] Level 1:colcon.colcon_core.package_identification:_identify(log) ignored
[0.217s] Level 1:colcon.colcon_core.package_identification:_identify(src) by extensions ['ignore', 'ignore_ament_install']
[0.217s] Level 1:colcon.colcon_core.package_identification:_identify(src) by extension 'ignore'
[0.217s] Level 1:colcon.colcon_core.package_identification:_identify(src) by extension 'ignore_ament_install'
[0.217s] Level 1:colcon.colcon_core.package_identification:_identify(src) by extensions ['colcon_pkg']
[0.217s] Level 1:colcon.colcon_core.package_identification:_identify(src) by extension 'colcon_pkg'
[0.217s] Level 1:colcon.colcon_core.package_identification:_identify(src) by extensions ['colcon_meta']
[0.217s] Level 1:colcon.colcon_core.package_identification:_identify(src) by extension 'colcon_meta'
[0.218s] Level 1:colcon.colcon_core.package_identification:_identify(src) by extensions ['ros']
[0.218s] Level 1:colcon.colcon_core.package_identification:_identify(src) by extension 'ros'
[0.218s] Level 1:colcon.colcon_core.package_identification:_identify(src) by extensions ['cmake', 'python']
[0.218s] Level 1:colcon.colcon_core.package_identification:_identify(src) by extension 'cmake'
[0.218s] Level 1:colcon.colcon_core.package_identification:_identify(src) by extension 'python'
[0.218s] Level 1:colcon.colcon_core.package_identification:_identify(src) by extensions ['python_setup_py']
[0.218s] Level 1:colcon.colcon_core.package_identification:_identify(src) by extension 'python_setup_py'
[0.218s] Level 1:colcon.colcon_core.package_identification:_identify(src/xarmrob) by extensions ['ignore', 'ignore_ament_install']
[0.218s] Level 1:colcon.colcon_core.package_identification:_identify(src/xarmrob) by extension 'ignore'
[0.219s] Level 1:colcon.colcon_core.package_identification:_identify(src/xarmrob) by extension 'ignore_ament_install'
[0.219s] Level 1:colcon.colcon_core.package_identification:_identify(src/xarmrob) by extensions ['colcon_pkg']
[0.219s] Level 1:colcon.colcon_core.package_identification:_identify(src/xarmrob) by extension 'colcon_pkg'
[0.219s] Level 1:colcon.colcon_core.package_identification:_identify(src/xarmrob) by extensions ['colcon_meta']
[0.219s] Level 1:colcon.colcon_core.package_identification:_identify(src/xarmrob) by extension 'colcon_meta'
[0.219s] Level 1:colcon.colcon_core.package_identification:_identify(src/xarmrob) by extensions ['ros']
[0.219s] Level 1:colcon.colcon_core.package_identification:_identify(src/xarmrob) by extension 'ros'
[0.222s] DEBUG:colcon.colcon_core.package_identification:Package 'src/xarmrob' with type 'ros.ament_python' and name 'xarmrob'
[0.222s] Level 1:colcon.colcon_core.package_identification:_identify(src/xarmrob_interfaces) by extensions ['ignore', 'ignore_ament_install']
[0.222s] Level 1:colcon.colcon_core.package_identification:_identify(src/xarmrob_interfaces) by extension 'ignore'
[0.223s] Level 1:colcon.colcon_core.package_identification:_identify(src/xarmrob_interfaces) by extension 'ignore_ament_install'
[0.223s] Level 1:colcon.colcon_core.package_identification:_identify(src/xarmrob_interfaces) by extensions ['colcon_pkg']
[0.223s] Level 1:colcon.colcon_core.package_identification:_identify(src/xarmrob_interfaces) by extension 'colcon_pkg'
[0.223s] Level 1:colcon.colcon_core.package_identification:_identify(src/xarmrob_interfaces) by extensions ['colcon_meta']
[0.223s] Level 1:colcon.colcon_core.package_identification:_identify(src/xarmrob_interfaces) by extension 'colcon_meta'
[0.223s] Level 1:colcon.colcon_core.package_identification:_identify(src/xarmrob_interfaces) by extensions ['ros']
[0.223s] Level 1:colcon.colcon_core.package_identification:_identify(src/xarmrob_interfaces) by extension 'ros'
[0.224s] DEBUG:colcon.colcon_core.package_identification:Package 'src/xarmrob_interfaces' with type 'ros.ament_cmake' and name 'xarmrob_interfaces'
[0.224s] Level 1:colcon.colcon_core.package_discovery:discover_packages(recursive) using defaults
[0.224s] Level 1:colcon.colcon_core.package_discovery:discover_packages(ignore) discover
[0.224s] Level 1:colcon.colcon_core.package_discovery:discover_packages(ignore) using defaults
[0.224s] Level 1:colcon.colcon_core.package_discovery:discover_packages(path) discover
[0.224s] Level 1:colcon.colcon_core.package_discovery:discover_packages(path) using defaults
[0.245s] Level 1:colcon.colcon_core.package_discovery:discover_packages(prefix_path) check parameters
[0.245s] Level 1:colcon.colcon_core.package_discovery:discover_packages(prefix_path) discover
[0.248s] DEBUG:colcon.colcon_installed_package_information.package_discovery:Found 2 installed packages in /home/aansari/Documents/ME439/ME439Team125/install
[0.248s] DEBUG:colcon.colcon_installed_package_information.package_discovery:Found 4 installed packages in /home/aansari/ros2_prac/install
[0.250s] DEBUG:colcon.colcon_installed_package_information.package_discovery:Found 285 installed packages in /opt/ros/jazzy
[0.252s] Level 1:colcon.colcon_core.package_discovery:discover_packages(prefix_path) using defaults
[0.306s] Level 5:colcon.colcon_core.verb:set package 'xarmrob_interfaces' build argument 'cmake_args' from command line to 'None'
[0.306s] Level 5:colcon.colcon_core.verb:set package 'xarmrob_interfaces' build argument 'cmake_target' from command line to 'None'
[0.306s] Level 5:colcon.colcon_core.verb:set package 'xarmrob_interfaces' build argument 'cmake_target_skip_unavailable' from command line to 'False'
[0.306s] Level 5:colcon.colcon_core.verb:set package 'xarmrob_interfaces' build argument 'cmake_clean_cache' from command line to 'False'
[0.306s] Level 5:colcon.colcon_core.verb:set package 'xarmrob_interfaces' build argument 'cmake_clean_first' from command line to 'False'
[0.306s] Level 5:colcon.colcon_core.verb:set package 'xarmrob_interfaces' build argument 'cmake_force_configure' from command line to 'False'
[0.306s] Level 5:colcon.colcon_core.verb:set package 'xarmrob_interfaces' build argument 'ament_cmake_args' from command line to 'None'
[0.306s] Level 5:colcon.colcon_core.verb:set package 'xarmrob_interfaces' build argument 'catkin_cmake_args' from command line to 'None'
[0.306s] Level 5:colcon.colcon_core.verb:set package 'xarmrob_interfaces' build argument 'catkin_skip_building_tests' from command line to 'False'
[0.306s] DEBUG:colcon.colcon_core.verb:Building package 'xarmrob_interfaces' with the following arguments: {'ament_cmake_args': None, 'build_base': '/home/aansari/Documents/ME439/ME439Team125/build/xarmrob_interfaces', 'catkin_cmake_args': None, 'catkin_skip_building_tests': False, 'cmake_args': None, 'cmake_clean_cache': False, 'cmake_clean_first': False, 'cmake_force_configure': False, 'cmake_target': None, 'cmake_target_skip_unavailable': False, 'install_base': '/home/aansari/Documents/ME439/ME439Team125/install/xarmrob_interfaces', 'merge_install': False, 'path': '/home/aansari/Documents/ME439/ME439Team125/src/xarmrob_interfaces', 'symlink_install': True, 'test_result_base': None}
[0.306s] Level 5:colcon.colcon_core.verb:set package 'xarmrob' build argument 'cmake_args' from command line to 'None'
[0.307s] Level 5:colcon.colcon_core.verb:set package 'xarmrob' build argument 'cmake_target' from command line to 'None'
[0.307s] Level 5:colcon.colcon_core.verb:set package 'xarmrob' build argument 'cmake_target_skip_unavailable' from command line to 'False'
[0.307s] Level 5:colcon.colcon_core.verb:set package 'xarmrob' build argument 'cmake_clean_cache' from command line to 'False'
[0.307s] Level 5:colcon.colcon_core.verb:set package 'xarmrob' build argument 'cmake_clean_first' from command line to 'False'
[0.307s] Level 5:colcon.colcon_core.verb:set package 'xarmrob' build argument 'cmake_force_configure' from command line to 'False'
[0.307s] Level 5:colcon.colcon_core.verb:set package 'xarmrob' build argument 'ament_cmake_args' from command line to 'None'
[0.307s] Level 5:colcon.colcon_core.verb:set package 'xarmrob' build argument 'catkin_cmake_args' from command line to 'None'
[0.307s] Level 5:colcon.colcon_core.verb:set package 'xarmrob' build argument 'catkin_skip_building_tests' from command line to 'False'
[0.307s] DEBUG:colcon.colcon_core.verb:Building package 'xarmrob' with the following arguments: {'ament_cmake_args': None, 'build_base': '/home/aansari/Documents/ME439/ME439Team125/build/xarmrob', 'catkin_cmake_args': None, 'catkin_skip_building_tests': False, 'cmake_args': None, 'cmake_clean_cache': False, 'cmake_clean_first': False, 'cmake_force_configure': False, 'cmake_target': None, 'cmake_target_skip_unavailable': False, 'install_base': '/home/aansari/Documents/ME439/ME439Team125/install/xarmrob', 'merge_install': False, 'path': '/home/aansari/Documents/ME439/ME439Team125/src/xarmrob', 'symlink_install': True, 'test_result_base': None}
[0.307s] INFO:colcon.colcon_core.executor:Executing jobs using 'parallel' executor
[0.308s] DEBUG:colcon.colcon_parallel_executor.executor.parallel:run_until_complete
[0.309s] INFO:colcon.colcon_ros.task.ament_cmake.build:Building ROS package in '/home/aansari/Documents/ME439/ME439Team125/src/xarmrob_interfaces' with build type 'ament_cmake'
[0.309s] INFO:colcon.colcon_cmake.task.cmake.build:Building CMake package in '/home/aansari/Documents/ME439/ME439Team125/src/xarmrob_interfaces'
[0.312s] INFO:colcon.colcon_core.plugin_system:Skipping extension 'colcon_core.shell.bat': Not used on non-Windows systems
[0.312s] INFO:colcon.colcon_core.shell:Skip shell extension 'powershell' for command environment: Not usable outside of PowerShell
[0.312s] DEBUG:colcon.colcon_core.shell:Skip shell extension 'dsv' for command environment
[0.325s] DEBUG:colcon.colcon_core.event_handler.log_command:Invoking command in '/home/aansari/Documents/ME439/ME439Team125/build/xarmrob_interfaces': CMAKE_PREFIX_PATH=${CMAKE_PREFIX_PATH}:/home/aansari/Documents/ME439/ME439Team125/install/xarmrob:/home/aansari/ros2_prac/install/xarmrob:/home/aansari/ros2_prac/install/mobrob:/opt/ros/jazzy DEBUGINFOD_URLS=https://debuginfod.ubuntu.com /usr/bin/cmake --build /home/aansari/Documents/ME439/ME439Team125/build/xarmrob_interfaces -- -j4 -l4
[1.194s] DEBUG:colcon.colcon_core.event_handler.log_command:Invoked command in '/home/aansari/Documents/ME439/ME439Team125/build/xarmrob_interfaces' returned '0': CMAKE_PREFIX_PATH=${CMAKE_PREFIX_PATH}:/home/aansari/Documents/ME439/ME439Team125/install/xarmrob:/home/aansari/ros2_prac/install/xarmrob:/home/aansari/ros2_prac/install/mobrob:/opt/ros/jazzy DEBUGINFOD_URLS=https://debuginfod.ubuntu.com /usr/bin/cmake --build /home/aansari/Documents/ME439/ME439Team125/build/xarmrob_interfaces -- -j4 -l4
[1.207s] DEBUG:colcon.colcon_core.event_handler.log_command:Invoking command in '/home/aansari/Documents/ME439/ME439Team125/build/xarmrob_interfaces': CMAKE_PREFIX_PATH=${CMAKE_PREFIX_PATH}:/home/aansari/Documents/ME439/ME439Team125/install/xarmrob:/home/aansari/ros2_prac/install/xarmrob:/home/aansari/ros2_prac/install/mobrob:/opt/ros/jazzy DEBUGINFOD_URLS=https://debuginfod.ubuntu.com /usr/bin/cmake --install /home/aansari/Documents/ME439/ME439Team125/build/xarmrob_interfaces
[1.347s] Level 1:colcon.colcon_core.environment:create_environment_scripts_only(xarmrob_interfaces)
[1.348s] DEBUG:colcon.colcon_core.event_handler.log_command:Invoked command in '/home/aansari/Documents/ME439/ME439Team125/build/xarmrob_interfaces' returned '0': CMAKE_PREFIX_PATH=${CMAKE_PREFIX_PATH}:/home/aansari/Documents/ME439/ME439Team125/install/xarmrob:/home/aansari/ros2_prac/install/xarmrob:/home/aansari/ros2_prac/install/mobrob:/opt/ros/jazzy DEBUGINFOD_URLS=https://debuginfod.ubuntu.com /usr/bin/cmake --install /home/aansari/Documents/ME439/ME439Team125/build/xarmrob_interfaces
[1.351s] Level 1:colcon.colcon_core.environment:checking '/home/aansari/Documents/ME439/ME439Team125/install/xarmrob_interfaces' for CMake module files
[1.351s] Level 1:colcon.colcon_core.environment:checking '/home/aansari/Documents/ME439/ME439Team125/install/xarmrob_interfaces' for CMake config files
[1.353s] Level 1:colcon.colcon_core.shell:create_environment_hook('xarmrob_interfaces', 'cmake_prefix_path')
[1.354s] INFO:colcon.colcon_core.shell:Creating environment hook '/home/aansari/Documents/ME439/ME439Team125/install/xarmrob_interfaces/share/xarmrob_interfaces/hook/cmake_prefix_path.ps1'
[1.354s] INFO:colcon.colcon_core.shell:Creating environment descriptor '/home/aansari/Documents/ME439/ME439Team125/install/xarmrob_interfaces/share/xarmrob_interfaces/hook/cmake_prefix_path.dsv'
[1.355s] INFO:colcon.colcon_core.shell:Creating environment hook '/home/aansari/Documents/ME439/ME439Team125/install/xarmrob_interfaces/share/xarmrob_interfaces/hook/cmake_prefix_path.sh'
[1.356s] Level 1:colcon.colcon_core.environment:checking '/home/aansari/Documents/ME439/ME439Team125/install/xarmrob_interfaces/lib'
[1.356s] Level 1:colcon.colcon_core.shell:create_environment_hook('xarmrob_interfaces', 'ld_library_path_lib')
[1.356s] INFO:colcon.colcon_core.shell:Creating environment hook '/home/aansari/Documents/ME439/ME439Team125/install/xarmrob_interfaces/share/xarmrob_interfaces/hook/ld_library_path_lib.ps1'
[1.357s] INFO:colcon.colcon_core.shell:Creating environment descriptor '/home/aansari/Documents/ME439/ME439Team125/install/xarmrob_interfaces/share/xarmrob_interfaces/hook/ld_library_path_lib.dsv'
[1.357s] INFO:colcon.colcon_core.shell:Creating environment hook '/home/aansari/Documents/ME439/ME439Team125/install/xarmrob_interfaces/share/xarmrob_interfaces/hook/ld_library_path_lib.sh'
[1.358s] Level 1:colcon.colcon_core.environment:checking '/home/aansari/Documents/ME439/ME439Team125/install/xarmrob_interfaces/bin'
[1.358s] Level 1:colcon.colcon_core.environment:checking '/home/aansari/Documents/ME439/ME439Team125/install/xarmrob_interfaces/lib/pkgconfig/xarmrob_interfaces.pc'
[1.358s] Level 1:colcon.colcon_core.environment:checking '/home/aansari/Documents/ME439/ME439Team125/install/xarmrob_interfaces/lib/python3.12/site-packages'
[1.358s] Level 1:colcon.colcon_core.shell:create_environment_hook('xarmrob_interfaces', 'pythonpath')
[1.358s] INFO:colcon.colcon_core.shell:Creating environment hook '/home/aansari/Documents/ME439/ME439Team125/install/xarmrob_interfaces/share/xarmrob_interfaces/hook/pythonpath.ps1'
[1.359s] INFO:colcon.colcon_core.shell:Creating environment descriptor '/home/aansari/Documents/ME439/ME439Team125/install/xarmrob_interfaces/share/xarmrob_interfaces/hook/pythonpath.dsv'
[1.359s] INFO:colcon.colcon_core.shell:Creating environment hook '/home/aansari/Documents/ME439/ME439Team125/install/xarmrob_interfaces/share/xarmrob_interfaces/hook/pythonpath.sh'
[1.360s] Level 1:colcon.colcon_core.environment:checking '/home/aansari/Documents/ME439/ME439Team125/install/xarmrob_interfaces/bin'
[1.360s] INFO:colcon.colcon_core.shell:Creating package script '/home/aansari/Documents/ME439/ME439Team125/install/xarmrob_interfaces/share/xarmrob_interfaces/package.ps1'
[1.361s] INFO:colcon.colcon_core.shell:Creating package descriptor '/home/aansari/Documents/ME439/ME439Team125/install/xarmrob_interfaces/share/xarmrob_interfaces/package.dsv'
[1.362s] INFO:colcon.colcon_core.shell:Creating package script '/home/aansari/Documents/ME439/ME439Team125/install/xarmrob_interfaces/share/xarmrob_interfaces/package.sh'
[1.363s] INFO:colcon.colcon_core.shell:Creating package script '/home/aansari/Documents/ME439/ME439Team125/install/xarmrob_interfaces/share/xarmrob_interfaces/package.bash'
[1.363s] INFO:colcon.colcon_core.shell:Creating package script '/home/aansari/Documents/ME439/ME439Team125/install/xarmrob_interfaces/share/xarmrob_interfaces/package.zsh'
[1.364s] Level 1:colcon.colcon_core.environment:create_file_with_runtime_dependencies(/home/aansari/Documents/ME439/ME439Team125/install/xarmrob_interfaces/share/colcon-core/packages/xarmrob_interfaces)
[1.365s] Level 1:colcon.colcon_core.environment:create_environment_scripts_only(xarmrob_interfaces)
[1.365s] Level 1:colcon.colcon_core.environment:checking '/home/aansari/Documents/ME439/ME439Team125/install/xarmrob_interfaces' for CMake module files
[1.366s] Level 1:colcon.colcon_core.environment:checking '/home/aansari/Documents/ME439/ME439Team125/install/xarmrob_interfaces' for CMake config files
[1.368s] Level 1:colcon.colcon_core.shell:create_environment_hook('xarmrob_interfaces', 'cmake_prefix_path')
[1.368s] INFO:colcon.colcon_core.shell:Creating environment hook '/home/aansari/Documents/ME439/ME439Team125/install/xarmrob_interfaces/share/xarmrob_interfaces/hook/cmake_prefix_path.ps1'
[1.368s] INFO:colcon.colcon_core.shell:Creating environment descriptor '/home/aansari/Documents/ME439/ME439Team125/install/xarmrob_interfaces/share/xarmrob_interfaces/hook/cmake_prefix_path.dsv'
[1.369s] INFO:colcon.colcon_core.shell:Creating environment hook '/home/aansari/Documents/ME439/ME439Team125/install/xarmrob_interfaces/share/xarmrob_interfaces/hook/cmake_prefix_path.sh'
[1.369s] Level 1:colcon.colcon_core.environment:checking '/home/aansari/Documents/ME439/ME439Team125/install/xarmrob_interfaces/lib'
[1.369s] Level 1:colcon.colcon_core.shell:create_environment_hook('xarmrob_interfaces', 'ld_library_path_lib')
[1.370s] INFO:colcon.colcon_core.shell:Creating environment hook '/home/aansari/Documents/ME439/ME439Team125/install/xarmrob_interfaces/share/xarmrob_interfaces/hook/ld_library_path_lib.ps1'
[1.370s] INFO:colcon.colcon_core.shell:Creating environment descriptor '/home/aansari/Documents/ME439/ME439Team125/install/xarmrob_interfaces/share/xarmrob_interfaces/hook/ld_library_path_lib.dsv'
[1.370s] INFO:colcon.colcon_core.shell:Creating environment hook '/home/aansari/Documents/ME439/ME439Team125/install/xarmrob_interfaces/share/xarmrob_interfaces/hook/ld_library_path_lib.sh'
[1.371s] Level 1:colcon.colcon_core.environment:checking '/home/aansari/Documents/ME439/ME439Team125/install/xarmrob_interfaces/bin'
[1.371s] Level 1:colcon.colcon_core.environment:checking '/home/aansari/Documents/ME439/ME439Team125/install/xarmrob_interfaces/lib/pkgconfig/xarmrob_interfaces.pc'
[1.371s] Level 1:colcon.colcon_core.environment:checking '/home/aansari/Documents/ME439/ME439Team125/install/xarmrob_interfaces/lib/python3.12/site-packages'
[1.371s] Level 1:colcon.colcon_core.shell:create_environment_hook('xarmrob_interfaces', 'pythonpath')
[1.372s] INFO:colcon.colcon_core.shell:Creating environment hook '/home/aansari/Documents/ME439/ME439Team125/install/xarmrob_interfaces/share/xarmrob_interfaces/hook/pythonpath.ps1'
[1.372s] INFO:colcon.colcon_core.shell:Creating environment descriptor '/home/aansari/Documents/ME439/ME439Team125/install/xarmrob_interfaces/share/xarmrob_interfaces/hook/pythonpath.dsv'
[1.373s] INFO:colcon.colcon_core.shell:Creating environment hook '/home/aansari/Documents/ME439/ME439Team125/install/xarmrob_interfaces/share/xarmrob_interfaces/hook/pythonpath.sh'
[1.373s] Level 1:colcon.colcon_core.environment:checking '/home/aansari/Documents/ME439/ME439Team125/install/xarmrob_interfaces/bin'
[1.374s] INFO:colcon.colcon_core.shell:Creating package script '/home/aansari/Documents/ME439/ME439Team125/install/xarmrob_interfaces/share/xarmrob_interfaces/package.ps1'
[1.374s] INFO:colcon.colcon_core.shell:Creating package descriptor '/home/aansari/Documents/ME439/ME439Team125/install/xarmrob_interfaces/share/xarmrob_interfaces/package.dsv'
[1.375s] INFO:colcon.colcon_core.shell:Creating package script '/home/aansari/Documents/ME439/ME439Team125/install/xarmrob_interfaces/share/xarmrob_interfaces/package.sh'
[1.375s] INFO:colcon.colcon_core.shell:Creating package script '/home/aansari/Documents/ME439/ME439Team125/install/xarmrob_interfaces/share/xarmrob_interfaces/package.bash'
[1.376s] INFO:colcon.colcon_core.shell:Creating package script '/home/aansari/Documents/ME439/ME439Team125/install/xarmrob_interfaces/share/xarmrob_interfaces/package.zsh'
[1.376s] Level 1:colcon.colcon_core.environment:create_file_with_runtime_dependencies(/home/aansari/Documents/ME439/ME439Team125/install/xarmrob_interfaces/share/colcon-core/packages/xarmrob_interfaces)
[1.377s] INFO:colcon.colcon_ros.task.ament_python.build:Building ROS package in '/home/aansari/Documents/ME439/ME439Team125/src/xarmrob' with build type 'ament_python'
[1.377s] Level 1:colcon.colcon_core.shell:create_environment_hook('xarmrob', 'ament_prefix_path')
[1.377s] INFO:colcon.colcon_core.shell:Creating environment hook '/home/aansari/Documents/ME439/ME439Team125/install/xarmrob/share/xarmrob/hook/ament_prefix_path.ps1'
[1.378s] INFO:colcon.colcon_core.shell:Creating environment descriptor '/home/aansari/Documents/ME439/ME439Team125/install/xarmrob/share/xarmrob/hook/ament_prefix_path.dsv'
[1.379s] INFO:colcon.colcon_core.shell:Creating environment hook '/home/aansari/Documents/ME439/ME439Team125/install/xarmrob/share/xarmrob/hook/ament_prefix_path.sh'
[1.379s] INFO:colcon.colcon_core.shell:Skip shell extension 'powershell' for command environment: Not usable outside of PowerShell
[1.379s] DEBUG:colcon.colcon_core.shell:Skip shell extension 'dsv' for command environment
[1.714s] INFO:colcon.colcon_core.task.python.build:Building Python package in '/home/aansari/Documents/ME439/ME439Team125/src/xarmrob'
[1.714s] INFO:colcon.colcon_core.shell:Skip shell extension 'powershell' for command environment: Not usable outside of PowerShell
[1.714s] DEBUG:colcon.colcon_core.shell:Skip shell extension 'dsv' for command environment
[2.472s] DEBUG:colcon.colcon_core.event_handler.log_command:Invoking command in '/home/aansari/Documents/ME439/ME439Team125/build/xarmrob': DEBUGINFOD_URLS=https://debuginfod.ubuntu.com PYTHONPATH=/home/aansari/Documents/ME439/ME439Team125/build/xarmrob/prefix_override:/usr/lib/python3/dist-packages/colcon_core/task/python/colcon_distutils_commands:/home/aansari/Documents/ME439/ME439Team125/install/xarmrob/lib/python3.12/site-packages:/home/aansari/Documents/ME439/ME439Team125/install/xarmrob_interfaces/lib/python3.12/site-packages:/home/aansari/Documents/ME439/ME439Team125/build/xarmrob:/home/aansari/Documents/ME439/ME439Team125/install/xarmrob/lib/python3.12/site-packages:/home/aansari/ros2_prac/build/xarmrob:/home/aansari/ros2_prac/install/xarmrob/lib/python3.12/site-packages:/home/aansari/ros2_prac/install/xarmrob_interfaces/lib/python3.12/site-packages:/home/aansari/ros2_prac/build/mobrob:/home/aansari/ros2_prac/install/mobrob/lib/python3.12/site-packages:/home/aansari/ros2_prac/install/mobrob_interfaces/lib/python3.12/site-packages:/opt/ros/jazzy/lib/python3.12/site-packages /usr/bin/python3 -W ignore:setup.py install is deprecated -W ignore:easy_install command is deprecated setup.py develop --editable --build-directory /home/aansari/Documents/ME439/ME439Team125/build/xarmrob/build --no-deps symlink_data
[3.375s] Level 1:colcon.colcon_core.shell:create_environment_hook('xarmrob', 'pythonpath_develop')
[3.376s] INFO:colcon.colcon_core.shell:Creating environment hook '/home/aansari/Documents/ME439/ME439Team125/build/xarmrob/share/xarmrob/hook/pythonpath_develop.ps1'
[3.376s] DEBUG:colcon.colcon_core.event_handler.log_command:Invoked command in '/home/aansari/Documents/ME439/ME439Team125/build/xarmrob' returned '0': DEBUGINFOD_URLS=https://debuginfod.ubuntu.com PYTHONPATH=/home/aansari/Documents/ME439/ME439Team125/build/xarmrob/prefix_override:/usr/lib/python3/dist-packages/colcon_core/task/python/colcon_distutils_commands:/home/aansari/Documents/ME439/ME439Team125/install/xarmrob/lib/python3.12/site-packages:/home/aansari/Documents/ME439/ME439Team125/install/xarmrob_interfaces/lib/python3.12/site-packages:/home/aansari/Documents/ME439/ME439Team125/build/xarmrob:/home/aansari/Documents/ME439/ME439Team125/install/xarmrob/lib/python3.12/site-packages:/home/aansari/ros2_prac/build/xarmrob:/home/aansari/ros2_prac/install/xarmrob/lib/python3.12/site-packages:/home/aansari/ros2_prac/install/xarmrob_interfaces/lib/python3.12/site-packages:/home/aansari/ros2_prac/build/mobrob:/home/aansari/ros2_prac/install/mobrob/lib/python3.12/site-packages:/home/aansari/ros2_prac/install/mobrob_interfaces/lib/python3.12/site-packages:/opt/ros/jazzy/lib/python3.12/site-packages /usr/bin/python3 -W ignore:setup.py install is deprecated -W ignore:easy_install command is deprecated setup.py develop --editable --build-directory /home/aansari/Documents/ME439/ME439Team125/build/xarmrob/build --no-deps symlink_data
[3.377s] INFO:colcon.colcon_core.shell:Creating environment descriptor '/home/aansari/Documents/ME439/ME439Team125/build/xarmrob/share/xarmrob/hook/pythonpath_develop.dsv'
[3.377s] INFO:colcon.colcon_core.shell:Creating environment hook '/home/aansari/Documents/ME439/ME439Team125/build/xarmrob/share/xarmrob/hook/pythonpath_develop.sh'
[3.378s] Level 1:colcon.colcon_core.environment:checking '/home/aansari/Documents/ME439/ME439Team125/install/xarmrob' for CMake module files
[3.379s] Level 1:colcon.colcon_core.environment:checking '/home/aansari/Documents/ME439/ME439Team125/install/xarmrob' for CMake config files
[3.379s] Level 1:colcon.colcon_core.environment:checking '/home/aansari/Documents/ME439/ME439Team125/install/xarmrob/lib'
[3.379s] Level 1:colcon.colcon_core.environment:checking '/home/aansari/Documents/ME439/ME439Team125/install/xarmrob/bin'
[3.379s] Level 1:colcon.colcon_core.environment:checking '/home/aansari/Documents/ME439/ME439Team125/install/xarmrob/lib/pkgconfig/xarmrob.pc'
[3.380s] Level 1:colcon.colcon_core.environment:checking '/home/aansari/Documents/ME439/ME439Team125/install/xarmrob/lib/python3.12/site-packages'
[3.380s] Level 1:colcon.colcon_core.shell:create_environment_hook('xarmrob', 'pythonpath')
[3.380s] INFO:colcon.colcon_core.shell:Creating environment hook '/home/aansari/Documents/ME439/ME439Team125/install/xarmrob/share/xarmrob/hook/pythonpath.ps1'
[3.381s] INFO:colcon.colcon_core.shell:Creating environment descriptor '/home/aansari/Documents/ME439/ME439Team125/install/xarmrob/share/xarmrob/hook/pythonpath.dsv'
[3.381s] INFO:colcon.colcon_core.shell:Creating environment hook '/home/aansari/Documents/ME439/ME439Team125/install/xarmrob/share/xarmrob/hook/pythonpath.sh'
[3.382s] Level 1:colcon.colcon_core.environment:checking '/home/aansari/Documents/ME439/ME439Team125/install/xarmrob/bin'
[3.382s] Level 1:colcon.colcon_core.environment:create_environment_scripts_only(xarmrob)
[3.382s] INFO:colcon.colcon_core.shell:Creating package script '/home/aansari/Documents/ME439/ME439Team125/install/xarmrob/share/xarmrob/package.ps1'
[3.383s] INFO:colcon.colcon_core.shell:Creating package descriptor '/home/aansari/Documents/ME439/ME439Team125/install/xarmrob/share/xarmrob/package.dsv'
[3.385s] INFO:colcon.colcon_core.shell:Creating package script '/home/aansari/Documents/ME439/ME439Team125/install/xarmrob/share/xarmrob/package.sh'
[3.387s] INFO:colcon.colcon_core.shell:Creating package script '/home/aansari/Documents/ME439/ME439Team125/install/xarmrob/share/xarmrob/package.bash'
[3.388s] INFO:colcon.colcon_core.shell:Creating package script '/home/aansari/Documents/ME439/ME439Team125/install/xarmrob/share/xarmrob/package.zsh'
[3.390s] Level 1:colcon.colcon_core.environment:create_file_with_runtime_dependencies(/home/aansari/Documents/ME439/ME439Team125/install/xarmrob/share/colcon-core/packages/xarmrob)
[3.391s] DEBUG:colcon.colcon_parallel_executor.executor.parallel:closing loop
[3.392s] DEBUG:colcon.colcon_parallel_executor.executor.parallel:loop closed
[3.393s] DEBUG:colcon.colcon_parallel_executor.executor.parallel:run_until_complete finished with '0'
[3.394s] DEBUG:colcon.colcon_core.event_reactor:joining thread
[3.419s] INFO:colcon.colcon_core.plugin_system:Skipping extension 'colcon_notification.desktop_notification.terminal_notifier': Not used on non-Darwin systems
[3.419s] INFO:colcon.colcon_core.plugin_system:Skipping extension 'colcon_notification.desktop_notification.win32': Not used on non-Windows systems
[3.419s] INFO:colcon.colcon_notification.desktop_notification:Sending desktop notification using 'notify2'
[3.495s] DEBUG:colcon.colcon_core.event_reactor:joined thread
[3.495s] INFO:colcon.colcon_core.shell:Creating prefix script '/home/aansari/Documents/ME439/ME439Team125/install/local_setup.ps1'
[3.497s] INFO:colcon.colcon_core.shell:Creating prefix util module '/home/aansari/Documents/ME439/ME439Team125/install/_local_setup_util_ps1.py'
[3.500s] INFO:colcon.colcon_core.shell:Creating prefix chain script '/home/aansari/Documents/ME439/ME439Team125/install/setup.ps1'
[3.502s] INFO:colcon.colcon_core.shell:Creating prefix script '/home/aansari/Documents/ME439/ME439Team125/install/local_setup.sh'
[3.503s] INFO:colcon.colcon_core.shell:Creating prefix util module '/home/aansari/Documents/ME439/ME439Team125/install/_local_setup_util_sh.py'
[3.504s] INFO:colcon.colcon_core.shell:Creating prefix chain script '/home/aansari/Documents/ME439/ME439Team125/install/setup.sh'
[3.507s] INFO:colcon.colcon_core.shell:Creating prefix script '/home/aansari/Documents/ME439/ME439Team125/install/local_setup.bash'
[3.509s] INFO:colcon.colcon_core.shell:Creating prefix chain script '/home/aansari/Documents/ME439/ME439Team125/install/setup.bash'
[3.512s] INFO:colcon.colcon_core.shell:Creating prefix script '/home/aansari/Documents/ME439/ME439Team125/install/local_setup.zsh'
[3.513s] INFO:colcon.colcon_core.shell:Creating prefix chain script '/home/aansari/Documents/ME439/ME439Team125/install/setup.zsh'
