[0.014s] Invoking command in '/home/aansari/Documents/ME439/ME439Team125/build/xarmrob_interfaces': CMAKE_PREFIX_PATH=${CMAKE_PREFIX_PATH}:/home/aansari/Documents/ME439/ME439Team125/install/xarmrob:/home/aansari/Documents/ME439/ME439Team125/install/finalproj125:/home/aansari/ros2_prac/install/xarmrob:/home/aansari/ros2_prac/install/mobrob:/opt/ros/jazzy DEBUGINFOD_URLS=https://debuginfod.ubuntu.com /usr/bin/cmake /home/aansari/Documents/ME439/ME439Team125/src/xarmrob_interfaces -DCMAKE_INSTALL_PREFIX=/home/aansari/Documents/ME439/ME439Team125/install/xarmrob_interfaces
[0.031s] -- Found ament_cmake: 2.5.2 (/opt/ros/jazzy/share/ament_cmake/cmake)
[0.164s] -- Override CMake install command with custom implementation using symlinks instead of copying resources
[0.175s] -- Found example_interfaces: 0.12.0 (/opt/ros/jazzy/share/example_interfaces/cmake)
[0.209s] -- Found rosidl_generator_c: 4.6.4 (/opt/ros/jazzy/share/rosidl_generator_c/cmake)
[0.222s] -- Found rosidl_generator_cpp: 4.6.4 (/opt/ros/jazzy/share/rosidl_generator_cpp/cmake)
[0.237s] -- Using all available rosidl_typesupport_c: rosidl_typesupport_fastrtps_c;rosidl_typesupport_introspection_c
[0.254s] -- Using all available rosidl_typesupport_cpp: rosidl_typesupport_fastrtps_cpp;rosidl_typesupport_introspection_cpp
[0.357s] -- Found geometry_msgs: 5.3.5 (/opt/ros/jazzy/share/geometry_msgs/cmake)
[0.397s] -- Found sensor_msgs: 5.3.5 (/opt/ros/jazzy/share/sensor_msgs/cmake)
[0.433s] -- Found nav_msgs: 5.3.5 (/opt/ros/jazzy/share/nav_msgs/cmake)
[0.468s] -- Found map_msgs: 2.4.1 (/opt/ros/jazzy/share/map_msgs/cmake)
[0.511s] -- Found rosidl_default_generators: 1.6.0 (/opt/ros/jazzy/share/rosidl_default_generators/cmake)
[0.522s] -- Found rosidl_adapter: 4.6.4 (/opt/ros/jazzy/share/rosidl_adapter/cmake)
[0.755s] [31mCMake Error at /opt/ros/jazzy/share/rosidl_adapter/cmake/rosidl_adapt_interfaces.cmake:57 (message):
[0.755s]   execute_process(/usr/bin/python3 -m rosidl_adapter --package-name
[0.755s]   xarmrob_interfaces --arguments-file
[0.755s]   /home/aansari/Documents/ME439/ME439Team125/build/xarmrob_interfaces/rosidl_adapter__arguments__xarmrob_interfaces.json
[0.756s]   --output-dir
[0.756s]   /home/aansari/Documents/ME439/ME439Team125/build/xarmrob_interfaces/rosidl_adapter/xarmrob_interfaces
[0.756s]   --output-file
[0.756s]   /home/aansari/Documents/ME439/ME439Team125/build/xarmrob_interfaces/rosidl_adapter/xarmrob_interfaces.idls)
[0.756s]   returned error code 1:
[0.756s] 
[0.756s]   Error processing 'string Result' of
[0.757s]   'xarmrob_interfaces/OperateGripper_Result': ''Result' is an invalid field
[0.757s]   name.  It should have the pattern '^(?!.*__)(?!.*_$)[a-z][a-z0-9_]*$''
[0.757s] 
[0.757s]   Traceback (most recent call last):
[0.757s] 
[0.757s]     File "<frozen runpy>", line 198, in _run_module_as_main
[0.758s]     File "<frozen runpy>", line 88, in _run_code
[0.758s]     File "/opt/ros/jazzy/lib/python3.12/site-packages/rosidl_adapter/__main__.py", line 19, in <module>
[0.758s]       sys.exit(main())
[0.758s]                ^^^^^^
[0.758s]     File "/opt/ros/jazzy/lib/python3.12/site-packages/rosidl_adapter/main.py", line 53, in main
[0.759s]       abs_idl_file = convert_to_idl(
[0.759s]                      ^^^^^^^^^^^^^^^
[0.759s]     File "/opt/ros/jazzy/lib/python3.12/site-packages/rosidl_adapter/__init__.py", line 29, in convert_to_idl
[0.759s]       return convert_action_to_idl(
[0.759s]              ^^^^^^^^^^^^^^^^^^^^^^
[0.759s]     File "/opt/ros/jazzy/lib/python3.12/site-packages/rosidl_adapter/action/__init__.py", line 28, in convert_action_to_idl
[0.760s]       action = parse_action_string(package_name, input_file.stem, content)
[0.760s]                ^^^^^^^^^^^^^^^^^^^^^^^^^^^^^^^^^^^^^^^^^^^^^^^^^^^^^^^^^^^
[0.760s]     File "/opt/ros/jazzy/lib/python3.12/site-packages/rosidl_adapter/parser.py", line 905, in parse_action_string
[0.760s]       result_message = parse_message_string(
[0.760s]                        ^^^^^^^^^^^^^^^^^^^^^
[0.761s]     File "/opt/ros/jazzy/lib/python3.12/site-packages/rosidl_adapter/parser.py", line 520, in parse_message_string
[0.761s]       fields.append(Field(
[0.761s]                     ^^^^^^
[0.761s]     File "/opt/ros/jazzy/lib/python3.12/site-packages/rosidl_adapter/parser.py", line 355, in __init__
[0.761s]       raise NameError(
[0.761s] 
[0.762s]   NameError: 'Result' is an invalid field name.  It should have the pattern
[0.762s]   '^(?!.*__)(?!.*_$)[a-z][a-z0-9_]*$'
[0.762s] 
[0.762s] Call Stack (most recent call first):
[0.762s]   /opt/ros/jazzy/share/rosidl_cmake/cmake/rosidl_generate_interfaces.cmake:132 (rosidl_adapt_interfaces)
[0.763s]   CMakeLists.txt:34 (rosidl_generate_interfaces)
[0.763s] 
[0.763s] [0m
[0.763s] -- Configuring incomplete, errors occurred!
[0.764s] Invoked command in '/home/aansari/Documents/ME439/ME439Team125/build/xarmrob_interfaces' returned '1': CMAKE_PREFIX_PATH=${CMAKE_PREFIX_PATH}:/home/aansari/Documents/ME439/ME439Team125/install/xarmrob:/home/aansari/Documents/ME439/ME439Team125/install/finalproj125:/home/aansari/ros2_prac/install/xarmrob:/home/aansari/ros2_prac/install/mobrob:/opt/ros/jazzy DEBUGINFOD_URLS=https://debuginfod.ubuntu.com /usr/bin/cmake /home/aansari/Documents/ME439/ME439Team125/src/xarmrob_interfaces -DCMAKE_INSTALL_PREFIX=/home/aansari/Documents/ME439/ME439Team125/install/xarmrob_interfaces
