/usr/local/lib/python3.12/dist-packages/setuptools/_distutils/dist.py:261: UserWarning: Unknown distribution option: 'tests_require'
  warnings.warn(msg)
running develop
running egg_info
writing xarmrob.egg-info/PKG-INFO
writing dependency_links to xarmrob.egg-info/dependency_links.txt
writing entry points to xarmrob.egg-info/entry_points.txt
writing requirements to xarmrob.egg-info/requires.txt
writing top-level names to xarmrob.egg-info/top_level.txt
reading manifest file 'xarmrob.egg-info/SOURCES.txt'
writing manifest file 'xarmrob.egg-info/SOURCES.txt'
running build_ext
Creating /home/aansari/Documents/ME439/ME439Team125/install/xarmrob/lib/python3.12/site-packages/xarmrob.egg-link (link to .)
Installing angle_keyboard script to /home/aansari/Documents/ME439/ME439Team125/install/xarmrob/lib/xarmrob
Installing angle_sliders script to /home/aansari/Documents/ME439/ME439Team125/install/xarmrob/lib/xarmrob
Installing cmd_keyboard script to /home/aansari/Documents/ME439/ME439Team125/install/xarmrob/lib/xarmrob
Installing cmd_sliders script to /home/aansari/Documents/ME439/ME439Team125/install/xarmrob/lib/xarmrob
Installing command_xarm script to /home/aansari/Documents/ME439/ME439Team125/install/xarmrob/lib/xarmrob
Installing endpoint_automatic_smooth script to /home/aansari/Documents/ME439/ME439Team125/install/xarmrob/lib/xarmrob
Installing endpoint_keyboard script to /home/aansari/Documents/ME439/ME439Team125/install/xarmrob/lib/xarmrob
Installing endpoint_keyboard_smooth script to /home/aansari/Documents/ME439/ME439Team125/install/xarmrob/lib/xarmrob
Installing endpoint_sliders script to /home/aansari/Documents/ME439/ME439Team125/install/xarmrob/lib/xarmrob
Installing endpoint_smooth script to /home/aansari/Documents/ME439/ME439Team125/install/xarmrob/lib/xarmrob
Installing main_control_node script to /home/aansari/Documents/ME439/ME439Team125/install/xarmrob/lib/xarmrob
Installing operate_gripper script to /home/aansari/Documents/ME439/ME439Team125/install/xarmrob/lib/xarmrob
Installing xarm_kinematics script to /home/aansari/Documents/ME439/ME439Team125/install/xarmrob/lib/xarmrob

Installed /home/aansari/Documents/ME439/ME439Team125/build/xarmrob
running symlink_data
