[1.093s] Invoking command in '/home/aansari/Documents/ME439/ME439Team125/build/xarmrob': DEBUGINFOD_URLS=https://debuginfod.ubuntu.com PYTHONPATH=/home/aansari/Documents/ME439/ME439Team125/build/xarmrob/prefix_override:/usr/lib/python3/dist-packages/colcon_core/task/python/colcon_distutils_commands:/home/aansari/Documents/ME439/ME439Team125/install/xarmrob/lib/python3.12/site-packages:/home/aansari/Documents/ME439/ME439Team125/install/xarmrob_interfaces/lib/python3.12/site-packages:/home/aansari/Documents/ME439/ME439Team125/build/xarmrob:/home/aansari/Documents/ME439/ME439Team125/install/xarmrob/lib/python3.12/site-packages:/home/aansari/ros2_prac/build/xarmrob:/home/aansari/ros2_prac/install/xarmrob/lib/python3.12/site-packages:/home/aansari/ros2_prac/install/xarmrob_interfaces/lib/python3.12/site-packages:/home/aansari/ros2_prac/build/mobrob:/home/aansari/ros2_prac/install/mobrob/lib/python3.12/site-packages:/home/aansari/ros2_prac/install/mobrob_interfaces/lib/python3.12/site-packages:/opt/ros/jazzy/lib/python3.12/site-packages /usr/bin/python3 -W ignore:setup.py install is deprecated -W ignore:easy_install command is deprecated setup.py develop --editable --build-directory /home/aansari/Documents/ME439/ME439Team125/build/xarmrob/build --no-deps symlink_data
[1.298s] /usr/local/lib/python3.12/dist-packages/setuptools/_distutils/dist.py:261: UserWarning: Unknown distribution option: 'tests_require'
[1.298s]   warnings.warn(msg)
[1.533s] running develop
[1.823s] running egg_info
[1.850s] writing xarmrob.egg-info/PKG-INFO
[1.851s] writing dependency_links to xarmrob.egg-info/dependency_links.txt
[1.852s] writing entry points to xarmrob.egg-info/entry_points.txt
[1.853s] writing requirements to xarmrob.egg-info/requires.txt
[1.853s] writing top-level names to xarmrob.egg-info/top_level.txt
[1.912s] reading manifest file 'xarmrob.egg-info/SOURCES.txt'
[1.913s] writing manifest file 'xarmrob.egg-info/SOURCES.txt'
[1.943s] running build_ext
[1.943s] Creating /home/aansari/Documents/ME439/ME439Team125/install/xarmrob/lib/python3.12/site-packages/xarmrob.egg-link (link to .)
[1.944s] Installing angle_keyboard script to /home/aansari/Documents/ME439/ME439Team125/install/xarmrob/lib/xarmrob
[1.944s] Installing angle_sliders script to /home/aansari/Documents/ME439/ME439Team125/install/xarmrob/lib/xarmrob
[1.945s] Installing cmd_keyboard script to /home/aansari/Documents/ME439/ME439Team125/install/xarmrob/lib/xarmrob
[1.945s] Installing cmd_sliders script to /home/aansari/Documents/ME439/ME439Team125/install/xarmrob/lib/xarmrob
[1.945s] Installing command_xarm script to /home/aansari/Documents/ME439/ME439Team125/install/xarmrob/lib/xarmrob
[1.945s] Installing endpoint_automatic_smooth script to /home/aansari/Documents/ME439/ME439Team125/install/xarmrob/lib/xarmrob
[1.945s] Installing endpoint_keyboard script to /home/aansari/Documents/ME439/ME439Team125/install/xarmrob/lib/xarmrob
[1.946s] Installing endpoint_keyboard_smooth script to /home/aansari/Documents/ME439/ME439Team125/install/xarmrob/lib/xarmrob
[1.947s] Installing endpoint_sliders script to /home/aansari/Documents/ME439/ME439Team125/install/xarmrob/lib/xarmrob
[1.947s] Installing endpoint_smooth script to /home/aansari/Documents/ME439/ME439Team125/install/xarmrob/lib/xarmrob
[1.947s] Installing main_control_node script to /home/aansari/Documents/ME439/ME439Team125/install/xarmrob/lib/xarmrob
[1.947s] Installing operate_gripper script to /home/aansari/Documents/ME439/ME439Team125/install/xarmrob/lib/xarmrob
[1.947s] Installing xarm_kinematics script to /home/aansari/Documents/ME439/ME439Team125/install/xarmrob/lib/xarmrob
[1.948s] 
[1.948s] Installed /home/aansari/Documents/ME439/ME439Team125/build/xarmrob
[1.948s] running symlink_data
[1.998s] Invoked command in '/home/aansari/Documents/ME439/ME439Team125/build/xarmrob' returned '0': DEBUGINFOD_URLS=https://debuginfod.ubuntu.com PYTHONPATH=/home/aansari/Documents/ME439/ME439Team125/build/xarmrob/prefix_override:/usr/lib/python3/dist-packages/colcon_core/task/python/colcon_distutils_commands:/home/aansari/Documents/ME439/ME439Team125/install/xarmrob/lib/python3.12/site-packages:/home/aansari/Documents/ME439/ME439Team125/install/xarmrob_interfaces/lib/python3.12/site-packages:/home/aansari/Documents/ME439/ME439Team125/build/xarmrob:/home/aansari/Documents/ME439/ME439Team125/install/xarmrob/lib/python3.12/site-packages:/home/aansari/ros2_prac/build/xarmrob:/home/aansari/ros2_prac/install/xarmrob/lib/python3.12/site-packages:/home/aansari/ros2_prac/install/xarmrob_interfaces/lib/python3.12/site-packages:/home/aansari/ros2_prac/build/mobrob:/home/aansari/ros2_prac/install/mobrob/lib/python3.12/site-packages:/home/aansari/ros2_prac/install/mobrob_interfaces/lib/python3.12/site-packages:/opt/ros/jazzy/lib/python3.12/site-packages /usr/bin/python3 -W ignore:setup.py install is deprecated -W ignore:easy_install command is deprecated setup.py develop --editable --build-directory /home/aansari/Documents/ME439/ME439Team125/build/xarmrob/build --no-deps symlink_data
