[0.027s] Invoking command in '/home/aansari/Documents/ME439/ME439Team125/build/xarmrob_interfaces': CMAKE_PREFIX_PATH=${CMAKE_PREFIX_PATH}:/home/aansari/Documents/ME439/ME439Team125/install/xarmrob:/home/aansari/Documents/ME439/ME439Team125/install/finalproj125:/home/aansari/ros2_prac/install/xarmrob:/home/aansari/ros2_prac/install/mobrob:/opt/ros/jazzy DEBUGINFOD_URLS=https://debuginfod.ubuntu.com /usr/bin/cmake --build /home/aansari/Documents/ME439/ME439Team125/build/xarmrob_interfaces -- -j4 -l4
[0.420s] -- Found ament_cmake: 2.5.2 (/opt/ros/jazzy/share/ament_cmake/cmake)
[0.421s] -- Found Python3: /usr/bin/python3 (found version "3.12.3") found components: Interpreter 
[0.421s] -- Override CMake install command with custom implementation using symlinks instead of copying resources
[0.421s] -- Found example_interfaces: 0.12.0 (/opt/ros/jazzy/share/example_interfaces/cmake)
[0.421s] -- Found rosidl_generator_c: 4.6.4 (/opt/ros/jazzy/share/rosidl_generator_c/cmake)
[0.422s] -- Found rosidl_generator_cpp: 4.6.4 (/opt/ros/jazzy/share/rosidl_generator_cpp/cmake)
[0.422s] -- Using all available rosidl_typesupport_c: rosidl_typesupport_fastrtps_c;rosidl_typesupport_introspection_c
[0.422s] -- Using all available rosidl_typesupport_cpp: rosidl_typesupport_fastrtps_cpp;rosidl_typesupport_introspection_cpp
[0.612s] -- Found geometry_msgs: 5.3.5 (/opt/ros/jazzy/share/geometry_msgs/cmake)
[0.678s] -- Found sensor_msgs: 5.3.5 (/opt/ros/jazzy/share/sensor_msgs/cmake)
[0.720s] -- Found nav_msgs: 5.3.5 (/opt/ros/jazzy/share/nav_msgs/cmake)
[0.768s] -- Found map_msgs: 2.4.1 (/opt/ros/jazzy/share/map_msgs/cmake)
[0.825s] -- Found rosidl_default_generators: 1.6.0 (/opt/ros/jazzy/share/rosidl_default_generators/cmake)
[0.842s] -- Found rosidl_adapter: 4.6.4 (/opt/ros/jazzy/share/rosidl_adapter/cmake)
[1.139s] [31mCMake Error at /opt/ros/jazzy/share/rosidl_adapter/cmake/rosidl_adapt_interfaces.cmake:57 (message):
[1.139s]   execute_process(/usr/bin/python3 -m rosidl_adapter --package-name
[1.139s]   xarmrob_interfaces --arguments-file
[1.139s]   /home/aansari/Documents/ME439/ME439Team125/build/xarmrob_interfaces/rosidl_adapter__arguments__xarmrob_interfaces.json
[1.140s]   --output-dir
[1.140s]   /home/aansari/Documents/ME439/ME439Team125/build/xarmrob_interfaces/rosidl_adapter/xarmrob_interfaces
[1.140s]   --output-file
[1.140s]   /home/aansari/Documents/ME439/ME439Team125/build/xarmrob_interfaces/rosidl_adapter/xarmrob_interfaces.idls)
[1.140s]   returned error code 1:
[1.141s] 
[1.141s]   Error processing 'string Result' of
[1.141s]   'xarmrob_interfaces/OperateGripper_Result': ''Result' is an invalid field
[1.141s]   name.  It should have the pattern '^(?!.*__)(?!.*_$)[a-z][a-z0-9_]*$''
[1.141s] 
[1.142s]   Traceback (most recent call last):
[1.142s] 
[1.142s]     File "<frozen runpy>", line 198, in _run_module_as_main
[1.142s]     File "<frozen runpy>", line 88, in _run_code
[1.142s]     File "/opt/ros/jazzy/lib/python3.12/site-packages/rosidl_adapter/__main__.py", line 19, in <module>
[1.142s]       sys.exit(main())
[1.143s]                ^^^^^^
[1.143s]     File "/opt/ros/jazzy/lib/python3.12/site-packages/rosidl_adapter/main.py", line 53, in main
[1.143s]       abs_idl_file = convert_to_idl(
[1.143s]                      ^^^^^^^^^^^^^^^
[1.143s]     File "/opt/ros/jazzy/lib/python3.12/site-packages/rosidl_adapter/__init__.py", line 29, in convert_to_idl
[1.144s]       return convert_action_to_idl(
[1.144s]              ^^^^^^^^^^^^^^^^^^^^^^
[1.144s]     File "/opt/ros/jazzy/lib/python3.12/site-packages/rosidl_adapter/action/__init__.py", line 28, in convert_action_to_idl
[1.144s]       action = parse_action_string(package_name, input_file.stem, content)
[1.144s]                ^^^^^^^^^^^^^^^^^^^^^^^^^^^^^^^^^^^^^^^^^^^^^^^^^^^^^^^^^^^
[1.145s]     File "/opt/ros/jazzy/lib/python3.12/site-packages/rosidl_adapter/parser.py", line 905, in parse_action_string
[1.145s]       result_message = parse_message_string(
[1.145s]                        ^^^^^^^^^^^^^^^^^^^^^
[1.145s]     File "/opt/ros/jazzy/lib/python3.12/site-packages/rosidl_adapter/parser.py", line 520, in parse_message_string
[1.145s]       fields.append(Field(
[1.145s]                     ^^^^^^
[1.146s]     File "/opt/ros/jazzy/lib/python3.12/site-packages/rosidl_adapter/parser.py", line 355, in __init__
[1.146s]       raise NameError(
[1.146s] 
[1.146s]   NameError: 'Result' is an invalid field name.  It should have the pattern
[1.146s]   '^(?!.*__)(?!.*_$)[a-z][a-z0-9_]*$'
[1.147s] 
[1.147s] Call Stack (most recent call first):
[1.147s]   /opt/ros/jazzy/share/rosidl_cmake/cmake/rosidl_generate_interfaces.cmake:132 (rosidl_adapt_interfaces)
[1.147s]   CMakeLists.txt:34 (rosidl_generate_interfaces)
[1.147s] 
[1.147s] [0m
[1.148s] -- Configuring incomplete, errors occurred!
[1.152s] gmake: *** [Makefile:2165: cmake_check_build_system] Error 1
