[0.013s] Invoking command in '/home/aansari/Documents/ME439/ME439Team125/build/xarmrob_interfaces': CMAKE_PREFIX_PATH=${CMAKE_PREFIX_PATH}:/home/aansari/Documents/ME439/ME439Team125/install/xarmrob:/home/aansari/Documents/ME439/ME439Team125/install/finalproj125:/home/aansari/ros2_prac/install/xarmrob:/home/aansari/ros2_prac/install/mobrob:/opt/ros/jazzy DEBUGINFOD_URLS=https://debuginfod.ubuntu.com /usr/bin/cmake /home/aansari/Documents/ME439/ME439Team125/src/xarmrob_interfaces -DAMENT_CMAKE_SYMLINK_INSTALL=1 -DCMAKE_INSTALL_PREFIX=/home/aansari/Documents/ME439/ME439Team125/install/xarmrob_interfaces
[0.089s] -- The C compiler identification is GNU 13.2.0
[0.164s] -- The CXX compiler identification is GNU 13.2.0
[0.189s] -- Detecting C compiler ABI info
[0.327s] -- Detecting C compiler ABI info - done
[0.342s] -- Check for working C compiler: /usr/bin/cc - skipped
[0.343s] -- Detecting C compile features
[0.343s] -- Detecting C compile features - done
[0.359s] -- Detecting CXX compiler ABI info
[0.668s] -- Detecting CXX compiler ABI info - done
[0.740s] -- Check for working CXX compiler: /usr/bin/c++ - skipped
[0.747s] -- Detecting CXX compile features
[0.748s] -- Detecting CXX compile features - done
[0.781s] -- Found ament_cmake: 2.5.2 (/opt/ros/jazzy/share/ament_cmake/cmake)
[1.256s] -- Found Python3: /usr/bin/python3 (found version "3.12.3") found components: Interpreter 
[1.457s] -- Override CMake install command with custom implementation using symlinks instead of copying resources
[1.520s] -- Found example_interfaces: 0.12.0 (/opt/ros/jazzy/share/example_interfaces/cmake)
[1.626s] -- Found rosidl_generator_c: 4.6.4 (/opt/ros/jazzy/share/rosidl_generator_c/cmake)
[1.661s] -- Found rosidl_generator_cpp: 4.6.4 (/opt/ros/jazzy/share/rosidl_generator_cpp/cmake)
[1.702s] -- Using all available rosidl_typesupport_c: rosidl_typesupport_fastrtps_c;rosidl_typesupport_introspection_c
[1.740s] -- Using all available rosidl_typesupport_cpp: rosidl_typesupport_fastrtps_cpp;rosidl_typesupport_introspection_cpp
[1.962s] -- Found geometry_msgs: 5.3.5 (/opt/ros/jazzy/share/geometry_msgs/cmake)
[2.045s] -- Found sensor_msgs: 5.3.5 (/opt/ros/jazzy/share/sensor_msgs/cmake)
[2.104s] -- Found nav_msgs: 5.3.5 (/opt/ros/jazzy/share/nav_msgs/cmake)
[2.210s] -- Found map_msgs: 2.4.1 (/opt/ros/jazzy/share/map_msgs/cmake)
[2.325s] -- Found rosidl_default_generators: 1.6.0 (/opt/ros/jazzy/share/rosidl_default_generators/cmake)
[2.381s] -- Found rosidl_adapter: 4.6.4 (/opt/ros/jazzy/share/rosidl_adapter/cmake)
[3.618s] -- Found ament_cmake_ros: 0.12.0 (/opt/ros/jazzy/share/ament_cmake_ros/cmake)
[4.689s] -- Using all available rosidl_typesupport_c: rosidl_typesupport_fastrtps_c;rosidl_typesupport_introspection_c
[5.101s] -- Using all available rosidl_typesupport_cpp: rosidl_typesupport_fastrtps_cpp;rosidl_typesupport_introspection_cpp
[5.105s] -- Found python_cmake_module: 0.11.1 (/opt/ros/jazzy/share/python_cmake_module/cmake)
[5.276s] -- Found PythonExtra: /usr/bin/python3  
[5.945s] -- Found Python3: /usr/bin/python3 (found version "3.12.3") found components: Interpreter Development NumPy Development.Module Development.Embed 
[6.020s] -- Found ament_lint_auto: 0.17.1 (/opt/ros/jazzy/share/ament_lint_auto/cmake)
[6.051s] -- Added test 'lint_cmake' to check CMake code style
[6.054s] -- Added test 'xmllint' to check XML markup files
[6.059s] -- Configuring done (6.0s)
[6.136s] -- Generating done (0.1s)
[6.154s] -- Build files have been written to: /home/aansari/Documents/ME439/ME439Team125/build/xarmrob_interfaces
[6.167s] Invoked command in '/home/aansari/Documents/ME439/ME439Team125/build/xarmrob_interfaces' returned '0': CMAKE_PREFIX_PATH=${CMAKE_PREFIX_PATH}:/home/aansari/Documents/ME439/ME439Team125/install/xarmrob:/home/aansari/Documents/ME439/ME439Team125/install/finalproj125:/home/aansari/ros2_prac/install/xarmrob:/home/aansari/ros2_prac/install/mobrob:/opt/ros/jazzy DEBUGINFOD_URLS=https://debuginfod.ubuntu.com /usr/bin/cmake /home/aansari/Documents/ME439/ME439Team125/src/xarmrob_interfaces -DAMENT_CMAKE_SYMLINK_INSTALL=1 -DCMAKE_INSTALL_PREFIX=/home/aansari/Documents/ME439/ME439Team125/install/xarmrob_interfaces
[6.169s] Invoking command in '/home/aansari/Documents/ME439/ME439Team125/build/xarmrob_interfaces': CMAKE_PREFIX_PATH=${CMAKE_PREFIX_PATH}:/home/aansari/Documents/ME439/ME439Team125/install/xarmrob:/home/aansari/Documents/ME439/ME439Team125/install/finalproj125:/home/aansari/ros2_prac/install/xarmrob:/home/aansari/ros2_prac/install/mobrob:/opt/ros/jazzy DEBUGINFOD_URLS=https://debuginfod.ubuntu.com /usr/bin/cmake --build /home/aansari/Documents/ME439/ME439Team125/build/xarmrob_interfaces -- -j4 -l4
[6.232s] [  1%] [34m[1mGenerating type hashes for ROS interfaces[0m
[6.243s] [  1%] Built target ament_cmake_python_symlink_xarmrob_interfaces
[6.625s] running egg_info
[6.674s] creating xarmrob_interfaces.egg-info
[6.675s] writing xarmrob_interfaces.egg-info/PKG-INFO
[6.675s] writing dependency_links to xarmrob_interfaces.egg-info/dependency_links.txt
[6.676s] writing top-level names to xarmrob_interfaces.egg-info/top_level.txt
[6.676s] writing manifest file 'xarmrob_interfaces.egg-info/SOURCES.txt'
[6.788s] reading manifest file 'xarmrob_interfaces.egg-info/SOURCES.txt'
[6.789s] writing manifest file 'xarmrob_interfaces.egg-info/SOURCES.txt'
[6.838s] [  1%] Built target ament_cmake_python_build_xarmrob_interfaces_egg
[6.918s] [  1%] Built target xarmrob_interfaces__rosidl_generator_type_description
[6.932s] [  2%] [34m[1mGenerating C code for ROS interfaces[0m
[6.945s] [  2%] [34m[1mGenerating C++ code for ROS interfaces[0m
[8.825s] [  2%] Built target xarmrob_interfaces__cpp
[9.150s] [  5%] [32mBuilding C object CMakeFiles/xarmrob_interfaces__rosidl_generator_c.dir/rosidl_generator_c/xarmrob_interfaces/msg/detail/me439_joint_command__functions.c.o[0m
[9.150s] [  5%] [32mBuilding C object CMakeFiles/xarmrob_interfaces__rosidl_generator_c.dir/rosidl_generator_c/xarmrob_interfaces/msg/detail/me439_joint_command__type_support.c.o[0m
[9.151s] [  6%] [32mBuilding C object CMakeFiles/xarmrob_interfaces__rosidl_generator_c.dir/rosidl_generator_c/xarmrob_interfaces/msg/detail/me439_gripper_command__description.c.o[0m
[9.152s] [  6%] [32mBuilding C object CMakeFiles/xarmrob_interfaces__rosidl_generator_c.dir/rosidl_generator_c/xarmrob_interfaces/msg/detail/me439_joint_command__description.c.o[0m
[9.236s] [  7%] [32mBuilding C object CMakeFiles/xarmrob_interfaces__rosidl_generator_c.dir/rosidl_generator_c/xarmrob_interfaces/msg/detail/me439_gripper_command__functions.c.o[0m
[9.258s] [  8%] [32mBuilding C object CMakeFiles/xarmrob_interfaces__rosidl_generator_c.dir/rosidl_generator_c/xarmrob_interfaces/msg/detail/me439_gripper_command__type_support.c.o[0m
[9.262s] [  9%] [32mBuilding C object CMakeFiles/xarmrob_interfaces__rosidl_generator_c.dir/rosidl_generator_c/xarmrob_interfaces/msg/detail/me439_joint_location__description.c.o[0m
[9.300s] [ 10%] [32mBuilding C object CMakeFiles/xarmrob_interfaces__rosidl_generator_c.dir/rosidl_generator_c/xarmrob_interfaces/msg/detail/me439_joint_location__functions.c.o[0m
[9.340s] [ 11%] [32mBuilding C object CMakeFiles/xarmrob_interfaces__rosidl_generator_c.dir/rosidl_generator_c/xarmrob_interfaces/msg/detail/me439_joint_location__type_support.c.o[0m
[9.360s] [ 12%] [32mBuilding C object CMakeFiles/xarmrob_interfaces__rosidl_generator_c.dir/rosidl_generator_c/xarmrob_interfaces/msg/detail/me439_point_xyz__description.c.o[0m
[9.369s] [ 13%] [32mBuilding C object CMakeFiles/xarmrob_interfaces__rosidl_generator_c.dir/rosidl_generator_c/xarmrob_interfaces/msg/detail/me439_point_xyz__functions.c.o[0m
[9.428s] [ 14%] [32mBuilding C object CMakeFiles/xarmrob_interfaces__rosidl_generator_c.dir/rosidl_generator_c/xarmrob_interfaces/msg/detail/me439_point_xyz__type_support.c.o[0m
[9.440s] [ 15%] [32mBuilding C object CMakeFiles/xarmrob_interfaces__rosidl_generator_c.dir/rosidl_generator_c/xarmrob_interfaces/action/detail/me439_move_to_target__description.c.o[0m
[9.463s] [ 16%] [32mBuilding C object CMakeFiles/xarmrob_interfaces__rosidl_generator_c.dir/rosidl_generator_c/xarmrob_interfaces/action/detail/me439_move_to_target__functions.c.o[0m
[9.500s] [ 17%] [32mBuilding C object CMakeFiles/xarmrob_interfaces__rosidl_generator_c.dir/rosidl_generator_c/xarmrob_interfaces/action/detail/me439_move_to_target__type_support.c.o[0m
[9.514s] [ 18%] [32mBuilding C object CMakeFiles/xarmrob_interfaces__rosidl_generator_c.dir/rosidl_generator_c/xarmrob_interfaces/action/detail/operate_gripper__description.c.o[0m
[9.618s] [ 19%] [32mBuilding C object CMakeFiles/xarmrob_interfaces__rosidl_generator_c.dir/rosidl_generator_c/xarmrob_interfaces/action/detail/operate_gripper__functions.c.o[0m
[9.690s] [ 20%] [32mBuilding C object CMakeFiles/xarmrob_interfaces__rosidl_generator_c.dir/rosidl_generator_c/xarmrob_interfaces/action/detail/operate_gripper__type_support.c.o[0m
[9.763s] [ 21%] [32mBuilding C object CMakeFiles/xarmrob_interfaces__rosidl_generator_c.dir/rosidl_generator_c/xarmrob_interfaces/srv/detail/me439_x_arm_forward_kinematics__description.c.o[0m
[9.817s] [ 22%] [32mBuilding C object CMakeFiles/xarmrob_interfaces__rosidl_generator_c.dir/rosidl_generator_c/xarmrob_interfaces/srv/detail/me439_x_arm_forward_kinematics__functions.c.o[0m
[9.903s] [ 23%] [32mBuilding C object CMakeFiles/xarmrob_interfaces__rosidl_generator_c.dir/rosidl_generator_c/xarmrob_interfaces/srv/detail/me439_x_arm_forward_kinematics__type_support.c.o[0m
[9.918s] [ 24%] [32mBuilding C object CMakeFiles/xarmrob_interfaces__rosidl_generator_c.dir/rosidl_generator_c/xarmrob_interfaces/srv/detail/me439_x_arm_inverse_kinematics__description.c.o[0m
[10.010s] [ 25%] [32mBuilding C object CMakeFiles/xarmrob_interfaces__rosidl_generator_c.dir/rosidl_generator_c/xarmrob_interfaces/srv/detail/me439_x_arm_inverse_kinematics__functions.c.o[0m
[10.026s] [ 25%] [32mBuilding C object CMakeFiles/xarmrob_interfaces__rosidl_generator_c.dir/rosidl_generator_c/xarmrob_interfaces/srv/detail/me439_x_arm_inverse_kinematics__type_support.c.o[0m
[10.141s] [ 26%] [32m[1mLinking C shared library libxarmrob_interfaces__rosidl_generator_c.so[0m
[10.195s] [ 26%] Built target xarmrob_interfaces__rosidl_generator_c
[10.217s] [ 28%] [34m[1mGenerating C++ type support for eProsima Fast-RTPS[0m
[10.217s] [ 28%] [34m[1mGenerating C introspection for ROS interfaces[0m
[10.218s] [ 29%] [34m[1mGenerating C++ type support dispatch for ROS interfaces[0m
[10.218s] [ 28%] [34m[1mGenerating C type support for eProsima Fast-RTPS[0m
[12.363s] [ 30%] [32mBuilding CXX object CMakeFiles/xarmrob_interfaces__rosidl_typesupport_cpp.dir/rosidl_typesupport_cpp/xarmrob_interfaces/msg/me439_joint_command__type_support.cpp.o[0m
[13.240s] [ 31%] [32mBuilding C object CMakeFiles/xarmrob_interfaces__rosidl_typesupport_introspection_c.dir/rosidl_typesupport_introspection_c/xarmrob_interfaces/msg/detail/me439_joint_command__type_support.c.o[0m
[13.360s] [ 32%] [32mBuilding C object CMakeFiles/xarmrob_interfaces__rosidl_typesupport_introspection_c.dir/rosidl_typesupport_introspection_c/xarmrob_interfaces/msg/detail/me439_gripper_command__type_support.c.o[0m
[13.364s] [ 33%] [32mBuilding CXX object CMakeFiles/xarmrob_interfaces__rosidl_typesupport_cpp.dir/rosidl_typesupport_cpp/xarmrob_interfaces/msg/me439_gripper_command__type_support.cpp.o[0m
[13.467s] [ 34%] [32mBuilding C object CMakeFiles/xarmrob_interfaces__rosidl_typesupport_introspection_c.dir/rosidl_typesupport_introspection_c/xarmrob_interfaces/msg/detail/me439_joint_location__type_support.c.o[0m
[13.587s] [ 35%] [32mBuilding C object CMakeFiles/xarmrob_interfaces__rosidl_typesupport_introspection_c.dir/rosidl_typesupport_introspection_c/xarmrob_interfaces/msg/detail/me439_point_xyz__type_support.c.o[0m
[13.699s] [ 36%] [32mBuilding C object CMakeFiles/xarmrob_interfaces__rosidl_typesupport_introspection_c.dir/rosidl_typesupport_introspection_c/xarmrob_interfaces/action/detail/me439_move_to_target__type_support.c.o[0m
[13.914s] [ 37%] [32mBuilding C object CMakeFiles/xarmrob_interfaces__rosidl_typesupport_introspection_c.dir/rosidl_typesupport_introspection_c/xarmrob_interfaces/action/detail/operate_gripper__type_support.c.o[0m
[14.111s] [ 38%] [32mBuilding C object CMakeFiles/xarmrob_interfaces__rosidl_typesupport_introspection_c.dir/rosidl_typesupport_introspection_c/xarmrob_interfaces/srv/detail/me439_x_arm_forward_kinematics__type_support.c.o[0m
[14.239s] [ 39%] [32mBuilding CXX object CMakeFiles/xarmrob_interfaces__rosidl_typesupport_fastrtps_cpp.dir/rosidl_typesupport_fastrtps_cpp/xarmrob_interfaces/msg/detail/dds_fastrtps/me439_joint_command__type_support.cpp.o[0m
[14.280s] [ 40%] [32mBuilding C object CMakeFiles/xarmrob_interfaces__rosidl_typesupport_introspection_c.dir/rosidl_typesupport_introspection_c/xarmrob_interfaces/srv/detail/me439_x_arm_inverse_kinematics__type_support.c.o[0m
[14.364s] [ 41%] [32mBuilding CXX object CMakeFiles/xarmrob_interfaces__rosidl_typesupport_cpp.dir/rosidl_typesupport_cpp/xarmrob_interfaces/msg/me439_joint_location__type_support.cpp.o[0m
[14.447s] [ 42%] [32m[1mLinking C shared library libxarmrob_interfaces__rosidl_typesupport_introspection_c.so[0m
[14.534s] [ 42%] Built target xarmrob_interfaces__rosidl_typesupport_introspection_c
[14.559s] [ 43%] [32mBuilding CXX object CMakeFiles/xarmrob_interfaces__rosidl_typesupport_fastrtps_cpp.dir/rosidl_typesupport_fastrtps_cpp/xarmrob_interfaces/msg/detail/dds_fastrtps/me439_gripper_command__type_support.cpp.o[0m
[14.569s] [ 44%] [32mBuilding CXX object CMakeFiles/xarmrob_interfaces__rosidl_typesupport_fastrtps_c.dir/rosidl_typesupport_fastrtps_c/xarmrob_interfaces/msg/detail/me439_joint_command__type_support_c.cpp.o[0m
[15.382s] [ 44%] [32mBuilding CXX object CMakeFiles/xarmrob_interfaces__rosidl_typesupport_cpp.dir/rosidl_typesupport_cpp/xarmrob_interfaces/msg/me439_point_xyz__type_support.cpp.o[0m
[15.948s] [ 45%] [32mBuilding CXX object CMakeFiles/xarmrob_interfaces__rosidl_typesupport_fastrtps_c.dir/rosidl_typesupport_fastrtps_c/xarmrob_interfaces/msg/detail/me439_gripper_command__type_support_c.cpp.o[0m
[16.104s] [ 46%] [34m[1mGenerating C type support dispatch for ROS interfaces[0m
[16.197s] [ 47%] [32mBuilding CXX object CMakeFiles/xarmrob_interfaces__rosidl_typesupport_fastrtps_cpp.dir/rosidl_typesupport_fastrtps_cpp/xarmrob_interfaces/msg/detail/dds_fastrtps/me439_joint_location__type_support.cpp.o[0m
[16.420s] [ 48%] [32mBuilding CXX object CMakeFiles/xarmrob_interfaces__rosidl_typesupport_cpp.dir/rosidl_typesupport_cpp/xarmrob_interfaces/action/me439_move_to_target__type_support.cpp.o[0m
[17.446s] [ 49%] [32mBuilding CXX object CMakeFiles/xarmrob_interfaces__rosidl_typesupport_fastrtps_c.dir/rosidl_typesupport_fastrtps_c/xarmrob_interfaces/msg/detail/me439_joint_location__type_support_c.cpp.o[0m
[17.840s] [ 50%] [32mBuilding CXX object CMakeFiles/xarmrob_interfaces__rosidl_typesupport_fastrtps_cpp.dir/rosidl_typesupport_fastrtps_cpp/xarmrob_interfaces/msg/detail/dds_fastrtps/me439_point_xyz__type_support.cpp.o[0m
[18.173s] [ 51%] [32mBuilding CXX object CMakeFiles/xarmrob_interfaces__rosidl_typesupport_c.dir/rosidl_typesupport_c/xarmrob_interfaces/msg/me439_joint_command__type_support.cpp.o[0m
[18.290s] [ 52%] [32mBuilding CXX object CMakeFiles/xarmrob_interfaces__rosidl_typesupport_c.dir/rosidl_typesupport_c/xarmrob_interfaces/msg/me439_gripper_command__type_support.cpp.o[0m
[18.405s] [ 53%] [32mBuilding CXX object CMakeFiles/xarmrob_interfaces__rosidl_typesupport_c.dir/rosidl_typesupport_c/xarmrob_interfaces/msg/me439_joint_location__type_support.cpp.o[0m
[18.521s] [ 54%] [32mBuilding CXX object CMakeFiles/xarmrob_interfaces__rosidl_typesupport_c.dir/rosidl_typesupport_c/xarmrob_interfaces/msg/me439_point_xyz__type_support.cpp.o[0m
[18.601s] [ 55%] [32mBuilding CXX object CMakeFiles/xarmrob_interfaces__rosidl_typesupport_cpp.dir/rosidl_typesupport_cpp/xarmrob_interfaces/action/operate_gripper__type_support.cpp.o[0m
[18.638s] [ 56%] [32mBuilding CXX object CMakeFiles/xarmrob_interfaces__rosidl_typesupport_c.dir/rosidl_typesupport_c/xarmrob_interfaces/action/me439_move_to_target__type_support.cpp.o[0m
[18.805s] [ 57%] [32mBuilding CXX object CMakeFiles/xarmrob_interfaces__rosidl_typesupport_c.dir/rosidl_typesupport_c/xarmrob_interfaces/action/operate_gripper__type_support.cpp.o[0m
[18.915s] [ 58%] [32mBuilding CXX object CMakeFiles/xarmrob_interfaces__rosidl_typesupport_fastrtps_c.dir/rosidl_typesupport_fastrtps_c/xarmrob_interfaces/msg/detail/me439_point_xyz__type_support_c.cpp.o[0m
[18.963s] [ 59%] [32mBuilding CXX object CMakeFiles/xarmrob_interfaces__rosidl_typesupport_c.dir/rosidl_typesupport_c/xarmrob_interfaces/srv/me439_x_arm_forward_kinematics__type_support.cpp.o[0m
[19.091s] [ 60%] [32mBuilding CXX object CMakeFiles/xarmrob_interfaces__rosidl_typesupport_c.dir/rosidl_typesupport_c/xarmrob_interfaces/srv/me439_x_arm_inverse_kinematics__type_support.cpp.o[0m
[19.218s] [ 61%] [32m[1mLinking CXX shared library libxarmrob_interfaces__rosidl_typesupport_c.so[0m
[19.320s] [ 61%] Built target xarmrob_interfaces__rosidl_typesupport_c
[19.342s] [ 62%] [32mBuilding CXX object CMakeFiles/xarmrob_interfaces__rosidl_typesupport_fastrtps_cpp.dir/rosidl_typesupport_fastrtps_cpp/xarmrob_interfaces/action/detail/dds_fastrtps/me439_move_to_target__type_support.cpp.o[0m
[19.367s] [ 63%] [32mBuilding CXX object CMakeFiles/xarmrob_interfaces__rosidl_typesupport_cpp.dir/rosidl_typesupport_cpp/xarmrob_interfaces/srv/me439_x_arm_forward_kinematics__type_support.cpp.o[0m
[20.340s] [ 64%] [32mBuilding CXX object CMakeFiles/xarmrob_interfaces__rosidl_typesupport_fastrtps_c.dir/rosidl_typesupport_fastrtps_c/xarmrob_interfaces/action/detail/me439_move_to_target__type_support_c.cpp.o[0m
[20.669s] [ 65%] [32mBuilding CXX object CMakeFiles/xarmrob_interfaces__rosidl_typesupport_fastrtps_c.dir/rosidl_typesupport_fastrtps_c/xarmrob_interfaces/action/detail/operate_gripper__type_support_c.cpp.o[0m
[20.756s] [ 66%] [32mBuilding CXX object CMakeFiles/xarmrob_interfaces__rosidl_typesupport_cpp.dir/rosidl_typesupport_cpp/xarmrob_interfaces/srv/me439_x_arm_inverse_kinematics__type_support.cpp.o[0m
[22.045s] [ 67%] [32m[1mLinking CXX shared library libxarmrob_interfaces__rosidl_typesupport_cpp.so[0m
[22.172s] [ 68%] [32mBuilding CXX object CMakeFiles/xarmrob_interfaces__rosidl_typesupport_fastrtps_c.dir/rosidl_typesupport_fastrtps_c/xarmrob_interfaces/srv/detail/me439_x_arm_forward_kinematics__type_support_c.cpp.o[0m
[22.255s] [ 68%] Built target xarmrob_interfaces__rosidl_typesupport_cpp
[22.279s] [ 69%] [32mBuilding CXX object CMakeFiles/xarmrob_interfaces__rosidl_typesupport_fastrtps_cpp.dir/rosidl_typesupport_fastrtps_cpp/xarmrob_interfaces/action/detail/dds_fastrtps/operate_gripper__type_support.cpp.o[0m
[22.321s] [ 70%] [32mBuilding CXX object CMakeFiles/xarmrob_interfaces__rosidl_typesupport_fastrtps_c.dir/rosidl_typesupport_fastrtps_c/xarmrob_interfaces/srv/detail/me439_x_arm_inverse_kinematics__type_support_c.cpp.o[0m
[22.594s] [ 71%] [34m[1mGenerating C++ introspection for ROS interfaces[0m
[23.801s] [ 72%] [32mBuilding CXX object CMakeFiles/xarmrob_interfaces__rosidl_typesupport_fastrtps_cpp.dir/rosidl_typesupport_fastrtps_cpp/xarmrob_interfaces/srv/detail/dds_fastrtps/me439_x_arm_forward_kinematics__type_support.cpp.o[0m
[23.918s] [ 73%] [32m[1mLinking CXX shared library libxarmrob_interfaces__rosidl_typesupport_fastrtps_c.so[0m
[24.122s] [ 73%] Built target xarmrob_interfaces__rosidl_typesupport_fastrtps_c
[24.142s] [ 74%] [32mBuilding CXX object CMakeFiles/xarmrob_interfaces__rosidl_typesupport_fastrtps_cpp.dir/rosidl_typesupport_fastrtps_cpp/xarmrob_interfaces/srv/detail/dds_fastrtps/me439_x_arm_inverse_kinematics__type_support.cpp.o[0m
[25.391s] [ 75%] [32mBuilding CXX object CMakeFiles/xarmrob_interfaces__rosidl_typesupport_introspection_cpp.dir/rosidl_typesupport_introspection_cpp/xarmrob_interfaces/msg/detail/me439_joint_command__type_support.cpp.o[0m
[25.395s] [ 76%] [32mBuilding CXX object CMakeFiles/xarmrob_interfaces__rosidl_typesupport_introspection_cpp.dir/rosidl_typesupport_introspection_cpp/xarmrob_interfaces/msg/detail/me439_gripper_command__type_support.cpp.o[0m
[25.906s] [ 77%] [32mBuilding CXX object CMakeFiles/xarmrob_interfaces__rosidl_typesupport_introspection_cpp.dir/rosidl_typesupport_introspection_cpp/xarmrob_interfaces/msg/detail/me439_joint_location__type_support.cpp.o[0m
[26.296s] [ 78%] [32m[1mLinking CXX shared library libxarmrob_interfaces__rosidl_typesupport_fastrtps_cpp.so[0m
[26.394s] [ 79%] [32mBuilding CXX object CMakeFiles/xarmrob_interfaces__rosidl_typesupport_introspection_cpp.dir/rosidl_typesupport_introspection_cpp/xarmrob_interfaces/msg/detail/me439_point_xyz__type_support.cpp.o[0m
[26.550s] [ 80%] [32mBuilding CXX object CMakeFiles/xarmrob_interfaces__rosidl_typesupport_introspection_cpp.dir/rosidl_typesupport_introspection_cpp/xarmrob_interfaces/action/detail/me439_move_to_target__type_support.cpp.o[0m
[26.557s] [ 80%] Built target xarmrob_interfaces__rosidl_typesupport_fastrtps_cpp
[26.574s] [ 81%] [32mBuilding CXX object CMakeFiles/xarmrob_interfaces__rosidl_typesupport_introspection_cpp.dir/rosidl_typesupport_introspection_cpp/xarmrob_interfaces/action/detail/operate_gripper__type_support.cpp.o[0m
[27.016s] [ 82%] [32mBuilding CXX object CMakeFiles/xarmrob_interfaces__rosidl_typesupport_introspection_cpp.dir/rosidl_typesupport_introspection_cpp/xarmrob_interfaces/srv/detail/me439_x_arm_forward_kinematics__type_support.cpp.o[0m
[27.415s] [ 83%] [32mBuilding CXX object CMakeFiles/xarmrob_interfaces__rosidl_typesupport_introspection_cpp.dir/rosidl_typesupport_introspection_cpp/xarmrob_interfaces/srv/detail/me439_x_arm_inverse_kinematics__type_support.cpp.o[0m
[28.833s] [ 84%] [32m[1mLinking CXX shared library libxarmrob_interfaces__rosidl_typesupport_introspection_cpp.so[0m
[28.952s] [ 84%] Built target xarmrob_interfaces__rosidl_typesupport_introspection_cpp
[28.976s] [ 84%] Built target xarmrob_interfaces
[29.002s] [ 85%] [34m[1mGenerating Python code for ROS interfaces[0m
[31.575s] [ 85%] Built target xarmrob_interfaces__py
[31.606s] [ 87%] [32mBuilding C object CMakeFiles/xarmrob_interfaces__rosidl_generator_py.dir/rosidl_generator_py/xarmrob_interfaces/msg/_me439_gripper_command_s.c.o[0m
[31.606s] [ 87%] [32mBuilding C object CMakeFiles/xarmrob_interfaces__rosidl_generator_py.dir/rosidl_generator_py/xarmrob_interfaces/msg/_me439_joint_command_s.c.o[0m
[31.606s] [ 89%] [32mBuilding C object CMakeFiles/xarmrob_interfaces__rosidl_generator_py.dir/rosidl_generator_py/xarmrob_interfaces/msg/_me439_joint_location_s.c.o[0m
[31.607s] [ 89%] [32mBuilding C object CMakeFiles/xarmrob_interfaces__rosidl_generator_py.dir/rosidl_generator_py/xarmrob_interfaces/msg/_me439_point_xyz_s.c.o[0m
[31.978s] [ 90%] [32mBuilding C object CMakeFiles/xarmrob_interfaces__rosidl_generator_py.dir/rosidl_generator_py/xarmrob_interfaces/action/_me439_move_to_target_s.c.o[0m
[31.996s] [ 91%] [32mBuilding C object CMakeFiles/xarmrob_interfaces__rosidl_generator_py.dir/rosidl_generator_py/xarmrob_interfaces/action/_operate_gripper_s.c.o[0m
[32.046s] [ 92%] [32mBuilding C object CMakeFiles/xarmrob_interfaces__rosidl_generator_py.dir/rosidl_generator_py/xarmrob_interfaces/srv/_me439_x_arm_forward_kinematics_s.c.o[0m
[32.081s] [ 93%] [32mBuilding C object CMakeFiles/xarmrob_interfaces__rosidl_generator_py.dir/rosidl_generator_py/xarmrob_interfaces/srv/_me439_x_arm_inverse_kinematics_s.c.o[0m
[32.631s] [ 94%] [32m[1mLinking C shared library libxarmrob_interfaces__rosidl_generator_py.so[0m
[32.690s] [ 94%] Built target xarmrob_interfaces__rosidl_generator_py
[32.722s] [ 95%] [32mBuilding C object CMakeFiles/xarmrob_interfaces_s__rosidl_typesupport_c.dir/rosidl_generator_py/xarmrob_interfaces/_xarmrob_interfaces_s.ep.rosidl_typesupport_c.c.o[0m
[32.722s] [ 96%] [32mBuilding C object CMakeFiles/xarmrob_interfaces_s__rosidl_typesupport_fastrtps_c.dir/rosidl_generator_py/xarmrob_interfaces/_xarmrob_interfaces_s.ep.rosidl_typesupport_fastrtps_c.c.o[0m
[32.727s] [ 97%] [32mBuilding C object CMakeFiles/xarmrob_interfaces_s__rosidl_typesupport_introspection_c.dir/rosidl_generator_py/xarmrob_interfaces/_xarmrob_interfaces_s.ep.rosidl_typesupport_introspection_c.c.o[0m
[33.074s] [ 98%] [32m[1mLinking C shared module rosidl_generator_py/xarmrob_interfaces/xarmrob_interfaces_s__rosidl_typesupport_fastrtps_c.so[0m
[33.127s] [ 98%] Built target xarmrob_interfaces_s__rosidl_typesupport_fastrtps_c
[33.233s] [ 99%] [32m[1mLinking C shared module rosidl_generator_py/xarmrob_interfaces/xarmrob_interfaces_s__rosidl_typesupport_c.so[0m
[33.239s] [100%] [32m[1mLinking C shared module rosidl_generator_py/xarmrob_interfaces/xarmrob_interfaces_s__rosidl_typesupport_introspection_c.so[0m
[33.277s] [100%] Built target xarmrob_interfaces_s__rosidl_typesupport_c
[33.284s] [100%] Built target xarmrob_interfaces_s__rosidl_typesupport_introspection_c
[33.301s] Invoked command in '/home/aansari/Documents/ME439/ME439Team125/build/xarmrob_interfaces' returned '0': CMAKE_PREFIX_PATH=${CMAKE_PREFIX_PATH}:/home/aansari/Documents/ME439/ME439Team125/install/xarmrob:/home/aansari/Documents/ME439/ME439Team125/install/finalproj125:/home/aansari/ros2_prac/install/xarmrob:/home/aansari/ros2_prac/install/mobrob:/opt/ros/jazzy DEBUGINFOD_URLS=https://debuginfod.ubuntu.com /usr/bin/cmake --build /home/aansari/Documents/ME439/ME439Team125/build/xarmrob_interfaces -- -j4 -l4
[33.313s] Invoking command in '/home/aansari/Documents/ME439/ME439Team125/build/xarmrob_interfaces': CMAKE_PREFIX_PATH=${CMAKE_PREFIX_PATH}:/home/aansari/Documents/ME439/ME439Team125/install/xarmrob:/home/aansari/Documents/ME439/ME439Team125/install/finalproj125:/home/aansari/ros2_prac/install/xarmrob:/home/aansari/ros2_prac/install/mobrob:/opt/ros/jazzy DEBUGINFOD_URLS=https://debuginfod.ubuntu.com /usr/bin/cmake --install /home/aansari/Documents/ME439/ME439Team125/build/xarmrob_interfaces
[33.322s] -- Install configuration: ""
[33.323s] -- Execute custom install script
[33.324s] -- Symlinking: /home/aansari/Documents/ME439/ME439Team125/install/xarmrob_interfaces/share/ament_index/resource_index/rosidl_interfaces/xarmrob_interfaces
[33.334s] -- Symlinking: /home/aansari/Documents/ME439/ME439Team125/install/xarmrob_interfaces/share/xarmrob_interfaces/msg/ME439JointCommand.json
[33.344s] -- Symlinking: /home/aansari/Documents/ME439/ME439Team125/install/xarmrob_interfaces/share/xarmrob_interfaces/msg/ME439GripperCommand.json
[33.354s] -- Symlinking: /home/aansari/Documents/ME439/ME439Team125/install/xarmrob_interfaces/share/xarmrob_interfaces/msg/ME439JointLocation.json
[33.364s] -- Symlinking: /home/aansari/Documents/ME439/ME439Team125/install/xarmrob_interfaces/share/xarmrob_interfaces/msg/ME439PointXYZ.json
[33.375s] -- Symlinking: /home/aansari/Documents/ME439/ME439Team125/install/xarmrob_interfaces/share/xarmrob_interfaces/action/ME439MoveToTarget.json
[33.385s] -- Symlinking: /home/aansari/Documents/ME439/ME439Team125/install/xarmrob_interfaces/share/xarmrob_interfaces/action/OperateGripper.json
[33.395s] -- Symlinking: /home/aansari/Documents/ME439/ME439Team125/install/xarmrob_interfaces/share/xarmrob_interfaces/srv/ME439XArmForwardKinematics.json
[33.405s] -- Symlinking: /home/aansari/Documents/ME439/ME439Team125/install/xarmrob_interfaces/share/xarmrob_interfaces/srv/ME439XArmInverseKinematics.json
[33.417s] -- Symlinking: /home/aansari/Documents/ME439/ME439Team125/install/xarmrob_interfaces/include/xarmrob_interfaces/xarmrob_interfaces/action/detail/me439_move_to_target__functions.h
[33.427s] -- Symlinking: /home/aansari/Documents/ME439/ME439Team125/install/xarmrob_interfaces/include/xarmrob_interfaces/xarmrob_interfaces/action/detail/me439_move_to_target__struct.h
[33.438s] -- Symlinking: /home/aansari/Documents/ME439/ME439Team125/install/xarmrob_interfaces/include/xarmrob_interfaces/xarmrob_interfaces/action/detail/me439_move_to_target__type_support.h
[33.449s] -- Symlinking: /home/aansari/Documents/ME439/ME439Team125/install/xarmrob_interfaces/include/xarmrob_interfaces/xarmrob_interfaces/action/detail/operate_gripper__functions.h
[33.459s] -- Symlinking: /home/aansari/Documents/ME439/ME439Team125/install/xarmrob_interfaces/include/xarmrob_interfaces/xarmrob_interfaces/action/detail/operate_gripper__struct.h
[33.470s] -- Symlinking: /home/aansari/Documents/ME439/ME439Team125/install/xarmrob_interfaces/include/xarmrob_interfaces/xarmrob_interfaces/action/detail/operate_gripper__type_support.h
[33.480s] -- Symlinking: /home/aansari/Documents/ME439/ME439Team125/install/xarmrob_interfaces/include/xarmrob_interfaces/xarmrob_interfaces/action/me439_move_to_target.h
[33.490s] -- Symlinking: /home/aansari/Documents/ME439/ME439Team125/install/xarmrob_interfaces/include/xarmrob_interfaces/xarmrob_interfaces/action/operate_gripper.h
[33.500s] -- Symlinking: /home/aansari/Documents/ME439/ME439Team125/install/xarmrob_interfaces/include/xarmrob_interfaces/xarmrob_interfaces/msg/detail/me439_gripper_command__functions.h
[33.510s] -- Symlinking: /home/aansari/Documents/ME439/ME439Team125/install/xarmrob_interfaces/include/xarmrob_interfaces/xarmrob_interfaces/msg/detail/me439_gripper_command__struct.h
[33.521s] -- Symlinking: /home/aansari/Documents/ME439/ME439Team125/install/xarmrob_interfaces/include/xarmrob_interfaces/xarmrob_interfaces/msg/detail/me439_gripper_command__type_support.h
[33.532s] -- Symlinking: /home/aansari/Documents/ME439/ME439Team125/install/xarmrob_interfaces/include/xarmrob_interfaces/xarmrob_interfaces/msg/detail/me439_joint_command__functions.h
[33.543s] -- Symlinking: /home/aansari/Documents/ME439/ME439Team125/install/xarmrob_interfaces/include/xarmrob_interfaces/xarmrob_interfaces/msg/detail/me439_joint_command__struct.h
[33.553s] -- Symlinking: /home/aansari/Documents/ME439/ME439Team125/install/xarmrob_interfaces/include/xarmrob_interfaces/xarmrob_interfaces/msg/detail/me439_joint_command__type_support.h
[33.564s] -- Symlinking: /home/aansari/Documents/ME439/ME439Team125/install/xarmrob_interfaces/include/xarmrob_interfaces/xarmrob_interfaces/msg/detail/me439_joint_location__functions.h
[33.574s] -- Symlinking: /home/aansari/Documents/ME439/ME439Team125/install/xarmrob_interfaces/include/xarmrob_interfaces/xarmrob_interfaces/msg/detail/me439_joint_location__struct.h
[33.585s] -- Symlinking: /home/aansari/Documents/ME439/ME439Team125/install/xarmrob_interfaces/include/xarmrob_interfaces/xarmrob_interfaces/msg/detail/me439_joint_location__type_support.h
[33.595s] -- Symlinking: /home/aansari/Documents/ME439/ME439Team125/install/xarmrob_interfaces/include/xarmrob_interfaces/xarmrob_interfaces/msg/detail/me439_point_xyz__functions.h
[33.605s] -- Symlinking: /home/aansari/Documents/ME439/ME439Team125/install/xarmrob_interfaces/include/xarmrob_interfaces/xarmrob_interfaces/msg/detail/me439_point_xyz__struct.h
[33.616s] -- Symlinking: /home/aansari/Documents/ME439/ME439Team125/install/xarmrob_interfaces/include/xarmrob_interfaces/xarmrob_interfaces/msg/detail/me439_point_xyz__type_support.h
[33.628s] -- Symlinking: /home/aansari/Documents/ME439/ME439Team125/install/xarmrob_interfaces/include/xarmrob_interfaces/xarmrob_interfaces/msg/me439_gripper_command.h
[33.638s] -- Symlinking: /home/aansari/Documents/ME439/ME439Team125/install/xarmrob_interfaces/include/xarmrob_interfaces/xarmrob_interfaces/msg/me439_joint_command.h
[33.649s] -- Symlinking: /home/aansari/Documents/ME439/ME439Team125/install/xarmrob_interfaces/include/xarmrob_interfaces/xarmrob_interfaces/msg/me439_joint_location.h
[33.659s] -- Symlinking: /home/aansari/Documents/ME439/ME439Team125/install/xarmrob_interfaces/include/xarmrob_interfaces/xarmrob_interfaces/msg/me439_point_xyz.h
[33.670s] -- Symlinking: /home/aansari/Documents/ME439/ME439Team125/install/xarmrob_interfaces/include/xarmrob_interfaces/xarmrob_interfaces/msg/rosidl_generator_c__visibility_control.h
[33.681s] -- Symlinking: /home/aansari/Documents/ME439/ME439Team125/install/xarmrob_interfaces/include/xarmrob_interfaces/xarmrob_interfaces/srv/detail/me439_x_arm_forward_kinematics__functions.h
[33.692s] -- Symlinking: /home/aansari/Documents/ME439/ME439Team125/install/xarmrob_interfaces/include/xarmrob_interfaces/xarmrob_interfaces/srv/detail/me439_x_arm_forward_kinematics__struct.h
[33.703s] -- Symlinking: /home/aansari/Documents/ME439/ME439Team125/install/xarmrob_interfaces/include/xarmrob_interfaces/xarmrob_interfaces/srv/detail/me439_x_arm_forward_kinematics__type_support.h
[33.714s] -- Symlinking: /home/aansari/Documents/ME439/ME439Team125/install/xarmrob_interfaces/include/xarmrob_interfaces/xarmrob_interfaces/srv/detail/me439_x_arm_inverse_kinematics__functions.h
[33.726s] -- Symlinking: /home/aansari/Documents/ME439/ME439Team125/install/xarmrob_interfaces/include/xarmrob_interfaces/xarmrob_interfaces/srv/detail/me439_x_arm_inverse_kinematics__struct.h
[33.737s] -- Symlinking: /home/aansari/Documents/ME439/ME439Team125/install/xarmrob_interfaces/include/xarmrob_interfaces/xarmrob_interfaces/srv/detail/me439_x_arm_inverse_kinematics__type_support.h
[33.748s] -- Symlinking: /home/aansari/Documents/ME439/ME439Team125/install/xarmrob_interfaces/include/xarmrob_interfaces/xarmrob_interfaces/srv/me439_x_arm_forward_kinematics.h
[33.759s] -- Symlinking: /home/aansari/Documents/ME439/ME439Team125/install/xarmrob_interfaces/include/xarmrob_interfaces/xarmrob_interfaces/srv/me439_x_arm_inverse_kinematics.h
[33.770s] -- Symlinking: /home/aansari/Documents/ME439/ME439Team125/install/xarmrob_interfaces/share/xarmrob_interfaces/environment/library_path.sh
[33.781s] -- Symlinking: /home/aansari/Documents/ME439/ME439Team125/install/xarmrob_interfaces/share/xarmrob_interfaces/environment/library_path.dsv
[33.793s] -- Symlinking: /home/aansari/Documents/ME439/ME439Team125/install/xarmrob_interfaces/include/xarmrob_interfaces/xarmrob_interfaces/action/detail/me439_move_to_target__rosidl_typesupport_fastrtps_c.h
[33.803s] -- Symlinking: /home/aansari/Documents/ME439/ME439Team125/install/xarmrob_interfaces/include/xarmrob_interfaces/xarmrob_interfaces/action/detail/operate_gripper__rosidl_typesupport_fastrtps_c.h
[33.814s] -- Symlinking: /home/aansari/Documents/ME439/ME439Team125/install/xarmrob_interfaces/include/xarmrob_interfaces/xarmrob_interfaces/msg/detail/me439_gripper_command__rosidl_typesupport_fastrtps_c.h
[33.826s] -- Symlinking: /home/aansari/Documents/ME439/ME439Team125/install/xarmrob_interfaces/include/xarmrob_interfaces/xarmrob_interfaces/msg/detail/me439_joint_command__rosidl_typesupport_fastrtps_c.h
[33.836s] -- Symlinking: /home/aansari/Documents/ME439/ME439Team125/install/xarmrob_interfaces/include/xarmrob_interfaces/xarmrob_interfaces/msg/detail/me439_joint_location__rosidl_typesupport_fastrtps_c.h
[33.847s] -- Symlinking: /home/aansari/Documents/ME439/ME439Team125/install/xarmrob_interfaces/include/xarmrob_interfaces/xarmrob_interfaces/msg/detail/me439_point_xyz__rosidl_typesupport_fastrtps_c.h
[33.857s] -- Symlinking: /home/aansari/Documents/ME439/ME439Team125/install/xarmrob_interfaces/include/xarmrob_interfaces/xarmrob_interfaces/msg/rosidl_typesupport_fastrtps_c__visibility_control.h
[33.869s] -- Symlinking: /home/aansari/Documents/ME439/ME439Team125/install/xarmrob_interfaces/include/xarmrob_interfaces/xarmrob_interfaces/srv/detail/me439_x_arm_forward_kinematics__rosidl_typesupport_fastrtps_c.h
[33.879s] -- Symlinking: /home/aansari/Documents/ME439/ME439Team125/install/xarmrob_interfaces/include/xarmrob_interfaces/xarmrob_interfaces/srv/detail/me439_x_arm_inverse_kinematics__rosidl_typesupport_fastrtps_c.h
[33.890s] -- Symlinking: /home/aansari/Documents/ME439/ME439Team125/install/xarmrob_interfaces/include/xarmrob_interfaces/xarmrob_interfaces/action/detail/me439_move_to_target__builder.hpp
[33.901s] -- Symlinking: /home/aansari/Documents/ME439/ME439Team125/install/xarmrob_interfaces/include/xarmrob_interfaces/xarmrob_interfaces/action/detail/me439_move_to_target__struct.hpp
[33.912s] -- Symlinking: /home/aansari/Documents/ME439/ME439Team125/install/xarmrob_interfaces/include/xarmrob_interfaces/xarmrob_interfaces/action/detail/me439_move_to_target__traits.hpp
[33.922s] -- Symlinking: /home/aansari/Documents/ME439/ME439Team125/install/xarmrob_interfaces/include/xarmrob_interfaces/xarmrob_interfaces/action/detail/me439_move_to_target__type_support.hpp
[33.933s] -- Symlinking: /home/aansari/Documents/ME439/ME439Team125/install/xarmrob_interfaces/include/xarmrob_interfaces/xarmrob_interfaces/action/detail/operate_gripper__builder.hpp
[33.943s] -- Symlinking: /home/aansari/Documents/ME439/ME439Team125/install/xarmrob_interfaces/include/xarmrob_interfaces/xarmrob_interfaces/action/detail/operate_gripper__struct.hpp
[33.955s] -- Symlinking: /home/aansari/Documents/ME439/ME439Team125/install/xarmrob_interfaces/include/xarmrob_interfaces/xarmrob_interfaces/action/detail/operate_gripper__traits.hpp
[33.965s] -- Symlinking: /home/aansari/Documents/ME439/ME439Team125/install/xarmrob_interfaces/include/xarmrob_interfaces/xarmrob_interfaces/action/detail/operate_gripper__type_support.hpp
[33.976s] -- Symlinking: /home/aansari/Documents/ME439/ME439Team125/install/xarmrob_interfaces/include/xarmrob_interfaces/xarmrob_interfaces/action/me439_move_to_target.hpp
[33.986s] -- Symlinking: /home/aansari/Documents/ME439/ME439Team125/install/xarmrob_interfaces/include/xarmrob_interfaces/xarmrob_interfaces/action/operate_gripper.hpp
[33.996s] -- Symlinking: /home/aansari/Documents/ME439/ME439Team125/install/xarmrob_interfaces/include/xarmrob_interfaces/xarmrob_interfaces/msg/detail/me439_gripper_command__builder.hpp
[34.007s] -- Symlinking: /home/aansari/Documents/ME439/ME439Team125/install/xarmrob_interfaces/include/xarmrob_interfaces/xarmrob_interfaces/msg/detail/me439_gripper_command__struct.hpp
[34.019s] -- Symlinking: /home/aansari/Documents/ME439/ME439Team125/install/xarmrob_interfaces/include/xarmrob_interfaces/xarmrob_interfaces/msg/detail/me439_gripper_command__traits.hpp
[34.031s] -- Symlinking: /home/aansari/Documents/ME439/ME439Team125/install/xarmrob_interfaces/include/xarmrob_interfaces/xarmrob_interfaces/msg/detail/me439_gripper_command__type_support.hpp
[34.046s] -- Symlinking: /home/aansari/Documents/ME439/ME439Team125/install/xarmrob_interfaces/include/xarmrob_interfaces/xarmrob_interfaces/msg/detail/me439_joint_command__builder.hpp
[34.058s] -- Symlinking: /home/aansari/Documents/ME439/ME439Team125/install/xarmrob_interfaces/include/xarmrob_interfaces/xarmrob_interfaces/msg/detail/me439_joint_command__struct.hpp
[34.069s] -- Symlinking: /home/aansari/Documents/ME439/ME439Team125/install/xarmrob_interfaces/include/xarmrob_interfaces/xarmrob_interfaces/msg/detail/me439_joint_command__traits.hpp
[34.085s] -- Symlinking: /home/aansari/Documents/ME439/ME439Team125/install/xarmrob_interfaces/include/xarmrob_interfaces/xarmrob_interfaces/msg/detail/me439_joint_command__type_support.hpp
[34.100s] -- Symlinking: /home/aansari/Documents/ME439/ME439Team125/install/xarmrob_interfaces/include/xarmrob_interfaces/xarmrob_interfaces/msg/detail/me439_joint_location__builder.hpp
[34.111s] -- Symlinking: /home/aansari/Documents/ME439/ME439Team125/install/xarmrob_interfaces/include/xarmrob_interfaces/xarmrob_interfaces/msg/detail/me439_joint_location__struct.hpp
[34.125s] -- Symlinking: /home/aansari/Documents/ME439/ME439Team125/install/xarmrob_interfaces/include/xarmrob_interfaces/xarmrob_interfaces/msg/detail/me439_joint_location__traits.hpp
[34.137s] -- Symlinking: /home/aansari/Documents/ME439/ME439Team125/install/xarmrob_interfaces/include/xarmrob_interfaces/xarmrob_interfaces/msg/detail/me439_joint_location__type_support.hpp
[34.153s] -- Symlinking: /home/aansari/Documents/ME439/ME439Team125/install/xarmrob_interfaces/include/xarmrob_interfaces/xarmrob_interfaces/msg/detail/me439_point_xyz__builder.hpp
[34.164s] -- Symlinking: /home/aansari/Documents/ME439/ME439Team125/install/xarmrob_interfaces/include/xarmrob_interfaces/xarmrob_interfaces/msg/detail/me439_point_xyz__struct.hpp
[34.174s] -- Symlinking: /home/aansari/Documents/ME439/ME439Team125/install/xarmrob_interfaces/include/xarmrob_interfaces/xarmrob_interfaces/msg/detail/me439_point_xyz__traits.hpp
[34.186s] -- Symlinking: /home/aansari/Documents/ME439/ME439Team125/install/xarmrob_interfaces/include/xarmrob_interfaces/xarmrob_interfaces/msg/detail/me439_point_xyz__type_support.hpp
[34.196s] -- Symlinking: /home/aansari/Documents/ME439/ME439Team125/install/xarmrob_interfaces/include/xarmrob_interfaces/xarmrob_interfaces/msg/me439_gripper_command.hpp
[34.210s] -- Symlinking: /home/aansari/Documents/ME439/ME439Team125/install/xarmrob_interfaces/include/xarmrob_interfaces/xarmrob_interfaces/msg/me439_joint_command.hpp
[34.223s] -- Symlinking: /home/aansari/Documents/ME439/ME439Team125/install/xarmrob_interfaces/include/xarmrob_interfaces/xarmrob_interfaces/msg/me439_joint_location.hpp
[34.234s] -- Symlinking: /home/aansari/Documents/ME439/ME439Team125/install/xarmrob_interfaces/include/xarmrob_interfaces/xarmrob_interfaces/msg/me439_point_xyz.hpp
[34.248s] -- Symlinking: /home/aansari/Documents/ME439/ME439Team125/install/xarmrob_interfaces/include/xarmrob_interfaces/xarmrob_interfaces/msg/rosidl_generator_cpp__visibility_control.hpp
[34.266s] -- Symlinking: /home/aansari/Documents/ME439/ME439Team125/install/xarmrob_interfaces/include/xarmrob_interfaces/xarmrob_interfaces/srv/detail/me439_x_arm_forward_kinematics__builder.hpp
[34.292s] -- Symlinking: /home/aansari/Documents/ME439/ME439Team125/install/xarmrob_interfaces/include/xarmrob_interfaces/xarmrob_interfaces/srv/detail/me439_x_arm_forward_kinematics__struct.hpp
[34.306s] -- Symlinking: /home/aansari/Documents/ME439/ME439Team125/install/xarmrob_interfaces/include/xarmrob_interfaces/xarmrob_interfaces/srv/detail/me439_x_arm_forward_kinematics__traits.hpp
[34.329s] -- Symlinking: /home/aansari/Documents/ME439/ME439Team125/install/xarmrob_interfaces/include/xarmrob_interfaces/xarmrob_interfaces/srv/detail/me439_x_arm_forward_kinematics__type_support.hpp
[34.352s] -- Symlinking: /home/aansari/Documents/ME439/ME439Team125/install/xarmrob_interfaces/include/xarmrob_interfaces/xarmrob_interfaces/srv/detail/me439_x_arm_inverse_kinematics__builder.hpp
[34.378s] -- Symlinking: /home/aansari/Documents/ME439/ME439Team125/install/xarmrob_interfaces/include/xarmrob_interfaces/xarmrob_interfaces/srv/detail/me439_x_arm_inverse_kinematics__struct.hpp
[34.402s] -- Symlinking: /home/aansari/Documents/ME439/ME439Team125/install/xarmrob_interfaces/include/xarmrob_interfaces/xarmrob_interfaces/srv/detail/me439_x_arm_inverse_kinematics__traits.hpp
[34.419s] -- Symlinking: /home/aansari/Documents/ME439/ME439Team125/install/xarmrob_interfaces/include/xarmrob_interfaces/xarmrob_interfaces/srv/detail/me439_x_arm_inverse_kinematics__type_support.hpp
[34.441s] -- Symlinking: /home/aansari/Documents/ME439/ME439Team125/install/xarmrob_interfaces/include/xarmrob_interfaces/xarmrob_interfaces/srv/me439_x_arm_forward_kinematics.hpp
[34.477s] -- Symlinking: /home/aansari/Documents/ME439/ME439Team125/install/xarmrob_interfaces/include/xarmrob_interfaces/xarmrob_interfaces/srv/me439_x_arm_inverse_kinematics.hpp
[34.503s] -- Symlinking: /home/aansari/Documents/ME439/ME439Team125/install/xarmrob_interfaces/include/xarmrob_interfaces/xarmrob_interfaces/action/detail/me439_move_to_target__rosidl_typesupport_fastrtps_cpp.hpp
[34.533s] -- Symlinking: /home/aansari/Documents/ME439/ME439Team125/install/xarmrob_interfaces/include/xarmrob_interfaces/xarmrob_interfaces/action/detail/operate_gripper__rosidl_typesupport_fastrtps_cpp.hpp
[34.557s] -- Symlinking: /home/aansari/Documents/ME439/ME439Team125/install/xarmrob_interfaces/include/xarmrob_interfaces/xarmrob_interfaces/msg/detail/me439_gripper_command__rosidl_typesupport_fastrtps_cpp.hpp
[34.582s] -- Symlinking: /home/aansari/Documents/ME439/ME439Team125/install/xarmrob_interfaces/include/xarmrob_interfaces/xarmrob_interfaces/msg/detail/me439_joint_command__rosidl_typesupport_fastrtps_cpp.hpp
[34.605s] -- Symlinking: /home/aansari/Documents/ME439/ME439Team125/install/xarmrob_interfaces/include/xarmrob_interfaces/xarmrob_interfaces/msg/detail/me439_joint_location__rosidl_typesupport_fastrtps_cpp.hpp
[34.632s] -- Symlinking: /home/aansari/Documents/ME439/ME439Team125/install/xarmrob_interfaces/include/xarmrob_interfaces/xarmrob_interfaces/msg/detail/me439_point_xyz__rosidl_typesupport_fastrtps_cpp.hpp
[34.652s] -- Symlinking: /home/aansari/Documents/ME439/ME439Team125/install/xarmrob_interfaces/include/xarmrob_interfaces/xarmrob_interfaces/msg/rosidl_typesupport_fastrtps_cpp__visibility_control.h
[34.672s] -- Symlinking: /home/aansari/Documents/ME439/ME439Team125/install/xarmrob_interfaces/include/xarmrob_interfaces/xarmrob_interfaces/srv/detail/me439_x_arm_forward_kinematics__rosidl_typesupport_fastrtps_cpp.hpp
[34.704s] -- Symlinking: /home/aansari/Documents/ME439/ME439Team125/install/xarmrob_interfaces/include/xarmrob_interfaces/xarmrob_interfaces/srv/detail/me439_x_arm_inverse_kinematics__rosidl_typesupport_fastrtps_cpp.hpp
[34.731s] -- Symlinking: /home/aansari/Documents/ME439/ME439Team125/install/xarmrob_interfaces/include/xarmrob_interfaces/xarmrob_interfaces/action/detail/me439_move_to_target__rosidl_typesupport_introspection_c.h
[34.751s] -- Symlinking: /home/aansari/Documents/ME439/ME439Team125/install/xarmrob_interfaces/include/xarmrob_interfaces/xarmrob_interfaces/action/detail/operate_gripper__rosidl_typesupport_introspection_c.h
[34.773s] -- Symlinking: /home/aansari/Documents/ME439/ME439Team125/install/xarmrob_interfaces/include/xarmrob_interfaces/xarmrob_interfaces/msg/detail/me439_gripper_command__rosidl_typesupport_introspection_c.h
[34.799s] -- Symlinking: /home/aansari/Documents/ME439/ME439Team125/install/xarmrob_interfaces/include/xarmrob_interfaces/xarmrob_interfaces/msg/detail/me439_joint_command__rosidl_typesupport_introspection_c.h
[34.820s] -- Symlinking: /home/aansari/Documents/ME439/ME439Team125/install/xarmrob_interfaces/include/xarmrob_interfaces/xarmrob_interfaces/msg/detail/me439_joint_location__rosidl_typesupport_introspection_c.h
[34.847s] -- Symlinking: /home/aansari/Documents/ME439/ME439Team125/install/xarmrob_interfaces/include/xarmrob_interfaces/xarmrob_interfaces/msg/detail/me439_point_xyz__rosidl_typesupport_introspection_c.h
[34.867s] -- Symlinking: /home/aansari/Documents/ME439/ME439Team125/install/xarmrob_interfaces/include/xarmrob_interfaces/xarmrob_interfaces/msg/rosidl_typesupport_introspection_c__visibility_control.h
[34.892s] -- Symlinking: /home/aansari/Documents/ME439/ME439Team125/install/xarmrob_interfaces/include/xarmrob_interfaces/xarmrob_interfaces/srv/detail/me439_x_arm_forward_kinematics__rosidl_typesupport_introspection_c.h
[34.916s] -- Symlinking: /home/aansari/Documents/ME439/ME439Team125/install/xarmrob_interfaces/include/xarmrob_interfaces/xarmrob_interfaces/srv/detail/me439_x_arm_inverse_kinematics__rosidl_typesupport_introspection_c.h
[34.944s] -- Symlinking: /home/aansari/Documents/ME439/ME439Team125/install/xarmrob_interfaces/include/xarmrob_interfaces/xarmrob_interfaces/action/detail/me439_move_to_target__rosidl_typesupport_introspection_cpp.hpp
[34.969s] -- Symlinking: /home/aansari/Documents/ME439/ME439Team125/install/xarmrob_interfaces/include/xarmrob_interfaces/xarmrob_interfaces/action/detail/operate_gripper__rosidl_typesupport_introspection_cpp.hpp
[34.996s] -- Symlinking: /home/aansari/Documents/ME439/ME439Team125/install/xarmrob_interfaces/include/xarmrob_interfaces/xarmrob_interfaces/msg/detail/me439_gripper_command__rosidl_typesupport_introspection_cpp.hpp
[35.021s] -- Symlinking: /home/aansari/Documents/ME439/ME439Team125/install/xarmrob_interfaces/include/xarmrob_interfaces/xarmrob_interfaces/msg/detail/me439_joint_command__rosidl_typesupport_introspection_cpp.hpp
[35.048s] -- Symlinking: /home/aansari/Documents/ME439/ME439Team125/install/xarmrob_interfaces/include/xarmrob_interfaces/xarmrob_interfaces/msg/detail/me439_joint_location__rosidl_typesupport_introspection_cpp.hpp
[35.077s] -- Symlinking: /home/aansari/Documents/ME439/ME439Team125/install/xarmrob_interfaces/include/xarmrob_interfaces/xarmrob_interfaces/msg/detail/me439_point_xyz__rosidl_typesupport_introspection_cpp.hpp
[35.100s] -- Symlinking: /home/aansari/Documents/ME439/ME439Team125/install/xarmrob_interfaces/include/xarmrob_interfaces/xarmrob_interfaces/srv/detail/me439_x_arm_forward_kinematics__rosidl_typesupport_introspection_cpp.hpp
[35.121s] -- Symlinking: /home/aansari/Documents/ME439/ME439Team125/install/xarmrob_interfaces/include/xarmrob_interfaces/xarmrob_interfaces/srv/detail/me439_x_arm_inverse_kinematics__rosidl_typesupport_introspection_cpp.hpp
[35.149s] -- Symlinking: /home/aansari/Documents/ME439/ME439Team125/install/xarmrob_interfaces/share/xarmrob_interfaces/environment/pythonpath.sh
[35.172s] -- Symlinking: /home/aansari/Documents/ME439/ME439Team125/install/xarmrob_interfaces/share/xarmrob_interfaces/environment/pythonpath.dsv
[35.202s] -- Symlinking: /home/aansari/Documents/ME439/ME439Team125/install/xarmrob_interfaces/lib/python3.12/site-packages/xarmrob_interfaces-0.0.0-py3.12.egg-info/PKG-INFO
[35.231s] -- Symlinking: /home/aansari/Documents/ME439/ME439Team125/install/xarmrob_interfaces/lib/python3.12/site-packages/xarmrob_interfaces-0.0.0-py3.12.egg-info/SOURCES.txt
[35.262s] -- Symlinking: /home/aansari/Documents/ME439/ME439Team125/install/xarmrob_interfaces/lib/python3.12/site-packages/xarmrob_interfaces-0.0.0-py3.12.egg-info/dependency_links.txt
[35.287s] -- Symlinking: /home/aansari/Documents/ME439/ME439Team125/install/xarmrob_interfaces/lib/python3.12/site-packages/xarmrob_interfaces-0.0.0-py3.12.egg-info/top_level.txt
[35.310s] -- Symlinking: /home/aansari/Documents/ME439/ME439Team125/install/xarmrob_interfaces/lib/python3.12/site-packages/xarmrob_interfaces/__init__.py
[35.333s] -- Symlinking: /home/aansari/Documents/ME439/ME439Team125/install/xarmrob_interfaces/lib/python3.12/site-packages/xarmrob_interfaces/_xarmrob_interfaces_s.ep.rosidl_typesupport_c.c
[35.350s] -- Symlinking: /home/aansari/Documents/ME439/ME439Team125/install/xarmrob_interfaces/lib/python3.12/site-packages/xarmrob_interfaces/_xarmrob_interfaces_s.ep.rosidl_typesupport_fastrtps_c.c
[35.369s] -- Symlinking: /home/aansari/Documents/ME439/ME439Team125/install/xarmrob_interfaces/lib/python3.12/site-packages/xarmrob_interfaces/_xarmrob_interfaces_s.ep.rosidl_typesupport_introspection_c.c
[35.393s] -- Symlinking: /home/aansari/Documents/ME439/ME439Team125/install/xarmrob_interfaces/lib/python3.12/site-packages/xarmrob_interfaces/action/__init__.py
[35.416s] -- Symlinking: /home/aansari/Documents/ME439/ME439Team125/install/xarmrob_interfaces/lib/python3.12/site-packages/xarmrob_interfaces/action/_me439_move_to_target.py
[35.442s] -- Symlinking: /home/aansari/Documents/ME439/ME439Team125/install/xarmrob_interfaces/lib/python3.12/site-packages/xarmrob_interfaces/action/_me439_move_to_target_s.c
[35.468s] -- Symlinking: /home/aansari/Documents/ME439/ME439Team125/install/xarmrob_interfaces/lib/python3.12/site-packages/xarmrob_interfaces/action/_operate_gripper.py
[35.492s] -- Symlinking: /home/aansari/Documents/ME439/ME439Team125/install/xarmrob_interfaces/lib/python3.12/site-packages/xarmrob_interfaces/action/_operate_gripper_s.c
[35.512s] -- Symlinking: /home/aansari/Documents/ME439/ME439Team125/install/xarmrob_interfaces/lib/python3.12/site-packages/xarmrob_interfaces/msg/__init__.py
[35.533s] -- Symlinking: /home/aansari/Documents/ME439/ME439Team125/install/xarmrob_interfaces/lib/python3.12/site-packages/xarmrob_interfaces/msg/_me439_gripper_command.py
[35.552s] -- Symlinking: /home/aansari/Documents/ME439/ME439Team125/install/xarmrob_interfaces/lib/python3.12/site-packages/xarmrob_interfaces/msg/_me439_gripper_command_s.c
[35.578s] -- Symlinking: /home/aansari/Documents/ME439/ME439Team125/install/xarmrob_interfaces/lib/python3.12/site-packages/xarmrob_interfaces/msg/_me439_joint_command.py
[35.600s] -- Symlinking: /home/aansari/Documents/ME439/ME439Team125/install/xarmrob_interfaces/lib/python3.12/site-packages/xarmrob_interfaces/msg/_me439_joint_command_s.c
[35.620s] -- Symlinking: /home/aansari/Documents/ME439/ME439Team125/install/xarmrob_interfaces/lib/python3.12/site-packages/xarmrob_interfaces/msg/_me439_joint_location.py
[35.643s] -- Symlinking: /home/aansari/Documents/ME439/ME439Team125/install/xarmrob_interfaces/lib/python3.12/site-packages/xarmrob_interfaces/msg/_me439_joint_location_s.c
[35.667s] -- Symlinking: /home/aansari/Documents/ME439/ME439Team125/install/xarmrob_interfaces/lib/python3.12/site-packages/xarmrob_interfaces/msg/_me439_point_xyz.py
[35.685s] -- Symlinking: /home/aansari/Documents/ME439/ME439Team125/install/xarmrob_interfaces/lib/python3.12/site-packages/xarmrob_interfaces/msg/_me439_point_xyz_s.c
[35.710s] -- Symlinking: /home/aansari/Documents/ME439/ME439Team125/install/xarmrob_interfaces/lib/python3.12/site-packages/xarmrob_interfaces/srv/__init__.py
[35.733s] -- Symlinking: /home/aansari/Documents/ME439/ME439Team125/install/xarmrob_interfaces/lib/python3.12/site-packages/xarmrob_interfaces/srv/_me439_x_arm_forward_kinematics.py
[35.754s] -- Symlinking: /home/aansari/Documents/ME439/ME439Team125/install/xarmrob_interfaces/lib/python3.12/site-packages/xarmrob_interfaces/srv/_me439_x_arm_forward_kinematics_s.c
[35.778s] -- Symlinking: /home/aansari/Documents/ME439/ME439Team125/install/xarmrob_interfaces/lib/python3.12/site-packages/xarmrob_interfaces/srv/_me439_x_arm_inverse_kinematics.py
[35.803s] -- Symlinking: /home/aansari/Documents/ME439/ME439Team125/install/xarmrob_interfaces/lib/python3.12/site-packages/xarmrob_interfaces/srv/_me439_x_arm_inverse_kinematics_s.c
[35.828s] -- Symlinking: /home/aansari/Documents/ME439/ME439Team125/install/xarmrob_interfaces/lib/python3.12/site-packages/xarmrob_interfaces/xarmrob_interfaces_s__rosidl_typesupport_c.so
[35.852s] -- Symlinking: /home/aansari/Documents/ME439/ME439Team125/install/xarmrob_interfaces/lib/python3.12/site-packages/xarmrob_interfaces/xarmrob_interfaces_s__rosidl_typesupport_fastrtps_c.so
[35.871s] -- Symlinking: /home/aansari/Documents/ME439/ME439Team125/install/xarmrob_interfaces/lib/python3.12/site-packages/xarmrob_interfaces/xarmrob_interfaces_s__rosidl_typesupport_introspection_c.so
[35.892s] -- Up-to-date symlink: /home/aansari/Documents/ME439/ME439Team125/install/xarmrob_interfaces/lib/python3.12/site-packages/xarmrob_interfaces/xarmrob_interfaces_s__rosidl_typesupport_fastrtps_c.so
[35.894s] -- Up-to-date symlink: /home/aansari/Documents/ME439/ME439Team125/install/xarmrob_interfaces/lib/python3.12/site-packages/xarmrob_interfaces/xarmrob_interfaces_s__rosidl_typesupport_introspection_c.so
[35.895s] -- Up-to-date symlink: /home/aansari/Documents/ME439/ME439Team125/install/xarmrob_interfaces/lib/python3.12/site-packages/xarmrob_interfaces/xarmrob_interfaces_s__rosidl_typesupport_c.so
[35.895s] -- Symlinking: /home/aansari/Documents/ME439/ME439Team125/install/xarmrob_interfaces/share/xarmrob_interfaces/msg/ME439JointCommand.idl
[35.913s] -- Symlinking: /home/aansari/Documents/ME439/ME439Team125/install/xarmrob_interfaces/share/xarmrob_interfaces/msg/ME439GripperCommand.idl
[35.929s] -- Symlinking: /home/aansari/Documents/ME439/ME439Team125/install/xarmrob_interfaces/share/xarmrob_interfaces/msg/ME439JointLocation.idl
[35.948s] -- Symlinking: /home/aansari/Documents/ME439/ME439Team125/install/xarmrob_interfaces/share/xarmrob_interfaces/msg/ME439PointXYZ.idl
[35.970s] -- Symlinking: /home/aansari/Documents/ME439/ME439Team125/install/xarmrob_interfaces/share/xarmrob_interfaces/action/ME439MoveToTarget.idl
[35.989s] -- Symlinking: /home/aansari/Documents/ME439/ME439Team125/install/xarmrob_interfaces/share/xarmrob_interfaces/action/OperateGripper.idl
[36.012s] -- Symlinking: /home/aansari/Documents/ME439/ME439Team125/install/xarmrob_interfaces/share/xarmrob_interfaces/srv/ME439XArmForwardKinematics.idl
[36.031s] -- Symlinking: /home/aansari/Documents/ME439/ME439Team125/install/xarmrob_interfaces/share/xarmrob_interfaces/srv/ME439XArmInverseKinematics.idl
[36.050s] -- Symlinking: /home/aansari/Documents/ME439/ME439Team125/install/xarmrob_interfaces/share/xarmrob_interfaces/msg/ME439JointCommand.msg
[36.078s] -- Symlinking: /home/aansari/Documents/ME439/ME439Team125/install/xarmrob_interfaces/share/xarmrob_interfaces/msg/ME439GripperCommand.msg
[36.106s] -- Symlinking: /home/aansari/Documents/ME439/ME439Team125/install/xarmrob_interfaces/share/xarmrob_interfaces/msg/ME439JointLocation.msg
[36.133s] -- Symlinking: /home/aansari/Documents/ME439/ME439Team125/install/xarmrob_interfaces/share/xarmrob_interfaces/msg/ME439PointXYZ.msg
[36.150s] -- Symlinking: /home/aansari/Documents/ME439/ME439Team125/install/xarmrob_interfaces/share/xarmrob_interfaces/action/ME439MoveToTarget.action
[36.170s] -- Symlinking: /home/aansari/Documents/ME439/ME439Team125/install/xarmrob_interfaces/share/xarmrob_interfaces/action/OperateGripper.action
[36.189s] -- Symlinking: /home/aansari/Documents/ME439/ME439Team125/install/xarmrob_interfaces/share/xarmrob_interfaces/srv/ME439XArmForwardKinematics.srv
[36.210s] -- Symlinking: /home/aansari/Documents/ME439/ME439Team125/install/xarmrob_interfaces/share/xarmrob_interfaces/srv/ME439XArmInverseKinematics.srv
[36.229s] -- Symlinking: /home/aansari/Documents/ME439/ME439Team125/install/xarmrob_interfaces/share/ament_index/resource_index/package_run_dependencies/xarmrob_interfaces
[36.252s] -- Symlinking: /home/aansari/Documents/ME439/ME439Team125/install/xarmrob_interfaces/share/ament_index/resource_index/parent_prefix_path/xarmrob_interfaces
[36.271s] -- Symlinking: /home/aansari/Documents/ME439/ME439Team125/install/xarmrob_interfaces/share/xarmrob_interfaces/environment/ament_prefix_path.sh
[36.288s] -- Symlinking: /home/aansari/Documents/ME439/ME439Team125/install/xarmrob_interfaces/share/xarmrob_interfaces/environment/ament_prefix_path.dsv
[36.309s] -- Symlinking: /home/aansari/Documents/ME439/ME439Team125/install/xarmrob_interfaces/share/xarmrob_interfaces/environment/path.sh
[36.329s] -- Symlinking: /home/aansari/Documents/ME439/ME439Team125/install/xarmrob_interfaces/share/xarmrob_interfaces/environment/path.dsv
[36.347s] -- Symlinking: /home/aansari/Documents/ME439/ME439Team125/install/xarmrob_interfaces/share/xarmrob_interfaces/local_setup.bash
[36.366s] -- Symlinking: /home/aansari/Documents/ME439/ME439Team125/install/xarmrob_interfaces/share/xarmrob_interfaces/local_setup.sh
[36.389s] -- Symlinking: /home/aansari/Documents/ME439/ME439Team125/install/xarmrob_interfaces/share/xarmrob_interfaces/local_setup.zsh
[36.414s] -- Symlinking: /home/aansari/Documents/ME439/ME439Team125/install/xarmrob_interfaces/share/xarmrob_interfaces/local_setup.dsv
[36.435s] -- Symlinking: /home/aansari/Documents/ME439/ME439Team125/install/xarmrob_interfaces/share/xarmrob_interfaces/package.dsv
[36.461s] -- Symlinking: /home/aansari/Documents/ME439/ME439Team125/install/xarmrob_interfaces/share/ament_index/resource_index/packages/xarmrob_interfaces
[36.484s] -- Symlinking: /home/aansari/Documents/ME439/ME439Team125/install/xarmrob_interfaces/share/xarmrob_interfaces/cmake/rosidl_cmake-extras.cmake
[36.507s] -- Symlinking: /home/aansari/Documents/ME439/ME439Team125/install/xarmrob_interfaces/share/xarmrob_interfaces/cmake/ament_cmake_export_dependencies-extras.cmake
[36.525s] -- Symlinking: /home/aansari/Documents/ME439/ME439Team125/install/xarmrob_interfaces/share/xarmrob_interfaces/cmake/ament_cmake_export_include_directories-extras.cmake
[36.546s] -- Symlinking: /home/aansari/Documents/ME439/ME439Team125/install/xarmrob_interfaces/share/xarmrob_interfaces/cmake/ament_cmake_export_libraries-extras.cmake
[36.572s] -- Symlinking: /home/aansari/Documents/ME439/ME439Team125/install/xarmrob_interfaces/share/xarmrob_interfaces/cmake/ament_cmake_export_targets-extras.cmake
[36.598s] -- Symlinking: /home/aansari/Documents/ME439/ME439Team125/install/xarmrob_interfaces/share/xarmrob_interfaces/cmake/rosidl_cmake_export_typesupport_targets-extras.cmake
[36.619s] -- Symlinking: /home/aansari/Documents/ME439/ME439Team125/install/xarmrob_interfaces/share/xarmrob_interfaces/cmake/rosidl_cmake_export_typesupport_libraries-extras.cmake
[36.638s] -- Symlinking: /home/aansari/Documents/ME439/ME439Team125/install/xarmrob_interfaces/share/xarmrob_interfaces/cmake/xarmrob_interfacesConfig.cmake
[36.665s] -- Symlinking: /home/aansari/Documents/ME439/ME439Team125/install/xarmrob_interfaces/share/xarmrob_interfaces/cmake/xarmrob_interfacesConfig-version.cmake
[36.698s] -- Symlinking: /home/aansari/Documents/ME439/ME439Team125/install/xarmrob_interfaces/share/xarmrob_interfaces/package.xml
[36.721s] -- Installing: /home/aansari/Documents/ME439/ME439Team125/install/xarmrob_interfaces/lib/libxarmrob_interfaces__rosidl_generator_c.so
[36.722s] -- Set non-toolchain portion of runtime path of "/home/aansari/Documents/ME439/ME439Team125/install/xarmrob_interfaces/lib/libxarmrob_interfaces__rosidl_generator_c.so" to ""
[36.723s] -- Installing: /home/aansari/Documents/ME439/ME439Team125/install/xarmrob_interfaces/lib/libxarmrob_interfaces__rosidl_typesupport_fastrtps_c.so
[36.726s] -- Set non-toolchain portion of runtime path of "/home/aansari/Documents/ME439/ME439Team125/install/xarmrob_interfaces/lib/libxarmrob_interfaces__rosidl_typesupport_fastrtps_c.so" to ""
[36.728s] -- Installing: /home/aansari/Documents/ME439/ME439Team125/install/xarmrob_interfaces/lib/libxarmrob_interfaces__rosidl_typesupport_fastrtps_cpp.so
[36.729s] -- Set non-toolchain portion of runtime path of "/home/aansari/Documents/ME439/ME439Team125/install/xarmrob_interfaces/lib/libxarmrob_interfaces__rosidl_typesupport_fastrtps_cpp.so" to ""
[36.729s] -- Installing: /home/aansari/Documents/ME439/ME439Team125/install/xarmrob_interfaces/lib/libxarmrob_interfaces__rosidl_typesupport_introspection_c.so
[36.730s] -- Set non-toolchain portion of runtime path of "/home/aansari/Documents/ME439/ME439Team125/install/xarmrob_interfaces/lib/libxarmrob_interfaces__rosidl_typesupport_introspection_c.so" to ""
[36.730s] -- Installing: /home/aansari/Documents/ME439/ME439Team125/install/xarmrob_interfaces/lib/libxarmrob_interfaces__rosidl_typesupport_c.so
[36.732s] -- Set non-toolchain portion of runtime path of "/home/aansari/Documents/ME439/ME439Team125/install/xarmrob_interfaces/lib/libxarmrob_interfaces__rosidl_typesupport_c.so" to ""
[36.733s] -- Installing: /home/aansari/Documents/ME439/ME439Team125/install/xarmrob_interfaces/lib/libxarmrob_interfaces__rosidl_typesupport_introspection_cpp.so
[36.737s] -- Set non-toolchain portion of runtime path of "/home/aansari/Documents/ME439/ME439Team125/install/xarmrob_interfaces/lib/libxarmrob_interfaces__rosidl_typesupport_introspection_cpp.so" to ""
[36.737s] -- Installing: /home/aansari/Documents/ME439/ME439Team125/install/xarmrob_interfaces/lib/libxarmrob_interfaces__rosidl_typesupport_cpp.so
[36.738s] -- Set non-toolchain portion of runtime path of "/home/aansari/Documents/ME439/ME439Team125/install/xarmrob_interfaces/lib/libxarmrob_interfaces__rosidl_typesupport_cpp.so" to ""
[36.951s] Listing '/home/aansari/Documents/ME439/ME439Team125/install/xarmrob_interfaces/lib/python3.12/site-packages/xarmrob_interfaces'...
[36.951s] Compiling '/home/aansari/Documents/ME439/ME439Team125/install/xarmrob_interfaces/lib/python3.12/site-packages/xarmrob_interfaces/__init__.py'...
[36.952s] Listing '/home/aansari/Documents/ME439/ME439Team125/install/xarmrob_interfaces/lib/python3.12/site-packages/xarmrob_interfaces/action'...
[36.952s] Compiling '/home/aansari/Documents/ME439/ME439Team125/install/xarmrob_interfaces/lib/python3.12/site-packages/xarmrob_interfaces/action/__init__.py'...
[36.952s] Compiling '/home/aansari/Documents/ME439/ME439Team125/install/xarmrob_interfaces/lib/python3.12/site-packages/xarmrob_interfaces/action/_me439_move_to_target.py'...
[36.952s] Compiling '/home/aansari/Documents/ME439/ME439Team125/install/xarmrob_interfaces/lib/python3.12/site-packages/xarmrob_interfaces/action/_operate_gripper.py'...
[36.952s] Listing '/home/aansari/Documents/ME439/ME439Team125/install/xarmrob_interfaces/lib/python3.12/site-packages/xarmrob_interfaces/msg'...
[36.953s] Compiling '/home/aansari/Documents/ME439/ME439Team125/install/xarmrob_interfaces/lib/python3.12/site-packages/xarmrob_interfaces/msg/__init__.py'...
[36.953s] Compiling '/home/aansari/Documents/ME439/ME439Team125/install/xarmrob_interfaces/lib/python3.12/site-packages/xarmrob_interfaces/msg/_me439_gripper_command.py'...
[36.953s] Compiling '/home/aansari/Documents/ME439/ME439Team125/install/xarmrob_interfaces/lib/python3.12/site-packages/xarmrob_interfaces/msg/_me439_joint_command.py'...
[36.953s] Compiling '/home/aansari/Documents/ME439/ME439Team125/install/xarmrob_interfaces/lib/python3.12/site-packages/xarmrob_interfaces/msg/_me439_joint_location.py'...
[36.953s] Compiling '/home/aansari/Documents/ME439/ME439Team125/install/xarmrob_interfaces/lib/python3.12/site-packages/xarmrob_interfaces/msg/_me439_point_xyz.py'...
[36.954s] Listing '/home/aansari/Documents/ME439/ME439Team125/install/xarmrob_interfaces/lib/python3.12/site-packages/xarmrob_interfaces/srv'...
[36.954s] Compiling '/home/aansari/Documents/ME439/ME439Team125/install/xarmrob_interfaces/lib/python3.12/site-packages/xarmrob_interfaces/srv/__init__.py'...
[36.954s] Compiling '/home/aansari/Documents/ME439/ME439Team125/install/xarmrob_interfaces/lib/python3.12/site-packages/xarmrob_interfaces/srv/_me439_x_arm_forward_kinematics.py'...
[36.954s] Compiling '/home/aansari/Documents/ME439/ME439Team125/install/xarmrob_interfaces/lib/python3.12/site-packages/xarmrob_interfaces/srv/_me439_x_arm_inverse_kinematics.py'...
[36.970s] -- Installing: /home/aansari/Documents/ME439/ME439Team125/install/xarmrob_interfaces/lib/libxarmrob_interfaces__rosidl_generator_py.so
[36.972s] -- Set non-toolchain portion of runtime path of "/home/aansari/Documents/ME439/ME439Team125/install/xarmrob_interfaces/lib/libxarmrob_interfaces__rosidl_generator_py.so" to ""
[36.976s] -- Installing: /home/aansari/Documents/ME439/ME439Team125/install/xarmrob_interfaces/share/xarmrob_interfaces/cmake/export_xarmrob_interfaces__rosidl_generator_cExport.cmake
[36.976s] -- Installing: /home/aansari/Documents/ME439/ME439Team125/install/xarmrob_interfaces/share/xarmrob_interfaces/cmake/export_xarmrob_interfaces__rosidl_generator_cExport-noconfig.cmake
[36.976s] -- Installing: /home/aansari/Documents/ME439/ME439Team125/install/xarmrob_interfaces/share/xarmrob_interfaces/cmake/export_xarmrob_interfaces__rosidl_typesupport_fastrtps_cExport.cmake
[36.977s] -- Installing: /home/aansari/Documents/ME439/ME439Team125/install/xarmrob_interfaces/share/xarmrob_interfaces/cmake/export_xarmrob_interfaces__rosidl_typesupport_fastrtps_cExport-noconfig.cmake
[36.977s] -- Installing: /home/aansari/Documents/ME439/ME439Team125/install/xarmrob_interfaces/share/xarmrob_interfaces/cmake/export_xarmrob_interfaces__rosidl_generator_cppExport.cmake
[36.977s] -- Installing: /home/aansari/Documents/ME439/ME439Team125/install/xarmrob_interfaces/share/xarmrob_interfaces/cmake/export_xarmrob_interfaces__rosidl_typesupport_fastrtps_cppExport.cmake
[36.977s] -- Installing: /home/aansari/Documents/ME439/ME439Team125/install/xarmrob_interfaces/share/xarmrob_interfaces/cmake/export_xarmrob_interfaces__rosidl_typesupport_fastrtps_cppExport-noconfig.cmake
[36.978s] -- Installing: /home/aansari/Documents/ME439/ME439Team125/install/xarmrob_interfaces/share/xarmrob_interfaces/cmake/xarmrob_interfaces__rosidl_typesupport_introspection_cExport.cmake
[36.981s] -- Installing: /home/aansari/Documents/ME439/ME439Team125/install/xarmrob_interfaces/share/xarmrob_interfaces/cmake/xarmrob_interfaces__rosidl_typesupport_introspection_cExport-noconfig.cmake
[36.981s] -- Installing: /home/aansari/Documents/ME439/ME439Team125/install/xarmrob_interfaces/share/xarmrob_interfaces/cmake/xarmrob_interfaces__rosidl_typesupport_cExport.cmake
[36.982s] -- Installing: /home/aansari/Documents/ME439/ME439Team125/install/xarmrob_interfaces/share/xarmrob_interfaces/cmake/xarmrob_interfaces__rosidl_typesupport_cExport-noconfig.cmake
[36.984s] -- Installing: /home/aansari/Documents/ME439/ME439Team125/install/xarmrob_interfaces/share/xarmrob_interfaces/cmake/xarmrob_interfaces__rosidl_typesupport_introspection_cppExport.cmake
[36.984s] -- Installing: /home/aansari/Documents/ME439/ME439Team125/install/xarmrob_interfaces/share/xarmrob_interfaces/cmake/xarmrob_interfaces__rosidl_typesupport_introspection_cppExport-noconfig.cmake
[36.984s] -- Installing: /home/aansari/Documents/ME439/ME439Team125/install/xarmrob_interfaces/share/xarmrob_interfaces/cmake/xarmrob_interfaces__rosidl_typesupport_cppExport.cmake
[36.985s] -- Installing: /home/aansari/Documents/ME439/ME439Team125/install/xarmrob_interfaces/share/xarmrob_interfaces/cmake/xarmrob_interfaces__rosidl_typesupport_cppExport-noconfig.cmake
[36.985s] -- Installing: /home/aansari/Documents/ME439/ME439Team125/install/xarmrob_interfaces/share/xarmrob_interfaces/cmake/export_xarmrob_interfaces__rosidl_generator_pyExport.cmake
[36.985s] -- Installing: /home/aansari/Documents/ME439/ME439Team125/install/xarmrob_interfaces/share/xarmrob_interfaces/cmake/export_xarmrob_interfaces__rosidl_generator_pyExport-noconfig.cmake
[36.989s] Invoked command in '/home/aansari/Documents/ME439/ME439Team125/build/xarmrob_interfaces' returned '0': CMAKE_PREFIX_PATH=${CMAKE_PREFIX_PATH}:/home/aansari/Documents/ME439/ME439Team125/install/xarmrob:/home/aansari/Documents/ME439/ME439Team125/install/finalproj125:/home/aansari/ros2_prac/install/xarmrob:/home/aansari/ros2_prac/install/mobrob:/opt/ros/jazzy DEBUGINFOD_URLS=https://debuginfod.ubuntu.com /usr/bin/cmake --install /home/aansari/Documents/ME439/ME439Team125/build/xarmrob_interfaces
