[0.016s] Invoking command in '/home/aansari/Documents/ME439/ME439Team125/build/xarmrob_interfaces': CMAKE_PREFIX_PATH=${CMAKE_PREFIX_PATH}:/home/aansari/Documents/ME439/ME439Team125/install/xarmrob:/home/aansari/ros2_prac/install/xarmrob:/home/aansari/ros2_prac/install/mobrob:/opt/ros/jazzy DEBUGINFOD_URLS=https://debuginfod.ubuntu.com /usr/bin/cmake --build /home/aansari/Documents/ME439/ME439Team125/build/xarmrob_interfaces -- -j4 -l4
[0.082s] [  1%] Built target xarmrob_interfaces__rosidl_generator_type_description
[0.094s] [  1%] Built target ament_cmake_python_symlink_xarmrob_interfaces
[0.121s] [  1%] Built target xarmrob_interfaces__cpp
[0.137s] [ 26%] Built target xarmrob_interfaces__rosidl_generator_c
[0.205s] [ 36%] Built target xarmrob_interfaces__rosidl_typesupport_fastrtps_c
[0.220s] [ 46%] Built target xarmrob_interfaces__rosidl_typesupport_fastrtps_cpp
[0.225s] [ 55%] Built target xarmrob_interfaces__rosidl_typesupport_cpp
[0.268s] [ 64%] Built target xarmrob_interfaces__rosidl_typesupport_introspection_c
[0.275s] [ 74%] Built target xarmrob_interfaces__rosidl_typesupport_c
[0.299s] [ 84%] Built target xarmrob_interfaces__rosidl_typesupport_introspection_cpp
[0.325s] [ 84%] Built target xarmrob_interfaces
[0.351s] [ 85%] Built target xarmrob_interfaces__py
[0.393s] [ 94%] Built target xarmrob_interfaces__rosidl_generator_py
[0.450s] [ 96%] Built target xarmrob_interfaces_s__rosidl_typesupport_fastrtps_c
[0.462s] [ 98%] Built target xarmrob_interfaces_s__rosidl_typesupport_introspection_c
[0.464s] [100%] Built target xarmrob_interfaces_s__rosidl_typesupport_c
[0.695s] running egg_info
[0.729s] writing xarmrob_interfaces.egg-info/PKG-INFO
[0.729s] writing dependency_links to xarmrob_interfaces.egg-info/dependency_links.txt
[0.730s] writing top-level names to xarmrob_interfaces.egg-info/top_level.txt
[0.826s] reading manifest file 'xarmrob_interfaces.egg-info/SOURCES.txt'
[0.827s] writing manifest file 'xarmrob_interfaces.egg-info/SOURCES.txt'
[0.869s] [100%] Built target ament_cmake_python_build_xarmrob_interfaces_egg
[0.884s] Invoked command in '/home/aansari/Documents/ME439/ME439Team125/build/xarmrob_interfaces' returned '0': CMAKE_PREFIX_PATH=${CMAKE_PREFIX_PATH}:/home/aansari/Documents/ME439/ME439Team125/install/xarmrob:/home/aansari/ros2_prac/install/xarmrob:/home/aansari/ros2_prac/install/mobrob:/opt/ros/jazzy DEBUGINFOD_URLS=https://debuginfod.ubuntu.com /usr/bin/cmake --build /home/aansari/Documents/ME439/ME439Team125/build/xarmrob_interfaces -- -j4 -l4
[0.896s] Invoking command in '/home/aansari/Documents/ME439/ME439Team125/build/xarmrob_interfaces': CMAKE_PREFIX_PATH=${CMAKE_PREFIX_PATH}:/home/aansari/Documents/ME439/ME439Team125/install/xarmrob:/home/aansari/ros2_prac/install/xarmrob:/home/aansari/ros2_prac/install/mobrob:/opt/ros/jazzy DEBUGINFOD_URLS=https://debuginfod.ubuntu.com /usr/bin/cmake --install /home/aansari/Documents/ME439/ME439Team125/build/xarmrob_interfaces
[0.907s] -- Install configuration: ""
[0.907s] -- Execute custom install script
[0.908s] -- Up-to-date symlink: /home/aansari/Documents/ME439/ME439Team125/install/xarmrob_interfaces/share/ament_index/resource_index/rosidl_interfaces/xarmrob_interfaces
[0.908s] -- Up-to-date symlink: /home/aansari/Documents/ME439/ME439Team125/install/xarmrob_interfaces/share/xarmrob_interfaces/msg/ME439JointCommand.json
[0.908s] -- Up-to-date symlink: /home/aansari/Documents/ME439/ME439Team125/install/xarmrob_interfaces/share/xarmrob_interfaces/msg/ME439GripperCommand.json
[0.909s] -- Up-to-date symlink: /home/aansari/Documents/ME439/ME439Team125/install/xarmrob_interfaces/share/xarmrob_interfaces/msg/ME439JointLocation.json
[0.909s] -- Up-to-date symlink: /home/aansari/Documents/ME439/ME439Team125/install/xarmrob_interfaces/share/xarmrob_interfaces/msg/ME439PointXYZ.json
[0.909s] -- Up-to-date symlink: /home/aansari/Documents/ME439/ME439Team125/install/xarmrob_interfaces/share/xarmrob_interfaces/action/ME439MoveToTarget.json
[0.909s] -- Up-to-date symlink: /home/aansari/Documents/ME439/ME439Team125/install/xarmrob_interfaces/share/xarmrob_interfaces/action/OperateGripper.json
[0.910s] -- Up-to-date symlink: /home/aansari/Documents/ME439/ME439Team125/install/xarmrob_interfaces/share/xarmrob_interfaces/srv/ME439XArmForwardKinematics.json
[0.910s] -- Up-to-date symlink: /home/aansari/Documents/ME439/ME439Team125/install/xarmrob_interfaces/share/xarmrob_interfaces/srv/ME439XArmInverseKinematics.json
[0.911s] -- Up-to-date symlink: /home/aansari/Documents/ME439/ME439Team125/install/xarmrob_interfaces/include/xarmrob_interfaces/xarmrob_interfaces/action/detail/me439_move_to_target__functions.h
[0.911s] -- Up-to-date symlink: /home/aansari/Documents/ME439/ME439Team125/install/xarmrob_interfaces/include/xarmrob_interfaces/xarmrob_interfaces/action/detail/me439_move_to_target__struct.h
[0.911s] -- Up-to-date symlink: /home/aansari/Documents/ME439/ME439Team125/install/xarmrob_interfaces/include/xarmrob_interfaces/xarmrob_interfaces/action/detail/me439_move_to_target__type_support.h
[0.912s] -- Up-to-date symlink: /home/aansari/Documents/ME439/ME439Team125/install/xarmrob_interfaces/include/xarmrob_interfaces/xarmrob_interfaces/action/detail/operate_gripper__functions.h
[0.912s] -- Up-to-date symlink: /home/aansari/Documents/ME439/ME439Team125/install/xarmrob_interfaces/include/xarmrob_interfaces/xarmrob_interfaces/action/detail/operate_gripper__struct.h
[0.912s] -- Up-to-date symlink: /home/aansari/Documents/ME439/ME439Team125/install/xarmrob_interfaces/include/xarmrob_interfaces/xarmrob_interfaces/action/detail/operate_gripper__type_support.h
[0.912s] -- Up-to-date symlink: /home/aansari/Documents/ME439/ME439Team125/install/xarmrob_interfaces/include/xarmrob_interfaces/xarmrob_interfaces/action/me439_move_to_target.h
[0.913s] -- Up-to-date symlink: /home/aansari/Documents/ME439/ME439Team125/install/xarmrob_interfaces/include/xarmrob_interfaces/xarmrob_interfaces/action/operate_gripper.h
[0.913s] -- Up-to-date symlink: /home/aansari/Documents/ME439/ME439Team125/install/xarmrob_interfaces/include/xarmrob_interfaces/xarmrob_interfaces/msg/detail/me439_gripper_command__functions.h
[0.913s] -- Up-to-date symlink: /home/aansari/Documents/ME439/ME439Team125/install/xarmrob_interfaces/include/xarmrob_interfaces/xarmrob_interfaces/msg/detail/me439_gripper_command__struct.h
[0.914s] -- Up-to-date symlink: /home/aansari/Documents/ME439/ME439Team125/install/xarmrob_interfaces/include/xarmrob_interfaces/xarmrob_interfaces/msg/detail/me439_gripper_command__type_support.h
[0.914s] -- Up-to-date symlink: /home/aansari/Documents/ME439/ME439Team125/install/xarmrob_interfaces/include/xarmrob_interfaces/xarmrob_interfaces/msg/detail/me439_joint_command__functions.h
[0.915s] -- Up-to-date symlink: /home/aansari/Documents/ME439/ME439Team125/install/xarmrob_interfaces/include/xarmrob_interfaces/xarmrob_interfaces/msg/detail/me439_joint_command__struct.h
[0.915s] -- Up-to-date symlink: /home/aansari/Documents/ME439/ME439Team125/install/xarmrob_interfaces/include/xarmrob_interfaces/xarmrob_interfaces/msg/detail/me439_joint_command__type_support.h
[0.916s] -- Up-to-date symlink: /home/aansari/Documents/ME439/ME439Team125/install/xarmrob_interfaces/include/xarmrob_interfaces/xarmrob_interfaces/msg/detail/me439_joint_location__functions.h
[0.918s] -- Up-to-date symlink: /home/aansari/Documents/ME439/ME439Team125/install/xarmrob_interfaces/include/xarmrob_interfaces/xarmrob_interfaces/msg/detail/me439_joint_location__struct.h
[0.919s] -- Up-to-date symlink: /home/aansari/Documents/ME439/ME439Team125/install/xarmrob_interfaces/include/xarmrob_interfaces/xarmrob_interfaces/msg/detail/me439_joint_location__type_support.h
[0.920s] -- Up-to-date symlink: /home/aansari/Documents/ME439/ME439Team125/install/xarmrob_interfaces/include/xarmrob_interfaces/xarmrob_interfaces/msg/detail/me439_point_xyz__functions.h
[0.920s] -- Up-to-date symlink: /home/aansari/Documents/ME439/ME439Team125/install/xarmrob_interfaces/include/xarmrob_interfaces/xarmrob_interfaces/msg/detail/me439_point_xyz__struct.h
[0.920s] -- Up-to-date symlink: /home/aansari/Documents/ME439/ME439Team125/install/xarmrob_interfaces/include/xarmrob_interfaces/xarmrob_interfaces/msg/detail/me439_point_xyz__type_support.h
[0.920s] -- Up-to-date symlink: /home/aansari/Documents/ME439/ME439Team125/install/xarmrob_interfaces/include/xarmrob_interfaces/xarmrob_interfaces/msg/me439_gripper_command.h
[0.921s] -- Up-to-date symlink: /home/aansari/Documents/ME439/ME439Team125/install/xarmrob_interfaces/include/xarmrob_interfaces/xarmrob_interfaces/msg/me439_joint_command.h
[0.921s] -- Up-to-date symlink: /home/aansari/Documents/ME439/ME439Team125/install/xarmrob_interfaces/include/xarmrob_interfaces/xarmrob_interfaces/msg/me439_joint_location.h
[0.921s] -- Up-to-date symlink: /home/aansari/Documents/ME439/ME439Team125/install/xarmrob_interfaces/include/xarmrob_interfaces/xarmrob_interfaces/msg/me439_point_xyz.h
[0.921s] -- Up-to-date symlink: /home/aansari/Documents/ME439/ME439Team125/install/xarmrob_interfaces/include/xarmrob_interfaces/xarmrob_interfaces/msg/rosidl_generator_c__visibility_control.h
[0.922s] -- Up-to-date symlink: /home/aansari/Documents/ME439/ME439Team125/install/xarmrob_interfaces/include/xarmrob_interfaces/xarmrob_interfaces/srv/detail/me439_x_arm_forward_kinematics__functions.h
[0.922s] -- Up-to-date symlink: /home/aansari/Documents/ME439/ME439Team125/install/xarmrob_interfaces/include/xarmrob_interfaces/xarmrob_interfaces/srv/detail/me439_x_arm_forward_kinematics__struct.h
[0.922s] -- Up-to-date symlink: /home/aansari/Documents/ME439/ME439Team125/install/xarmrob_interfaces/include/xarmrob_interfaces/xarmrob_interfaces/srv/detail/me439_x_arm_forward_kinematics__type_support.h
[0.922s] -- Up-to-date symlink: /home/aansari/Documents/ME439/ME439Team125/install/xarmrob_interfaces/include/xarmrob_interfaces/xarmrob_interfaces/srv/detail/me439_x_arm_inverse_kinematics__functions.h
[0.922s] -- Up-to-date symlink: /home/aansari/Documents/ME439/ME439Team125/install/xarmrob_interfaces/include/xarmrob_interfaces/xarmrob_interfaces/srv/detail/me439_x_arm_inverse_kinematics__struct.h
[0.923s] -- Up-to-date symlink: /home/aansari/Documents/ME439/ME439Team125/install/xarmrob_interfaces/include/xarmrob_interfaces/xarmrob_interfaces/srv/detail/me439_x_arm_inverse_kinematics__type_support.h
[0.923s] -- Up-to-date symlink: /home/aansari/Documents/ME439/ME439Team125/install/xarmrob_interfaces/include/xarmrob_interfaces/xarmrob_interfaces/srv/me439_x_arm_forward_kinematics.h
[0.923s] -- Up-to-date symlink: /home/aansari/Documents/ME439/ME439Team125/install/xarmrob_interfaces/include/xarmrob_interfaces/xarmrob_interfaces/srv/me439_x_arm_inverse_kinematics.h
[0.923s] -- Up-to-date symlink: /home/aansari/Documents/ME439/ME439Team125/install/xarmrob_interfaces/share/xarmrob_interfaces/environment/library_path.sh
[0.923s] -- Up-to-date symlink: /home/aansari/Documents/ME439/ME439Team125/install/xarmrob_interfaces/share/xarmrob_interfaces/environment/library_path.dsv
[0.924s] -- Up-to-date symlink: /home/aansari/Documents/ME439/ME439Team125/install/xarmrob_interfaces/include/xarmrob_interfaces/xarmrob_interfaces/action/detail/me439_move_to_target__rosidl_typesupport_fastrtps_c.h
[0.924s] -- Up-to-date symlink: /home/aansari/Documents/ME439/ME439Team125/install/xarmrob_interfaces/include/xarmrob_interfaces/xarmrob_interfaces/action/detail/operate_gripper__rosidl_typesupport_fastrtps_c.h
[0.924s] -- Up-to-date symlink: /home/aansari/Documents/ME439/ME439Team125/install/xarmrob_interfaces/include/xarmrob_interfaces/xarmrob_interfaces/msg/detail/me439_gripper_command__rosidl_typesupport_fastrtps_c.h
[0.925s] -- Up-to-date symlink: /home/aansari/Documents/ME439/ME439Team125/install/xarmrob_interfaces/include/xarmrob_interfaces/xarmrob_interfaces/msg/detail/me439_joint_command__rosidl_typesupport_fastrtps_c.h
[0.925s] -- Up-to-date symlink: /home/aansari/Documents/ME439/ME439Team125/install/xarmrob_interfaces/include/xarmrob_interfaces/xarmrob_interfaces/msg/detail/me439_joint_location__rosidl_typesupport_fastrtps_c.h
[0.925s] -- Up-to-date symlink: /home/aansari/Documents/ME439/ME439Team125/install/xarmrob_interfaces/include/xarmrob_interfaces/xarmrob_interfaces/msg/detail/me439_point_xyz__rosidl_typesupport_fastrtps_c.h
[0.925s] -- Up-to-date symlink: /home/aansari/Documents/ME439/ME439Team125/install/xarmrob_interfaces/include/xarmrob_interfaces/xarmrob_interfaces/msg/rosidl_typesupport_fastrtps_c__visibility_control.h
[0.926s] -- Up-to-date symlink: /home/aansari/Documents/ME439/ME439Team125/install/xarmrob_interfaces/include/xarmrob_interfaces/xarmrob_interfaces/srv/detail/me439_x_arm_forward_kinematics__rosidl_typesupport_fastrtps_c.h
[0.926s] -- Up-to-date symlink: /home/aansari/Documents/ME439/ME439Team125/install/xarmrob_interfaces/include/xarmrob_interfaces/xarmrob_interfaces/srv/detail/me439_x_arm_inverse_kinematics__rosidl_typesupport_fastrtps_c.h
[0.927s] -- Up-to-date symlink: /home/aansari/Documents/ME439/ME439Team125/install/xarmrob_interfaces/include/xarmrob_interfaces/xarmrob_interfaces/action/detail/me439_move_to_target__builder.hpp
[0.927s] -- Up-to-date symlink: /home/aansari/Documents/ME439/ME439Team125/install/xarmrob_interfaces/include/xarmrob_interfaces/xarmrob_interfaces/action/detail/me439_move_to_target__struct.hpp
[0.927s] -- Up-to-date symlink: /home/aansari/Documents/ME439/ME439Team125/install/xarmrob_interfaces/include/xarmrob_interfaces/xarmrob_interfaces/action/detail/me439_move_to_target__traits.hpp
[0.928s] -- Up-to-date symlink: /home/aansari/Documents/ME439/ME439Team125/install/xarmrob_interfaces/include/xarmrob_interfaces/xarmrob_interfaces/action/detail/me439_move_to_target__type_support.hpp
[0.928s] -- Up-to-date symlink: /home/aansari/Documents/ME439/ME439Team125/install/xarmrob_interfaces/include/xarmrob_interfaces/xarmrob_interfaces/action/detail/operate_gripper__builder.hpp
[0.928s] -- Up-to-date symlink: /home/aansari/Documents/ME439/ME439Team125/install/xarmrob_interfaces/include/xarmrob_interfaces/xarmrob_interfaces/action/detail/operate_gripper__struct.hpp
[0.929s] -- Up-to-date symlink: /home/aansari/Documents/ME439/ME439Team125/install/xarmrob_interfaces/include/xarmrob_interfaces/xarmrob_interfaces/action/detail/operate_gripper__traits.hpp
[0.929s] -- Up-to-date symlink: /home/aansari/Documents/ME439/ME439Team125/install/xarmrob_interfaces/include/xarmrob_interfaces/xarmrob_interfaces/action/detail/operate_gripper__type_support.hpp
[0.929s] -- Up-to-date symlink: /home/aansari/Documents/ME439/ME439Team125/install/xarmrob_interfaces/include/xarmrob_interfaces/xarmrob_interfaces/action/me439_move_to_target.hpp
[0.929s] -- Up-to-date symlink: /home/aansari/Documents/ME439/ME439Team125/install/xarmrob_interfaces/include/xarmrob_interfaces/xarmrob_interfaces/action/operate_gripper.hpp
[0.930s] -- Up-to-date symlink: /home/aansari/Documents/ME439/ME439Team125/install/xarmrob_interfaces/include/xarmrob_interfaces/xarmrob_interfaces/msg/detail/me439_gripper_command__builder.hpp
[0.930s] -- Up-to-date symlink: /home/aansari/Documents/ME439/ME439Team125/install/xarmrob_interfaces/include/xarmrob_interfaces/xarmrob_interfaces/msg/detail/me439_gripper_command__struct.hpp
[0.930s] -- Up-to-date symlink: /home/aansari/Documents/ME439/ME439Team125/install/xarmrob_interfaces/include/xarmrob_interfaces/xarmrob_interfaces/msg/detail/me439_gripper_command__traits.hpp
[0.930s] -- Up-to-date symlink: /home/aansari/Documents/ME439/ME439Team125/install/xarmrob_interfaces/include/xarmrob_interfaces/xarmrob_interfaces/msg/detail/me439_gripper_command__type_support.hpp
[0.931s] -- Up-to-date symlink: /home/aansari/Documents/ME439/ME439Team125/install/xarmrob_interfaces/include/xarmrob_interfaces/xarmrob_interfaces/msg/detail/me439_joint_command__builder.hpp
[0.931s] -- Up-to-date symlink: /home/aansari/Documents/ME439/ME439Team125/install/xarmrob_interfaces/include/xarmrob_interfaces/xarmrob_interfaces/msg/detail/me439_joint_command__struct.hpp
[0.931s] -- Up-to-date symlink: /home/aansari/Documents/ME439/ME439Team125/install/xarmrob_interfaces/include/xarmrob_interfaces/xarmrob_interfaces/msg/detail/me439_joint_command__traits.hpp
[0.931s] -- Up-to-date symlink: /home/aansari/Documents/ME439/ME439Team125/install/xarmrob_interfaces/include/xarmrob_interfaces/xarmrob_interfaces/msg/detail/me439_joint_command__type_support.hpp
[0.931s] -- Up-to-date symlink: /home/aansari/Documents/ME439/ME439Team125/install/xarmrob_interfaces/include/xarmrob_interfaces/xarmrob_interfaces/msg/detail/me439_joint_location__builder.hpp
[0.932s] -- Up-to-date symlink: /home/aansari/Documents/ME439/ME439Team125/install/xarmrob_interfaces/include/xarmrob_interfaces/xarmrob_interfaces/msg/detail/me439_joint_location__struct.hpp
[0.932s] -- Up-to-date symlink: /home/aansari/Documents/ME439/ME439Team125/install/xarmrob_interfaces/include/xarmrob_interfaces/xarmrob_interfaces/msg/detail/me439_joint_location__traits.hpp
[0.932s] -- Up-to-date symlink: /home/aansari/Documents/ME439/ME439Team125/install/xarmrob_interfaces/include/xarmrob_interfaces/xarmrob_interfaces/msg/detail/me439_joint_location__type_support.hpp
[0.932s] -- Up-to-date symlink: /home/aansari/Documents/ME439/ME439Team125/install/xarmrob_interfaces/include/xarmrob_interfaces/xarmrob_interfaces/msg/detail/me439_point_xyz__builder.hpp
[0.933s] -- Up-to-date symlink: /home/aansari/Documents/ME439/ME439Team125/install/xarmrob_interfaces/include/xarmrob_interfaces/xarmrob_interfaces/msg/detail/me439_point_xyz__struct.hpp
[0.933s] -- Up-to-date symlink: /home/aansari/Documents/ME439/ME439Team125/install/xarmrob_interfaces/include/xarmrob_interfaces/xarmrob_interfaces/msg/detail/me439_point_xyz__traits.hpp
[0.933s] -- Up-to-date symlink: /home/aansari/Documents/ME439/ME439Team125/install/xarmrob_interfaces/include/xarmrob_interfaces/xarmrob_interfaces/msg/detail/me439_point_xyz__type_support.hpp
[0.933s] -- Up-to-date symlink: /home/aansari/Documents/ME439/ME439Team125/install/xarmrob_interfaces/include/xarmrob_interfaces/xarmrob_interfaces/msg/me439_gripper_command.hpp
[0.933s] -- Up-to-date symlink: /home/aansari/Documents/ME439/ME439Team125/install/xarmrob_interfaces/include/xarmrob_interfaces/xarmrob_interfaces/msg/me439_joint_command.hpp
[0.934s] -- Up-to-date symlink: /home/aansari/Documents/ME439/ME439Team125/install/xarmrob_interfaces/include/xarmrob_interfaces/xarmrob_interfaces/msg/me439_joint_location.hpp
[0.934s] -- Up-to-date symlink: /home/aansari/Documents/ME439/ME439Team125/install/xarmrob_interfaces/include/xarmrob_interfaces/xarmrob_interfaces/msg/me439_point_xyz.hpp
[0.934s] -- Up-to-date symlink: /home/aansari/Documents/ME439/ME439Team125/install/xarmrob_interfaces/include/xarmrob_interfaces/xarmrob_interfaces/msg/rosidl_generator_cpp__visibility_control.hpp
[0.934s] -- Up-to-date symlink: /home/aansari/Documents/ME439/ME439Team125/install/xarmrob_interfaces/include/xarmrob_interfaces/xarmrob_interfaces/srv/detail/me439_x_arm_forward_kinematics__builder.hpp
[0.934s] -- Up-to-date symlink: /home/aansari/Documents/ME439/ME439Team125/install/xarmrob_interfaces/include/xarmrob_interfaces/xarmrob_interfaces/srv/detail/me439_x_arm_forward_kinematics__struct.hpp
[0.935s] -- Up-to-date symlink: /home/aansari/Documents/ME439/ME439Team125/install/xarmrob_interfaces/include/xarmrob_interfaces/xarmrob_interfaces/srv/detail/me439_x_arm_forward_kinematics__traits.hpp
[0.935s] -- Up-to-date symlink: /home/aansari/Documents/ME439/ME439Team125/install/xarmrob_interfaces/include/xarmrob_interfaces/xarmrob_interfaces/srv/detail/me439_x_arm_forward_kinematics__type_support.hpp
[0.935s] -- Up-to-date symlink: /home/aansari/Documents/ME439/ME439Team125/install/xarmrob_interfaces/include/xarmrob_interfaces/xarmrob_interfaces/srv/detail/me439_x_arm_inverse_kinematics__builder.hpp
[0.935s] -- Up-to-date symlink: /home/aansari/Documents/ME439/ME439Team125/install/xarmrob_interfaces/include/xarmrob_interfaces/xarmrob_interfaces/srv/detail/me439_x_arm_inverse_kinematics__struct.hpp
[0.936s] -- Up-to-date symlink: /home/aansari/Documents/ME439/ME439Team125/install/xarmrob_interfaces/include/xarmrob_interfaces/xarmrob_interfaces/srv/detail/me439_x_arm_inverse_kinematics__traits.hpp
[0.936s] -- Up-to-date symlink: /home/aansari/Documents/ME439/ME439Team125/install/xarmrob_interfaces/include/xarmrob_interfaces/xarmrob_interfaces/srv/detail/me439_x_arm_inverse_kinematics__type_support.hpp
[0.936s] -- Up-to-date symlink: /home/aansari/Documents/ME439/ME439Team125/install/xarmrob_interfaces/include/xarmrob_interfaces/xarmrob_interfaces/srv/me439_x_arm_forward_kinematics.hpp
[0.936s] -- Up-to-date symlink: /home/aansari/Documents/ME439/ME439Team125/install/xarmrob_interfaces/include/xarmrob_interfaces/xarmrob_interfaces/srv/me439_x_arm_inverse_kinematics.hpp
[0.937s] -- Up-to-date symlink: /home/aansari/Documents/ME439/ME439Team125/install/xarmrob_interfaces/include/xarmrob_interfaces/xarmrob_interfaces/action/detail/me439_move_to_target__rosidl_typesupport_fastrtps_cpp.hpp
[0.937s] -- Up-to-date symlink: /home/aansari/Documents/ME439/ME439Team125/install/xarmrob_interfaces/include/xarmrob_interfaces/xarmrob_interfaces/action/detail/operate_gripper__rosidl_typesupport_fastrtps_cpp.hpp
[0.937s] -- Up-to-date symlink: /home/aansari/Documents/ME439/ME439Team125/install/xarmrob_interfaces/include/xarmrob_interfaces/xarmrob_interfaces/msg/detail/me439_gripper_command__rosidl_typesupport_fastrtps_cpp.hpp
[0.938s] -- Up-to-date symlink: /home/aansari/Documents/ME439/ME439Team125/install/xarmrob_interfaces/include/xarmrob_interfaces/xarmrob_interfaces/msg/detail/me439_joint_command__rosidl_typesupport_fastrtps_cpp.hpp
[0.938s] -- Up-to-date symlink: /home/aansari/Documents/ME439/ME439Team125/install/xarmrob_interfaces/include/xarmrob_interfaces/xarmrob_interfaces/msg/detail/me439_joint_location__rosidl_typesupport_fastrtps_cpp.hpp
[0.938s] -- Up-to-date symlink: /home/aansari/Documents/ME439/ME439Team125/install/xarmrob_interfaces/include/xarmrob_interfaces/xarmrob_interfaces/msg/detail/me439_point_xyz__rosidl_typesupport_fastrtps_cpp.hpp
[0.938s] -- Up-to-date symlink: /home/aansari/Documents/ME439/ME439Team125/install/xarmrob_interfaces/include/xarmrob_interfaces/xarmrob_interfaces/msg/rosidl_typesupport_fastrtps_cpp__visibility_control.h
[0.939s] -- Up-to-date symlink: /home/aansari/Documents/ME439/ME439Team125/install/xarmrob_interfaces/include/xarmrob_interfaces/xarmrob_interfaces/srv/detail/me439_x_arm_forward_kinematics__rosidl_typesupport_fastrtps_cpp.hpp
[0.939s] -- Up-to-date symlink: /home/aansari/Documents/ME439/ME439Team125/install/xarmrob_interfaces/include/xarmrob_interfaces/xarmrob_interfaces/srv/detail/me439_x_arm_inverse_kinematics__rosidl_typesupport_fastrtps_cpp.hpp
[0.939s] -- Up-to-date symlink: /home/aansari/Documents/ME439/ME439Team125/install/xarmrob_interfaces/include/xarmrob_interfaces/xarmrob_interfaces/action/detail/me439_move_to_target__rosidl_typesupport_introspection_c.h
[0.940s] -- Up-to-date symlink: /home/aansari/Documents/ME439/ME439Team125/install/xarmrob_interfaces/include/xarmrob_interfaces/xarmrob_interfaces/action/detail/operate_gripper__rosidl_typesupport_introspection_c.h
[0.940s] -- Up-to-date symlink: /home/aansari/Documents/ME439/ME439Team125/install/xarmrob_interfaces/include/xarmrob_interfaces/xarmrob_interfaces/msg/detail/me439_gripper_command__rosidl_typesupport_introspection_c.h
[0.940s] -- Up-to-date symlink: /home/aansari/Documents/ME439/ME439Team125/install/xarmrob_interfaces/include/xarmrob_interfaces/xarmrob_interfaces/msg/detail/me439_joint_command__rosidl_typesupport_introspection_c.h
[0.940s] -- Up-to-date symlink: /home/aansari/Documents/ME439/ME439Team125/install/xarmrob_interfaces/include/xarmrob_interfaces/xarmrob_interfaces/msg/detail/me439_joint_location__rosidl_typesupport_introspection_c.h
[0.940s] -- Up-to-date symlink: /home/aansari/Documents/ME439/ME439Team125/install/xarmrob_interfaces/include/xarmrob_interfaces/xarmrob_interfaces/msg/detail/me439_point_xyz__rosidl_typesupport_introspection_c.h
[0.941s] -- Up-to-date symlink: /home/aansari/Documents/ME439/ME439Team125/install/xarmrob_interfaces/include/xarmrob_interfaces/xarmrob_interfaces/msg/rosidl_typesupport_introspection_c__visibility_control.h
[0.941s] -- Up-to-date symlink: /home/aansari/Documents/ME439/ME439Team125/install/xarmrob_interfaces/include/xarmrob_interfaces/xarmrob_interfaces/srv/detail/me439_x_arm_forward_kinematics__rosidl_typesupport_introspection_c.h
[0.941s] -- Up-to-date symlink: /home/aansari/Documents/ME439/ME439Team125/install/xarmrob_interfaces/include/xarmrob_interfaces/xarmrob_interfaces/srv/detail/me439_x_arm_inverse_kinematics__rosidl_typesupport_introspection_c.h
[0.942s] -- Up-to-date symlink: /home/aansari/Documents/ME439/ME439Team125/install/xarmrob_interfaces/include/xarmrob_interfaces/xarmrob_interfaces/action/detail/me439_move_to_target__rosidl_typesupport_introspection_cpp.hpp
[0.942s] -- Up-to-date symlink: /home/aansari/Documents/ME439/ME439Team125/install/xarmrob_interfaces/include/xarmrob_interfaces/xarmrob_interfaces/action/detail/operate_gripper__rosidl_typesupport_introspection_cpp.hpp
[0.942s] -- Up-to-date symlink: /home/aansari/Documents/ME439/ME439Team125/install/xarmrob_interfaces/include/xarmrob_interfaces/xarmrob_interfaces/msg/detail/me439_gripper_command__rosidl_typesupport_introspection_cpp.hpp
[0.942s] -- Up-to-date symlink: /home/aansari/Documents/ME439/ME439Team125/install/xarmrob_interfaces/include/xarmrob_interfaces/xarmrob_interfaces/msg/detail/me439_joint_command__rosidl_typesupport_introspection_cpp.hpp
[0.942s] -- Up-to-date symlink: /home/aansari/Documents/ME439/ME439Team125/install/xarmrob_interfaces/include/xarmrob_interfaces/xarmrob_interfaces/msg/detail/me439_joint_location__rosidl_typesupport_introspection_cpp.hpp
[0.943s] -- Up-to-date symlink: /home/aansari/Documents/ME439/ME439Team125/install/xarmrob_interfaces/include/xarmrob_interfaces/xarmrob_interfaces/msg/detail/me439_point_xyz__rosidl_typesupport_introspection_cpp.hpp
[0.943s] -- Up-to-date symlink: /home/aansari/Documents/ME439/ME439Team125/install/xarmrob_interfaces/include/xarmrob_interfaces/xarmrob_interfaces/srv/detail/me439_x_arm_forward_kinematics__rosidl_typesupport_introspection_cpp.hpp
[0.943s] -- Up-to-date symlink: /home/aansari/Documents/ME439/ME439Team125/install/xarmrob_interfaces/include/xarmrob_interfaces/xarmrob_interfaces/srv/detail/me439_x_arm_inverse_kinematics__rosidl_typesupport_introspection_cpp.hpp
[0.943s] -- Up-to-date symlink: /home/aansari/Documents/ME439/ME439Team125/install/xarmrob_interfaces/share/xarmrob_interfaces/environment/pythonpath.sh
[0.944s] -- Up-to-date symlink: /home/aansari/Documents/ME439/ME439Team125/install/xarmrob_interfaces/share/xarmrob_interfaces/environment/pythonpath.dsv
[0.944s] -- Up-to-date symlink: /home/aansari/Documents/ME439/ME439Team125/install/xarmrob_interfaces/lib/python3.12/site-packages/xarmrob_interfaces-0.0.0-py3.12.egg-info/PKG-INFO
[0.944s] -- Up-to-date symlink: /home/aansari/Documents/ME439/ME439Team125/install/xarmrob_interfaces/lib/python3.12/site-packages/xarmrob_interfaces-0.0.0-py3.12.egg-info/SOURCES.txt
[0.944s] -- Up-to-date symlink: /home/aansari/Documents/ME439/ME439Team125/install/xarmrob_interfaces/lib/python3.12/site-packages/xarmrob_interfaces-0.0.0-py3.12.egg-info/dependency_links.txt
[0.945s] -- Up-to-date symlink: /home/aansari/Documents/ME439/ME439Team125/install/xarmrob_interfaces/lib/python3.12/site-packages/xarmrob_interfaces-0.0.0-py3.12.egg-info/top_level.txt
[0.946s] -- Up-to-date symlink: /home/aansari/Documents/ME439/ME439Team125/install/xarmrob_interfaces/lib/python3.12/site-packages/xarmrob_interfaces/__init__.py
[0.946s] -- Up-to-date symlink: /home/aansari/Documents/ME439/ME439Team125/install/xarmrob_interfaces/lib/python3.12/site-packages/xarmrob_interfaces/_xarmrob_interfaces_s.ep.rosidl_typesupport_c.c
[0.946s] -- Up-to-date symlink: /home/aansari/Documents/ME439/ME439Team125/install/xarmrob_interfaces/lib/python3.12/site-packages/xarmrob_interfaces/_xarmrob_interfaces_s.ep.rosidl_typesupport_fastrtps_c.c
[0.946s] -- Up-to-date symlink: /home/aansari/Documents/ME439/ME439Team125/install/xarmrob_interfaces/lib/python3.12/site-packages/xarmrob_interfaces/_xarmrob_interfaces_s.ep.rosidl_typesupport_introspection_c.c
[0.947s] -- Up-to-date symlink: /home/aansari/Documents/ME439/ME439Team125/install/xarmrob_interfaces/lib/python3.12/site-packages/xarmrob_interfaces/action/__init__.py
[0.947s] -- Up-to-date symlink: /home/aansari/Documents/ME439/ME439Team125/install/xarmrob_interfaces/lib/python3.12/site-packages/xarmrob_interfaces/action/_me439_move_to_target.py
[0.947s] -- Up-to-date symlink: /home/aansari/Documents/ME439/ME439Team125/install/xarmrob_interfaces/lib/python3.12/site-packages/xarmrob_interfaces/action/_me439_move_to_target_s.c
[0.947s] -- Up-to-date symlink: /home/aansari/Documents/ME439/ME439Team125/install/xarmrob_interfaces/lib/python3.12/site-packages/xarmrob_interfaces/action/_operate_gripper.py
[0.947s] -- Up-to-date symlink: /home/aansari/Documents/ME439/ME439Team125/install/xarmrob_interfaces/lib/python3.12/site-packages/xarmrob_interfaces/action/_operate_gripper_s.c
[0.948s] -- Up-to-date symlink: /home/aansari/Documents/ME439/ME439Team125/install/xarmrob_interfaces/lib/python3.12/site-packages/xarmrob_interfaces/msg/__init__.py
[0.948s] -- Up-to-date symlink: /home/aansari/Documents/ME439/ME439Team125/install/xarmrob_interfaces/lib/python3.12/site-packages/xarmrob_interfaces/msg/_me439_gripper_command.py
[0.948s] -- Up-to-date symlink: /home/aansari/Documents/ME439/ME439Team125/install/xarmrob_interfaces/lib/python3.12/site-packages/xarmrob_interfaces/msg/_me439_gripper_command_s.c
[0.948s] -- Up-to-date symlink: /home/aansari/Documents/ME439/ME439Team125/install/xarmrob_interfaces/lib/python3.12/site-packages/xarmrob_interfaces/msg/_me439_joint_command.py
[0.948s] -- Up-to-date symlink: /home/aansari/Documents/ME439/ME439Team125/install/xarmrob_interfaces/lib/python3.12/site-packages/xarmrob_interfaces/msg/_me439_joint_command_s.c
[0.949s] -- Up-to-date symlink: /home/aansari/Documents/ME439/ME439Team125/install/xarmrob_interfaces/lib/python3.12/site-packages/xarmrob_interfaces/msg/_me439_joint_location.py
[0.949s] -- Up-to-date symlink: /home/aansari/Documents/ME439/ME439Team125/install/xarmrob_interfaces/lib/python3.12/site-packages/xarmrob_interfaces/msg/_me439_joint_location_s.c
[0.949s] -- Up-to-date symlink: /home/aansari/Documents/ME439/ME439Team125/install/xarmrob_interfaces/lib/python3.12/site-packages/xarmrob_interfaces/msg/_me439_point_xyz.py
[0.949s] -- Up-to-date symlink: /home/aansari/Documents/ME439/ME439Team125/install/xarmrob_interfaces/lib/python3.12/site-packages/xarmrob_interfaces/msg/_me439_point_xyz_s.c
[0.950s] -- Up-to-date symlink: /home/aansari/Documents/ME439/ME439Team125/install/xarmrob_interfaces/lib/python3.12/site-packages/xarmrob_interfaces/srv/__init__.py
[0.950s] -- Up-to-date symlink: /home/aansari/Documents/ME439/ME439Team125/install/xarmrob_interfaces/lib/python3.12/site-packages/xarmrob_interfaces/srv/_me439_x_arm_forward_kinematics.py
[0.950s] -- Up-to-date symlink: /home/aansari/Documents/ME439/ME439Team125/install/xarmrob_interfaces/lib/python3.12/site-packages/xarmrob_interfaces/srv/_me439_x_arm_forward_kinematics_s.c
[0.950s] -- Up-to-date symlink: /home/aansari/Documents/ME439/ME439Team125/install/xarmrob_interfaces/lib/python3.12/site-packages/xarmrob_interfaces/srv/_me439_x_arm_inverse_kinematics.py
[0.950s] -- Up-to-date symlink: /home/aansari/Documents/ME439/ME439Team125/install/xarmrob_interfaces/lib/python3.12/site-packages/xarmrob_interfaces/srv/_me439_x_arm_inverse_kinematics_s.c
[0.951s] -- Up-to-date symlink: /home/aansari/Documents/ME439/ME439Team125/install/xarmrob_interfaces/lib/python3.12/site-packages/xarmrob_interfaces/xarmrob_interfaces_s__rosidl_typesupport_c.so
[0.951s] -- Up-to-date symlink: /home/aansari/Documents/ME439/ME439Team125/install/xarmrob_interfaces/lib/python3.12/site-packages/xarmrob_interfaces/xarmrob_interfaces_s__rosidl_typesupport_fastrtps_c.so
[0.951s] -- Up-to-date symlink: /home/aansari/Documents/ME439/ME439Team125/install/xarmrob_interfaces/lib/python3.12/site-packages/xarmrob_interfaces/xarmrob_interfaces_s__rosidl_typesupport_introspection_c.so
[0.951s] -- Up-to-date symlink: /home/aansari/Documents/ME439/ME439Team125/install/xarmrob_interfaces/lib/python3.12/site-packages/xarmrob_interfaces/xarmrob_interfaces_s__rosidl_typesupport_fastrtps_c.so
[0.952s] -- Up-to-date symlink: /home/aansari/Documents/ME439/ME439Team125/install/xarmrob_interfaces/lib/python3.12/site-packages/xarmrob_interfaces/xarmrob_interfaces_s__rosidl_typesupport_introspection_c.so
[0.952s] -- Up-to-date symlink: /home/aansari/Documents/ME439/ME439Team125/install/xarmrob_interfaces/lib/python3.12/site-packages/xarmrob_interfaces/xarmrob_interfaces_s__rosidl_typesupport_c.so
[0.952s] -- Up-to-date symlink: /home/aansari/Documents/ME439/ME439Team125/install/xarmrob_interfaces/share/xarmrob_interfaces/msg/ME439JointCommand.idl
[0.953s] -- Up-to-date symlink: /home/aansari/Documents/ME439/ME439Team125/install/xarmrob_interfaces/share/xarmrob_interfaces/msg/ME439GripperCommand.idl
[0.953s] -- Up-to-date symlink: /home/aansari/Documents/ME439/ME439Team125/install/xarmrob_interfaces/share/xarmrob_interfaces/msg/ME439JointLocation.idl
[0.953s] -- Up-to-date symlink: /home/aansari/Documents/ME439/ME439Team125/install/xarmrob_interfaces/share/xarmrob_interfaces/msg/ME439PointXYZ.idl
[0.953s] -- Up-to-date symlink: /home/aansari/Documents/ME439/ME439Team125/install/xarmrob_interfaces/share/xarmrob_interfaces/action/ME439MoveToTarget.idl
[0.954s] -- Up-to-date symlink: /home/aansari/Documents/ME439/ME439Team125/install/xarmrob_interfaces/share/xarmrob_interfaces/action/OperateGripper.idl
[0.954s] -- Up-to-date symlink: /home/aansari/Documents/ME439/ME439Team125/install/xarmrob_interfaces/share/xarmrob_interfaces/srv/ME439XArmForwardKinematics.idl
[0.954s] -- Up-to-date symlink: /home/aansari/Documents/ME439/ME439Team125/install/xarmrob_interfaces/share/xarmrob_interfaces/srv/ME439XArmInverseKinematics.idl
[0.954s] -- Up-to-date symlink: /home/aansari/Documents/ME439/ME439Team125/install/xarmrob_interfaces/share/xarmrob_interfaces/msg/ME439JointCommand.msg
[0.955s] -- Up-to-date symlink: /home/aansari/Documents/ME439/ME439Team125/install/xarmrob_interfaces/share/xarmrob_interfaces/msg/ME439GripperCommand.msg
[0.955s] -- Up-to-date symlink: /home/aansari/Documents/ME439/ME439Team125/install/xarmrob_interfaces/share/xarmrob_interfaces/msg/ME439JointLocation.msg
[0.955s] -- Up-to-date symlink: /home/aansari/Documents/ME439/ME439Team125/install/xarmrob_interfaces/share/xarmrob_interfaces/msg/ME439PointXYZ.msg
[0.955s] -- Up-to-date symlink: /home/aansari/Documents/ME439/ME439Team125/install/xarmrob_interfaces/share/xarmrob_interfaces/action/ME439MoveToTarget.action
[0.956s] -- Up-to-date symlink: /home/aansari/Documents/ME439/ME439Team125/install/xarmrob_interfaces/share/xarmrob_interfaces/action/OperateGripper.action
[0.956s] -- Up-to-date symlink: /home/aansari/Documents/ME439/ME439Team125/install/xarmrob_interfaces/share/xarmrob_interfaces/srv/ME439XArmForwardKinematics.srv
[0.956s] -- Up-to-date symlink: /home/aansari/Documents/ME439/ME439Team125/install/xarmrob_interfaces/share/xarmrob_interfaces/srv/ME439XArmInverseKinematics.srv
[0.956s] -- Up-to-date symlink: /home/aansari/Documents/ME439/ME439Team125/install/xarmrob_interfaces/share/ament_index/resource_index/package_run_dependencies/xarmrob_interfaces
[0.957s] -- Up-to-date symlink: /home/aansari/Documents/ME439/ME439Team125/install/xarmrob_interfaces/share/ament_index/resource_index/parent_prefix_path/xarmrob_interfaces
[0.957s] -- Up-to-date symlink: /home/aansari/Documents/ME439/ME439Team125/install/xarmrob_interfaces/share/xarmrob_interfaces/environment/ament_prefix_path.sh
[0.957s] -- Up-to-date symlink: /home/aansari/Documents/ME439/ME439Team125/install/xarmrob_interfaces/share/xarmrob_interfaces/environment/ament_prefix_path.dsv
[0.957s] -- Up-to-date symlink: /home/aansari/Documents/ME439/ME439Team125/install/xarmrob_interfaces/share/xarmrob_interfaces/environment/path.sh
[0.958s] -- Up-to-date symlink: /home/aansari/Documents/ME439/ME439Team125/install/xarmrob_interfaces/share/xarmrob_interfaces/environment/path.dsv
[0.958s] -- Up-to-date symlink: /home/aansari/Documents/ME439/ME439Team125/install/xarmrob_interfaces/share/xarmrob_interfaces/local_setup.bash
[0.958s] -- Up-to-date symlink: /home/aansari/Documents/ME439/ME439Team125/install/xarmrob_interfaces/share/xarmrob_interfaces/local_setup.sh
[0.958s] -- Up-to-date symlink: /home/aansari/Documents/ME439/ME439Team125/install/xarmrob_interfaces/share/xarmrob_interfaces/local_setup.zsh
[0.958s] -- Up-to-date symlink: /home/aansari/Documents/ME439/ME439Team125/install/xarmrob_interfaces/share/xarmrob_interfaces/local_setup.dsv
[0.959s] -- Symlinking: /home/aansari/Documents/ME439/ME439Team125/install/xarmrob_interfaces/share/xarmrob_interfaces/package.dsv
[0.970s] -- Up-to-date symlink: /home/aansari/Documents/ME439/ME439Team125/install/xarmrob_interfaces/share/ament_index/resource_index/packages/xarmrob_interfaces
[0.970s] -- Up-to-date symlink: /home/aansari/Documents/ME439/ME439Team125/install/xarmrob_interfaces/share/xarmrob_interfaces/cmake/rosidl_cmake-extras.cmake
[0.970s] -- Up-to-date symlink: /home/aansari/Documents/ME439/ME439Team125/install/xarmrob_interfaces/share/xarmrob_interfaces/cmake/ament_cmake_export_dependencies-extras.cmake
[0.971s] -- Up-to-date symlink: /home/aansari/Documents/ME439/ME439Team125/install/xarmrob_interfaces/share/xarmrob_interfaces/cmake/ament_cmake_export_include_directories-extras.cmake
[0.971s] -- Up-to-date symlink: /home/aansari/Documents/ME439/ME439Team125/install/xarmrob_interfaces/share/xarmrob_interfaces/cmake/ament_cmake_export_libraries-extras.cmake
[0.971s] -- Up-to-date symlink: /home/aansari/Documents/ME439/ME439Team125/install/xarmrob_interfaces/share/xarmrob_interfaces/cmake/ament_cmake_export_targets-extras.cmake
[0.971s] -- Up-to-date symlink: /home/aansari/Documents/ME439/ME439Team125/install/xarmrob_interfaces/share/xarmrob_interfaces/cmake/rosidl_cmake_export_typesupport_targets-extras.cmake
[0.972s] -- Up-to-date symlink: /home/aansari/Documents/ME439/ME439Team125/install/xarmrob_interfaces/share/xarmrob_interfaces/cmake/rosidl_cmake_export_typesupport_libraries-extras.cmake
[0.972s] -- Up-to-date symlink: /home/aansari/Documents/ME439/ME439Team125/install/xarmrob_interfaces/share/xarmrob_interfaces/cmake/xarmrob_interfacesConfig.cmake
[0.972s] -- Up-to-date symlink: /home/aansari/Documents/ME439/ME439Team125/install/xarmrob_interfaces/share/xarmrob_interfaces/cmake/xarmrob_interfacesConfig-version.cmake
[0.972s] -- Up-to-date symlink: /home/aansari/Documents/ME439/ME439Team125/install/xarmrob_interfaces/share/xarmrob_interfaces/package.xml
[0.973s] -- Up-to-date: /home/aansari/Documents/ME439/ME439Team125/install/xarmrob_interfaces/lib/libxarmrob_interfaces__rosidl_generator_c.so
[0.973s] -- Up-to-date: /home/aansari/Documents/ME439/ME439Team125/install/xarmrob_interfaces/lib/libxarmrob_interfaces__rosidl_typesupport_fastrtps_c.so
[0.974s] -- Up-to-date: /home/aansari/Documents/ME439/ME439Team125/install/xarmrob_interfaces/lib/libxarmrob_interfaces__rosidl_typesupport_fastrtps_cpp.so
[0.974s] -- Up-to-date: /home/aansari/Documents/ME439/ME439Team125/install/xarmrob_interfaces/lib/libxarmrob_interfaces__rosidl_typesupport_introspection_c.so
[0.975s] -- Up-to-date: /home/aansari/Documents/ME439/ME439Team125/install/xarmrob_interfaces/lib/libxarmrob_interfaces__rosidl_typesupport_c.so
[0.975s] -- Up-to-date: /home/aansari/Documents/ME439/ME439Team125/install/xarmrob_interfaces/lib/libxarmrob_interfaces__rosidl_typesupport_introspection_cpp.so
[0.975s] -- Up-to-date: /home/aansari/Documents/ME439/ME439Team125/install/xarmrob_interfaces/lib/libxarmrob_interfaces__rosidl_typesupport_cpp.so
[1.025s] Listing '/home/aansari/Documents/ME439/ME439Team125/install/xarmrob_interfaces/lib/python3.12/site-packages/xarmrob_interfaces'...
[1.026s] Listing '/home/aansari/Documents/ME439/ME439Team125/install/xarmrob_interfaces/lib/python3.12/site-packages/xarmrob_interfaces/action'...
[1.026s] Listing '/home/aansari/Documents/ME439/ME439Team125/install/xarmrob_interfaces/lib/python3.12/site-packages/xarmrob_interfaces/msg'...
[1.026s] Listing '/home/aansari/Documents/ME439/ME439Team125/install/xarmrob_interfaces/lib/python3.12/site-packages/xarmrob_interfaces/srv'...
[1.034s] -- Up-to-date: /home/aansari/Documents/ME439/ME439Team125/install/xarmrob_interfaces/lib/libxarmrob_interfaces__rosidl_generator_py.so
[1.034s] -- Up-to-date: /home/aansari/Documents/ME439/ME439Team125/install/xarmrob_interfaces/share/xarmrob_interfaces/cmake/export_xarmrob_interfaces__rosidl_generator_cExport.cmake
[1.034s] -- Up-to-date: /home/aansari/Documents/ME439/ME439Team125/install/xarmrob_interfaces/share/xarmrob_interfaces/cmake/export_xarmrob_interfaces__rosidl_generator_cExport-noconfig.cmake
[1.034s] -- Up-to-date: /home/aansari/Documents/ME439/ME439Team125/install/xarmrob_interfaces/share/xarmrob_interfaces/cmake/export_xarmrob_interfaces__rosidl_typesupport_fastrtps_cExport.cmake
[1.035s] -- Up-to-date: /home/aansari/Documents/ME439/ME439Team125/install/xarmrob_interfaces/share/xarmrob_interfaces/cmake/export_xarmrob_interfaces__rosidl_typesupport_fastrtps_cExport-noconfig.cmake
[1.035s] -- Up-to-date: /home/aansari/Documents/ME439/ME439Team125/install/xarmrob_interfaces/share/xarmrob_interfaces/cmake/export_xarmrob_interfaces__rosidl_generator_cppExport.cmake
[1.035s] -- Up-to-date: /home/aansari/Documents/ME439/ME439Team125/install/xarmrob_interfaces/share/xarmrob_interfaces/cmake/export_xarmrob_interfaces__rosidl_typesupport_fastrtps_cppExport.cmake
[1.035s] -- Up-to-date: /home/aansari/Documents/ME439/ME439Team125/install/xarmrob_interfaces/share/xarmrob_interfaces/cmake/export_xarmrob_interfaces__rosidl_typesupport_fastrtps_cppExport-noconfig.cmake
[1.035s] -- Up-to-date: /home/aansari/Documents/ME439/ME439Team125/install/xarmrob_interfaces/share/xarmrob_interfaces/cmake/xarmrob_interfaces__rosidl_typesupport_introspection_cExport.cmake
[1.036s] -- Up-to-date: /home/aansari/Documents/ME439/ME439Team125/install/xarmrob_interfaces/share/xarmrob_interfaces/cmake/xarmrob_interfaces__rosidl_typesupport_introspection_cExport-noconfig.cmake
[1.036s] -- Up-to-date: /home/aansari/Documents/ME439/ME439Team125/install/xarmrob_interfaces/share/xarmrob_interfaces/cmake/xarmrob_interfaces__rosidl_typesupport_cExport.cmake
[1.036s] -- Up-to-date: /home/aansari/Documents/ME439/ME439Team125/install/xarmrob_interfaces/share/xarmrob_interfaces/cmake/xarmrob_interfaces__rosidl_typesupport_cExport-noconfig.cmake
[1.036s] -- Up-to-date: /home/aansari/Documents/ME439/ME439Team125/install/xarmrob_interfaces/share/xarmrob_interfaces/cmake/xarmrob_interfaces__rosidl_typesupport_introspection_cppExport.cmake
[1.036s] -- Up-to-date: /home/aansari/Documents/ME439/ME439Team125/install/xarmrob_interfaces/share/xarmrob_interfaces/cmake/xarmrob_interfaces__rosidl_typesupport_introspection_cppExport-noconfig.cmake
[1.037s] -- Up-to-date: /home/aansari/Documents/ME439/ME439Team125/install/xarmrob_interfaces/share/xarmrob_interfaces/cmake/xarmrob_interfaces__rosidl_typesupport_cppExport.cmake
[1.037s] -- Up-to-date: /home/aansari/Documents/ME439/ME439Team125/install/xarmrob_interfaces/share/xarmrob_interfaces/cmake/xarmrob_interfaces__rosidl_typesupport_cppExport-noconfig.cmake
[1.037s] -- Up-to-date: /home/aansari/Documents/ME439/ME439Team125/install/xarmrob_interfaces/share/xarmrob_interfaces/cmake/export_xarmrob_interfaces__rosidl_generator_pyExport.cmake
[1.037s] -- Up-to-date: /home/aansari/Documents/ME439/ME439Team125/install/xarmrob_interfaces/share/xarmrob_interfaces/cmake/export_xarmrob_interfaces__rosidl_generator_pyExport-noconfig.cmake
[1.038s] Invoked command in '/home/aansari/Documents/ME439/ME439Team125/build/xarmrob_interfaces' returned '0': CMAKE_PREFIX_PATH=${CMAKE_PREFIX_PATH}:/home/aansari/Documents/ME439/ME439Team125/install/xarmrob:/home/aansari/ros2_prac/install/xarmrob:/home/aansari/ros2_prac/install/mobrob:/opt/ros/jazzy DEBUGINFOD_URLS=https://debuginfod.ubuntu.com /usr/bin/cmake --install /home/aansari/Documents/ME439/ME439Team125/build/xarmrob_interfaces
