[0.023s] Invoking command in '/home/aansari/Documents/ME439/ME439Team125/build/xarmrob_interfaces': CMAKE_PREFIX_PATH=${CMAKE_PREFIX_PATH}:/home/aansari/Documents/ME439/ME439Team125/install/finalproj125:/home/aansari/ros2_prac/install/xarmrob:/home/aansari/ros2_prac/install/mobrob:/opt/ros/jazzy DEBUGINFOD_URLS=https://debuginfod.ubuntu.com /usr/bin/cmake /home/aansari/Documents/ME439/ME439Team125/src/xarmrob_interfaces -DAMENT_CMAKE_SYMLINK_INSTALL=1 -DCMAKE_INSTALL_PREFIX=/home/aansari/Documents/ME439/ME439Team125/install/xarmrob_interfaces
[0.406s] -- The C compiler identification is GNU 13.2.0
[0.407s] -- The CXX compiler identification is GNU 13.2.0
[0.407s] -- Detecting C compiler ABI info
[0.669s] -- Detecting C compiler ABI info - done
[0.698s] -- Check for working C compiler: /usr/bin/cc - skipped
[0.699s] -- Detecting C compile features
[0.700s] -- Detecting C compile features - done
[0.722s] -- Detecting CXX compiler ABI info
[0.901s] -- Detecting CXX compiler ABI info - done
[0.926s] -- Check for working CXX compiler: /usr/bin/c++ - skipped
[0.928s] -- Detecting CXX compile features
[0.928s] -- Detecting CXX compile features - done
[0.947s] -- Found ament_cmake: 2.5.2 (/opt/ros/jazzy/share/ament_cmake/cmake)
[1.541s] -- Found Python3: /usr/bin/python3 (found version "3.12.3") found components: Interpreter 
[1.871s] -- Override CMake install command with custom implementation using symlinks instead of copying resources
[2.096s] -- Found example_interfaces: 0.12.0 (/opt/ros/jazzy/share/example_interfaces/cmake)
[2.391s] -- Found rosidl_generator_c: 4.6.4 (/opt/ros/jazzy/share/rosidl_generator_c/cmake)
[2.522s] -- Found rosidl_generator_cpp: 4.6.4 (/opt/ros/jazzy/share/rosidl_generator_cpp/cmake)
[2.675s] -- Using all available rosidl_typesupport_c: rosidl_typesupport_fastrtps_c;rosidl_typesupport_introspection_c
[2.794s] -- Using all available rosidl_typesupport_cpp: rosidl_typesupport_fastrtps_cpp;rosidl_typesupport_introspection_cpp
[3.403s] -- Found geometry_msgs: 5.3.5 (/opt/ros/jazzy/share/geometry_msgs/cmake)
[3.691s] -- Found sensor_msgs: 5.3.5 (/opt/ros/jazzy/share/sensor_msgs/cmake)
[3.824s] -- Found nav_msgs: 5.3.5 (/opt/ros/jazzy/share/nav_msgs/cmake)
[3.976s] -- Found map_msgs: 2.4.1 (/opt/ros/jazzy/share/map_msgs/cmake)
[4.131s] -- Found rosidl_default_generators: 1.6.0 (/opt/ros/jazzy/share/rosidl_default_generators/cmake)
[4.200s] -- Found rosidl_adapter: 4.6.4 (/opt/ros/jazzy/share/rosidl_adapter/cmake)
[6.713s] -- Found ament_cmake_ros: 0.12.0 (/opt/ros/jazzy/share/ament_cmake_ros/cmake)
[7.976s] -- Using all available rosidl_typesupport_c: rosidl_typesupport_fastrtps_c;rosidl_typesupport_introspection_c
[8.505s] -- Using all available rosidl_typesupport_cpp: rosidl_typesupport_fastrtps_cpp;rosidl_typesupport_introspection_cpp
[8.509s] -- Found python_cmake_module: 0.11.1 (/opt/ros/jazzy/share/python_cmake_module/cmake)
[8.765s] -- Found PythonExtra: /usr/bin/python3  
[9.864s] -- Found Python3: /usr/bin/python3 (found version "3.12.3") found components: Interpreter Development NumPy Development.Module Development.Embed 
[10.055s] -- Found ament_lint_auto: 0.17.1 (/opt/ros/jazzy/share/ament_lint_auto/cmake)
[10.132s] -- Added test 'lint_cmake' to check CMake code style
[10.137s] -- Added test 'xmllint' to check XML markup files
[10.155s] -- Configuring done (10.1s)
[10.285s] -- Generating done (0.1s)
[10.321s] -- Build files have been written to: /home/aansari/Documents/ME439/ME439Team125/build/xarmrob_interfaces
[10.347s] Invoked command in '/home/aansari/Documents/ME439/ME439Team125/build/xarmrob_interfaces' returned '0': CMAKE_PREFIX_PATH=${CMAKE_PREFIX_PATH}:/home/aansari/Documents/ME439/ME439Team125/install/finalproj125:/home/aansari/ros2_prac/install/xarmrob:/home/aansari/ros2_prac/install/mobrob:/opt/ros/jazzy DEBUGINFOD_URLS=https://debuginfod.ubuntu.com /usr/bin/cmake /home/aansari/Documents/ME439/ME439Team125/src/xarmrob_interfaces -DAMENT_CMAKE_SYMLINK_INSTALL=1 -DCMAKE_INSTALL_PREFIX=/home/aansari/Documents/ME439/ME439Team125/install/xarmrob_interfaces
[10.349s] Invoking command in '/home/aansari/Documents/ME439/ME439Team125/build/xarmrob_interfaces': CMAKE_PREFIX_PATH=${CMAKE_PREFIX_PATH}:/home/aansari/Documents/ME439/ME439Team125/install/finalproj125:/home/aansari/ros2_prac/install/xarmrob:/home/aansari/ros2_prac/install/mobrob:/opt/ros/jazzy DEBUGINFOD_URLS=https://debuginfod.ubuntu.com /usr/bin/cmake --build /home/aansari/Documents/ME439/ME439Team125/build/xarmrob_interfaces -- -j4 -l4
[10.453s] [  1%] [34m[1mGenerating type hashes for ROS interfaces[0m
[10.470s] [  1%] Built target ament_cmake_python_symlink_xarmrob_interfaces
[11.256s] running egg_info
[11.325s] creating xarmrob_interfaces.egg-info
[11.326s] writing xarmrob_interfaces.egg-info/PKG-INFO
[11.327s] writing dependency_links to xarmrob_interfaces.egg-info/dependency_links.txt
[11.329s] writing top-level names to xarmrob_interfaces.egg-info/top_level.txt
[11.330s] writing manifest file 'xarmrob_interfaces.egg-info/SOURCES.txt'
[11.545s] reading manifest file 'xarmrob_interfaces.egg-info/SOURCES.txt'
[11.548s] writing manifest file 'xarmrob_interfaces.egg-info/SOURCES.txt'
[11.649s] [  1%] Built target ament_cmake_python_build_xarmrob_interfaces_egg
[11.675s] [  1%] Built target xarmrob_interfaces__rosidl_generator_type_description
[11.699s] [  2%] [34m[1mGenerating C code for ROS interfaces[0m
[11.725s] [  3%] [34m[1mGenerating C++ code for ROS interfaces[0m
[14.871s] [  3%] Built target xarmrob_interfaces__cpp
[16.125s] [  4%] [32mBuilding C object CMakeFiles/xarmrob_interfaces__rosidl_generator_c.dir/rosidl_generator_c/xarmrob_interfaces/msg/detail/me439_joint_command__type_support.c.o[0m
[16.128s] [  5%] [32mBuilding C object CMakeFiles/xarmrob_interfaces__rosidl_generator_c.dir/rosidl_generator_c/xarmrob_interfaces/msg/detail/me439_joint_command__functions.c.o[0m
[16.133s] [  7%] [32mBuilding C object CMakeFiles/xarmrob_interfaces__rosidl_generator_c.dir/rosidl_generator_c/xarmrob_interfaces/msg/detail/me439_joint_command__description.c.o[0m
[16.144s] [  8%] [32mBuilding C object CMakeFiles/xarmrob_interfaces__rosidl_generator_c.dir/rosidl_generator_c/xarmrob_interfaces/msg/detail/me439_joint_location__description.c.o[0m
[16.291s] [  9%] [32mBuilding C object CMakeFiles/xarmrob_interfaces__rosidl_generator_c.dir/rosidl_generator_c/xarmrob_interfaces/msg/detail/me439_joint_location__functions.c.o[0m
[16.406s] [ 10%] [32mBuilding C object CMakeFiles/xarmrob_interfaces__rosidl_generator_c.dir/rosidl_generator_c/xarmrob_interfaces/msg/detail/me439_joint_location__type_support.c.o[0m
[16.408s] [ 11%] [32mBuilding C object CMakeFiles/xarmrob_interfaces__rosidl_generator_c.dir/rosidl_generator_c/xarmrob_interfaces/msg/detail/me439_point_xyz__description.c.o[0m
[16.511s] [ 13%] [32mBuilding C object CMakeFiles/xarmrob_interfaces__rosidl_generator_c.dir/rosidl_generator_c/xarmrob_interfaces/msg/detail/me439_point_xyz__functions.c.o[0m
[16.575s] [ 14%] [32mBuilding C object CMakeFiles/xarmrob_interfaces__rosidl_generator_c.dir/rosidl_generator_c/xarmrob_interfaces/msg/detail/me439_point_xyz__type_support.c.o[0m
[16.581s] [ 15%] [32mBuilding C object CMakeFiles/xarmrob_interfaces__rosidl_generator_c.dir/rosidl_generator_c/xarmrob_interfaces/action/detail/me439_move_to_target__description.c.o[0m
[16.587s] [ 16%] [32mBuilding C object CMakeFiles/xarmrob_interfaces__rosidl_generator_c.dir/rosidl_generator_c/xarmrob_interfaces/action/detail/me439_move_to_target__functions.c.o[0m
[16.749s] [ 17%] [32mBuilding C object CMakeFiles/xarmrob_interfaces__rosidl_generator_c.dir/rosidl_generator_c/xarmrob_interfaces/action/detail/me439_move_to_target__type_support.c.o[0m
[16.787s] [ 19%] [32mBuilding C object CMakeFiles/xarmrob_interfaces__rosidl_generator_c.dir/rosidl_generator_c/xarmrob_interfaces/srv/detail/me439_x_arm_forward_kinematics__description.c.o[0m
[17.022s] [ 20%] [32mBuilding C object CMakeFiles/xarmrob_interfaces__rosidl_generator_c.dir/rosidl_generator_c/xarmrob_interfaces/srv/detail/me439_x_arm_forward_kinematics__functions.c.o[0m
[17.100s] [ 21%] [32mBuilding C object CMakeFiles/xarmrob_interfaces__rosidl_generator_c.dir/rosidl_generator_c/xarmrob_interfaces/srv/detail/me439_x_arm_forward_kinematics__type_support.c.o[0m
[17.215s] [ 22%] [32mBuilding C object CMakeFiles/xarmrob_interfaces__rosidl_generator_c.dir/rosidl_generator_c/xarmrob_interfaces/srv/detail/me439_x_arm_inverse_kinematics__description.c.o[0m
[17.383s] [ 23%] [32mBuilding C object CMakeFiles/xarmrob_interfaces__rosidl_generator_c.dir/rosidl_generator_c/xarmrob_interfaces/srv/detail/me439_x_arm_inverse_kinematics__functions.c.o[0m
[17.420s] [ 25%] [32mBuilding C object CMakeFiles/xarmrob_interfaces__rosidl_generator_c.dir/rosidl_generator_c/xarmrob_interfaces/srv/detail/me439_x_arm_inverse_kinematics__type_support.c.o[0m
[17.776s] [ 26%] [32m[1mLinking C shared library libxarmrob_interfaces__rosidl_generator_c.so[0m
[17.914s] [ 26%] Built target xarmrob_interfaces__rosidl_generator_c
[17.961s] [ 27%] [34m[1mGenerating C++ type support for eProsima Fast-RTPS[0m
[17.965s] [ 28%] [34m[1mGenerating C introspection for ROS interfaces[0m
[17.975s] [ 29%] [34m[1mGenerating C++ type support dispatch for ROS interfaces[0m
[17.976s] [ 30%] [34m[1mGenerating C type support for eProsima Fast-RTPS[0m
[22.065s] [ 32%] [32mBuilding CXX object CMakeFiles/xarmrob_interfaces__rosidl_typesupport_cpp.dir/rosidl_typesupport_cpp/xarmrob_interfaces/msg/me439_joint_command__type_support.cpp.o[0m
[22.875s] [ 33%] [32mBuilding C object CMakeFiles/xarmrob_interfaces__rosidl_typesupport_introspection_c.dir/rosidl_typesupport_introspection_c/xarmrob_interfaces/msg/detail/me439_joint_command__type_support.c.o[0m
[23.047s] [ 34%] [32mBuilding CXX object CMakeFiles/xarmrob_interfaces__rosidl_typesupport_fastrtps_cpp.dir/rosidl_typesupport_fastrtps_cpp/xarmrob_interfaces/msg/detail/dds_fastrtps/me439_joint_command__type_support.cpp.o[0m
[23.231s] [ 35%] [32mBuilding C object CMakeFiles/xarmrob_interfaces__rosidl_typesupport_introspection_c.dir/rosidl_typesupport_introspection_c/xarmrob_interfaces/msg/detail/me439_joint_location__type_support.c.o[0m
[23.499s] [ 36%] [32mBuilding C object CMakeFiles/xarmrob_interfaces__rosidl_typesupport_introspection_c.dir/rosidl_typesupport_introspection_c/xarmrob_interfaces/msg/detail/me439_point_xyz__type_support.c.o[0m
[23.723s] [ 38%] [32mBuilding C object CMakeFiles/xarmrob_interfaces__rosidl_typesupport_introspection_c.dir/rosidl_typesupport_introspection_c/xarmrob_interfaces/action/detail/me439_move_to_target__type_support.c.o[0m
[23.976s] [ 39%] [32mBuilding C object CMakeFiles/xarmrob_interfaces__rosidl_typesupport_introspection_c.dir/rosidl_typesupport_introspection_c/xarmrob_interfaces/srv/detail/me439_x_arm_forward_kinematics__type_support.c.o[0m
[24.177s] [ 40%] [32mBuilding C object CMakeFiles/xarmrob_interfaces__rosidl_typesupport_introspection_c.dir/rosidl_typesupport_introspection_c/xarmrob_interfaces/srv/detail/me439_x_arm_inverse_kinematics__type_support.c.o[0m
[24.351s] [ 41%] [32m[1mLinking C shared library libxarmrob_interfaces__rosidl_typesupport_introspection_c.so[0m
[24.504s] [ 41%] Built target xarmrob_interfaces__rosidl_typesupport_introspection_c
[24.553s] [ 42%] [34m[1mGenerating C type support dispatch for ROS interfaces[0m
[24.624s] [ 44%] [32mBuilding CXX object CMakeFiles/xarmrob_interfaces__rosidl_typesupport_cpp.dir/rosidl_typesupport_cpp/xarmrob_interfaces/msg/me439_joint_location__type_support.cpp.o[0m
[25.205s] [ 45%] [32mBuilding CXX object CMakeFiles/xarmrob_interfaces__rosidl_typesupport_fastrtps_c.dir/rosidl_typesupport_fastrtps_c/xarmrob_interfaces/msg/detail/me439_joint_command__type_support_c.cpp.o[0m
[26.174s] [ 46%] [32mBuilding CXX object CMakeFiles/xarmrob_interfaces__rosidl_typesupport_cpp.dir/rosidl_typesupport_cpp/xarmrob_interfaces/msg/me439_point_xyz__type_support.cpp.o[0m
[26.888s] [ 47%] [32mBuilding CXX object CMakeFiles/xarmrob_interfaces__rosidl_typesupport_fastrtps_cpp.dir/rosidl_typesupport_fastrtps_cpp/xarmrob_interfaces/msg/detail/dds_fastrtps/me439_joint_location__type_support.cpp.o[0m
[27.098s] [ 48%] [32mBuilding CXX object CMakeFiles/xarmrob_interfaces__rosidl_typesupport_c.dir/rosidl_typesupport_c/xarmrob_interfaces/msg/me439_joint_command__type_support.cpp.o[0m
[27.352s] [ 50%] [32mBuilding CXX object CMakeFiles/xarmrob_interfaces__rosidl_typesupport_c.dir/rosidl_typesupport_c/xarmrob_interfaces/msg/me439_joint_location__type_support.cpp.o[0m
[27.488s] [ 51%] [32mBuilding CXX object CMakeFiles/xarmrob_interfaces__rosidl_typesupport_c.dir/rosidl_typesupport_c/xarmrob_interfaces/msg/me439_point_xyz__type_support.cpp.o[0m
[27.550s] [ 52%] [32mBuilding CXX object CMakeFiles/xarmrob_interfaces__rosidl_typesupport_fastrtps_c.dir/rosidl_typesupport_fastrtps_c/xarmrob_interfaces/msg/detail/me439_joint_location__type_support_c.cpp.o[0m
[27.669s] [ 53%] [32mBuilding CXX object CMakeFiles/xarmrob_interfaces__rosidl_typesupport_c.dir/rosidl_typesupport_c/xarmrob_interfaces/action/me439_move_to_target__type_support.cpp.o[0m
[27.907s] [ 54%] [32mBuilding CXX object CMakeFiles/xarmrob_interfaces__rosidl_typesupport_cpp.dir/rosidl_typesupport_cpp/xarmrob_interfaces/action/me439_move_to_target__type_support.cpp.o[0m
[28.052s] [ 55%] [32mBuilding CXX object CMakeFiles/xarmrob_interfaces__rosidl_typesupport_c.dir/rosidl_typesupport_c/xarmrob_interfaces/srv/me439_x_arm_forward_kinematics__type_support.cpp.o[0m
[28.245s] [ 57%] [32mBuilding CXX object CMakeFiles/xarmrob_interfaces__rosidl_typesupport_c.dir/rosidl_typesupport_c/xarmrob_interfaces/srv/me439_x_arm_inverse_kinematics__type_support.cpp.o[0m
[28.459s] [ 58%] [32m[1mLinking CXX shared library libxarmrob_interfaces__rosidl_typesupport_c.so[0m
[28.640s] [ 58%] Built target xarmrob_interfaces__rosidl_typesupport_c
[28.660s] [ 59%] [32mBuilding CXX object CMakeFiles/xarmrob_interfaces__rosidl_typesupport_fastrtps_c.dir/rosidl_typesupport_fastrtps_c/xarmrob_interfaces/msg/detail/me439_point_xyz__type_support_c.cpp.o[0m
[28.909s] [ 60%] [32mBuilding CXX object CMakeFiles/xarmrob_interfaces__rosidl_typesupport_fastrtps_cpp.dir/rosidl_typesupport_fastrtps_cpp/xarmrob_interfaces/msg/detail/dds_fastrtps/me439_point_xyz__type_support.cpp.o[0m
[29.464s] [ 61%] [32mBuilding CXX object CMakeFiles/xarmrob_interfaces__rosidl_typesupport_fastrtps_c.dir/rosidl_typesupport_fastrtps_c/xarmrob_interfaces/action/detail/me439_move_to_target__type_support_c.cpp.o[0m
[30.227s] [ 63%] [32mBuilding CXX object CMakeFiles/xarmrob_interfaces__rosidl_typesupport_cpp.dir/rosidl_typesupport_cpp/xarmrob_interfaces/srv/me439_x_arm_forward_kinematics__type_support.cpp.o[0m
[30.513s] [ 64%] [32mBuilding CXX object CMakeFiles/xarmrob_interfaces__rosidl_typesupport_fastrtps_c.dir/rosidl_typesupport_fastrtps_c/xarmrob_interfaces/srv/detail/me439_x_arm_forward_kinematics__type_support_c.cpp.o[0m
[31.097s] [ 65%] [32mBuilding CXX object CMakeFiles/xarmrob_interfaces__rosidl_typesupport_fastrtps_cpp.dir/rosidl_typesupport_fastrtps_cpp/xarmrob_interfaces/action/detail/dds_fastrtps/me439_move_to_target__type_support.cpp.o[0m
[31.574s] [ 66%] [32mBuilding CXX object CMakeFiles/xarmrob_interfaces__rosidl_typesupport_cpp.dir/rosidl_typesupport_cpp/xarmrob_interfaces/srv/me439_x_arm_inverse_kinematics__type_support.cpp.o[0m
[31.960s] [ 67%] [34m[1mGenerating C++ introspection for ROS interfaces[0m
[33.006s] [ 69%] [32mBuilding CXX object CMakeFiles/xarmrob_interfaces__rosidl_typesupport_fastrtps_c.dir/rosidl_typesupport_fastrtps_c/xarmrob_interfaces/srv/detail/me439_x_arm_inverse_kinematics__type_support_c.cpp.o[0m
[33.074s] [ 70%] [32m[1mLinking CXX shared library libxarmrob_interfaces__rosidl_typesupport_cpp.so[0m
[33.359s] [ 70%] Built target xarmrob_interfaces__rosidl_typesupport_cpp
[33.381s] [ 71%] [32mBuilding CXX object CMakeFiles/xarmrob_interfaces__rosidl_typesupport_fastrtps_cpp.dir/rosidl_typesupport_fastrtps_cpp/xarmrob_interfaces/srv/detail/dds_fastrtps/me439_x_arm_forward_kinematics__type_support.cpp.o[0m
[34.881s] [ 72%] [32mBuilding CXX object CMakeFiles/xarmrob_interfaces__rosidl_typesupport_fastrtps_cpp.dir/rosidl_typesupport_fastrtps_cpp/xarmrob_interfaces/srv/detail/dds_fastrtps/me439_x_arm_inverse_kinematics__type_support.cpp.o[0m
[34.952s] [ 73%] [32m[1mLinking CXX shared library libxarmrob_interfaces__rosidl_typesupport_fastrtps_c.so[0m
[34.986s] [ 75%] [32mBuilding CXX object CMakeFiles/xarmrob_interfaces__rosidl_typesupport_introspection_cpp.dir/rosidl_typesupport_introspection_cpp/xarmrob_interfaces/msg/detail/me439_joint_command__type_support.cpp.o[0m
[35.347s] [ 75%] Built target xarmrob_interfaces__rosidl_typesupport_fastrtps_c
[35.368s] [ 76%] [32mBuilding CXX object CMakeFiles/xarmrob_interfaces__rosidl_typesupport_introspection_cpp.dir/rosidl_typesupport_introspection_cpp/xarmrob_interfaces/msg/detail/me439_joint_location__type_support.cpp.o[0m
[36.760s] [ 77%] [32mBuilding CXX object CMakeFiles/xarmrob_interfaces__rosidl_typesupport_introspection_cpp.dir/rosidl_typesupport_introspection_cpp/xarmrob_interfaces/msg/detail/me439_point_xyz__type_support.cpp.o[0m
[36.916s] [ 78%] [32mBuilding CXX object CMakeFiles/xarmrob_interfaces__rosidl_typesupport_introspection_cpp.dir/rosidl_typesupport_introspection_cpp/xarmrob_interfaces/action/detail/me439_move_to_target__type_support.cpp.o[0m
[37.296s] [ 79%] [32mBuilding CXX object CMakeFiles/xarmrob_interfaces__rosidl_typesupport_introspection_cpp.dir/rosidl_typesupport_introspection_cpp/xarmrob_interfaces/srv/detail/me439_x_arm_forward_kinematics__type_support.cpp.o[0m
[37.500s] [ 80%] [32m[1mLinking CXX shared library libxarmrob_interfaces__rosidl_typesupport_fastrtps_cpp.so[0m
[37.804s] [ 82%] [32mBuilding CXX object CMakeFiles/xarmrob_interfaces__rosidl_typesupport_introspection_cpp.dir/rosidl_typesupport_introspection_cpp/xarmrob_interfaces/srv/detail/me439_x_arm_inverse_kinematics__type_support.cpp.o[0m
[37.886s] [ 82%] Built target xarmrob_interfaces__rosidl_typesupport_fastrtps_cpp
[39.559s] [ 83%] [32m[1mLinking CXX shared library libxarmrob_interfaces__rosidl_typesupport_introspection_cpp.so[0m
[39.815s] [ 83%] Built target xarmrob_interfaces__rosidl_typesupport_introspection_cpp
[39.870s] [ 83%] Built target xarmrob_interfaces
[39.924s] [ 84%] [34m[1mGenerating Python code for ROS interfaces[0m
[44.061s] [ 84%] Built target xarmrob_interfaces__py
[44.125s] [ 85%] [32mBuilding C object CMakeFiles/xarmrob_interfaces__rosidl_generator_py.dir/rosidl_generator_py/xarmrob_interfaces/msg/_me439_joint_command_s.c.o[0m
[44.142s] [ 86%] [32mBuilding C object CMakeFiles/xarmrob_interfaces__rosidl_generator_py.dir/rosidl_generator_py/xarmrob_interfaces/action/_me439_move_to_target_s.c.o[0m
[44.144s] [ 88%] [32mBuilding C object CMakeFiles/xarmrob_interfaces__rosidl_generator_py.dir/rosidl_generator_py/xarmrob_interfaces/msg/_me439_joint_location_s.c.o[0m
[44.150s] [ 89%] [32mBuilding C object CMakeFiles/xarmrob_interfaces__rosidl_generator_py.dir/rosidl_generator_py/xarmrob_interfaces/msg/_me439_point_xyz_s.c.o[0m
[44.737s] [ 90%] [32mBuilding C object CMakeFiles/xarmrob_interfaces__rosidl_generator_py.dir/rosidl_generator_py/xarmrob_interfaces/srv/_me439_x_arm_forward_kinematics_s.c.o[0m
[44.944s] [ 91%] [32mBuilding C object CMakeFiles/xarmrob_interfaces__rosidl_generator_py.dir/rosidl_generator_py/xarmrob_interfaces/srv/_me439_x_arm_inverse_kinematics_s.c.o[0m
[45.790s] [ 92%] [32m[1mLinking C shared library libxarmrob_interfaces__rosidl_generator_py.so[0m
[45.910s] [ 92%] Built target xarmrob_interfaces__rosidl_generator_py
[45.976s] [ 94%] [32mBuilding C object CMakeFiles/xarmrob_interfaces_s__rosidl_typesupport_fastrtps_c.dir/rosidl_generator_py/xarmrob_interfaces/_xarmrob_interfaces_s.ep.rosidl_typesupport_fastrtps_c.c.o[0m
[45.980s] [ 95%] [32mBuilding C object CMakeFiles/xarmrob_interfaces_s__rosidl_typesupport_c.dir/rosidl_generator_py/xarmrob_interfaces/_xarmrob_interfaces_s.ep.rosidl_typesupport_c.c.o[0m
[46.012s] [ 96%] [32mBuilding C object CMakeFiles/xarmrob_interfaces_s__rosidl_typesupport_introspection_c.dir/rosidl_generator_py/xarmrob_interfaces/_xarmrob_interfaces_s.ep.rosidl_typesupport_introspection_c.c.o[0m
[46.600s] [ 97%] [32m[1mLinking C shared module rosidl_generator_py/xarmrob_interfaces/xarmrob_interfaces_s__rosidl_typesupport_c.so[0m
[46.618s] [ 98%] [32m[1mLinking C shared module rosidl_generator_py/xarmrob_interfaces/xarmrob_interfaces_s__rosidl_typesupport_introspection_c.so[0m
[46.698s] [ 98%] Built target xarmrob_interfaces_s__rosidl_typesupport_c
[46.718s] [ 98%] Built target xarmrob_interfaces_s__rosidl_typesupport_introspection_c
[46.836s] [100%] [32m[1mLinking C shared module rosidl_generator_py/xarmrob_interfaces/xarmrob_interfaces_s__rosidl_typesupport_fastrtps_c.so[0m
[46.939s] [100%] Built target xarmrob_interfaces_s__rosidl_typesupport_fastrtps_c
[46.972s] Invoked command in '/home/aansari/Documents/ME439/ME439Team125/build/xarmrob_interfaces' returned '0': CMAKE_PREFIX_PATH=${CMAKE_PREFIX_PATH}:/home/aansari/Documents/ME439/ME439Team125/install/finalproj125:/home/aansari/ros2_prac/install/xarmrob:/home/aansari/ros2_prac/install/mobrob:/opt/ros/jazzy DEBUGINFOD_URLS=https://debuginfod.ubuntu.com /usr/bin/cmake --build /home/aansari/Documents/ME439/ME439Team125/build/xarmrob_interfaces -- -j4 -l4
[46.976s] Invoking command in '/home/aansari/Documents/ME439/ME439Team125/build/xarmrob_interfaces': CMAKE_PREFIX_PATH=${CMAKE_PREFIX_PATH}:/home/aansari/Documents/ME439/ME439Team125/install/finalproj125:/home/aansari/ros2_prac/install/xarmrob:/home/aansari/ros2_prac/install/mobrob:/opt/ros/jazzy DEBUGINFOD_URLS=https://debuginfod.ubuntu.com /usr/bin/cmake --install /home/aansari/Documents/ME439/ME439Team125/build/xarmrob_interfaces
[46.994s] -- Install configuration: ""
[46.995s] -- Execute custom install script
[46.995s] -- Symlinking: /home/aansari/Documents/ME439/ME439Team125/install/xarmrob_interfaces/share/ament_index/resource_index/rosidl_interfaces/xarmrob_interfaces
[47.022s] -- Symlinking: /home/aansari/Documents/ME439/ME439Team125/install/xarmrob_interfaces/share/xarmrob_interfaces/msg/ME439JointCommand.json
[47.041s] -- Symlinking: /home/aansari/Documents/ME439/ME439Team125/install/xarmrob_interfaces/share/xarmrob_interfaces/msg/ME439JointLocation.json
[47.060s] -- Symlinking: /home/aansari/Documents/ME439/ME439Team125/install/xarmrob_interfaces/share/xarmrob_interfaces/msg/ME439PointXYZ.json
[47.080s] -- Symlinking: /home/aansari/Documents/ME439/ME439Team125/install/xarmrob_interfaces/share/xarmrob_interfaces/action/ME439MoveToTarget.json
[47.097s] -- Symlinking: /home/aansari/Documents/ME439/ME439Team125/install/xarmrob_interfaces/share/xarmrob_interfaces/srv/ME439XArmForwardKinematics.json
[47.122s] -- Symlinking: /home/aansari/Documents/ME439/ME439Team125/install/xarmrob_interfaces/share/xarmrob_interfaces/srv/ME439XArmInverseKinematics.json
[47.141s] -- Symlinking: /home/aansari/Documents/ME439/ME439Team125/install/xarmrob_interfaces/include/xarmrob_interfaces/xarmrob_interfaces/action/detail/me439_move_to_target__functions.h
[47.159s] -- Symlinking: /home/aansari/Documents/ME439/ME439Team125/install/xarmrob_interfaces/include/xarmrob_interfaces/xarmrob_interfaces/action/detail/me439_move_to_target__struct.h
[47.181s] -- Symlinking: /home/aansari/Documents/ME439/ME439Team125/install/xarmrob_interfaces/include/xarmrob_interfaces/xarmrob_interfaces/action/detail/me439_move_to_target__type_support.h
[47.198s] -- Symlinking: /home/aansari/Documents/ME439/ME439Team125/install/xarmrob_interfaces/include/xarmrob_interfaces/xarmrob_interfaces/action/me439_move_to_target.h
[47.217s] -- Symlinking: /home/aansari/Documents/ME439/ME439Team125/install/xarmrob_interfaces/include/xarmrob_interfaces/xarmrob_interfaces/msg/detail/me439_joint_command__functions.h
[47.236s] -- Symlinking: /home/aansari/Documents/ME439/ME439Team125/install/xarmrob_interfaces/include/xarmrob_interfaces/xarmrob_interfaces/msg/detail/me439_joint_command__struct.h
[47.253s] -- Symlinking: /home/aansari/Documents/ME439/ME439Team125/install/xarmrob_interfaces/include/xarmrob_interfaces/xarmrob_interfaces/msg/detail/me439_joint_command__type_support.h
[47.271s] -- Symlinking: /home/aansari/Documents/ME439/ME439Team125/install/xarmrob_interfaces/include/xarmrob_interfaces/xarmrob_interfaces/msg/detail/me439_joint_location__functions.h
[47.288s] -- Symlinking: /home/aansari/Documents/ME439/ME439Team125/install/xarmrob_interfaces/include/xarmrob_interfaces/xarmrob_interfaces/msg/detail/me439_joint_location__struct.h
[47.307s] -- Symlinking: /home/aansari/Documents/ME439/ME439Team125/install/xarmrob_interfaces/include/xarmrob_interfaces/xarmrob_interfaces/msg/detail/me439_joint_location__type_support.h
[47.331s] -- Symlinking: /home/aansari/Documents/ME439/ME439Team125/install/xarmrob_interfaces/include/xarmrob_interfaces/xarmrob_interfaces/msg/detail/me439_point_xyz__functions.h
[47.356s] -- Symlinking: /home/aansari/Documents/ME439/ME439Team125/install/xarmrob_interfaces/include/xarmrob_interfaces/xarmrob_interfaces/msg/detail/me439_point_xyz__struct.h
[47.379s] -- Symlinking: /home/aansari/Documents/ME439/ME439Team125/install/xarmrob_interfaces/include/xarmrob_interfaces/xarmrob_interfaces/msg/detail/me439_point_xyz__type_support.h
[47.396s] -- Symlinking: /home/aansari/Documents/ME439/ME439Team125/install/xarmrob_interfaces/include/xarmrob_interfaces/xarmrob_interfaces/msg/me439_joint_command.h
[47.415s] -- Symlinking: /home/aansari/Documents/ME439/ME439Team125/install/xarmrob_interfaces/include/xarmrob_interfaces/xarmrob_interfaces/msg/me439_joint_location.h
[47.436s] -- Symlinking: /home/aansari/Documents/ME439/ME439Team125/install/xarmrob_interfaces/include/xarmrob_interfaces/xarmrob_interfaces/msg/me439_point_xyz.h
[47.453s] -- Symlinking: /home/aansari/Documents/ME439/ME439Team125/install/xarmrob_interfaces/include/xarmrob_interfaces/xarmrob_interfaces/msg/rosidl_generator_c__visibility_control.h
[47.471s] -- Symlinking: /home/aansari/Documents/ME439/ME439Team125/install/xarmrob_interfaces/include/xarmrob_interfaces/xarmrob_interfaces/srv/detail/me439_x_arm_forward_kinematics__functions.h
[47.493s] -- Symlinking: /home/aansari/Documents/ME439/ME439Team125/install/xarmrob_interfaces/include/xarmrob_interfaces/xarmrob_interfaces/srv/detail/me439_x_arm_forward_kinematics__struct.h
[47.513s] -- Symlinking: /home/aansari/Documents/ME439/ME439Team125/install/xarmrob_interfaces/include/xarmrob_interfaces/xarmrob_interfaces/srv/detail/me439_x_arm_forward_kinematics__type_support.h
[47.537s] -- Symlinking: /home/aansari/Documents/ME439/ME439Team125/install/xarmrob_interfaces/include/xarmrob_interfaces/xarmrob_interfaces/srv/detail/me439_x_arm_inverse_kinematics__functions.h
[47.559s] -- Symlinking: /home/aansari/Documents/ME439/ME439Team125/install/xarmrob_interfaces/include/xarmrob_interfaces/xarmrob_interfaces/srv/detail/me439_x_arm_inverse_kinematics__struct.h
[47.579s] -- Symlinking: /home/aansari/Documents/ME439/ME439Team125/install/xarmrob_interfaces/include/xarmrob_interfaces/xarmrob_interfaces/srv/detail/me439_x_arm_inverse_kinematics__type_support.h
[47.600s] -- Symlinking: /home/aansari/Documents/ME439/ME439Team125/install/xarmrob_interfaces/include/xarmrob_interfaces/xarmrob_interfaces/srv/me439_x_arm_forward_kinematics.h
[47.621s] -- Symlinking: /home/aansari/Documents/ME439/ME439Team125/install/xarmrob_interfaces/include/xarmrob_interfaces/xarmrob_interfaces/srv/me439_x_arm_inverse_kinematics.h
[47.637s] -- Symlinking: /home/aansari/Documents/ME439/ME439Team125/install/xarmrob_interfaces/share/xarmrob_interfaces/environment/library_path.sh
[47.650s] -- Symlinking: /home/aansari/Documents/ME439/ME439Team125/install/xarmrob_interfaces/share/xarmrob_interfaces/environment/library_path.dsv
[47.669s] -- Symlinking: /home/aansari/Documents/ME439/ME439Team125/install/xarmrob_interfaces/include/xarmrob_interfaces/xarmrob_interfaces/action/detail/me439_move_to_target__rosidl_typesupport_fastrtps_c.h
[47.681s] -- Symlinking: /home/aansari/Documents/ME439/ME439Team125/install/xarmrob_interfaces/include/xarmrob_interfaces/xarmrob_interfaces/msg/detail/me439_joint_command__rosidl_typesupport_fastrtps_c.h
[47.695s] -- Symlinking: /home/aansari/Documents/ME439/ME439Team125/install/xarmrob_interfaces/include/xarmrob_interfaces/xarmrob_interfaces/msg/detail/me439_joint_location__rosidl_typesupport_fastrtps_c.h
[47.708s] -- Symlinking: /home/aansari/Documents/ME439/ME439Team125/install/xarmrob_interfaces/include/xarmrob_interfaces/xarmrob_interfaces/msg/detail/me439_point_xyz__rosidl_typesupport_fastrtps_c.h
[47.722s] -- Symlinking: /home/aansari/Documents/ME439/ME439Team125/install/xarmrob_interfaces/include/xarmrob_interfaces/xarmrob_interfaces/msg/rosidl_typesupport_fastrtps_c__visibility_control.h
[47.734s] -- Symlinking: /home/aansari/Documents/ME439/ME439Team125/install/xarmrob_interfaces/include/xarmrob_interfaces/xarmrob_interfaces/srv/detail/me439_x_arm_forward_kinematics__rosidl_typesupport_fastrtps_c.h
[47.744s] -- Symlinking: /home/aansari/Documents/ME439/ME439Team125/install/xarmrob_interfaces/include/xarmrob_interfaces/xarmrob_interfaces/srv/detail/me439_x_arm_inverse_kinematics__rosidl_typesupport_fastrtps_c.h
[47.755s] -- Symlinking: /home/aansari/Documents/ME439/ME439Team125/install/xarmrob_interfaces/include/xarmrob_interfaces/xarmrob_interfaces/action/detail/me439_move_to_target__builder.hpp
[47.766s] -- Symlinking: /home/aansari/Documents/ME439/ME439Team125/install/xarmrob_interfaces/include/xarmrob_interfaces/xarmrob_interfaces/action/detail/me439_move_to_target__struct.hpp
[47.776s] -- Symlinking: /home/aansari/Documents/ME439/ME439Team125/install/xarmrob_interfaces/include/xarmrob_interfaces/xarmrob_interfaces/action/detail/me439_move_to_target__traits.hpp
[47.786s] -- Symlinking: /home/aansari/Documents/ME439/ME439Team125/install/xarmrob_interfaces/include/xarmrob_interfaces/xarmrob_interfaces/action/detail/me439_move_to_target__type_support.hpp
[47.796s] -- Symlinking: /home/aansari/Documents/ME439/ME439Team125/install/xarmrob_interfaces/include/xarmrob_interfaces/xarmrob_interfaces/action/me439_move_to_target.hpp
[47.806s] -- Symlinking: /home/aansari/Documents/ME439/ME439Team125/install/xarmrob_interfaces/include/xarmrob_interfaces/xarmrob_interfaces/msg/detail/me439_joint_command__builder.hpp
[47.819s] -- Symlinking: /home/aansari/Documents/ME439/ME439Team125/install/xarmrob_interfaces/include/xarmrob_interfaces/xarmrob_interfaces/msg/detail/me439_joint_command__struct.hpp
[47.829s] -- Symlinking: /home/aansari/Documents/ME439/ME439Team125/install/xarmrob_interfaces/include/xarmrob_interfaces/xarmrob_interfaces/msg/detail/me439_joint_command__traits.hpp
[47.840s] -- Symlinking: /home/aansari/Documents/ME439/ME439Team125/install/xarmrob_interfaces/include/xarmrob_interfaces/xarmrob_interfaces/msg/detail/me439_joint_command__type_support.hpp
[47.851s] -- Symlinking: /home/aansari/Documents/ME439/ME439Team125/install/xarmrob_interfaces/include/xarmrob_interfaces/xarmrob_interfaces/msg/detail/me439_joint_location__builder.hpp
[47.864s] -- Symlinking: /home/aansari/Documents/ME439/ME439Team125/install/xarmrob_interfaces/include/xarmrob_interfaces/xarmrob_interfaces/msg/detail/me439_joint_location__struct.hpp
[47.875s] -- Symlinking: /home/aansari/Documents/ME439/ME439Team125/install/xarmrob_interfaces/include/xarmrob_interfaces/xarmrob_interfaces/msg/detail/me439_joint_location__traits.hpp
[47.888s] -- Symlinking: /home/aansari/Documents/ME439/ME439Team125/install/xarmrob_interfaces/include/xarmrob_interfaces/xarmrob_interfaces/msg/detail/me439_joint_location__type_support.hpp
[47.900s] -- Symlinking: /home/aansari/Documents/ME439/ME439Team125/install/xarmrob_interfaces/include/xarmrob_interfaces/xarmrob_interfaces/msg/detail/me439_point_xyz__builder.hpp
[47.918s] -- Symlinking: /home/aansari/Documents/ME439/ME439Team125/install/xarmrob_interfaces/include/xarmrob_interfaces/xarmrob_interfaces/msg/detail/me439_point_xyz__struct.hpp
[47.935s] -- Symlinking: /home/aansari/Documents/ME439/ME439Team125/install/xarmrob_interfaces/include/xarmrob_interfaces/xarmrob_interfaces/msg/detail/me439_point_xyz__traits.hpp
[47.950s] -- Symlinking: /home/aansari/Documents/ME439/ME439Team125/install/xarmrob_interfaces/include/xarmrob_interfaces/xarmrob_interfaces/msg/detail/me439_point_xyz__type_support.hpp
[47.966s] -- Symlinking: /home/aansari/Documents/ME439/ME439Team125/install/xarmrob_interfaces/include/xarmrob_interfaces/xarmrob_interfaces/msg/me439_joint_command.hpp
[47.980s] -- Symlinking: /home/aansari/Documents/ME439/ME439Team125/install/xarmrob_interfaces/include/xarmrob_interfaces/xarmrob_interfaces/msg/me439_joint_location.hpp
[47.995s] -- Symlinking: /home/aansari/Documents/ME439/ME439Team125/install/xarmrob_interfaces/include/xarmrob_interfaces/xarmrob_interfaces/msg/me439_point_xyz.hpp
[48.013s] -- Symlinking: /home/aansari/Documents/ME439/ME439Team125/install/xarmrob_interfaces/include/xarmrob_interfaces/xarmrob_interfaces/msg/rosidl_generator_cpp__visibility_control.hpp
[48.026s] -- Symlinking: /home/aansari/Documents/ME439/ME439Team125/install/xarmrob_interfaces/include/xarmrob_interfaces/xarmrob_interfaces/srv/detail/me439_x_arm_forward_kinematics__builder.hpp
[48.037s] -- Symlinking: /home/aansari/Documents/ME439/ME439Team125/install/xarmrob_interfaces/include/xarmrob_interfaces/xarmrob_interfaces/srv/detail/me439_x_arm_forward_kinematics__struct.hpp
[48.047s] -- Symlinking: /home/aansari/Documents/ME439/ME439Team125/install/xarmrob_interfaces/include/xarmrob_interfaces/xarmrob_interfaces/srv/detail/me439_x_arm_forward_kinematics__traits.hpp
[48.057s] -- Symlinking: /home/aansari/Documents/ME439/ME439Team125/install/xarmrob_interfaces/include/xarmrob_interfaces/xarmrob_interfaces/srv/detail/me439_x_arm_forward_kinematics__type_support.hpp
[48.067s] -- Symlinking: /home/aansari/Documents/ME439/ME439Team125/install/xarmrob_interfaces/include/xarmrob_interfaces/xarmrob_interfaces/srv/detail/me439_x_arm_inverse_kinematics__builder.hpp
[48.078s] -- Symlinking: /home/aansari/Documents/ME439/ME439Team125/install/xarmrob_interfaces/include/xarmrob_interfaces/xarmrob_interfaces/srv/detail/me439_x_arm_inverse_kinematics__struct.hpp
[48.088s] -- Symlinking: /home/aansari/Documents/ME439/ME439Team125/install/xarmrob_interfaces/include/xarmrob_interfaces/xarmrob_interfaces/srv/detail/me439_x_arm_inverse_kinematics__traits.hpp
[48.098s] -- Symlinking: /home/aansari/Documents/ME439/ME439Team125/install/xarmrob_interfaces/include/xarmrob_interfaces/xarmrob_interfaces/srv/detail/me439_x_arm_inverse_kinematics__type_support.hpp
[48.108s] -- Symlinking: /home/aansari/Documents/ME439/ME439Team125/install/xarmrob_interfaces/include/xarmrob_interfaces/xarmrob_interfaces/srv/me439_x_arm_forward_kinematics.hpp
[48.119s] -- Symlinking: /home/aansari/Documents/ME439/ME439Team125/install/xarmrob_interfaces/include/xarmrob_interfaces/xarmrob_interfaces/srv/me439_x_arm_inverse_kinematics.hpp
[48.130s] -- Symlinking: /home/aansari/Documents/ME439/ME439Team125/install/xarmrob_interfaces/include/xarmrob_interfaces/xarmrob_interfaces/action/detail/me439_move_to_target__rosidl_typesupport_fastrtps_cpp.hpp
[48.141s] -- Symlinking: /home/aansari/Documents/ME439/ME439Team125/install/xarmrob_interfaces/include/xarmrob_interfaces/xarmrob_interfaces/msg/detail/me439_joint_command__rosidl_typesupport_fastrtps_cpp.hpp
[48.151s] -- Symlinking: /home/aansari/Documents/ME439/ME439Team125/install/xarmrob_interfaces/include/xarmrob_interfaces/xarmrob_interfaces/msg/detail/me439_joint_location__rosidl_typesupport_fastrtps_cpp.hpp
[48.161s] -- Symlinking: /home/aansari/Documents/ME439/ME439Team125/install/xarmrob_interfaces/include/xarmrob_interfaces/xarmrob_interfaces/msg/detail/me439_point_xyz__rosidl_typesupport_fastrtps_cpp.hpp
[48.171s] -- Symlinking: /home/aansari/Documents/ME439/ME439Team125/install/xarmrob_interfaces/include/xarmrob_interfaces/xarmrob_interfaces/msg/rosidl_typesupport_fastrtps_cpp__visibility_control.h
[48.181s] -- Symlinking: /home/aansari/Documents/ME439/ME439Team125/install/xarmrob_interfaces/include/xarmrob_interfaces/xarmrob_interfaces/srv/detail/me439_x_arm_forward_kinematics__rosidl_typesupport_fastrtps_cpp.hpp
[48.191s] -- Symlinking: /home/aansari/Documents/ME439/ME439Team125/install/xarmrob_interfaces/include/xarmrob_interfaces/xarmrob_interfaces/srv/detail/me439_x_arm_inverse_kinematics__rosidl_typesupport_fastrtps_cpp.hpp
[48.202s] -- Symlinking: /home/aansari/Documents/ME439/ME439Team125/install/xarmrob_interfaces/include/xarmrob_interfaces/xarmrob_interfaces/action/detail/me439_move_to_target__rosidl_typesupport_introspection_c.h
[48.212s] -- Symlinking: /home/aansari/Documents/ME439/ME439Team125/install/xarmrob_interfaces/include/xarmrob_interfaces/xarmrob_interfaces/msg/detail/me439_joint_command__rosidl_typesupport_introspection_c.h
[48.224s] -- Symlinking: /home/aansari/Documents/ME439/ME439Team125/install/xarmrob_interfaces/include/xarmrob_interfaces/xarmrob_interfaces/msg/detail/me439_joint_location__rosidl_typesupport_introspection_c.h
[48.234s] -- Symlinking: /home/aansari/Documents/ME439/ME439Team125/install/xarmrob_interfaces/include/xarmrob_interfaces/xarmrob_interfaces/msg/detail/me439_point_xyz__rosidl_typesupport_introspection_c.h
[48.244s] -- Symlinking: /home/aansari/Documents/ME439/ME439Team125/install/xarmrob_interfaces/include/xarmrob_interfaces/xarmrob_interfaces/msg/rosidl_typesupport_introspection_c__visibility_control.h
[48.254s] -- Symlinking: /home/aansari/Documents/ME439/ME439Team125/install/xarmrob_interfaces/include/xarmrob_interfaces/xarmrob_interfaces/srv/detail/me439_x_arm_forward_kinematics__rosidl_typesupport_introspection_c.h
[48.265s] -- Symlinking: /home/aansari/Documents/ME439/ME439Team125/install/xarmrob_interfaces/include/xarmrob_interfaces/xarmrob_interfaces/srv/detail/me439_x_arm_inverse_kinematics__rosidl_typesupport_introspection_c.h
[48.275s] -- Symlinking: /home/aansari/Documents/ME439/ME439Team125/install/xarmrob_interfaces/include/xarmrob_interfaces/xarmrob_interfaces/action/detail/me439_move_to_target__rosidl_typesupport_introspection_cpp.hpp
[48.285s] -- Symlinking: /home/aansari/Documents/ME439/ME439Team125/install/xarmrob_interfaces/include/xarmrob_interfaces/xarmrob_interfaces/msg/detail/me439_joint_command__rosidl_typesupport_introspection_cpp.hpp
[48.296s] -- Symlinking: /home/aansari/Documents/ME439/ME439Team125/install/xarmrob_interfaces/include/xarmrob_interfaces/xarmrob_interfaces/msg/detail/me439_joint_location__rosidl_typesupport_introspection_cpp.hpp
[48.306s] -- Symlinking: /home/aansari/Documents/ME439/ME439Team125/install/xarmrob_interfaces/include/xarmrob_interfaces/xarmrob_interfaces/msg/detail/me439_point_xyz__rosidl_typesupport_introspection_cpp.hpp
[48.316s] -- Symlinking: /home/aansari/Documents/ME439/ME439Team125/install/xarmrob_interfaces/include/xarmrob_interfaces/xarmrob_interfaces/srv/detail/me439_x_arm_forward_kinematics__rosidl_typesupport_introspection_cpp.hpp
[48.327s] -- Symlinking: /home/aansari/Documents/ME439/ME439Team125/install/xarmrob_interfaces/include/xarmrob_interfaces/xarmrob_interfaces/srv/detail/me439_x_arm_inverse_kinematics__rosidl_typesupport_introspection_cpp.hpp
[48.337s] -- Symlinking: /home/aansari/Documents/ME439/ME439Team125/install/xarmrob_interfaces/share/xarmrob_interfaces/environment/pythonpath.sh
[48.347s] -- Symlinking: /home/aansari/Documents/ME439/ME439Team125/install/xarmrob_interfaces/share/xarmrob_interfaces/environment/pythonpath.dsv
[48.358s] -- Symlinking: /home/aansari/Documents/ME439/ME439Team125/install/xarmrob_interfaces/lib/python3.12/site-packages/xarmrob_interfaces-0.0.0-py3.12.egg-info/PKG-INFO
[48.369s] -- Symlinking: /home/aansari/Documents/ME439/ME439Team125/install/xarmrob_interfaces/lib/python3.12/site-packages/xarmrob_interfaces-0.0.0-py3.12.egg-info/SOURCES.txt
[48.380s] -- Symlinking: /home/aansari/Documents/ME439/ME439Team125/install/xarmrob_interfaces/lib/python3.12/site-packages/xarmrob_interfaces-0.0.0-py3.12.egg-info/dependency_links.txt
[48.390s] -- Symlinking: /home/aansari/Documents/ME439/ME439Team125/install/xarmrob_interfaces/lib/python3.12/site-packages/xarmrob_interfaces-0.0.0-py3.12.egg-info/top_level.txt
[48.402s] -- Symlinking: /home/aansari/Documents/ME439/ME439Team125/install/xarmrob_interfaces/lib/python3.12/site-packages/xarmrob_interfaces/__init__.py
[48.412s] -- Symlinking: /home/aansari/Documents/ME439/ME439Team125/install/xarmrob_interfaces/lib/python3.12/site-packages/xarmrob_interfaces/_xarmrob_interfaces_s.ep.rosidl_typesupport_c.c
[48.423s] -- Symlinking: /home/aansari/Documents/ME439/ME439Team125/install/xarmrob_interfaces/lib/python3.12/site-packages/xarmrob_interfaces/_xarmrob_interfaces_s.ep.rosidl_typesupport_fastrtps_c.c
[48.434s] -- Symlinking: /home/aansari/Documents/ME439/ME439Team125/install/xarmrob_interfaces/lib/python3.12/site-packages/xarmrob_interfaces/_xarmrob_interfaces_s.ep.rosidl_typesupport_introspection_c.c
[48.444s] -- Symlinking: /home/aansari/Documents/ME439/ME439Team125/install/xarmrob_interfaces/lib/python3.12/site-packages/xarmrob_interfaces/action/__init__.py
[48.455s] -- Symlinking: /home/aansari/Documents/ME439/ME439Team125/install/xarmrob_interfaces/lib/python3.12/site-packages/xarmrob_interfaces/action/_me439_move_to_target.py
[48.466s] -- Symlinking: /home/aansari/Documents/ME439/ME439Team125/install/xarmrob_interfaces/lib/python3.12/site-packages/xarmrob_interfaces/action/_me439_move_to_target_s.c
[48.476s] -- Symlinking: /home/aansari/Documents/ME439/ME439Team125/install/xarmrob_interfaces/lib/python3.12/site-packages/xarmrob_interfaces/msg/__init__.py
[48.486s] -- Symlinking: /home/aansari/Documents/ME439/ME439Team125/install/xarmrob_interfaces/lib/python3.12/site-packages/xarmrob_interfaces/msg/_me439_joint_command.py
[48.496s] -- Symlinking: /home/aansari/Documents/ME439/ME439Team125/install/xarmrob_interfaces/lib/python3.12/site-packages/xarmrob_interfaces/msg/_me439_joint_command_s.c
[48.506s] -- Symlinking: /home/aansari/Documents/ME439/ME439Team125/install/xarmrob_interfaces/lib/python3.12/site-packages/xarmrob_interfaces/msg/_me439_joint_location.py
[48.517s] -- Symlinking: /home/aansari/Documents/ME439/ME439Team125/install/xarmrob_interfaces/lib/python3.12/site-packages/xarmrob_interfaces/msg/_me439_joint_location_s.c
[48.527s] -- Symlinking: /home/aansari/Documents/ME439/ME439Team125/install/xarmrob_interfaces/lib/python3.12/site-packages/xarmrob_interfaces/msg/_me439_point_xyz.py
[48.537s] -- Symlinking: /home/aansari/Documents/ME439/ME439Team125/install/xarmrob_interfaces/lib/python3.12/site-packages/xarmrob_interfaces/msg/_me439_point_xyz_s.c
[48.548s] -- Symlinking: /home/aansari/Documents/ME439/ME439Team125/install/xarmrob_interfaces/lib/python3.12/site-packages/xarmrob_interfaces/srv/__init__.py
[48.559s] -- Symlinking: /home/aansari/Documents/ME439/ME439Team125/install/xarmrob_interfaces/lib/python3.12/site-packages/xarmrob_interfaces/srv/_me439_x_arm_forward_kinematics.py
[48.569s] -- Symlinking: /home/aansari/Documents/ME439/ME439Team125/install/xarmrob_interfaces/lib/python3.12/site-packages/xarmrob_interfaces/srv/_me439_x_arm_forward_kinematics_s.c
[48.579s] -- Symlinking: /home/aansari/Documents/ME439/ME439Team125/install/xarmrob_interfaces/lib/python3.12/site-packages/xarmrob_interfaces/srv/_me439_x_arm_inverse_kinematics.py
[48.589s] -- Symlinking: /home/aansari/Documents/ME439/ME439Team125/install/xarmrob_interfaces/lib/python3.12/site-packages/xarmrob_interfaces/srv/_me439_x_arm_inverse_kinematics_s.c
[48.599s] -- Symlinking: /home/aansari/Documents/ME439/ME439Team125/install/xarmrob_interfaces/lib/python3.12/site-packages/xarmrob_interfaces/xarmrob_interfaces_s__rosidl_typesupport_c.so
[48.609s] -- Symlinking: /home/aansari/Documents/ME439/ME439Team125/install/xarmrob_interfaces/lib/python3.12/site-packages/xarmrob_interfaces/xarmrob_interfaces_s__rosidl_typesupport_fastrtps_c.so
[48.620s] -- Symlinking: /home/aansari/Documents/ME439/ME439Team125/install/xarmrob_interfaces/lib/python3.12/site-packages/xarmrob_interfaces/xarmrob_interfaces_s__rosidl_typesupport_introspection_c.so
[48.631s] -- Up-to-date symlink: /home/aansari/Documents/ME439/ME439Team125/install/xarmrob_interfaces/lib/python3.12/site-packages/xarmrob_interfaces/xarmrob_interfaces_s__rosidl_typesupport_fastrtps_c.so
[48.632s] -- Up-to-date symlink: /home/aansari/Documents/ME439/ME439Team125/install/xarmrob_interfaces/lib/python3.12/site-packages/xarmrob_interfaces/xarmrob_interfaces_s__rosidl_typesupport_introspection_c.so
[48.632s] -- Up-to-date symlink: /home/aansari/Documents/ME439/ME439Team125/install/xarmrob_interfaces/lib/python3.12/site-packages/xarmrob_interfaces/xarmrob_interfaces_s__rosidl_typesupport_c.so
[48.632s] -- Symlinking: /home/aansari/Documents/ME439/ME439Team125/install/xarmrob_interfaces/share/xarmrob_interfaces/msg/ME439JointCommand.idl
[48.643s] -- Symlinking: /home/aansari/Documents/ME439/ME439Team125/install/xarmrob_interfaces/share/xarmrob_interfaces/msg/ME439JointLocation.idl
[48.653s] -- Symlinking: /home/aansari/Documents/ME439/ME439Team125/install/xarmrob_interfaces/share/xarmrob_interfaces/msg/ME439PointXYZ.idl
[48.663s] -- Symlinking: /home/aansari/Documents/ME439/ME439Team125/install/xarmrob_interfaces/share/xarmrob_interfaces/action/ME439MoveToTarget.idl
[48.673s] -- Symlinking: /home/aansari/Documents/ME439/ME439Team125/install/xarmrob_interfaces/share/xarmrob_interfaces/srv/ME439XArmForwardKinematics.idl
[48.683s] -- Symlinking: /home/aansari/Documents/ME439/ME439Team125/install/xarmrob_interfaces/share/xarmrob_interfaces/srv/ME439XArmInverseKinematics.idl
[48.694s] -- Symlinking: /home/aansari/Documents/ME439/ME439Team125/install/xarmrob_interfaces/share/xarmrob_interfaces/msg/ME439JointCommand.msg
[48.704s] -- Symlinking: /home/aansari/Documents/ME439/ME439Team125/install/xarmrob_interfaces/share/xarmrob_interfaces/msg/ME439JointLocation.msg
[48.714s] -- Symlinking: /home/aansari/Documents/ME439/ME439Team125/install/xarmrob_interfaces/share/xarmrob_interfaces/msg/ME439PointXYZ.msg
[48.725s] -- Symlinking: /home/aansari/Documents/ME439/ME439Team125/install/xarmrob_interfaces/share/xarmrob_interfaces/action/ME439MoveToTarget.action
[48.735s] -- Symlinking: /home/aansari/Documents/ME439/ME439Team125/install/xarmrob_interfaces/share/xarmrob_interfaces/srv/ME439XArmForwardKinematics.srv
[48.746s] -- Symlinking: /home/aansari/Documents/ME439/ME439Team125/install/xarmrob_interfaces/share/xarmrob_interfaces/srv/ME439XArmInverseKinematics.srv
[48.756s] -- Symlinking: /home/aansari/Documents/ME439/ME439Team125/install/xarmrob_interfaces/share/ament_index/resource_index/package_run_dependencies/xarmrob_interfaces
[48.766s] -- Symlinking: /home/aansari/Documents/ME439/ME439Team125/install/xarmrob_interfaces/share/ament_index/resource_index/parent_prefix_path/xarmrob_interfaces
[48.776s] -- Symlinking: /home/aansari/Documents/ME439/ME439Team125/install/xarmrob_interfaces/share/xarmrob_interfaces/environment/ament_prefix_path.sh
[48.787s] -- Symlinking: /home/aansari/Documents/ME439/ME439Team125/install/xarmrob_interfaces/share/xarmrob_interfaces/environment/ament_prefix_path.dsv
[48.797s] -- Symlinking: /home/aansari/Documents/ME439/ME439Team125/install/xarmrob_interfaces/share/xarmrob_interfaces/environment/path.sh
[48.807s] -- Symlinking: /home/aansari/Documents/ME439/ME439Team125/install/xarmrob_interfaces/share/xarmrob_interfaces/environment/path.dsv
[48.818s] -- Symlinking: /home/aansari/Documents/ME439/ME439Team125/install/xarmrob_interfaces/share/xarmrob_interfaces/local_setup.bash
[48.828s] -- Symlinking: /home/aansari/Documents/ME439/ME439Team125/install/xarmrob_interfaces/share/xarmrob_interfaces/local_setup.sh
[48.839s] -- Symlinking: /home/aansari/Documents/ME439/ME439Team125/install/xarmrob_interfaces/share/xarmrob_interfaces/local_setup.zsh
[48.849s] -- Symlinking: /home/aansari/Documents/ME439/ME439Team125/install/xarmrob_interfaces/share/xarmrob_interfaces/local_setup.dsv
[48.859s] -- Symlinking: /home/aansari/Documents/ME439/ME439Team125/install/xarmrob_interfaces/share/xarmrob_interfaces/package.dsv
[48.870s] -- Symlinking: /home/aansari/Documents/ME439/ME439Team125/install/xarmrob_interfaces/share/ament_index/resource_index/packages/xarmrob_interfaces
[48.881s] -- Symlinking: /home/aansari/Documents/ME439/ME439Team125/install/xarmrob_interfaces/share/xarmrob_interfaces/cmake/rosidl_cmake-extras.cmake
[48.891s] -- Symlinking: /home/aansari/Documents/ME439/ME439Team125/install/xarmrob_interfaces/share/xarmrob_interfaces/cmake/ament_cmake_export_dependencies-extras.cmake
[48.902s] -- Symlinking: /home/aansari/Documents/ME439/ME439Team125/install/xarmrob_interfaces/share/xarmrob_interfaces/cmake/ament_cmake_export_include_directories-extras.cmake
[48.912s] -- Symlinking: /home/aansari/Documents/ME439/ME439Team125/install/xarmrob_interfaces/share/xarmrob_interfaces/cmake/ament_cmake_export_libraries-extras.cmake
[48.923s] -- Symlinking: /home/aansari/Documents/ME439/ME439Team125/install/xarmrob_interfaces/share/xarmrob_interfaces/cmake/ament_cmake_export_targets-extras.cmake
[48.934s] -- Symlinking: /home/aansari/Documents/ME439/ME439Team125/install/xarmrob_interfaces/share/xarmrob_interfaces/cmake/rosidl_cmake_export_typesupport_targets-extras.cmake
[48.944s] -- Symlinking: /home/aansari/Documents/ME439/ME439Team125/install/xarmrob_interfaces/share/xarmrob_interfaces/cmake/rosidl_cmake_export_typesupport_libraries-extras.cmake
[48.954s] -- Symlinking: /home/aansari/Documents/ME439/ME439Team125/install/xarmrob_interfaces/share/xarmrob_interfaces/cmake/xarmrob_interfacesConfig.cmake
[48.964s] -- Symlinking: /home/aansari/Documents/ME439/ME439Team125/install/xarmrob_interfaces/share/xarmrob_interfaces/cmake/xarmrob_interfacesConfig-version.cmake
[48.974s] -- Symlinking: /home/aansari/Documents/ME439/ME439Team125/install/xarmrob_interfaces/share/xarmrob_interfaces/package.xml
[48.984s] -- Installing: /home/aansari/Documents/ME439/ME439Team125/install/xarmrob_interfaces/lib/libxarmrob_interfaces__rosidl_generator_c.so
[48.985s] -- Set non-toolchain portion of runtime path of "/home/aansari/Documents/ME439/ME439Team125/install/xarmrob_interfaces/lib/libxarmrob_interfaces__rosidl_generator_c.so" to ""
[48.985s] -- Installing: /home/aansari/Documents/ME439/ME439Team125/install/xarmrob_interfaces/lib/libxarmrob_interfaces__rosidl_typesupport_fastrtps_c.so
[48.986s] -- Set non-toolchain portion of runtime path of "/home/aansari/Documents/ME439/ME439Team125/install/xarmrob_interfaces/lib/libxarmrob_interfaces__rosidl_typesupport_fastrtps_c.so" to ""
[48.986s] -- Installing: /home/aansari/Documents/ME439/ME439Team125/install/xarmrob_interfaces/lib/libxarmrob_interfaces__rosidl_typesupport_fastrtps_cpp.so
[48.988s] -- Set non-toolchain portion of runtime path of "/home/aansari/Documents/ME439/ME439Team125/install/xarmrob_interfaces/lib/libxarmrob_interfaces__rosidl_typesupport_fastrtps_cpp.so" to ""
[48.988s] -- Installing: /home/aansari/Documents/ME439/ME439Team125/install/xarmrob_interfaces/lib/libxarmrob_interfaces__rosidl_typesupport_introspection_c.so
[48.989s] -- Set non-toolchain portion of runtime path of "/home/aansari/Documents/ME439/ME439Team125/install/xarmrob_interfaces/lib/libxarmrob_interfaces__rosidl_typesupport_introspection_c.so" to ""
[48.989s] -- Installing: /home/aansari/Documents/ME439/ME439Team125/install/xarmrob_interfaces/lib/libxarmrob_interfaces__rosidl_typesupport_c.so
[48.990s] -- Set non-toolchain portion of runtime path of "/home/aansari/Documents/ME439/ME439Team125/install/xarmrob_interfaces/lib/libxarmrob_interfaces__rosidl_typesupport_c.so" to ""
[48.990s] -- Installing: /home/aansari/Documents/ME439/ME439Team125/install/xarmrob_interfaces/lib/libxarmrob_interfaces__rosidl_typesupport_introspection_cpp.so
[48.991s] -- Set non-toolchain portion of runtime path of "/home/aansari/Documents/ME439/ME439Team125/install/xarmrob_interfaces/lib/libxarmrob_interfaces__rosidl_typesupport_introspection_cpp.so" to ""
[48.991s] -- Installing: /home/aansari/Documents/ME439/ME439Team125/install/xarmrob_interfaces/lib/libxarmrob_interfaces__rosidl_typesupport_cpp.so
[48.992s] -- Set non-toolchain portion of runtime path of "/home/aansari/Documents/ME439/ME439Team125/install/xarmrob_interfaces/lib/libxarmrob_interfaces__rosidl_typesupport_cpp.so" to ""
[49.070s] Listing '/home/aansari/Documents/ME439/ME439Team125/install/xarmrob_interfaces/lib/python3.12/site-packages/xarmrob_interfaces'...
[49.070s] Compiling '/home/aansari/Documents/ME439/ME439Team125/install/xarmrob_interfaces/lib/python3.12/site-packages/xarmrob_interfaces/__init__.py'...
[49.070s] Listing '/home/aansari/Documents/ME439/ME439Team125/install/xarmrob_interfaces/lib/python3.12/site-packages/xarmrob_interfaces/action'...
[49.071s] Compiling '/home/aansari/Documents/ME439/ME439Team125/install/xarmrob_interfaces/lib/python3.12/site-packages/xarmrob_interfaces/action/__init__.py'...
[49.071s] Compiling '/home/aansari/Documents/ME439/ME439Team125/install/xarmrob_interfaces/lib/python3.12/site-packages/xarmrob_interfaces/action/_me439_move_to_target.py'...
[49.071s] Listing '/home/aansari/Documents/ME439/ME439Team125/install/xarmrob_interfaces/lib/python3.12/site-packages/xarmrob_interfaces/msg'...
[49.071s] Compiling '/home/aansari/Documents/ME439/ME439Team125/install/xarmrob_interfaces/lib/python3.12/site-packages/xarmrob_interfaces/msg/__init__.py'...
[49.071s] Compiling '/home/aansari/Documents/ME439/ME439Team125/install/xarmrob_interfaces/lib/python3.12/site-packages/xarmrob_interfaces/msg/_me439_joint_command.py'...
[49.071s] Compiling '/home/aansari/Documents/ME439/ME439Team125/install/xarmrob_interfaces/lib/python3.12/site-packages/xarmrob_interfaces/msg/_me439_joint_location.py'...
[49.071s] Compiling '/home/aansari/Documents/ME439/ME439Team125/install/xarmrob_interfaces/lib/python3.12/site-packages/xarmrob_interfaces/msg/_me439_point_xyz.py'...
[49.071s] Listing '/home/aansari/Documents/ME439/ME439Team125/install/xarmrob_interfaces/lib/python3.12/site-packages/xarmrob_interfaces/srv'...
[49.071s] Compiling '/home/aansari/Documents/ME439/ME439Team125/install/xarmrob_interfaces/lib/python3.12/site-packages/xarmrob_interfaces/srv/__init__.py'...
[49.071s] Compiling '/home/aansari/Documents/ME439/ME439Team125/install/xarmrob_interfaces/lib/python3.12/site-packages/xarmrob_interfaces/srv/_me439_x_arm_forward_kinematics.py'...
[49.071s] Compiling '/home/aansari/Documents/ME439/ME439Team125/install/xarmrob_interfaces/lib/python3.12/site-packages/xarmrob_interfaces/srv/_me439_x_arm_inverse_kinematics.py'...
[49.078s] -- Installing: /home/aansari/Documents/ME439/ME439Team125/install/xarmrob_interfaces/lib/libxarmrob_interfaces__rosidl_generator_py.so
[49.079s] -- Set non-toolchain portion of runtime path of "/home/aansari/Documents/ME439/ME439Team125/install/xarmrob_interfaces/lib/libxarmrob_interfaces__rosidl_generator_py.so" to ""
[49.079s] -- Installing: /home/aansari/Documents/ME439/ME439Team125/install/xarmrob_interfaces/share/xarmrob_interfaces/cmake/export_xarmrob_interfaces__rosidl_generator_cExport.cmake
[49.079s] -- Installing: /home/aansari/Documents/ME439/ME439Team125/install/xarmrob_interfaces/share/xarmrob_interfaces/cmake/export_xarmrob_interfaces__rosidl_generator_cExport-noconfig.cmake
[49.079s] -- Installing: /home/aansari/Documents/ME439/ME439Team125/install/xarmrob_interfaces/share/xarmrob_interfaces/cmake/export_xarmrob_interfaces__rosidl_typesupport_fastrtps_cExport.cmake
[49.080s] -- Installing: /home/aansari/Documents/ME439/ME439Team125/install/xarmrob_interfaces/share/xarmrob_interfaces/cmake/export_xarmrob_interfaces__rosidl_typesupport_fastrtps_cExport-noconfig.cmake
[49.080s] -- Installing: /home/aansari/Documents/ME439/ME439Team125/install/xarmrob_interfaces/share/xarmrob_interfaces/cmake/export_xarmrob_interfaces__rosidl_generator_cppExport.cmake
[49.080s] -- Installing: /home/aansari/Documents/ME439/ME439Team125/install/xarmrob_interfaces/share/xarmrob_interfaces/cmake/export_xarmrob_interfaces__rosidl_typesupport_fastrtps_cppExport.cmake
[49.080s] -- Installing: /home/aansari/Documents/ME439/ME439Team125/install/xarmrob_interfaces/share/xarmrob_interfaces/cmake/export_xarmrob_interfaces__rosidl_typesupport_fastrtps_cppExport-noconfig.cmake
[49.080s] -- Installing: /home/aansari/Documents/ME439/ME439Team125/install/xarmrob_interfaces/share/xarmrob_interfaces/cmake/xarmrob_interfaces__rosidl_typesupport_introspection_cExport.cmake
[49.080s] -- Installing: /home/aansari/Documents/ME439/ME439Team125/install/xarmrob_interfaces/share/xarmrob_interfaces/cmake/xarmrob_interfaces__rosidl_typesupport_introspection_cExport-noconfig.cmake
[49.081s] -- Installing: /home/aansari/Documents/ME439/ME439Team125/install/xarmrob_interfaces/share/xarmrob_interfaces/cmake/xarmrob_interfaces__rosidl_typesupport_cExport.cmake
[49.081s] -- Installing: /home/aansari/Documents/ME439/ME439Team125/install/xarmrob_interfaces/share/xarmrob_interfaces/cmake/xarmrob_interfaces__rosidl_typesupport_cExport-noconfig.cmake
[49.081s] -- Installing: /home/aansari/Documents/ME439/ME439Team125/install/xarmrob_interfaces/share/xarmrob_interfaces/cmake/xarmrob_interfaces__rosidl_typesupport_introspection_cppExport.cmake
[49.081s] -- Installing: /home/aansari/Documents/ME439/ME439Team125/install/xarmrob_interfaces/share/xarmrob_interfaces/cmake/xarmrob_interfaces__rosidl_typesupport_introspection_cppExport-noconfig.cmake
[49.081s] -- Installing: /home/aansari/Documents/ME439/ME439Team125/install/xarmrob_interfaces/share/xarmrob_interfaces/cmake/xarmrob_interfaces__rosidl_typesupport_cppExport.cmake
[49.081s] -- Installing: /home/aansari/Documents/ME439/ME439Team125/install/xarmrob_interfaces/share/xarmrob_interfaces/cmake/xarmrob_interfaces__rosidl_typesupport_cppExport-noconfig.cmake
[49.082s] -- Installing: /home/aansari/Documents/ME439/ME439Team125/install/xarmrob_interfaces/share/xarmrob_interfaces/cmake/export_xarmrob_interfaces__rosidl_generator_pyExport.cmake
[49.082s] -- Installing: /home/aansari/Documents/ME439/ME439Team125/install/xarmrob_interfaces/share/xarmrob_interfaces/cmake/export_xarmrob_interfaces__rosidl_generator_pyExport-noconfig.cmake
[49.085s] Invoked command in '/home/aansari/Documents/ME439/ME439Team125/build/xarmrob_interfaces' returned '0': CMAKE_PREFIX_PATH=${CMAKE_PREFIX_PATH}:/home/aansari/Documents/ME439/ME439Team125/install/finalproj125:/home/aansari/ros2_prac/install/xarmrob:/home/aansari/ros2_prac/install/mobrob:/opt/ros/jazzy DEBUGINFOD_URLS=https://debuginfod.ubuntu.com /usr/bin/cmake --install /home/aansari/Documents/ME439/ME439Team125/build/xarmrob_interfaces
