-- Found ament_cmake: 2.5.2 (/opt/ros/jazzy/share/ament_cmake/cmake)
-- Override CMake install command with custom implementation using symlinks instead of copying resources
-- Found example_interfaces: 0.12.0 (/opt/ros/jazzy/share/example_interfaces/cmake)
-- Found rosidl_generator_c: 4.6.4 (/opt/ros/jazzy/share/rosidl_generator_c/cmake)
-- Found rosidl_generator_cpp: 4.6.4 (/opt/ros/jazzy/share/rosidl_generator_cpp/cmake)
-- Using all available rosidl_typesupport_c: rosidl_typesupport_fastrtps_c;rosidl_typesupport_introspection_c
-- Using all available rosidl_typesupport_cpp: rosidl_typesupport_fastrtps_cpp;rosidl_typesupport_introspection_cpp
-- Found geometry_msgs: 5.3.5 (/opt/ros/jazzy/share/geometry_msgs/cmake)
-- Found sensor_msgs: 5.3.5 (/opt/ros/jazzy/share/sensor_msgs/cmake)
-- Found nav_msgs: 5.3.5 (/opt/ros/jazzy/share/nav_msgs/cmake)
-- Found map_msgs: 2.4.1 (/opt/ros/jazzy/share/map_msgs/cmake)
-- Found rosidl_default_generators: 1.6.0 (/opt/ros/jazzy/share/rosidl_default_generators/cmake)
-- Found rosidl_adapter: 4.6.4 (/opt/ros/jazzy/share/rosidl_adapter/cmake)
-- Found ament_cmake_ros: 0.12.0 (/opt/ros/jazzy/share/ament_cmake_ros/cmake)
-- Using all available rosidl_typesupport_c: rosidl_typesupport_fastrtps_c;rosidl_typesupport_introspection_c
-- Using all available rosidl_typesupport_cpp: rosidl_typesupport_fastrtps_cpp;rosidl_typesupport_introspection_cpp
-- Found python_cmake_module: 0.11.1 (/opt/ros/jazzy/share/python_cmake_module/cmake)
-- Found Python3: /usr/bin/python3 (found version "3.12.3") found components: Interpreter Development NumPy Development.Module Development.Embed 
-- Found ament_lint_auto: 0.17.1 (/opt/ros/jazzy/share/ament_lint_auto/cmake)
-- Added test 'lint_cmake' to check CMake code style
-- Added test 'xmllint' to check XML markup files
-- Configuring done (2.0s)
-- Generating done (0.1s)
-- Build files have been written to: /home/aansari/Documents/ME439/ME439Team125/build/xarmrob_interfaces
[  1%] [34m[1mGenerating type hashes for ROS interfaces[0m
[  1%] Built target ament_cmake_python_symlink_xarmrob_interfaces
running egg_info
writing xarmrob_interfaces.egg-info/PKG-INFO
writing dependency_links to xarmrob_interfaces.egg-info/dependency_links.txt
writing top-level names to xarmrob_interfaces.egg-info/top_level.txt
reading manifest file 'xarmrob_interfaces.egg-info/SOURCES.txt'
writing manifest file 'xarmrob_interfaces.egg-info/SOURCES.txt'
[  1%] Built target ament_cmake_python_build_xarmrob_interfaces_egg
[  1%] Built target xarmrob_interfaces__rosidl_generator_type_description
[  2%] [34m[1mGenerating C code for ROS interfaces[0m
[  2%] [34m[1mGenerating C++ code for ROS interfaces[0m
[  2%] Built target xarmrob_interfaces__cpp
[  4%] [32mBuilding C object CMakeFiles/xarmrob_interfaces__rosidl_generator_c.dir/rosidl_generator_c/xarmrob_interfaces/msg/detail/me439_joint_command__description.c.o[0m
[  5%] [32mBuilding C object CMakeFiles/xarmrob_interfaces__rosidl_generator_c.dir/rosidl_generator_c/xarmrob_interfaces/msg/detail/me439_gripper_command__description.c.o[0m
[  5%] [32mBuilding C object CMakeFiles/xarmrob_interfaces__rosidl_generator_c.dir/rosidl_generator_c/xarmrob_interfaces/msg/detail/me439_joint_command__functions.c.o[0m
[  6%] [32mBuilding C object CMakeFiles/xarmrob_interfaces__rosidl_generator_c.dir/rosidl_generator_c/xarmrob_interfaces/msg/detail/me439_joint_command__type_support.c.o[0m
[  7%] [32mBuilding C object CMakeFiles/xarmrob_interfaces__rosidl_generator_c.dir/rosidl_generator_c/xarmrob_interfaces/msg/detail/me439_gripper_command__functions.c.o[0m
[  8%] [32mBuilding C object CMakeFiles/xarmrob_interfaces__rosidl_generator_c.dir/rosidl_generator_c/xarmrob_interfaces/msg/detail/me439_gripper_command__type_support.c.o[0m
[  9%] [32mBuilding C object CMakeFiles/xarmrob_interfaces__rosidl_generator_c.dir/rosidl_generator_c/xarmrob_interfaces/msg/detail/me439_joint_location__description.c.o[0m
[ 10%] [32mBuilding C object CMakeFiles/xarmrob_interfaces__rosidl_generator_c.dir/rosidl_generator_c/xarmrob_interfaces/msg/detail/me439_joint_location__functions.c.o[0m
[ 11%] [32mBuilding C object CMakeFiles/xarmrob_interfaces__rosidl_generator_c.dir/rosidl_generator_c/xarmrob_interfaces/msg/detail/me439_joint_location__type_support.c.o[0m
[ 12%] [32mBuilding C object CMakeFiles/xarmrob_interfaces__rosidl_generator_c.dir/rosidl_generator_c/xarmrob_interfaces/msg/detail/me439_point_xyz__description.c.o[0m
[ 13%] [32mBuilding C object CMakeFiles/xarmrob_interfaces__rosidl_generator_c.dir/rosidl_generator_c/xarmrob_interfaces/msg/detail/me439_point_xyz__functions.c.o[0m
[ 14%] [32mBuilding C object CMakeFiles/xarmrob_interfaces__rosidl_generator_c.dir/rosidl_generator_c/xarmrob_interfaces/msg/detail/me439_point_xyz__type_support.c.o[0m
[ 15%] [32mBuilding C object CMakeFiles/xarmrob_interfaces__rosidl_generator_c.dir/rosidl_generator_c/xarmrob_interfaces/action/detail/me439_move_to_target__description.c.o[0m
[ 16%] [32mBuilding C object CMakeFiles/xarmrob_interfaces__rosidl_generator_c.dir/rosidl_generator_c/xarmrob_interfaces/action/detail/me439_move_to_target__functions.c.o[0m
[ 17%] [32mBuilding C object CMakeFiles/xarmrob_interfaces__rosidl_generator_c.dir/rosidl_generator_c/xarmrob_interfaces/action/detail/me439_move_to_target__type_support.c.o[0m
[ 18%] [32mBuilding C object CMakeFiles/xarmrob_interfaces__rosidl_generator_c.dir/rosidl_generator_c/xarmrob_interfaces/action/detail/operate_gripper__description.c.o[0m
[ 19%] [32mBuilding C object CMakeFiles/xarmrob_interfaces__rosidl_generator_c.dir/rosidl_generator_c/xarmrob_interfaces/action/detail/operate_gripper__functions.c.o[0m
[ 20%] [32mBuilding C object CMakeFiles/xarmrob_interfaces__rosidl_generator_c.dir/rosidl_generator_c/xarmrob_interfaces/action/detail/operate_gripper__type_support.c.o[0m
[ 21%] [32mBuilding C object CMakeFiles/xarmrob_interfaces__rosidl_generator_c.dir/rosidl_generator_c/xarmrob_interfaces/srv/detail/me439_x_arm_forward_kinematics__description.c.o[0m
[ 22%] [32mBuilding C object CMakeFiles/xarmrob_interfaces__rosidl_generator_c.dir/rosidl_generator_c/xarmrob_interfaces/srv/detail/me439_x_arm_forward_kinematics__functions.c.o[0m
[ 23%] [32mBuilding C object CMakeFiles/xarmrob_interfaces__rosidl_generator_c.dir/rosidl_generator_c/xarmrob_interfaces/srv/detail/me439_x_arm_forward_kinematics__type_support.c.o[0m
[ 24%] [32mBuilding C object CMakeFiles/xarmrob_interfaces__rosidl_generator_c.dir/rosidl_generator_c/xarmrob_interfaces/srv/detail/me439_x_arm_inverse_kinematics__description.c.o[0m
[ 25%] [32mBuilding C object CMakeFiles/xarmrob_interfaces__rosidl_generator_c.dir/rosidl_generator_c/xarmrob_interfaces/srv/detail/me439_x_arm_inverse_kinematics__functions.c.o[0m
[ 25%] [32mBuilding C object CMakeFiles/xarmrob_interfaces__rosidl_generator_c.dir/rosidl_generator_c/xarmrob_interfaces/srv/detail/me439_x_arm_inverse_kinematics__type_support.c.o[0m
[ 26%] [32m[1mLinking C shared library libxarmrob_interfaces__rosidl_generator_c.so[0m
[ 26%] Built target xarmrob_interfaces__rosidl_generator_c
[ 29%] [34m[1mGenerating C type support for eProsima Fast-RTPS[0m
[ 29%] [34m[1mGenerating C++ type support for eProsima Fast-RTPS[0m
[ 29%] [34m[1mGenerating C++ type support dispatch for ROS interfaces[0m
[ 29%] [34m[1mGenerating C introspection for ROS interfaces[0m
[ 30%] [32mBuilding CXX object CMakeFiles/xarmrob_interfaces__rosidl_typesupport_cpp.dir/rosidl_typesupport_cpp/xarmrob_interfaces/msg/me439_joint_command__type_support.cpp.o[0m
[ 31%] [32mBuilding C object CMakeFiles/xarmrob_interfaces__rosidl_typesupport_introspection_c.dir/rosidl_typesupport_introspection_c/xarmrob_interfaces/msg/detail/me439_joint_command__type_support.c.o[0m
[ 32%] [32mBuilding C object CMakeFiles/xarmrob_interfaces__rosidl_typesupport_introspection_c.dir/rosidl_typesupport_introspection_c/xarmrob_interfaces/msg/detail/me439_gripper_command__type_support.c.o[0m
[ 33%] [32mBuilding C object CMakeFiles/xarmrob_interfaces__rosidl_typesupport_introspection_c.dir/rosidl_typesupport_introspection_c/xarmrob_interfaces/msg/detail/me439_joint_location__type_support.c.o[0m
[ 34%] [32mBuilding C object CMakeFiles/xarmrob_interfaces__rosidl_typesupport_introspection_c.dir/rosidl_typesupport_introspection_c/xarmrob_interfaces/msg/detail/me439_point_xyz__type_support.c.o[0m
[ 35%] [32mBuilding CXX object CMakeFiles/xarmrob_interfaces__rosidl_typesupport_cpp.dir/rosidl_typesupport_cpp/xarmrob_interfaces/msg/me439_gripper_command__type_support.cpp.o[0m
[ 36%] [32mBuilding C object CMakeFiles/xarmrob_interfaces__rosidl_typesupport_introspection_c.dir/rosidl_typesupport_introspection_c/xarmrob_interfaces/action/detail/me439_move_to_target__type_support.c.o[0m
[ 37%] [32mBuilding C object CMakeFiles/xarmrob_interfaces__rosidl_typesupport_introspection_c.dir/rosidl_typesupport_introspection_c/xarmrob_interfaces/action/detail/operate_gripper__type_support.c.o[0m
[ 38%] [32mBuilding C object CMakeFiles/xarmrob_interfaces__rosidl_typesupport_introspection_c.dir/rosidl_typesupport_introspection_c/xarmrob_interfaces/srv/detail/me439_x_arm_forward_kinematics__type_support.c.o[0m
[ 39%] [32mBuilding C object CMakeFiles/xarmrob_interfaces__rosidl_typesupport_introspection_c.dir/rosidl_typesupport_introspection_c/xarmrob_interfaces/srv/detail/me439_x_arm_inverse_kinematics__type_support.c.o[0m
[ 40%] [32mBuilding CXX object CMakeFiles/xarmrob_interfaces__rosidl_typesupport_fastrtps_cpp.dir/rosidl_typesupport_fastrtps_cpp/xarmrob_interfaces/msg/detail/dds_fastrtps/me439_joint_command__type_support.cpp.o[0m
[ 41%] [32m[1mLinking C shared library libxarmrob_interfaces__rosidl_typesupport_introspection_c.so[0m
[ 41%] Built target xarmrob_interfaces__rosidl_typesupport_introspection_c
[ 42%] [32mBuilding CXX object CMakeFiles/xarmrob_interfaces__rosidl_typesupport_fastrtps_cpp.dir/rosidl_typesupport_fastrtps_cpp/xarmrob_interfaces/msg/detail/dds_fastrtps/me439_gripper_command__type_support.cpp.o[0m
[ 43%] [32mBuilding CXX object CMakeFiles/xarmrob_interfaces__rosidl_typesupport_cpp.dir/rosidl_typesupport_cpp/xarmrob_interfaces/msg/me439_joint_location__type_support.cpp.o[0m
[ 44%] [32mBuilding CXX object CMakeFiles/xarmrob_interfaces__rosidl_typesupport_fastrtps_c.dir/rosidl_typesupport_fastrtps_c/xarmrob_interfaces/msg/detail/me439_joint_command__type_support_c.cpp.o[0m
[ 44%] [32mBuilding CXX object CMakeFiles/xarmrob_interfaces__rosidl_typesupport_cpp.dir/rosidl_typesupport_cpp/xarmrob_interfaces/msg/me439_point_xyz__type_support.cpp.o[0m
[ 45%] [32mBuilding CXX object CMakeFiles/xarmrob_interfaces__rosidl_typesupport_fastrtps_c.dir/rosidl_typesupport_fastrtps_c/xarmrob_interfaces/msg/detail/me439_gripper_command__type_support_c.cpp.o[0m
[ 46%] [32mBuilding CXX object CMakeFiles/xarmrob_interfaces__rosidl_typesupport_fastrtps_cpp.dir/rosidl_typesupport_fastrtps_cpp/xarmrob_interfaces/msg/detail/dds_fastrtps/me439_joint_location__type_support.cpp.o[0m
[ 47%] [34m[1mGenerating C type support dispatch for ROS interfaces[0m
[ 48%] [32mBuilding CXX object CMakeFiles/xarmrob_interfaces__rosidl_typesupport_cpp.dir/rosidl_typesupport_cpp/xarmrob_interfaces/action/me439_move_to_target__type_support.cpp.o[0m
[ 49%] [32mBuilding CXX object CMakeFiles/xarmrob_interfaces__rosidl_typesupport_fastrtps_c.dir/rosidl_typesupport_fastrtps_c/xarmrob_interfaces/msg/detail/me439_joint_location__type_support_c.cpp.o[0m
[ 50%] [32mBuilding CXX object CMakeFiles/xarmrob_interfaces__rosidl_typesupport_fastrtps_cpp.dir/rosidl_typesupport_fastrtps_cpp/xarmrob_interfaces/msg/detail/dds_fastrtps/me439_point_xyz__type_support.cpp.o[0m
[ 51%] [32mBuilding CXX object CMakeFiles/xarmrob_interfaces__rosidl_typesupport_c.dir/rosidl_typesupport_c/xarmrob_interfaces/msg/me439_joint_command__type_support.cpp.o[0m
[ 52%] [32mBuilding CXX object CMakeFiles/xarmrob_interfaces__rosidl_typesupport_c.dir/rosidl_typesupport_c/xarmrob_interfaces/msg/me439_gripper_command__type_support.cpp.o[0m
[ 53%] [32mBuilding CXX object CMakeFiles/xarmrob_interfaces__rosidl_typesupport_c.dir/rosidl_typesupport_c/xarmrob_interfaces/msg/me439_joint_location__type_support.cpp.o[0m
[ 55%] [32mBuilding CXX object CMakeFiles/xarmrob_interfaces__rosidl_typesupport_c.dir/rosidl_typesupport_c/xarmrob_interfaces/msg/me439_point_xyz__type_support.cpp.o[0m
[ 55%] [32mBuilding CXX object CMakeFiles/xarmrob_interfaces__rosidl_typesupport_cpp.dir/rosidl_typesupport_cpp/xarmrob_interfaces/action/operate_gripper__type_support.cpp.o[0m
[ 56%] [32mBuilding CXX object CMakeFiles/xarmrob_interfaces__rosidl_typesupport_c.dir/rosidl_typesupport_c/xarmrob_interfaces/action/me439_move_to_target__type_support.cpp.o[0m
[ 57%] [32mBuilding CXX object CMakeFiles/xarmrob_interfaces__rosidl_typesupport_c.dir/rosidl_typesupport_c/xarmrob_interfaces/action/operate_gripper__type_support.cpp.o[0m
[ 58%] [32mBuilding CXX object CMakeFiles/xarmrob_interfaces__rosidl_typesupport_fastrtps_c.dir/rosidl_typesupport_fastrtps_c/xarmrob_interfaces/msg/detail/me439_point_xyz__type_support_c.cpp.o[0m
[ 59%] [32mBuilding CXX object CMakeFiles/xarmrob_interfaces__rosidl_typesupport_c.dir/rosidl_typesupport_c/xarmrob_interfaces/srv/me439_x_arm_forward_kinematics__type_support.cpp.o[0m
[ 60%] [32mBuilding CXX object CMakeFiles/xarmrob_interfaces__rosidl_typesupport_fastrtps_cpp.dir/rosidl_typesupport_fastrtps_cpp/xarmrob_interfaces/action/detail/dds_fastrtps/me439_move_to_target__type_support.cpp.o[0m
[ 61%] [32mBuilding CXX object CMakeFiles/xarmrob_interfaces__rosidl_typesupport_c.dir/rosidl_typesupport_c/xarmrob_interfaces/srv/me439_x_arm_inverse_kinematics__type_support.cpp.o[0m
[ 62%] [32m[1mLinking CXX shared library libxarmrob_interfaces__rosidl_typesupport_c.so[0m
[ 62%] Built target xarmrob_interfaces__rosidl_typesupport_c
[ 63%] [32mBuilding CXX object CMakeFiles/xarmrob_interfaces__rosidl_typesupport_fastrtps_c.dir/rosidl_typesupport_fastrtps_c/xarmrob_interfaces/action/detail/me439_move_to_target__type_support_c.cpp.o[0m
[ 64%] [32mBuilding CXX object CMakeFiles/xarmrob_interfaces__rosidl_typesupport_cpp.dir/rosidl_typesupport_cpp/xarmrob_interfaces/srv/me439_x_arm_forward_kinematics__type_support.cpp.o[0m
[ 65%] [32mBuilding CXX object CMakeFiles/xarmrob_interfaces__rosidl_typesupport_fastrtps_cpp.dir/rosidl_typesupport_fastrtps_cpp/xarmrob_interfaces/action/detail/dds_fastrtps/operate_gripper__type_support.cpp.o[0m
[ 66%] [32mBuilding CXX object CMakeFiles/xarmrob_interfaces__rosidl_typesupport_fastrtps_c.dir/rosidl_typesupport_fastrtps_c/xarmrob_interfaces/action/detail/operate_gripper__type_support_c.cpp.o[0m
[ 67%] [32mBuilding CXX object CMakeFiles/xarmrob_interfaces__rosidl_typesupport_cpp.dir/rosidl_typesupport_cpp/xarmrob_interfaces/srv/me439_x_arm_inverse_kinematics__type_support.cpp.o[0m
[ 68%] [32mBuilding CXX object CMakeFiles/xarmrob_interfaces__rosidl_typesupport_fastrtps_cpp.dir/rosidl_typesupport_fastrtps_cpp/xarmrob_interfaces/srv/detail/dds_fastrtps/me439_x_arm_forward_kinematics__type_support.cpp.o[0m
[ 69%] [32m[1mLinking CXX shared library libxarmrob_interfaces__rosidl_typesupport_cpp.so[0m
[ 70%] [32mBuilding CXX object CMakeFiles/xarmrob_interfaces__rosidl_typesupport_fastrtps_c.dir/rosidl_typesupport_fastrtps_c/xarmrob_interfaces/srv/detail/me439_x_arm_forward_kinematics__type_support_c.cpp.o[0m
[ 70%] Built target xarmrob_interfaces__rosidl_typesupport_cpp
[ 71%] [32mBuilding CXX object CMakeFiles/xarmrob_interfaces__rosidl_typesupport_fastrtps_cpp.dir/rosidl_typesupport_fastrtps_cpp/xarmrob_interfaces/srv/detail/dds_fastrtps/me439_x_arm_inverse_kinematics__type_support.cpp.o[0m
[ 72%] [32mBuilding CXX object CMakeFiles/xarmrob_interfaces__rosidl_typesupport_fastrtps_c.dir/rosidl_typesupport_fastrtps_c/xarmrob_interfaces/srv/detail/me439_x_arm_inverse_kinematics__type_support_c.cpp.o[0m
[ 73%] [34m[1mGenerating C++ introspection for ROS interfaces[0m
[ 74%] [32m[1mLinking CXX shared library libxarmrob_interfaces__rosidl_typesupport_fastrtps_c.so[0m
[ 75%] [32m[1mLinking CXX shared library libxarmrob_interfaces__rosidl_typesupport_fastrtps_cpp.so[0m
[ 75%] Built target xarmrob_interfaces__rosidl_typesupport_fastrtps_c
[ 75%] Built target xarmrob_interfaces__rosidl_typesupport_fastrtps_cpp
[ 77%] [32mBuilding CXX object CMakeFiles/xarmrob_interfaces__rosidl_typesupport_introspection_cpp.dir/rosidl_typesupport_introspection_cpp/xarmrob_interfaces/msg/detail/me439_joint_command__type_support.cpp.o[0m
[ 77%] [32mBuilding CXX object CMakeFiles/xarmrob_interfaces__rosidl_typesupport_introspection_cpp.dir/rosidl_typesupport_introspection_cpp/xarmrob_interfaces/msg/detail/me439_joint_location__type_support.cpp.o[0m
[ 78%] [32mBuilding CXX object CMakeFiles/xarmrob_interfaces__rosidl_typesupport_introspection_cpp.dir/rosidl_typesupport_introspection_cpp/xarmrob_interfaces/msg/detail/me439_gripper_command__type_support.cpp.o[0m
[ 79%] [32mBuilding CXX object CMakeFiles/xarmrob_interfaces__rosidl_typesupport_introspection_cpp.dir/rosidl_typesupport_introspection_cpp/xarmrob_interfaces/msg/detail/me439_point_xyz__type_support.cpp.o[0m
[ 80%] [32mBuilding CXX object CMakeFiles/xarmrob_interfaces__rosidl_typesupport_introspection_cpp.dir/rosidl_typesupport_introspection_cpp/xarmrob_interfaces/action/detail/me439_move_to_target__type_support.cpp.o[0m
[ 81%] [32mBuilding CXX object CMakeFiles/xarmrob_interfaces__rosidl_typesupport_introspection_cpp.dir/rosidl_typesupport_introspection_cpp/xarmrob_interfaces/action/detail/operate_gripper__type_support.cpp.o[0m
[ 82%] [32mBuilding CXX object CMakeFiles/xarmrob_interfaces__rosidl_typesupport_introspection_cpp.dir/rosidl_typesupport_introspection_cpp/xarmrob_interfaces/srv/detail/me439_x_arm_forward_kinematics__type_support.cpp.o[0m
[ 83%] [32mBuilding CXX object CMakeFiles/xarmrob_interfaces__rosidl_typesupport_introspection_cpp.dir/rosidl_typesupport_introspection_cpp/xarmrob_interfaces/srv/detail/me439_x_arm_inverse_kinematics__type_support.cpp.o[0m
[ 84%] [32m[1mLinking CXX shared library libxarmrob_interfaces__rosidl_typesupport_introspection_cpp.so[0m
[ 84%] Built target xarmrob_interfaces__rosidl_typesupport_introspection_cpp
[ 84%] Built target xarmrob_interfaces
[ 85%] [34m[1mGenerating Python code for ROS interfaces[0m
[ 85%] Built target xarmrob_interfaces__py
[ 88%] [32mBuilding C object CMakeFiles/xarmrob_interfaces__rosidl_generator_py.dir/rosidl_generator_py/xarmrob_interfaces/msg/_me439_joint_location_s.c.o[0m
[ 88%] [32mBuilding C object CMakeFiles/xarmrob_interfaces__rosidl_generator_py.dir/rosidl_generator_py/xarmrob_interfaces/msg/_me439_gripper_command_s.c.o[0m
[ 88%] [32mBuilding C object CMakeFiles/xarmrob_interfaces__rosidl_generator_py.dir/rosidl_generator_py/xarmrob_interfaces/msg/_me439_joint_command_s.c.o[0m
[ 89%] [32mBuilding C object CMakeFiles/xarmrob_interfaces__rosidl_generator_py.dir/rosidl_generator_py/xarmrob_interfaces/msg/_me439_point_xyz_s.c.o[0m
[ 90%] [32mBuilding C object CMakeFiles/xarmrob_interfaces__rosidl_generator_py.dir/rosidl_generator_py/xarmrob_interfaces/action/_me439_move_to_target_s.c.o[0m
[ 91%] [32mBuilding C object CMakeFiles/xarmrob_interfaces__rosidl_generator_py.dir/rosidl_generator_py/xarmrob_interfaces/action/_operate_gripper_s.c.o[0m
[ 92%] [32mBuilding C object CMakeFiles/xarmrob_interfaces__rosidl_generator_py.dir/rosidl_generator_py/xarmrob_interfaces/srv/_me439_x_arm_forward_kinematics_s.c.o[0m
[ 93%] [32mBuilding C object CMakeFiles/xarmrob_interfaces__rosidl_generator_py.dir/rosidl_generator_py/xarmrob_interfaces/srv/_me439_x_arm_inverse_kinematics_s.c.o[0m
[ 94%] [32m[1mLinking C shared library libxarmrob_interfaces__rosidl_generator_py.so[0m
[ 94%] Built target xarmrob_interfaces__rosidl_generator_py
[ 95%] [32mBuilding C object CMakeFiles/xarmrob_interfaces_s__rosidl_typesupport_introspection_c.dir/rosidl_generator_py/xarmrob_interfaces/_xarmrob_interfaces_s.ep.rosidl_typesupport_introspection_c.c.o[0m
[ 97%] [32mBuilding C object CMakeFiles/xarmrob_interfaces_s__rosidl_typesupport_c.dir/rosidl_generator_py/xarmrob_interfaces/_xarmrob_interfaces_s.ep.rosidl_typesupport_c.c.o[0m
[ 97%] [32mBuilding C object CMakeFiles/xarmrob_interfaces_s__rosidl_typesupport_fastrtps_c.dir/rosidl_generator_py/xarmrob_interfaces/_xarmrob_interfaces_s.ep.rosidl_typesupport_fastrtps_c.c.o[0m
[ 98%] [32m[1mLinking C shared module rosidl_generator_py/xarmrob_interfaces/xarmrob_interfaces_s__rosidl_typesupport_introspection_c.so[0m
[ 99%] [32m[1mLinking C shared module rosidl_generator_py/xarmrob_interfaces/xarmrob_interfaces_s__rosidl_typesupport_c.so[0m
[100%] [32m[1mLinking C shared module rosidl_generator_py/xarmrob_interfaces/xarmrob_interfaces_s__rosidl_typesupport_fastrtps_c.so[0m
[100%] Built target xarmrob_interfaces_s__rosidl_typesupport_introspection_c
[100%] Built target xarmrob_interfaces_s__rosidl_typesupport_fastrtps_c
[100%] Built target xarmrob_interfaces_s__rosidl_typesupport_c
-- Install configuration: ""
-- Execute custom install script
-- Up-to-date symlink: /home/aansari/Documents/ME439/ME439Team125/install/xarmrob_interfaces/share/ament_index/resource_index/rosidl_interfaces/xarmrob_interfaces
-- Up-to-date symlink: /home/aansari/Documents/ME439/ME439Team125/install/xarmrob_interfaces/share/xarmrob_interfaces/msg/ME439JointCommand.json
-- Symlinking: /home/aansari/Documents/ME439/ME439Team125/install/xarmrob_interfaces/share/xarmrob_interfaces/msg/ME439GripperCommand.json
-- Up-to-date symlink: /home/aansari/Documents/ME439/ME439Team125/install/xarmrob_interfaces/share/xarmrob_interfaces/msg/ME439JointLocation.json
-- Up-to-date symlink: /home/aansari/Documents/ME439/ME439Team125/install/xarmrob_interfaces/share/xarmrob_interfaces/msg/ME439PointXYZ.json
-- Up-to-date symlink: /home/aansari/Documents/ME439/ME439Team125/install/xarmrob_interfaces/share/xarmrob_interfaces/action/ME439MoveToTarget.json
-- Symlinking: /home/aansari/Documents/ME439/ME439Team125/install/xarmrob_interfaces/share/xarmrob_interfaces/action/OperateGripper.json
-- Up-to-date symlink: /home/aansari/Documents/ME439/ME439Team125/install/xarmrob_interfaces/share/xarmrob_interfaces/srv/ME439XArmForwardKinematics.json
-- Up-to-date symlink: /home/aansari/Documents/ME439/ME439Team125/install/xarmrob_interfaces/share/xarmrob_interfaces/srv/ME439XArmInverseKinematics.json
-- Up-to-date symlink: /home/aansari/Documents/ME439/ME439Team125/install/xarmrob_interfaces/include/xarmrob_interfaces/xarmrob_interfaces/action/detail/me439_move_to_target__functions.h
-- Up-to-date symlink: /home/aansari/Documents/ME439/ME439Team125/install/xarmrob_interfaces/include/xarmrob_interfaces/xarmrob_interfaces/action/detail/me439_move_to_target__struct.h
-- Up-to-date symlink: /home/aansari/Documents/ME439/ME439Team125/install/xarmrob_interfaces/include/xarmrob_interfaces/xarmrob_interfaces/action/detail/me439_move_to_target__type_support.h
-- Symlinking: /home/aansari/Documents/ME439/ME439Team125/install/xarmrob_interfaces/include/xarmrob_interfaces/xarmrob_interfaces/action/detail/operate_gripper__functions.h
-- Symlinking: /home/aansari/Documents/ME439/ME439Team125/install/xarmrob_interfaces/include/xarmrob_interfaces/xarmrob_interfaces/action/detail/operate_gripper__struct.h
-- Symlinking: /home/aansari/Documents/ME439/ME439Team125/install/xarmrob_interfaces/include/xarmrob_interfaces/xarmrob_interfaces/action/detail/operate_gripper__type_support.h
-- Up-to-date symlink: /home/aansari/Documents/ME439/ME439Team125/install/xarmrob_interfaces/include/xarmrob_interfaces/xarmrob_interfaces/action/me439_move_to_target.h
-- Symlinking: /home/aansari/Documents/ME439/ME439Team125/install/xarmrob_interfaces/include/xarmrob_interfaces/xarmrob_interfaces/action/operate_gripper.h
-- Symlinking: /home/aansari/Documents/ME439/ME439Team125/install/xarmrob_interfaces/include/xarmrob_interfaces/xarmrob_interfaces/msg/detail/me439_gripper_command__functions.h
-- Symlinking: /home/aansari/Documents/ME439/ME439Team125/install/xarmrob_interfaces/include/xarmrob_interfaces/xarmrob_interfaces/msg/detail/me439_gripper_command__struct.h
-- Symlinking: /home/aansari/Documents/ME439/ME439Team125/install/xarmrob_interfaces/include/xarmrob_interfaces/xarmrob_interfaces/msg/detail/me439_gripper_command__type_support.h
-- Up-to-date symlink: /home/aansari/Documents/ME439/ME439Team125/install/xarmrob_interfaces/include/xarmrob_interfaces/xarmrob_interfaces/msg/detail/me439_joint_command__functions.h
-- Up-to-date symlink: /home/aansari/Documents/ME439/ME439Team125/install/xarmrob_interfaces/include/xarmrob_interfaces/xarmrob_interfaces/msg/detail/me439_joint_command__struct.h
-- Up-to-date symlink: /home/aansari/Documents/ME439/ME439Team125/install/xarmrob_interfaces/include/xarmrob_interfaces/xarmrob_interfaces/msg/detail/me439_joint_command__type_support.h
-- Up-to-date symlink: /home/aansari/Documents/ME439/ME439Team125/install/xarmrob_interfaces/include/xarmrob_interfaces/xarmrob_interfaces/msg/detail/me439_joint_location__functions.h
-- Up-to-date symlink: /home/aansari/Documents/ME439/ME439Team125/install/xarmrob_interfaces/include/xarmrob_interfaces/xarmrob_interfaces/msg/detail/me439_joint_location__struct.h
-- Up-to-date symlink: /home/aansari/Documents/ME439/ME439Team125/install/xarmrob_interfaces/include/xarmrob_interfaces/xarmrob_interfaces/msg/detail/me439_joint_location__type_support.h
-- Up-to-date symlink: /home/aansari/Documents/ME439/ME439Team125/install/xarmrob_interfaces/include/xarmrob_interfaces/xarmrob_interfaces/msg/detail/me439_point_xyz__functions.h
-- Up-to-date symlink: /home/aansari/Documents/ME439/ME439Team125/install/xarmrob_interfaces/include/xarmrob_interfaces/xarmrob_interfaces/msg/detail/me439_point_xyz__struct.h
-- Up-to-date symlink: /home/aansari/Documents/ME439/ME439Team125/install/xarmrob_interfaces/include/xarmrob_interfaces/xarmrob_interfaces/msg/detail/me439_point_xyz__type_support.h
-- Symlinking: /home/aansari/Documents/ME439/ME439Team125/install/xarmrob_interfaces/include/xarmrob_interfaces/xarmrob_interfaces/msg/me439_gripper_command.h
-- Up-to-date symlink: /home/aansari/Documents/ME439/ME439Team125/install/xarmrob_interfaces/include/xarmrob_interfaces/xarmrob_interfaces/msg/me439_joint_command.h
-- Up-to-date symlink: /home/aansari/Documents/ME439/ME439Team125/install/xarmrob_interfaces/include/xarmrob_interfaces/xarmrob_interfaces/msg/me439_joint_location.h
-- Up-to-date symlink: /home/aansari/Documents/ME439/ME439Team125/install/xarmrob_interfaces/include/xarmrob_interfaces/xarmrob_interfaces/msg/me439_point_xyz.h
-- Up-to-date symlink: /home/aansari/Documents/ME439/ME439Team125/install/xarmrob_interfaces/include/xarmrob_interfaces/xarmrob_interfaces/msg/rosidl_generator_c__visibility_control.h
-- Up-to-date symlink: /home/aansari/Documents/ME439/ME439Team125/install/xarmrob_interfaces/include/xarmrob_interfaces/xarmrob_interfaces/srv/detail/me439_x_arm_forward_kinematics__functions.h
-- Up-to-date symlink: /home/aansari/Documents/ME439/ME439Team125/install/xarmrob_interfaces/include/xarmrob_interfaces/xarmrob_interfaces/srv/detail/me439_x_arm_forward_kinematics__struct.h
-- Up-to-date symlink: /home/aansari/Documents/ME439/ME439Team125/install/xarmrob_interfaces/include/xarmrob_interfaces/xarmrob_interfaces/srv/detail/me439_x_arm_forward_kinematics__type_support.h
-- Up-to-date symlink: /home/aansari/Documents/ME439/ME439Team125/install/xarmrob_interfaces/include/xarmrob_interfaces/xarmrob_interfaces/srv/detail/me439_x_arm_inverse_kinematics__functions.h
-- Up-to-date symlink: /home/aansari/Documents/ME439/ME439Team125/install/xarmrob_interfaces/include/xarmrob_interfaces/xarmrob_interfaces/srv/detail/me439_x_arm_inverse_kinematics__struct.h
-- Up-to-date symlink: /home/aansari/Documents/ME439/ME439Team125/install/xarmrob_interfaces/include/xarmrob_interfaces/xarmrob_interfaces/srv/detail/me439_x_arm_inverse_kinematics__type_support.h
-- Up-to-date symlink: /home/aansari/Documents/ME439/ME439Team125/install/xarmrob_interfaces/include/xarmrob_interfaces/xarmrob_interfaces/srv/me439_x_arm_forward_kinematics.h
-- Up-to-date symlink: /home/aansari/Documents/ME439/ME439Team125/install/xarmrob_interfaces/include/xarmrob_interfaces/xarmrob_interfaces/srv/me439_x_arm_inverse_kinematics.h
-- Up-to-date symlink: /home/aansari/Documents/ME439/ME439Team125/install/xarmrob_interfaces/share/xarmrob_interfaces/environment/library_path.sh
-- Up-to-date symlink: /home/aansari/Documents/ME439/ME439Team125/install/xarmrob_interfaces/share/xarmrob_interfaces/environment/library_path.dsv
-- Up-to-date symlink: /home/aansari/Documents/ME439/ME439Team125/install/xarmrob_interfaces/include/xarmrob_interfaces/xarmrob_interfaces/action/detail/me439_move_to_target__rosidl_typesupport_fastrtps_c.h
-- Symlinking: /home/aansari/Documents/ME439/ME439Team125/install/xarmrob_interfaces/include/xarmrob_interfaces/xarmrob_interfaces/action/detail/operate_gripper__rosidl_typesupport_fastrtps_c.h
-- Symlinking: /home/aansari/Documents/ME439/ME439Team125/install/xarmrob_interfaces/include/xarmrob_interfaces/xarmrob_interfaces/msg/detail/me439_gripper_command__rosidl_typesupport_fastrtps_c.h
-- Up-to-date symlink: /home/aansari/Documents/ME439/ME439Team125/install/xarmrob_interfaces/include/xarmrob_interfaces/xarmrob_interfaces/msg/detail/me439_joint_command__rosidl_typesupport_fastrtps_c.h
-- Up-to-date symlink: /home/aansari/Documents/ME439/ME439Team125/install/xarmrob_interfaces/include/xarmrob_interfaces/xarmrob_interfaces/msg/detail/me439_joint_location__rosidl_typesupport_fastrtps_c.h
-- Up-to-date symlink: /home/aansari/Documents/ME439/ME439Team125/install/xarmrob_interfaces/include/xarmrob_interfaces/xarmrob_interfaces/msg/detail/me439_point_xyz__rosidl_typesupport_fastrtps_c.h
-- Up-to-date symlink: /home/aansari/Documents/ME439/ME439Team125/install/xarmrob_interfaces/include/xarmrob_interfaces/xarmrob_interfaces/msg/rosidl_typesupport_fastrtps_c__visibility_control.h
-- Up-to-date symlink: /home/aansari/Documents/ME439/ME439Team125/install/xarmrob_interfaces/include/xarmrob_interfaces/xarmrob_interfaces/srv/detail/me439_x_arm_forward_kinematics__rosidl_typesupport_fastrtps_c.h
-- Up-to-date symlink: /home/aansari/Documents/ME439/ME439Team125/install/xarmrob_interfaces/include/xarmrob_interfaces/xarmrob_interfaces/srv/detail/me439_x_arm_inverse_kinematics__rosidl_typesupport_fastrtps_c.h
-- Up-to-date symlink: /home/aansari/Documents/ME439/ME439Team125/install/xarmrob_interfaces/include/xarmrob_interfaces/xarmrob_interfaces/action/detail/me439_move_to_target__builder.hpp
-- Up-to-date symlink: /home/aansari/Documents/ME439/ME439Team125/install/xarmrob_interfaces/include/xarmrob_interfaces/xarmrob_interfaces/action/detail/me439_move_to_target__struct.hpp
-- Up-to-date symlink: /home/aansari/Documents/ME439/ME439Team125/install/xarmrob_interfaces/include/xarmrob_interfaces/xarmrob_interfaces/action/detail/me439_move_to_target__traits.hpp
-- Up-to-date symlink: /home/aansari/Documents/ME439/ME439Team125/install/xarmrob_interfaces/include/xarmrob_interfaces/xarmrob_interfaces/action/detail/me439_move_to_target__type_support.hpp
-- Symlinking: /home/aansari/Documents/ME439/ME439Team125/install/xarmrob_interfaces/include/xarmrob_interfaces/xarmrob_interfaces/action/detail/operate_gripper__builder.hpp
-- Symlinking: /home/aansari/Documents/ME439/ME439Team125/install/xarmrob_interfaces/include/xarmrob_interfaces/xarmrob_interfaces/action/detail/operate_gripper__struct.hpp
-- Symlinking: /home/aansari/Documents/ME439/ME439Team125/install/xarmrob_interfaces/include/xarmrob_interfaces/xarmrob_interfaces/action/detail/operate_gripper__traits.hpp
-- Symlinking: /home/aansari/Documents/ME439/ME439Team125/install/xarmrob_interfaces/include/xarmrob_interfaces/xarmrob_interfaces/action/detail/operate_gripper__type_support.hpp
-- Up-to-date symlink: /home/aansari/Documents/ME439/ME439Team125/install/xarmrob_interfaces/include/xarmrob_interfaces/xarmrob_interfaces/action/me439_move_to_target.hpp
-- Symlinking: /home/aansari/Documents/ME439/ME439Team125/install/xarmrob_interfaces/include/xarmrob_interfaces/xarmrob_interfaces/action/operate_gripper.hpp
-- Symlinking: /home/aansari/Documents/ME439/ME439Team125/install/xarmrob_interfaces/include/xarmrob_interfaces/xarmrob_interfaces/msg/detail/me439_gripper_command__builder.hpp
-- Symlinking: /home/aansari/Documents/ME439/ME439Team125/install/xarmrob_interfaces/include/xarmrob_interfaces/xarmrob_interfaces/msg/detail/me439_gripper_command__struct.hpp
-- Symlinking: /home/aansari/Documents/ME439/ME439Team125/install/xarmrob_interfaces/include/xarmrob_interfaces/xarmrob_interfaces/msg/detail/me439_gripper_command__traits.hpp
-- Symlinking: /home/aansari/Documents/ME439/ME439Team125/install/xarmrob_interfaces/include/xarmrob_interfaces/xarmrob_interfaces/msg/detail/me439_gripper_command__type_support.hpp
-- Up-to-date symlink: /home/aansari/Documents/ME439/ME439Team125/install/xarmrob_interfaces/include/xarmrob_interfaces/xarmrob_interfaces/msg/detail/me439_joint_command__builder.hpp
-- Up-to-date symlink: /home/aansari/Documents/ME439/ME439Team125/install/xarmrob_interfaces/include/xarmrob_interfaces/xarmrob_interfaces/msg/detail/me439_joint_command__struct.hpp
-- Up-to-date symlink: /home/aansari/Documents/ME439/ME439Team125/install/xarmrob_interfaces/include/xarmrob_interfaces/xarmrob_interfaces/msg/detail/me439_joint_command__traits.hpp
-- Up-to-date symlink: /home/aansari/Documents/ME439/ME439Team125/install/xarmrob_interfaces/include/xarmrob_interfaces/xarmrob_interfaces/msg/detail/me439_joint_command__type_support.hpp
-- Up-to-date symlink: /home/aansari/Documents/ME439/ME439Team125/install/xarmrob_interfaces/include/xarmrob_interfaces/xarmrob_interfaces/msg/detail/me439_joint_location__builder.hpp
-- Up-to-date symlink: /home/aansari/Documents/ME439/ME439Team125/install/xarmrob_interfaces/include/xarmrob_interfaces/xarmrob_interfaces/msg/detail/me439_joint_location__struct.hpp
-- Up-to-date symlink: /home/aansari/Documents/ME439/ME439Team125/install/xarmrob_interfaces/include/xarmrob_interfaces/xarmrob_interfaces/msg/detail/me439_joint_location__traits.hpp
-- Up-to-date symlink: /home/aansari/Documents/ME439/ME439Team125/install/xarmrob_interfaces/include/xarmrob_interfaces/xarmrob_interfaces/msg/detail/me439_joint_location__type_support.hpp
-- Up-to-date symlink: /home/aansari/Documents/ME439/ME439Team125/install/xarmrob_interfaces/include/xarmrob_interfaces/xarmrob_interfaces/msg/detail/me439_point_xyz__builder.hpp
-- Up-to-date symlink: /home/aansari/Documents/ME439/ME439Team125/install/xarmrob_interfaces/include/xarmrob_interfaces/xarmrob_interfaces/msg/detail/me439_point_xyz__struct.hpp
-- Up-to-date symlink: /home/aansari/Documents/ME439/ME439Team125/install/xarmrob_interfaces/include/xarmrob_interfaces/xarmrob_interfaces/msg/detail/me439_point_xyz__traits.hpp
-- Up-to-date symlink: /home/aansari/Documents/ME439/ME439Team125/install/xarmrob_interfaces/include/xarmrob_interfaces/xarmrob_interfaces/msg/detail/me439_point_xyz__type_support.hpp
-- Symlinking: /home/aansari/Documents/ME439/ME439Team125/install/xarmrob_interfaces/include/xarmrob_interfaces/xarmrob_interfaces/msg/me439_gripper_command.hpp
-- Up-to-date symlink: /home/aansari/Documents/ME439/ME439Team125/install/xarmrob_interfaces/include/xarmrob_interfaces/xarmrob_interfaces/msg/me439_joint_command.hpp
-- Up-to-date symlink: /home/aansari/Documents/ME439/ME439Team125/install/xarmrob_interfaces/include/xarmrob_interfaces/xarmrob_interfaces/msg/me439_joint_location.hpp
-- Up-to-date symlink: /home/aansari/Documents/ME439/ME439Team125/install/xarmrob_interfaces/include/xarmrob_interfaces/xarmrob_interfaces/msg/me439_point_xyz.hpp
-- Up-to-date symlink: /home/aansari/Documents/ME439/ME439Team125/install/xarmrob_interfaces/include/xarmrob_interfaces/xarmrob_interfaces/msg/rosidl_generator_cpp__visibility_control.hpp
-- Up-to-date symlink: /home/aansari/Documents/ME439/ME439Team125/install/xarmrob_interfaces/include/xarmrob_interfaces/xarmrob_interfaces/srv/detail/me439_x_arm_forward_kinematics__builder.hpp
-- Up-to-date symlink: /home/aansari/Documents/ME439/ME439Team125/install/xarmrob_interfaces/include/xarmrob_interfaces/xarmrob_interfaces/srv/detail/me439_x_arm_forward_kinematics__struct.hpp
-- Up-to-date symlink: /home/aansari/Documents/ME439/ME439Team125/install/xarmrob_interfaces/include/xarmrob_interfaces/xarmrob_interfaces/srv/detail/me439_x_arm_forward_kinematics__traits.hpp
-- Up-to-date symlink: /home/aansari/Documents/ME439/ME439Team125/install/xarmrob_interfaces/include/xarmrob_interfaces/xarmrob_interfaces/srv/detail/me439_x_arm_forward_kinematics__type_support.hpp
-- Up-to-date symlink: /home/aansari/Documents/ME439/ME439Team125/install/xarmrob_interfaces/include/xarmrob_interfaces/xarmrob_interfaces/srv/detail/me439_x_arm_inverse_kinematics__builder.hpp
-- Up-to-date symlink: /home/aansari/Documents/ME439/ME439Team125/install/xarmrob_interfaces/include/xarmrob_interfaces/xarmrob_interfaces/srv/detail/me439_x_arm_inverse_kinematics__struct.hpp
-- Up-to-date symlink: /home/aansari/Documents/ME439/ME439Team125/install/xarmrob_interfaces/include/xarmrob_interfaces/xarmrob_interfaces/srv/detail/me439_x_arm_inverse_kinematics__traits.hpp
-- Up-to-date symlink: /home/aansari/Documents/ME439/ME439Team125/install/xarmrob_interfaces/include/xarmrob_interfaces/xarmrob_interfaces/srv/detail/me439_x_arm_inverse_kinematics__type_support.hpp
-- Up-to-date symlink: /home/aansari/Documents/ME439/ME439Team125/install/xarmrob_interfaces/include/xarmrob_interfaces/xarmrob_interfaces/srv/me439_x_arm_forward_kinematics.hpp
-- Up-to-date symlink: /home/aansari/Documents/ME439/ME439Team125/install/xarmrob_interfaces/include/xarmrob_interfaces/xarmrob_interfaces/srv/me439_x_arm_inverse_kinematics.hpp
-- Up-to-date symlink: /home/aansari/Documents/ME439/ME439Team125/install/xarmrob_interfaces/include/xarmrob_interfaces/xarmrob_interfaces/action/detail/me439_move_to_target__rosidl_typesupport_fastrtps_cpp.hpp
-- Symlinking: /home/aansari/Documents/ME439/ME439Team125/install/xarmrob_interfaces/include/xarmrob_interfaces/xarmrob_interfaces/action/detail/operate_gripper__rosidl_typesupport_fastrtps_cpp.hpp
-- Symlinking: /home/aansari/Documents/ME439/ME439Team125/install/xarmrob_interfaces/include/xarmrob_interfaces/xarmrob_interfaces/msg/detail/me439_gripper_command__rosidl_typesupport_fastrtps_cpp.hpp
-- Up-to-date symlink: /home/aansari/Documents/ME439/ME439Team125/install/xarmrob_interfaces/include/xarmrob_interfaces/xarmrob_interfaces/msg/detail/me439_joint_command__rosidl_typesupport_fastrtps_cpp.hpp
-- Up-to-date symlink: /home/aansari/Documents/ME439/ME439Team125/install/xarmrob_interfaces/include/xarmrob_interfaces/xarmrob_interfaces/msg/detail/me439_joint_location__rosidl_typesupport_fastrtps_cpp.hpp
-- Up-to-date symlink: /home/aansari/Documents/ME439/ME439Team125/install/xarmrob_interfaces/include/xarmrob_interfaces/xarmrob_interfaces/msg/detail/me439_point_xyz__rosidl_typesupport_fastrtps_cpp.hpp
-- Up-to-date symlink: /home/aansari/Documents/ME439/ME439Team125/install/xarmrob_interfaces/include/xarmrob_interfaces/xarmrob_interfaces/msg/rosidl_typesupport_fastrtps_cpp__visibility_control.h
-- Up-to-date symlink: /home/aansari/Documents/ME439/ME439Team125/install/xarmrob_interfaces/include/xarmrob_interfaces/xarmrob_interfaces/srv/detail/me439_x_arm_forward_kinematics__rosidl_typesupport_fastrtps_cpp.hpp
-- Up-to-date symlink: /home/aansari/Documents/ME439/ME439Team125/install/xarmrob_interfaces/include/xarmrob_interfaces/xarmrob_interfaces/srv/detail/me439_x_arm_inverse_kinematics__rosidl_typesupport_fastrtps_cpp.hpp
-- Up-to-date symlink: /home/aansari/Documents/ME439/ME439Team125/install/xarmrob_interfaces/include/xarmrob_interfaces/xarmrob_interfaces/action/detail/me439_move_to_target__rosidl_typesupport_introspection_c.h
-- Symlinking: /home/aansari/Documents/ME439/ME439Team125/install/xarmrob_interfaces/include/xarmrob_interfaces/xarmrob_interfaces/action/detail/operate_gripper__rosidl_typesupport_introspection_c.h
-- Symlinking: /home/aansari/Documents/ME439/ME439Team125/install/xarmrob_interfaces/include/xarmrob_interfaces/xarmrob_interfaces/msg/detail/me439_gripper_command__rosidl_typesupport_introspection_c.h
-- Up-to-date symlink: /home/aansari/Documents/ME439/ME439Team125/install/xarmrob_interfaces/include/xarmrob_interfaces/xarmrob_interfaces/msg/detail/me439_joint_command__rosidl_typesupport_introspection_c.h
-- Up-to-date symlink: /home/aansari/Documents/ME439/ME439Team125/install/xarmrob_interfaces/include/xarmrob_interfaces/xarmrob_interfaces/msg/detail/me439_joint_location__rosidl_typesupport_introspection_c.h
-- Up-to-date symlink: /home/aansari/Documents/ME439/ME439Team125/install/xarmrob_interfaces/include/xarmrob_interfaces/xarmrob_interfaces/msg/detail/me439_point_xyz__rosidl_typesupport_introspection_c.h
-- Up-to-date symlink: /home/aansari/Documents/ME439/ME439Team125/install/xarmrob_interfaces/include/xarmrob_interfaces/xarmrob_interfaces/msg/rosidl_typesupport_introspection_c__visibility_control.h
-- Up-to-date symlink: /home/aansari/Documents/ME439/ME439Team125/install/xarmrob_interfaces/include/xarmrob_interfaces/xarmrob_interfaces/srv/detail/me439_x_arm_forward_kinematics__rosidl_typesupport_introspection_c.h
-- Up-to-date symlink: /home/aansari/Documents/ME439/ME439Team125/install/xarmrob_interfaces/include/xarmrob_interfaces/xarmrob_interfaces/srv/detail/me439_x_arm_inverse_kinematics__rosidl_typesupport_introspection_c.h
-- Up-to-date symlink: /home/aansari/Documents/ME439/ME439Team125/install/xarmrob_interfaces/include/xarmrob_interfaces/xarmrob_interfaces/action/detail/me439_move_to_target__rosidl_typesupport_introspection_cpp.hpp
-- Symlinking: /home/aansari/Documents/ME439/ME439Team125/install/xarmrob_interfaces/include/xarmrob_interfaces/xarmrob_interfaces/action/detail/operate_gripper__rosidl_typesupport_introspection_cpp.hpp
-- Symlinking: /home/aansari/Documents/ME439/ME439Team125/install/xarmrob_interfaces/include/xarmrob_interfaces/xarmrob_interfaces/msg/detail/me439_gripper_command__rosidl_typesupport_introspection_cpp.hpp
-- Up-to-date symlink: /home/aansari/Documents/ME439/ME439Team125/install/xarmrob_interfaces/include/xarmrob_interfaces/xarmrob_interfaces/msg/detail/me439_joint_command__rosidl_typesupport_introspection_cpp.hpp
-- Up-to-date symlink: /home/aansari/Documents/ME439/ME439Team125/install/xarmrob_interfaces/include/xarmrob_interfaces/xarmrob_interfaces/msg/detail/me439_joint_location__rosidl_typesupport_introspection_cpp.hpp
-- Up-to-date symlink: /home/aansari/Documents/ME439/ME439Team125/install/xarmrob_interfaces/include/xarmrob_interfaces/xarmrob_interfaces/msg/detail/me439_point_xyz__rosidl_typesupport_introspection_cpp.hpp
-- Up-to-date symlink: /home/aansari/Documents/ME439/ME439Team125/install/xarmrob_interfaces/include/xarmrob_interfaces/xarmrob_interfaces/srv/detail/me439_x_arm_forward_kinematics__rosidl_typesupport_introspection_cpp.hpp
-- Up-to-date symlink: /home/aansari/Documents/ME439/ME439Team125/install/xarmrob_interfaces/include/xarmrob_interfaces/xarmrob_interfaces/srv/detail/me439_x_arm_inverse_kinematics__rosidl_typesupport_introspection_cpp.hpp
-- Up-to-date symlink: /home/aansari/Documents/ME439/ME439Team125/install/xarmrob_interfaces/share/xarmrob_interfaces/environment/pythonpath.sh
-- Up-to-date symlink: /home/aansari/Documents/ME439/ME439Team125/install/xarmrob_interfaces/share/xarmrob_interfaces/environment/pythonpath.dsv
-- Up-to-date symlink: /home/aansari/Documents/ME439/ME439Team125/install/xarmrob_interfaces/lib/python3.12/site-packages/xarmrob_interfaces-0.0.0-py3.12.egg-info/PKG-INFO
-- Up-to-date symlink: /home/aansari/Documents/ME439/ME439Team125/install/xarmrob_interfaces/lib/python3.12/site-packages/xarmrob_interfaces-0.0.0-py3.12.egg-info/SOURCES.txt
-- Up-to-date symlink: /home/aansari/Documents/ME439/ME439Team125/install/xarmrob_interfaces/lib/python3.12/site-packages/xarmrob_interfaces-0.0.0-py3.12.egg-info/dependency_links.txt
-- Up-to-date symlink: /home/aansari/Documents/ME439/ME439Team125/install/xarmrob_interfaces/lib/python3.12/site-packages/xarmrob_interfaces-0.0.0-py3.12.egg-info/top_level.txt
-- Up-to-date symlink: /home/aansari/Documents/ME439/ME439Team125/install/xarmrob_interfaces/lib/python3.12/site-packages/xarmrob_interfaces/__init__.py
-- Up-to-date symlink: /home/aansari/Documents/ME439/ME439Team125/install/xarmrob_interfaces/lib/python3.12/site-packages/xarmrob_interfaces/_xarmrob_interfaces_s.ep.rosidl_typesupport_c.c
-- Up-to-date symlink: /home/aansari/Documents/ME439/ME439Team125/install/xarmrob_interfaces/lib/python3.12/site-packages/xarmrob_interfaces/_xarmrob_interfaces_s.ep.rosidl_typesupport_fastrtps_c.c
-- Up-to-date symlink: /home/aansari/Documents/ME439/ME439Team125/install/xarmrob_interfaces/lib/python3.12/site-packages/xarmrob_interfaces/_xarmrob_interfaces_s.ep.rosidl_typesupport_introspection_c.c
-- Up-to-date symlink: /home/aansari/Documents/ME439/ME439Team125/install/xarmrob_interfaces/lib/python3.12/site-packages/xarmrob_interfaces/action/__init__.py
-- Up-to-date symlink: /home/aansari/Documents/ME439/ME439Team125/install/xarmrob_interfaces/lib/python3.12/site-packages/xarmrob_interfaces/action/_me439_move_to_target.py
-- Up-to-date symlink: /home/aansari/Documents/ME439/ME439Team125/install/xarmrob_interfaces/lib/python3.12/site-packages/xarmrob_interfaces/action/_me439_move_to_target_s.c
-- Symlinking: /home/aansari/Documents/ME439/ME439Team125/install/xarmrob_interfaces/lib/python3.12/site-packages/xarmrob_interfaces/action/_operate_gripper.py
-- Symlinking: /home/aansari/Documents/ME439/ME439Team125/install/xarmrob_interfaces/lib/python3.12/site-packages/xarmrob_interfaces/action/_operate_gripper_s.c
-- Up-to-date symlink: /home/aansari/Documents/ME439/ME439Team125/install/xarmrob_interfaces/lib/python3.12/site-packages/xarmrob_interfaces/msg/__init__.py
-- Symlinking: /home/aansari/Documents/ME439/ME439Team125/install/xarmrob_interfaces/lib/python3.12/site-packages/xarmrob_interfaces/msg/_me439_gripper_command.py
-- Symlinking: /home/aansari/Documents/ME439/ME439Team125/install/xarmrob_interfaces/lib/python3.12/site-packages/xarmrob_interfaces/msg/_me439_gripper_command_s.c
-- Up-to-date symlink: /home/aansari/Documents/ME439/ME439Team125/install/xarmrob_interfaces/lib/python3.12/site-packages/xarmrob_interfaces/msg/_me439_joint_command.py
-- Up-to-date symlink: /home/aansari/Documents/ME439/ME439Team125/install/xarmrob_interfaces/lib/python3.12/site-packages/xarmrob_interfaces/msg/_me439_joint_command_s.c
-- Up-to-date symlink: /home/aansari/Documents/ME439/ME439Team125/install/xarmrob_interfaces/lib/python3.12/site-packages/xarmrob_interfaces/msg/_me439_joint_location.py
-- Up-to-date symlink: /home/aansari/Documents/ME439/ME439Team125/install/xarmrob_interfaces/lib/python3.12/site-packages/xarmrob_interfaces/msg/_me439_joint_location_s.c
-- Up-to-date symlink: /home/aansari/Documents/ME439/ME439Team125/install/xarmrob_interfaces/lib/python3.12/site-packages/xarmrob_interfaces/msg/_me439_point_xyz.py
-- Up-to-date symlink: /home/aansari/Documents/ME439/ME439Team125/install/xarmrob_interfaces/lib/python3.12/site-packages/xarmrob_interfaces/msg/_me439_point_xyz_s.c
-- Up-to-date symlink: /home/aansari/Documents/ME439/ME439Team125/install/xarmrob_interfaces/lib/python3.12/site-packages/xarmrob_interfaces/srv/__init__.py
-- Up-to-date symlink: /home/aansari/Documents/ME439/ME439Team125/install/xarmrob_interfaces/lib/python3.12/site-packages/xarmrob_interfaces/srv/_me439_x_arm_forward_kinematics.py
-- Up-to-date symlink: /home/aansari/Documents/ME439/ME439Team125/install/xarmrob_interfaces/lib/python3.12/site-packages/xarmrob_interfaces/srv/_me439_x_arm_forward_kinematics_s.c
-- Up-to-date symlink: /home/aansari/Documents/ME439/ME439Team125/install/xarmrob_interfaces/lib/python3.12/site-packages/xarmrob_interfaces/srv/_me439_x_arm_inverse_kinematics.py
-- Up-to-date symlink: /home/aansari/Documents/ME439/ME439Team125/install/xarmrob_interfaces/lib/python3.12/site-packages/xarmrob_interfaces/srv/_me439_x_arm_inverse_kinematics_s.c
-- Up-to-date symlink: /home/aansari/Documents/ME439/ME439Team125/install/xarmrob_interfaces/lib/python3.12/site-packages/xarmrob_interfaces/xarmrob_interfaces_s__rosidl_typesupport_c.so
-- Up-to-date symlink: /home/aansari/Documents/ME439/ME439Team125/install/xarmrob_interfaces/lib/python3.12/site-packages/xarmrob_interfaces/xarmrob_interfaces_s__rosidl_typesupport_fastrtps_c.so
-- Up-to-date symlink: /home/aansari/Documents/ME439/ME439Team125/install/xarmrob_interfaces/lib/python3.12/site-packages/xarmrob_interfaces/xarmrob_interfaces_s__rosidl_typesupport_introspection_c.so
-- Up-to-date symlink: /home/aansari/Documents/ME439/ME439Team125/install/xarmrob_interfaces/lib/python3.12/site-packages/xarmrob_interfaces/xarmrob_interfaces_s__rosidl_typesupport_fastrtps_c.so
-- Up-to-date symlink: /home/aansari/Documents/ME439/ME439Team125/install/xarmrob_interfaces/lib/python3.12/site-packages/xarmrob_interfaces/xarmrob_interfaces_s__rosidl_typesupport_introspection_c.so
-- Up-to-date symlink: /home/aansari/Documents/ME439/ME439Team125/install/xarmrob_interfaces/lib/python3.12/site-packages/xarmrob_interfaces/xarmrob_interfaces_s__rosidl_typesupport_c.so
-- Up-to-date symlink: /home/aansari/Documents/ME439/ME439Team125/install/xarmrob_interfaces/share/xarmrob_interfaces/msg/ME439JointCommand.idl
-- Symlinking: /home/aansari/Documents/ME439/ME439Team125/install/xarmrob_interfaces/share/xarmrob_interfaces/msg/ME439GripperCommand.idl
-- Up-to-date symlink: /home/aansari/Documents/ME439/ME439Team125/install/xarmrob_interfaces/share/xarmrob_interfaces/msg/ME439JointLocation.idl
-- Up-to-date symlink: /home/aansari/Documents/ME439/ME439Team125/install/xarmrob_interfaces/share/xarmrob_interfaces/msg/ME439PointXYZ.idl
-- Up-to-date symlink: /home/aansari/Documents/ME439/ME439Team125/install/xarmrob_interfaces/share/xarmrob_interfaces/action/ME439MoveToTarget.idl
-- Symlinking: /home/aansari/Documents/ME439/ME439Team125/install/xarmrob_interfaces/share/xarmrob_interfaces/action/OperateGripper.idl
-- Up-to-date symlink: /home/aansari/Documents/ME439/ME439Team125/install/xarmrob_interfaces/share/xarmrob_interfaces/srv/ME439XArmForwardKinematics.idl
-- Up-to-date symlink: /home/aansari/Documents/ME439/ME439Team125/install/xarmrob_interfaces/share/xarmrob_interfaces/srv/ME439XArmInverseKinematics.idl
-- Up-to-date symlink: /home/aansari/Documents/ME439/ME439Team125/install/xarmrob_interfaces/share/xarmrob_interfaces/msg/ME439JointCommand.msg
-- Symlinking: /home/aansari/Documents/ME439/ME439Team125/install/xarmrob_interfaces/share/xarmrob_interfaces/msg/ME439GripperCommand.msg
-- Up-to-date symlink: /home/aansari/Documents/ME439/ME439Team125/install/xarmrob_interfaces/share/xarmrob_interfaces/msg/ME439JointLocation.msg
-- Up-to-date symlink: /home/aansari/Documents/ME439/ME439Team125/install/xarmrob_interfaces/share/xarmrob_interfaces/msg/ME439PointXYZ.msg
-- Up-to-date symlink: /home/aansari/Documents/ME439/ME439Team125/install/xarmrob_interfaces/share/xarmrob_interfaces/action/ME439MoveToTarget.action
-- Symlinking: /home/aansari/Documents/ME439/ME439Team125/install/xarmrob_interfaces/share/xarmrob_interfaces/action/OperateGripper.action
-- Up-to-date symlink: /home/aansari/Documents/ME439/ME439Team125/install/xarmrob_interfaces/share/xarmrob_interfaces/srv/ME439XArmForwardKinematics.srv
-- Up-to-date symlink: /home/aansari/Documents/ME439/ME439Team125/install/xarmrob_interfaces/share/xarmrob_interfaces/srv/ME439XArmInverseKinematics.srv
-- Up-to-date symlink: /home/aansari/Documents/ME439/ME439Team125/install/xarmrob_interfaces/share/ament_index/resource_index/package_run_dependencies/xarmrob_interfaces
-- Up-to-date symlink: /home/aansari/Documents/ME439/ME439Team125/install/xarmrob_interfaces/share/ament_index/resource_index/parent_prefix_path/xarmrob_interfaces
-- Up-to-date symlink: /home/aansari/Documents/ME439/ME439Team125/install/xarmrob_interfaces/share/xarmrob_interfaces/environment/ament_prefix_path.sh
-- Up-to-date symlink: /home/aansari/Documents/ME439/ME439Team125/install/xarmrob_interfaces/share/xarmrob_interfaces/environment/ament_prefix_path.dsv
-- Up-to-date symlink: /home/aansari/Documents/ME439/ME439Team125/install/xarmrob_interfaces/share/xarmrob_interfaces/environment/path.sh
-- Up-to-date symlink: /home/aansari/Documents/ME439/ME439Team125/install/xarmrob_interfaces/share/xarmrob_interfaces/environment/path.dsv
-- Up-to-date symlink: /home/aansari/Documents/ME439/ME439Team125/install/xarmrob_interfaces/share/xarmrob_interfaces/local_setup.bash
-- Up-to-date symlink: /home/aansari/Documents/ME439/ME439Team125/install/xarmrob_interfaces/share/xarmrob_interfaces/local_setup.sh
-- Up-to-date symlink: /home/aansari/Documents/ME439/ME439Team125/install/xarmrob_interfaces/share/xarmrob_interfaces/local_setup.zsh
-- Up-to-date symlink: /home/aansari/Documents/ME439/ME439Team125/install/xarmrob_interfaces/share/xarmrob_interfaces/local_setup.dsv
-- Symlinking: /home/aansari/Documents/ME439/ME439Team125/install/xarmrob_interfaces/share/xarmrob_interfaces/package.dsv
-- Up-to-date symlink: /home/aansari/Documents/ME439/ME439Team125/install/xarmrob_interfaces/share/ament_index/resource_index/packages/xarmrob_interfaces
-- Up-to-date symlink: /home/aansari/Documents/ME439/ME439Team125/install/xarmrob_interfaces/share/xarmrob_interfaces/cmake/rosidl_cmake-extras.cmake
-- Up-to-date symlink: /home/aansari/Documents/ME439/ME439Team125/install/xarmrob_interfaces/share/xarmrob_interfaces/cmake/ament_cmake_export_dependencies-extras.cmake
-- Up-to-date symlink: /home/aansari/Documents/ME439/ME439Team125/install/xarmrob_interfaces/share/xarmrob_interfaces/cmake/ament_cmake_export_include_directories-extras.cmake
-- Up-to-date symlink: /home/aansari/Documents/ME439/ME439Team125/install/xarmrob_interfaces/share/xarmrob_interfaces/cmake/ament_cmake_export_libraries-extras.cmake
-- Up-to-date symlink: /home/aansari/Documents/ME439/ME439Team125/install/xarmrob_interfaces/share/xarmrob_interfaces/cmake/ament_cmake_export_targets-extras.cmake
-- Up-to-date symlink: /home/aansari/Documents/ME439/ME439Team125/install/xarmrob_interfaces/share/xarmrob_interfaces/cmake/rosidl_cmake_export_typesupport_targets-extras.cmake
-- Up-to-date symlink: /home/aansari/Documents/ME439/ME439Team125/install/xarmrob_interfaces/share/xarmrob_interfaces/cmake/rosidl_cmake_export_typesupport_libraries-extras.cmake
-- Up-to-date symlink: /home/aansari/Documents/ME439/ME439Team125/install/xarmrob_interfaces/share/xarmrob_interfaces/cmake/xarmrob_interfacesConfig.cmake
-- Up-to-date symlink: /home/aansari/Documents/ME439/ME439Team125/install/xarmrob_interfaces/share/xarmrob_interfaces/cmake/xarmrob_interfacesConfig-version.cmake
-- Up-to-date symlink: /home/aansari/Documents/ME439/ME439Team125/install/xarmrob_interfaces/share/xarmrob_interfaces/package.xml
-- Installing: /home/aansari/Documents/ME439/ME439Team125/install/xarmrob_interfaces/lib/libxarmrob_interfaces__rosidl_generator_c.so
-- Set non-toolchain portion of runtime path of "/home/aansari/Documents/ME439/ME439Team125/install/xarmrob_interfaces/lib/libxarmrob_interfaces__rosidl_generator_c.so" to ""
-- Installing: /home/aansari/Documents/ME439/ME439Team125/install/xarmrob_interfaces/lib/libxarmrob_interfaces__rosidl_typesupport_fastrtps_c.so
-- Set non-toolchain portion of runtime path of "/home/aansari/Documents/ME439/ME439Team125/install/xarmrob_interfaces/lib/libxarmrob_interfaces__rosidl_typesupport_fastrtps_c.so" to ""
-- Installing: /home/aansari/Documents/ME439/ME439Team125/install/xarmrob_interfaces/lib/libxarmrob_interfaces__rosidl_typesupport_fastrtps_cpp.so
-- Set non-toolchain portion of runtime path of "/home/aansari/Documents/ME439/ME439Team125/install/xarmrob_interfaces/lib/libxarmrob_interfaces__rosidl_typesupport_fastrtps_cpp.so" to ""
-- Installing: /home/aansari/Documents/ME439/ME439Team125/install/xarmrob_interfaces/lib/libxarmrob_interfaces__rosidl_typesupport_introspection_c.so
-- Set non-toolchain portion of runtime path of "/home/aansari/Documents/ME439/ME439Team125/install/xarmrob_interfaces/lib/libxarmrob_interfaces__rosidl_typesupport_introspection_c.so" to ""
-- Installing: /home/aansari/Documents/ME439/ME439Team125/install/xarmrob_interfaces/lib/libxarmrob_interfaces__rosidl_typesupport_c.so
-- Set non-toolchain portion of runtime path of "/home/aansari/Documents/ME439/ME439Team125/install/xarmrob_interfaces/lib/libxarmrob_interfaces__rosidl_typesupport_c.so" to ""
-- Installing: /home/aansari/Documents/ME439/ME439Team125/install/xarmrob_interfaces/lib/libxarmrob_interfaces__rosidl_typesupport_introspection_cpp.so
-- Set non-toolchain portion of runtime path of "/home/aansari/Documents/ME439/ME439Team125/install/xarmrob_interfaces/lib/libxarmrob_interfaces__rosidl_typesupport_introspection_cpp.so" to ""
-- Installing: /home/aansari/Documents/ME439/ME439Team125/install/xarmrob_interfaces/lib/libxarmrob_interfaces__rosidl_typesupport_cpp.so
-- Set non-toolchain portion of runtime path of "/home/aansari/Documents/ME439/ME439Team125/install/xarmrob_interfaces/lib/libxarmrob_interfaces__rosidl_typesupport_cpp.so" to ""
Listing '/home/aansari/Documents/ME439/ME439Team125/install/xarmrob_interfaces/lib/python3.12/site-packages/xarmrob_interfaces'...
Compiling '/home/aansari/Documents/ME439/ME439Team125/install/xarmrob_interfaces/lib/python3.12/site-packages/xarmrob_interfaces/__init__.py'...
Listing '/home/aansari/Documents/ME439/ME439Team125/install/xarmrob_interfaces/lib/python3.12/site-packages/xarmrob_interfaces/action'...
Compiling '/home/aansari/Documents/ME439/ME439Team125/install/xarmrob_interfaces/lib/python3.12/site-packages/xarmrob_interfaces/action/__init__.py'...
Compiling '/home/aansari/Documents/ME439/ME439Team125/install/xarmrob_interfaces/lib/python3.12/site-packages/xarmrob_interfaces/action/_me439_move_to_target.py'...
Compiling '/home/aansari/Documents/ME439/ME439Team125/install/xarmrob_interfaces/lib/python3.12/site-packages/xarmrob_interfaces/action/_operate_gripper.py'...
Listing '/home/aansari/Documents/ME439/ME439Team125/install/xarmrob_interfaces/lib/python3.12/site-packages/xarmrob_interfaces/msg'...
Compiling '/home/aansari/Documents/ME439/ME439Team125/install/xarmrob_interfaces/lib/python3.12/site-packages/xarmrob_interfaces/msg/__init__.py'...
Compiling '/home/aansari/Documents/ME439/ME439Team125/install/xarmrob_interfaces/lib/python3.12/site-packages/xarmrob_interfaces/msg/_me439_gripper_command.py'...
Compiling '/home/aansari/Documents/ME439/ME439Team125/install/xarmrob_interfaces/lib/python3.12/site-packages/xarmrob_interfaces/msg/_me439_joint_command.py'...
Compiling '/home/aansari/Documents/ME439/ME439Team125/install/xarmrob_interfaces/lib/python3.12/site-packages/xarmrob_interfaces/msg/_me439_joint_location.py'...
Compiling '/home/aansari/Documents/ME439/ME439Team125/install/xarmrob_interfaces/lib/python3.12/site-packages/xarmrob_interfaces/msg/_me439_point_xyz.py'...
Listing '/home/aansari/Documents/ME439/ME439Team125/install/xarmrob_interfaces/lib/python3.12/site-packages/xarmrob_interfaces/srv'...
Compiling '/home/aansari/Documents/ME439/ME439Team125/install/xarmrob_interfaces/lib/python3.12/site-packages/xarmrob_interfaces/srv/__init__.py'...
Compiling '/home/aansari/Documents/ME439/ME439Team125/install/xarmrob_interfaces/lib/python3.12/site-packages/xarmrob_interfaces/srv/_me439_x_arm_forward_kinematics.py'...
Compiling '/home/aansari/Documents/ME439/ME439Team125/install/xarmrob_interfaces/lib/python3.12/site-packages/xarmrob_interfaces/srv/_me439_x_arm_inverse_kinematics.py'...
-- Installing: /home/aansari/Documents/ME439/ME439Team125/install/xarmrob_interfaces/lib/libxarmrob_interfaces__rosidl_generator_py.so
-- Set non-toolchain portion of runtime path of "/home/aansari/Documents/ME439/ME439Team125/install/xarmrob_interfaces/lib/libxarmrob_interfaces__rosidl_generator_py.so" to ""
-- Up-to-date: /home/aansari/Documents/ME439/ME439Team125/install/xarmrob_interfaces/share/xarmrob_interfaces/cmake/export_xarmrob_interfaces__rosidl_generator_cExport.cmake
-- Up-to-date: /home/aansari/Documents/ME439/ME439Team125/install/xarmrob_interfaces/share/xarmrob_interfaces/cmake/export_xarmrob_interfaces__rosidl_generator_cExport-noconfig.cmake
-- Up-to-date: /home/aansari/Documents/ME439/ME439Team125/install/xarmrob_interfaces/share/xarmrob_interfaces/cmake/export_xarmrob_interfaces__rosidl_typesupport_fastrtps_cExport.cmake
-- Up-to-date: /home/aansari/Documents/ME439/ME439Team125/install/xarmrob_interfaces/share/xarmrob_interfaces/cmake/export_xarmrob_interfaces__rosidl_typesupport_fastrtps_cExport-noconfig.cmake
-- Up-to-date: /home/aansari/Documents/ME439/ME439Team125/install/xarmrob_interfaces/share/xarmrob_interfaces/cmake/export_xarmrob_interfaces__rosidl_generator_cppExport.cmake
-- Up-to-date: /home/aansari/Documents/ME439/ME439Team125/install/xarmrob_interfaces/share/xarmrob_interfaces/cmake/export_xarmrob_interfaces__rosidl_typesupport_fastrtps_cppExport.cmake
-- Up-to-date: /home/aansari/Documents/ME439/ME439Team125/install/xarmrob_interfaces/share/xarmrob_interfaces/cmake/export_xarmrob_interfaces__rosidl_typesupport_fastrtps_cppExport-noconfig.cmake
-- Up-to-date: /home/aansari/Documents/ME439/ME439Team125/install/xarmrob_interfaces/share/xarmrob_interfaces/cmake/xarmrob_interfaces__rosidl_typesupport_introspection_cExport.cmake
-- Up-to-date: /home/aansari/Documents/ME439/ME439Team125/install/xarmrob_interfaces/share/xarmrob_interfaces/cmake/xarmrob_interfaces__rosidl_typesupport_introspection_cExport-noconfig.cmake
-- Up-to-date: /home/aansari/Documents/ME439/ME439Team125/install/xarmrob_interfaces/share/xarmrob_interfaces/cmake/xarmrob_interfaces__rosidl_typesupport_cExport.cmake
-- Up-to-date: /home/aansari/Documents/ME439/ME439Team125/install/xarmrob_interfaces/share/xarmrob_interfaces/cmake/xarmrob_interfaces__rosidl_typesupport_cExport-noconfig.cmake
-- Up-to-date: /home/aansari/Documents/ME439/ME439Team125/install/xarmrob_interfaces/share/xarmrob_interfaces/cmake/xarmrob_interfaces__rosidl_typesupport_introspection_cppExport.cmake
-- Up-to-date: /home/aansari/Documents/ME439/ME439Team125/install/xarmrob_interfaces/share/xarmrob_interfaces/cmake/xarmrob_interfaces__rosidl_typesupport_introspection_cppExport-noconfig.cmake
-- Up-to-date: /home/aansari/Documents/ME439/ME439Team125/install/xarmrob_interfaces/share/xarmrob_interfaces/cmake/xarmrob_interfaces__rosidl_typesupport_cppExport.cmake
-- Up-to-date: /home/aansari/Documents/ME439/ME439Team125/install/xarmrob_interfaces/share/xarmrob_interfaces/cmake/xarmrob_interfaces__rosidl_typesupport_cppExport-noconfig.cmake
-- Up-to-date: /home/aansari/Documents/ME439/ME439Team125/install/xarmrob_interfaces/share/xarmrob_interfaces/cmake/export_xarmrob_interfaces__rosidl_generator_pyExport.cmake
-- Up-to-date: /home/aansari/Documents/ME439/ME439Team125/install/xarmrob_interfaces/share/xarmrob_interfaces/cmake/export_xarmrob_interfaces__rosidl_generator_pyExport-noconfig.cmake
