[0.013s] Invoking command in '/home/aansari/Documents/ME439/ME439Team125/build/xarmrob_interfaces': CMAKE_PREFIX_PATH=${CMAKE_PREFIX_PATH}:/home/aansari/Documents/ME439/ME439Team125/install/xarmrob:/home/aansari/Documents/ME439/ME439Team125/install/finalproj125:/home/aansari/ros2_prac/install/xarmrob:/home/aansari/ros2_prac/install/mobrob:/opt/ros/jazzy DEBUGINFOD_URLS=https://debuginfod.ubuntu.com /usr/bin/cmake /home/aansari/Documents/ME439/ME439Team125/src/xarmrob_interfaces -DCMAKE_INSTALL_PREFIX=/home/aansari/Documents/ME439/ME439Team125/install/xarmrob_interfaces
[0.034s] -- Found ament_cmake: 2.5.2 (/opt/ros/jazzy/share/ament_cmake/cmake)
[0.166s] -- Override CMake install command with custom implementation using symlinks instead of copying resources
[0.177s] -- Found example_interfaces: 0.12.0 (/opt/ros/jazzy/share/example_interfaces/cmake)
[0.212s] -- Found rosidl_generator_c: 4.6.4 (/opt/ros/jazzy/share/rosidl_generator_c/cmake)
[0.225s] -- Found rosidl_generator_cpp: 4.6.4 (/opt/ros/jazzy/share/rosidl_generator_cpp/cmake)
[0.241s] -- Using all available rosidl_typesupport_c: rosidl_typesupport_fastrtps_c;rosidl_typesupport_introspection_c
[0.259s] -- Using all available rosidl_typesupport_cpp: rosidl_typesupport_fastrtps_cpp;rosidl_typesupport_introspection_cpp
[0.367s] -- Found geometry_msgs: 5.3.5 (/opt/ros/jazzy/share/geometry_msgs/cmake)
[0.408s] -- Found sensor_msgs: 5.3.5 (/opt/ros/jazzy/share/sensor_msgs/cmake)
[0.441s] -- Found nav_msgs: 5.3.5 (/opt/ros/jazzy/share/nav_msgs/cmake)
[0.477s] -- Found map_msgs: 2.4.1 (/opt/ros/jazzy/share/map_msgs/cmake)
[0.520s] -- Found rosidl_default_generators: 1.6.0 (/opt/ros/jazzy/share/rosidl_default_generators/cmake)
[0.531s] -- Found rosidl_adapter: 4.6.4 (/opt/ros/jazzy/share/rosidl_adapter/cmake)
[0.979s] -- Found ament_cmake_ros: 0.12.0 (/opt/ros/jazzy/share/ament_cmake_ros/cmake)
[1.300s] -- Using all available rosidl_typesupport_c: rosidl_typesupport_fastrtps_c;rosidl_typesupport_introspection_c
[1.429s] -- Using all available rosidl_typesupport_cpp: rosidl_typesupport_fastrtps_cpp;rosidl_typesupport_introspection_cpp
[1.432s] -- Found python_cmake_module: 0.11.1 (/opt/ros/jazzy/share/python_cmake_module/cmake)
[1.901s] -- Found Python3: /usr/bin/python3 (found version "3.12.3") found components: Interpreter Development NumPy Development.Module Development.Embed 
[1.973s] -- Found ament_lint_auto: 0.17.1 (/opt/ros/jazzy/share/ament_lint_auto/cmake)
[2.006s] -- Added test 'lint_cmake' to check CMake code style
[2.010s] -- Added test 'xmllint' to check XML markup files
[2.016s] -- Configuring done (2.0s)
[2.112s] -- Generating done (0.1s)
[2.134s] -- Build files have been written to: /home/aansari/Documents/ME439/ME439Team125/build/xarmrob_interfaces
[2.147s] Invoked command in '/home/aansari/Documents/ME439/ME439Team125/build/xarmrob_interfaces' returned '0': CMAKE_PREFIX_PATH=${CMAKE_PREFIX_PATH}:/home/aansari/Documents/ME439/ME439Team125/install/xarmrob:/home/aansari/Documents/ME439/ME439Team125/install/finalproj125:/home/aansari/ros2_prac/install/xarmrob:/home/aansari/ros2_prac/install/mobrob:/opt/ros/jazzy DEBUGINFOD_URLS=https://debuginfod.ubuntu.com /usr/bin/cmake /home/aansari/Documents/ME439/ME439Team125/src/xarmrob_interfaces -DCMAKE_INSTALL_PREFIX=/home/aansari/Documents/ME439/ME439Team125/install/xarmrob_interfaces
[2.149s] Invoking command in '/home/aansari/Documents/ME439/ME439Team125/build/xarmrob_interfaces': CMAKE_PREFIX_PATH=${CMAKE_PREFIX_PATH}:/home/aansari/Documents/ME439/ME439Team125/install/xarmrob:/home/aansari/Documents/ME439/ME439Team125/install/finalproj125:/home/aansari/ros2_prac/install/xarmrob:/home/aansari/ros2_prac/install/mobrob:/opt/ros/jazzy DEBUGINFOD_URLS=https://debuginfod.ubuntu.com /usr/bin/cmake --build /home/aansari/Documents/ME439/ME439Team125/build/xarmrob_interfaces -- -j4 -l4
[2.219s] [  1%] [34m[1mGenerating type hashes for ROS interfaces[0m
[2.229s] [  1%] Built target ament_cmake_python_symlink_xarmrob_interfaces
[2.622s] running egg_info
[2.660s] writing xarmrob_interfaces.egg-info/PKG-INFO
[2.660s] writing dependency_links to xarmrob_interfaces.egg-info/dependency_links.txt
[2.661s] writing top-level names to xarmrob_interfaces.egg-info/top_level.txt
[2.771s] reading manifest file 'xarmrob_interfaces.egg-info/SOURCES.txt'
[2.773s] writing manifest file 'xarmrob_interfaces.egg-info/SOURCES.txt'
[2.822s] [  1%] Built target ament_cmake_python_build_xarmrob_interfaces_egg
[2.890s] [  1%] Built target xarmrob_interfaces__rosidl_generator_type_description
[2.904s] [  2%] [34m[1mGenerating C code for ROS interfaces[0m
[2.920s] [  2%] [34m[1mGenerating C++ code for ROS interfaces[0m
[4.882s] [  2%] Built target xarmrob_interfaces__cpp
[5.235s] [  4%] [32mBuilding C object CMakeFiles/xarmrob_interfaces__rosidl_generator_c.dir/rosidl_generator_c/xarmrob_interfaces/msg/detail/me439_joint_command__description.c.o[0m
[5.236s] [  5%] [32mBuilding C object CMakeFiles/xarmrob_interfaces__rosidl_generator_c.dir/rosidl_generator_c/xarmrob_interfaces/msg/detail/me439_gripper_command__description.c.o[0m
[5.236s] [  5%] [32mBuilding C object CMakeFiles/xarmrob_interfaces__rosidl_generator_c.dir/rosidl_generator_c/xarmrob_interfaces/msg/detail/me439_joint_command__functions.c.o[0m
[5.236s] [  6%] [32mBuilding C object CMakeFiles/xarmrob_interfaces__rosidl_generator_c.dir/rosidl_generator_c/xarmrob_interfaces/msg/detail/me439_joint_command__type_support.c.o[0m
[5.344s] [  7%] [32mBuilding C object CMakeFiles/xarmrob_interfaces__rosidl_generator_c.dir/rosidl_generator_c/xarmrob_interfaces/msg/detail/me439_gripper_command__functions.c.o[0m
[5.400s] [  8%] [32mBuilding C object CMakeFiles/xarmrob_interfaces__rosidl_generator_c.dir/rosidl_generator_c/xarmrob_interfaces/msg/detail/me439_gripper_command__type_support.c.o[0m
[5.412s] [  9%] [32mBuilding C object CMakeFiles/xarmrob_interfaces__rosidl_generator_c.dir/rosidl_generator_c/xarmrob_interfaces/msg/detail/me439_joint_location__description.c.o[0m
[5.421s] [ 10%] [32mBuilding C object CMakeFiles/xarmrob_interfaces__rosidl_generator_c.dir/rosidl_generator_c/xarmrob_interfaces/msg/detail/me439_joint_location__functions.c.o[0m
[5.485s] [ 11%] [32mBuilding C object CMakeFiles/xarmrob_interfaces__rosidl_generator_c.dir/rosidl_generator_c/xarmrob_interfaces/msg/detail/me439_joint_location__type_support.c.o[0m
[5.487s] [ 12%] [32mBuilding C object CMakeFiles/xarmrob_interfaces__rosidl_generator_c.dir/rosidl_generator_c/xarmrob_interfaces/msg/detail/me439_point_xyz__description.c.o[0m
[5.515s] [ 13%] [32mBuilding C object CMakeFiles/xarmrob_interfaces__rosidl_generator_c.dir/rosidl_generator_c/xarmrob_interfaces/msg/detail/me439_point_xyz__functions.c.o[0m
[5.556s] [ 14%] [32mBuilding C object CMakeFiles/xarmrob_interfaces__rosidl_generator_c.dir/rosidl_generator_c/xarmrob_interfaces/msg/detail/me439_point_xyz__type_support.c.o[0m
[5.571s] [ 15%] [32mBuilding C object CMakeFiles/xarmrob_interfaces__rosidl_generator_c.dir/rosidl_generator_c/xarmrob_interfaces/action/detail/me439_move_to_target__description.c.o[0m
[5.594s] [ 16%] [32mBuilding C object CMakeFiles/xarmrob_interfaces__rosidl_generator_c.dir/rosidl_generator_c/xarmrob_interfaces/action/detail/me439_move_to_target__functions.c.o[0m
[5.637s] [ 17%] [32mBuilding C object CMakeFiles/xarmrob_interfaces__rosidl_generator_c.dir/rosidl_generator_c/xarmrob_interfaces/action/detail/me439_move_to_target__type_support.c.o[0m
[5.647s] [ 18%] [32mBuilding C object CMakeFiles/xarmrob_interfaces__rosidl_generator_c.dir/rosidl_generator_c/xarmrob_interfaces/action/detail/operate_gripper__description.c.o[0m
[5.756s] [ 19%] [32mBuilding C object CMakeFiles/xarmrob_interfaces__rosidl_generator_c.dir/rosidl_generator_c/xarmrob_interfaces/action/detail/operate_gripper__functions.c.o[0m
[5.822s] [ 20%] [32mBuilding C object CMakeFiles/xarmrob_interfaces__rosidl_generator_c.dir/rosidl_generator_c/xarmrob_interfaces/action/detail/operate_gripper__type_support.c.o[0m
[5.884s] [ 21%] [32mBuilding C object CMakeFiles/xarmrob_interfaces__rosidl_generator_c.dir/rosidl_generator_c/xarmrob_interfaces/srv/detail/me439_x_arm_forward_kinematics__description.c.o[0m
[5.944s] [ 22%] [32mBuilding C object CMakeFiles/xarmrob_interfaces__rosidl_generator_c.dir/rosidl_generator_c/xarmrob_interfaces/srv/detail/me439_x_arm_forward_kinematics__functions.c.o[0m
[6.021s] [ 23%] [32mBuilding C object CMakeFiles/xarmrob_interfaces__rosidl_generator_c.dir/rosidl_generator_c/xarmrob_interfaces/srv/detail/me439_x_arm_forward_kinematics__type_support.c.o[0m
[6.060s] [ 24%] [32mBuilding C object CMakeFiles/xarmrob_interfaces__rosidl_generator_c.dir/rosidl_generator_c/xarmrob_interfaces/srv/detail/me439_x_arm_inverse_kinematics__description.c.o[0m
[6.129s] [ 25%] [32mBuilding C object CMakeFiles/xarmrob_interfaces__rosidl_generator_c.dir/rosidl_generator_c/xarmrob_interfaces/srv/detail/me439_x_arm_inverse_kinematics__functions.c.o[0m
[6.152s] [ 25%] [32mBuilding C object CMakeFiles/xarmrob_interfaces__rosidl_generator_c.dir/rosidl_generator_c/xarmrob_interfaces/srv/detail/me439_x_arm_inverse_kinematics__type_support.c.o[0m
[6.267s] [ 26%] [32m[1mLinking C shared library libxarmrob_interfaces__rosidl_generator_c.so[0m
[6.339s] [ 26%] Built target xarmrob_interfaces__rosidl_generator_c
[6.363s] [ 29%] [34m[1mGenerating C type support for eProsima Fast-RTPS[0m
[6.364s] [ 29%] [34m[1mGenerating C++ type support for eProsima Fast-RTPS[0m
[6.364s] [ 29%] [34m[1mGenerating C++ type support dispatch for ROS interfaces[0m
[6.364s] [ 29%] [34m[1mGenerating C introspection for ROS interfaces[0m
[8.571s] [ 30%] [32mBuilding CXX object CMakeFiles/xarmrob_interfaces__rosidl_typesupport_cpp.dir/rosidl_typesupport_cpp/xarmrob_interfaces/msg/me439_joint_command__type_support.cpp.o[0m
[9.289s] [ 31%] [32mBuilding C object CMakeFiles/xarmrob_interfaces__rosidl_typesupport_introspection_c.dir/rosidl_typesupport_introspection_c/xarmrob_interfaces/msg/detail/me439_joint_command__type_support.c.o[0m
[9.418s] [ 32%] [32mBuilding C object CMakeFiles/xarmrob_interfaces__rosidl_typesupport_introspection_c.dir/rosidl_typesupport_introspection_c/xarmrob_interfaces/msg/detail/me439_gripper_command__type_support.c.o[0m
[9.528s] [ 33%] [32mBuilding C object CMakeFiles/xarmrob_interfaces__rosidl_typesupport_introspection_c.dir/rosidl_typesupport_introspection_c/xarmrob_interfaces/msg/detail/me439_joint_location__type_support.c.o[0m
[9.649s] [ 34%] [32mBuilding C object CMakeFiles/xarmrob_interfaces__rosidl_typesupport_introspection_c.dir/rosidl_typesupport_introspection_c/xarmrob_interfaces/msg/detail/me439_point_xyz__type_support.c.o[0m
[9.728s] [ 35%] [32mBuilding CXX object CMakeFiles/xarmrob_interfaces__rosidl_typesupport_cpp.dir/rosidl_typesupport_cpp/xarmrob_interfaces/msg/me439_gripper_command__type_support.cpp.o[0m
[9.758s] [ 36%] [32mBuilding C object CMakeFiles/xarmrob_interfaces__rosidl_typesupport_introspection_c.dir/rosidl_typesupport_introspection_c/xarmrob_interfaces/action/detail/me439_move_to_target__type_support.c.o[0m
[9.968s] [ 37%] [32mBuilding C object CMakeFiles/xarmrob_interfaces__rosidl_typesupport_introspection_c.dir/rosidl_typesupport_introspection_c/xarmrob_interfaces/action/detail/operate_gripper__type_support.c.o[0m
[10.161s] [ 38%] [32mBuilding C object CMakeFiles/xarmrob_interfaces__rosidl_typesupport_introspection_c.dir/rosidl_typesupport_introspection_c/xarmrob_interfaces/srv/detail/me439_x_arm_forward_kinematics__type_support.c.o[0m
[10.320s] [ 39%] [32mBuilding C object CMakeFiles/xarmrob_interfaces__rosidl_typesupport_introspection_c.dir/rosidl_typesupport_introspection_c/xarmrob_interfaces/srv/detail/me439_x_arm_inverse_kinematics__type_support.c.o[0m
[10.469s] [ 40%] [32mBuilding CXX object CMakeFiles/xarmrob_interfaces__rosidl_typesupport_fastrtps_cpp.dir/rosidl_typesupport_fastrtps_cpp/xarmrob_interfaces/msg/detail/dds_fastrtps/me439_joint_command__type_support.cpp.o[0m
[10.477s] [ 41%] [32m[1mLinking C shared library libxarmrob_interfaces__rosidl_typesupport_introspection_c.so[0m
[10.561s] [ 41%] Built target xarmrob_interfaces__rosidl_typesupport_introspection_c
[10.580s] [ 42%] [32mBuilding CXX object CMakeFiles/xarmrob_interfaces__rosidl_typesupport_fastrtps_cpp.dir/rosidl_typesupport_fastrtps_cpp/xarmrob_interfaces/msg/detail/dds_fastrtps/me439_gripper_command__type_support.cpp.o[0m
[10.702s] [ 43%] [32mBuilding CXX object CMakeFiles/xarmrob_interfaces__rosidl_typesupport_cpp.dir/rosidl_typesupport_cpp/xarmrob_interfaces/msg/me439_joint_location__type_support.cpp.o[0m
[10.758s] [ 44%] [32mBuilding CXX object CMakeFiles/xarmrob_interfaces__rosidl_typesupport_fastrtps_c.dir/rosidl_typesupport_fastrtps_c/xarmrob_interfaces/msg/detail/me439_joint_command__type_support_c.cpp.o[0m
[11.638s] [ 44%] [32mBuilding CXX object CMakeFiles/xarmrob_interfaces__rosidl_typesupport_cpp.dir/rosidl_typesupport_cpp/xarmrob_interfaces/msg/me439_point_xyz__type_support.cpp.o[0m
[12.137s] [ 45%] [32mBuilding CXX object CMakeFiles/xarmrob_interfaces__rosidl_typesupport_fastrtps_c.dir/rosidl_typesupport_fastrtps_c/xarmrob_interfaces/msg/detail/me439_gripper_command__type_support_c.cpp.o[0m
[12.225s] [ 46%] [32mBuilding CXX object CMakeFiles/xarmrob_interfaces__rosidl_typesupport_fastrtps_cpp.dir/rosidl_typesupport_fastrtps_cpp/xarmrob_interfaces/msg/detail/dds_fastrtps/me439_joint_location__type_support.cpp.o[0m
[12.263s] [ 47%] [34m[1mGenerating C type support dispatch for ROS interfaces[0m
[12.574s] [ 48%] [32mBuilding CXX object CMakeFiles/xarmrob_interfaces__rosidl_typesupport_cpp.dir/rosidl_typesupport_cpp/xarmrob_interfaces/action/me439_move_to_target__type_support.cpp.o[0m
[13.625s] [ 49%] [32mBuilding CXX object CMakeFiles/xarmrob_interfaces__rosidl_typesupport_fastrtps_c.dir/rosidl_typesupport_fastrtps_c/xarmrob_interfaces/msg/detail/me439_joint_location__type_support_c.cpp.o[0m
[13.794s] [ 50%] [32mBuilding CXX object CMakeFiles/xarmrob_interfaces__rosidl_typesupport_fastrtps_cpp.dir/rosidl_typesupport_fastrtps_cpp/xarmrob_interfaces/msg/detail/dds_fastrtps/me439_point_xyz__type_support.cpp.o[0m
[14.335s] [ 51%] [32mBuilding CXX object CMakeFiles/xarmrob_interfaces__rosidl_typesupport_c.dir/rosidl_typesupport_c/xarmrob_interfaces/msg/me439_joint_command__type_support.cpp.o[0m
[14.457s] [ 52%] [32mBuilding CXX object CMakeFiles/xarmrob_interfaces__rosidl_typesupport_c.dir/rosidl_typesupport_c/xarmrob_interfaces/msg/me439_gripper_command__type_support.cpp.o[0m
[14.585s] [ 53%] [32mBuilding CXX object CMakeFiles/xarmrob_interfaces__rosidl_typesupport_c.dir/rosidl_typesupport_c/xarmrob_interfaces/msg/me439_joint_location__type_support.cpp.o[0m
[14.716s] [ 55%] [32mBuilding CXX object CMakeFiles/xarmrob_interfaces__rosidl_typesupport_c.dir/rosidl_typesupport_c/xarmrob_interfaces/msg/me439_point_xyz__type_support.cpp.o[0m
[14.717s] [ 55%] [32mBuilding CXX object CMakeFiles/xarmrob_interfaces__rosidl_typesupport_cpp.dir/rosidl_typesupport_cpp/xarmrob_interfaces/action/operate_gripper__type_support.cpp.o[0m
[14.841s] [ 56%] [32mBuilding CXX object CMakeFiles/xarmrob_interfaces__rosidl_typesupport_c.dir/rosidl_typesupport_c/xarmrob_interfaces/action/me439_move_to_target__type_support.cpp.o[0m
[15.023s] [ 57%] [32mBuilding CXX object CMakeFiles/xarmrob_interfaces__rosidl_typesupport_c.dir/rosidl_typesupport_c/xarmrob_interfaces/action/operate_gripper__type_support.cpp.o[0m
[15.125s] [ 58%] [32mBuilding CXX object CMakeFiles/xarmrob_interfaces__rosidl_typesupport_fastrtps_c.dir/rosidl_typesupport_fastrtps_c/xarmrob_interfaces/msg/detail/me439_point_xyz__type_support_c.cpp.o[0m
[15.199s] [ 59%] [32mBuilding CXX object CMakeFiles/xarmrob_interfaces__rosidl_typesupport_c.dir/rosidl_typesupport_c/xarmrob_interfaces/srv/me439_x_arm_forward_kinematics__type_support.cpp.o[0m
[15.322s] [ 60%] [32mBuilding CXX object CMakeFiles/xarmrob_interfaces__rosidl_typesupport_fastrtps_cpp.dir/rosidl_typesupport_fastrtps_cpp/xarmrob_interfaces/action/detail/dds_fastrtps/me439_move_to_target__type_support.cpp.o[0m
[15.334s] [ 61%] [32mBuilding CXX object CMakeFiles/xarmrob_interfaces__rosidl_typesupport_c.dir/rosidl_typesupport_c/xarmrob_interfaces/srv/me439_x_arm_inverse_kinematics__type_support.cpp.o[0m
[15.463s] [ 62%] [32m[1mLinking CXX shared library libxarmrob_interfaces__rosidl_typesupport_c.so[0m
[15.571s] [ 62%] Built target xarmrob_interfaces__rosidl_typesupport_c
[15.591s] [ 63%] [32mBuilding CXX object CMakeFiles/xarmrob_interfaces__rosidl_typesupport_fastrtps_c.dir/rosidl_typesupport_fastrtps_c/xarmrob_interfaces/action/detail/me439_move_to_target__type_support_c.cpp.o[0m
[16.548s] [ 64%] [32mBuilding CXX object CMakeFiles/xarmrob_interfaces__rosidl_typesupport_cpp.dir/rosidl_typesupport_cpp/xarmrob_interfaces/srv/me439_x_arm_forward_kinematics__type_support.cpp.o[0m
[16.778s] [ 65%] [32mBuilding CXX object CMakeFiles/xarmrob_interfaces__rosidl_typesupport_fastrtps_cpp.dir/rosidl_typesupport_fastrtps_cpp/xarmrob_interfaces/action/detail/dds_fastrtps/operate_gripper__type_support.cpp.o[0m
[17.362s] [ 66%] [32mBuilding CXX object CMakeFiles/xarmrob_interfaces__rosidl_typesupport_fastrtps_c.dir/rosidl_typesupport_fastrtps_c/xarmrob_interfaces/action/detail/operate_gripper__type_support_c.cpp.o[0m
[17.864s] [ 67%] [32mBuilding CXX object CMakeFiles/xarmrob_interfaces__rosidl_typesupport_cpp.dir/rosidl_typesupport_cpp/xarmrob_interfaces/srv/me439_x_arm_inverse_kinematics__type_support.cpp.o[0m
[18.411s] [ 68%] [32mBuilding CXX object CMakeFiles/xarmrob_interfaces__rosidl_typesupport_fastrtps_cpp.dir/rosidl_typesupport_fastrtps_cpp/xarmrob_interfaces/srv/detail/dds_fastrtps/me439_x_arm_forward_kinematics__type_support.cpp.o[0m
[19.145s] [ 69%] [32m[1mLinking CXX shared library libxarmrob_interfaces__rosidl_typesupport_cpp.so[0m
[19.202s] [ 70%] [32mBuilding CXX object CMakeFiles/xarmrob_interfaces__rosidl_typesupport_fastrtps_c.dir/rosidl_typesupport_fastrtps_c/xarmrob_interfaces/srv/detail/me439_x_arm_forward_kinematics__type_support_c.cpp.o[0m
[19.366s] [ 70%] Built target xarmrob_interfaces__rosidl_typesupport_cpp
[19.385s] [ 71%] [32mBuilding CXX object CMakeFiles/xarmrob_interfaces__rosidl_typesupport_fastrtps_cpp.dir/rosidl_typesupport_fastrtps_cpp/xarmrob_interfaces/srv/detail/dds_fastrtps/me439_x_arm_inverse_kinematics__type_support.cpp.o[0m
[19.866s] [ 72%] [32mBuilding CXX object CMakeFiles/xarmrob_interfaces__rosidl_typesupport_fastrtps_c.dir/rosidl_typesupport_fastrtps_c/xarmrob_interfaces/srv/detail/me439_x_arm_inverse_kinematics__type_support_c.cpp.o[0m
[20.522s] [ 73%] [34m[1mGenerating C++ introspection for ROS interfaces[0m
[21.563s] [ 74%] [32m[1mLinking CXX shared library libxarmrob_interfaces__rosidl_typesupport_fastrtps_c.so[0m
[21.586s] [ 75%] [32m[1mLinking CXX shared library libxarmrob_interfaces__rosidl_typesupport_fastrtps_cpp.so[0m
[21.755s] [ 75%] Built target xarmrob_interfaces__rosidl_typesupport_fastrtps_c
[21.798s] [ 75%] Built target xarmrob_interfaces__rosidl_typesupport_fastrtps_cpp
[22.045s] [ 77%] [32mBuilding CXX object CMakeFiles/xarmrob_interfaces__rosidl_typesupport_introspection_cpp.dir/rosidl_typesupport_introspection_cpp/xarmrob_interfaces/msg/detail/me439_joint_command__type_support.cpp.o[0m
[22.045s] [ 77%] [32mBuilding CXX object CMakeFiles/xarmrob_interfaces__rosidl_typesupport_introspection_cpp.dir/rosidl_typesupport_introspection_cpp/xarmrob_interfaces/msg/detail/me439_joint_location__type_support.cpp.o[0m
[22.045s] [ 78%] [32mBuilding CXX object CMakeFiles/xarmrob_interfaces__rosidl_typesupport_introspection_cpp.dir/rosidl_typesupport_introspection_cpp/xarmrob_interfaces/msg/detail/me439_gripper_command__type_support.cpp.o[0m
[22.045s] [ 79%] [32mBuilding CXX object CMakeFiles/xarmrob_interfaces__rosidl_typesupport_introspection_cpp.dir/rosidl_typesupport_introspection_cpp/xarmrob_interfaces/msg/detail/me439_point_xyz__type_support.cpp.o[0m
[23.032s] [ 80%] [32mBuilding CXX object CMakeFiles/xarmrob_interfaces__rosidl_typesupport_introspection_cpp.dir/rosidl_typesupport_introspection_cpp/xarmrob_interfaces/action/detail/me439_move_to_target__type_support.cpp.o[0m
[23.041s] [ 81%] [32mBuilding CXX object CMakeFiles/xarmrob_interfaces__rosidl_typesupport_introspection_cpp.dir/rosidl_typesupport_introspection_cpp/xarmrob_interfaces/action/detail/operate_gripper__type_support.cpp.o[0m
[23.099s] [ 82%] [32mBuilding CXX object CMakeFiles/xarmrob_interfaces__rosidl_typesupport_introspection_cpp.dir/rosidl_typesupport_introspection_cpp/xarmrob_interfaces/srv/detail/me439_x_arm_forward_kinematics__type_support.cpp.o[0m
[23.240s] [ 83%] [32mBuilding CXX object CMakeFiles/xarmrob_interfaces__rosidl_typesupport_introspection_cpp.dir/rosidl_typesupport_introspection_cpp/xarmrob_interfaces/srv/detail/me439_x_arm_inverse_kinematics__type_support.cpp.o[0m
[25.032s] [ 84%] [32m[1mLinking CXX shared library libxarmrob_interfaces__rosidl_typesupport_introspection_cpp.so[0m
[25.159s] [ 84%] Built target xarmrob_interfaces__rosidl_typesupport_introspection_cpp
[25.183s] [ 84%] Built target xarmrob_interfaces
[25.209s] [ 85%] [34m[1mGenerating Python code for ROS interfaces[0m
[27.741s] [ 85%] Built target xarmrob_interfaces__py
[27.793s] [ 88%] [32mBuilding C object CMakeFiles/xarmrob_interfaces__rosidl_generator_py.dir/rosidl_generator_py/xarmrob_interfaces/msg/_me439_joint_location_s.c.o[0m
[27.793s] [ 88%] [32mBuilding C object CMakeFiles/xarmrob_interfaces__rosidl_generator_py.dir/rosidl_generator_py/xarmrob_interfaces/msg/_me439_gripper_command_s.c.o[0m
[27.794s] [ 88%] [32mBuilding C object CMakeFiles/xarmrob_interfaces__rosidl_generator_py.dir/rosidl_generator_py/xarmrob_interfaces/msg/_me439_joint_command_s.c.o[0m
[27.795s] [ 89%] [32mBuilding C object CMakeFiles/xarmrob_interfaces__rosidl_generator_py.dir/rosidl_generator_py/xarmrob_interfaces/msg/_me439_point_xyz_s.c.o[0m
[28.202s] [ 90%] [32mBuilding C object CMakeFiles/xarmrob_interfaces__rosidl_generator_py.dir/rosidl_generator_py/xarmrob_interfaces/action/_me439_move_to_target_s.c.o[0m
[28.204s] [ 91%] [32mBuilding C object CMakeFiles/xarmrob_interfaces__rosidl_generator_py.dir/rosidl_generator_py/xarmrob_interfaces/action/_operate_gripper_s.c.o[0m
[28.277s] [ 92%] [32mBuilding C object CMakeFiles/xarmrob_interfaces__rosidl_generator_py.dir/rosidl_generator_py/xarmrob_interfaces/srv/_me439_x_arm_forward_kinematics_s.c.o[0m
[28.311s] [ 93%] [32mBuilding C object CMakeFiles/xarmrob_interfaces__rosidl_generator_py.dir/rosidl_generator_py/xarmrob_interfaces/srv/_me439_x_arm_inverse_kinematics_s.c.o[0m
[28.867s] [ 94%] [32m[1mLinking C shared library libxarmrob_interfaces__rosidl_generator_py.so[0m
[28.934s] [ 94%] Built target xarmrob_interfaces__rosidl_generator_py
[28.979s] [ 95%] [32mBuilding C object CMakeFiles/xarmrob_interfaces_s__rosidl_typesupport_introspection_c.dir/rosidl_generator_py/xarmrob_interfaces/_xarmrob_interfaces_s.ep.rosidl_typesupport_introspection_c.c.o[0m
[28.982s] [ 97%] [32mBuilding C object CMakeFiles/xarmrob_interfaces_s__rosidl_typesupport_c.dir/rosidl_generator_py/xarmrob_interfaces/_xarmrob_interfaces_s.ep.rosidl_typesupport_c.c.o[0m
[28.982s] [ 97%] [32mBuilding C object CMakeFiles/xarmrob_interfaces_s__rosidl_typesupport_fastrtps_c.dir/rosidl_generator_py/xarmrob_interfaces/_xarmrob_interfaces_s.ep.rosidl_typesupport_fastrtps_c.c.o[0m
[29.538s] [ 98%] [32m[1mLinking C shared module rosidl_generator_py/xarmrob_interfaces/xarmrob_interfaces_s__rosidl_typesupport_introspection_c.so[0m
[29.577s] [ 99%] [32m[1mLinking C shared module rosidl_generator_py/xarmrob_interfaces/xarmrob_interfaces_s__rosidl_typesupport_c.so[0m
[29.578s] [100%] [32m[1mLinking C shared module rosidl_generator_py/xarmrob_interfaces/xarmrob_interfaces_s__rosidl_typesupport_fastrtps_c.so[0m
[29.615s] [100%] Built target xarmrob_interfaces_s__rosidl_typesupport_introspection_c
[29.636s] [100%] Built target xarmrob_interfaces_s__rosidl_typesupport_fastrtps_c
[29.636s] [100%] Built target xarmrob_interfaces_s__rosidl_typesupport_c
[29.653s] Invoked command in '/home/aansari/Documents/ME439/ME439Team125/build/xarmrob_interfaces' returned '0': CMAKE_PREFIX_PATH=${CMAKE_PREFIX_PATH}:/home/aansari/Documents/ME439/ME439Team125/install/xarmrob:/home/aansari/Documents/ME439/ME439Team125/install/finalproj125:/home/aansari/ros2_prac/install/xarmrob:/home/aansari/ros2_prac/install/mobrob:/opt/ros/jazzy DEBUGINFOD_URLS=https://debuginfod.ubuntu.com /usr/bin/cmake --build /home/aansari/Documents/ME439/ME439Team125/build/xarmrob_interfaces -- -j4 -l4
[29.665s] Invoking command in '/home/aansari/Documents/ME439/ME439Team125/build/xarmrob_interfaces': CMAKE_PREFIX_PATH=${CMAKE_PREFIX_PATH}:/home/aansari/Documents/ME439/ME439Team125/install/xarmrob:/home/aansari/Documents/ME439/ME439Team125/install/finalproj125:/home/aansari/ros2_prac/install/xarmrob:/home/aansari/ros2_prac/install/mobrob:/opt/ros/jazzy DEBUGINFOD_URLS=https://debuginfod.ubuntu.com /usr/bin/cmake --install /home/aansari/Documents/ME439/ME439Team125/build/xarmrob_interfaces
[29.675s] -- Install configuration: ""
[29.676s] -- Execute custom install script
[29.676s] -- Up-to-date symlink: /home/aansari/Documents/ME439/ME439Team125/install/xarmrob_interfaces/share/ament_index/resource_index/rosidl_interfaces/xarmrob_interfaces
[29.677s] -- Up-to-date symlink: /home/aansari/Documents/ME439/ME439Team125/install/xarmrob_interfaces/share/xarmrob_interfaces/msg/ME439JointCommand.json
[29.677s] -- Symlinking: /home/aansari/Documents/ME439/ME439Team125/install/xarmrob_interfaces/share/xarmrob_interfaces/msg/ME439GripperCommand.json
[29.688s] -- Up-to-date symlink: /home/aansari/Documents/ME439/ME439Team125/install/xarmrob_interfaces/share/xarmrob_interfaces/msg/ME439JointLocation.json
[29.688s] -- Up-to-date symlink: /home/aansari/Documents/ME439/ME439Team125/install/xarmrob_interfaces/share/xarmrob_interfaces/msg/ME439PointXYZ.json
[29.688s] -- Up-to-date symlink: /home/aansari/Documents/ME439/ME439Team125/install/xarmrob_interfaces/share/xarmrob_interfaces/action/ME439MoveToTarget.json
[29.689s] -- Symlinking: /home/aansari/Documents/ME439/ME439Team125/install/xarmrob_interfaces/share/xarmrob_interfaces/action/OperateGripper.json
[29.699s] -- Up-to-date symlink: /home/aansari/Documents/ME439/ME439Team125/install/xarmrob_interfaces/share/xarmrob_interfaces/srv/ME439XArmForwardKinematics.json
[29.700s] -- Up-to-date symlink: /home/aansari/Documents/ME439/ME439Team125/install/xarmrob_interfaces/share/xarmrob_interfaces/srv/ME439XArmInverseKinematics.json
[29.701s] -- Up-to-date symlink: /home/aansari/Documents/ME439/ME439Team125/install/xarmrob_interfaces/include/xarmrob_interfaces/xarmrob_interfaces/action/detail/me439_move_to_target__functions.h
[29.702s] -- Up-to-date symlink: /home/aansari/Documents/ME439/ME439Team125/install/xarmrob_interfaces/include/xarmrob_interfaces/xarmrob_interfaces/action/detail/me439_move_to_target__struct.h
[29.702s] -- Up-to-date symlink: /home/aansari/Documents/ME439/ME439Team125/install/xarmrob_interfaces/include/xarmrob_interfaces/xarmrob_interfaces/action/detail/me439_move_to_target__type_support.h
[29.702s] -- Symlinking: /home/aansari/Documents/ME439/ME439Team125/install/xarmrob_interfaces/include/xarmrob_interfaces/xarmrob_interfaces/action/detail/operate_gripper__functions.h
[29.712s] -- Symlinking: /home/aansari/Documents/ME439/ME439Team125/install/xarmrob_interfaces/include/xarmrob_interfaces/xarmrob_interfaces/action/detail/operate_gripper__struct.h
[29.723s] -- Symlinking: /home/aansari/Documents/ME439/ME439Team125/install/xarmrob_interfaces/include/xarmrob_interfaces/xarmrob_interfaces/action/detail/operate_gripper__type_support.h
[29.734s] -- Up-to-date symlink: /home/aansari/Documents/ME439/ME439Team125/install/xarmrob_interfaces/include/xarmrob_interfaces/xarmrob_interfaces/action/me439_move_to_target.h
[29.734s] -- Symlinking: /home/aansari/Documents/ME439/ME439Team125/install/xarmrob_interfaces/include/xarmrob_interfaces/xarmrob_interfaces/action/operate_gripper.h
[29.745s] -- Symlinking: /home/aansari/Documents/ME439/ME439Team125/install/xarmrob_interfaces/include/xarmrob_interfaces/xarmrob_interfaces/msg/detail/me439_gripper_command__functions.h
[29.754s] -- Symlinking: /home/aansari/Documents/ME439/ME439Team125/install/xarmrob_interfaces/include/xarmrob_interfaces/xarmrob_interfaces/msg/detail/me439_gripper_command__struct.h
[29.765s] -- Symlinking: /home/aansari/Documents/ME439/ME439Team125/install/xarmrob_interfaces/include/xarmrob_interfaces/xarmrob_interfaces/msg/detail/me439_gripper_command__type_support.h
[29.775s] -- Up-to-date symlink: /home/aansari/Documents/ME439/ME439Team125/install/xarmrob_interfaces/include/xarmrob_interfaces/xarmrob_interfaces/msg/detail/me439_joint_command__functions.h
[29.775s] -- Up-to-date symlink: /home/aansari/Documents/ME439/ME439Team125/install/xarmrob_interfaces/include/xarmrob_interfaces/xarmrob_interfaces/msg/detail/me439_joint_command__struct.h
[29.775s] -- Up-to-date symlink: /home/aansari/Documents/ME439/ME439Team125/install/xarmrob_interfaces/include/xarmrob_interfaces/xarmrob_interfaces/msg/detail/me439_joint_command__type_support.h
[29.776s] -- Up-to-date symlink: /home/aansari/Documents/ME439/ME439Team125/install/xarmrob_interfaces/include/xarmrob_interfaces/xarmrob_interfaces/msg/detail/me439_joint_location__functions.h
[29.776s] -- Up-to-date symlink: /home/aansari/Documents/ME439/ME439Team125/install/xarmrob_interfaces/include/xarmrob_interfaces/xarmrob_interfaces/msg/detail/me439_joint_location__struct.h
[29.776s] -- Up-to-date symlink: /home/aansari/Documents/ME439/ME439Team125/install/xarmrob_interfaces/include/xarmrob_interfaces/xarmrob_interfaces/msg/detail/me439_joint_location__type_support.h
[29.776s] -- Up-to-date symlink: /home/aansari/Documents/ME439/ME439Team125/install/xarmrob_interfaces/include/xarmrob_interfaces/xarmrob_interfaces/msg/detail/me439_point_xyz__functions.h
[29.777s] -- Up-to-date symlink: /home/aansari/Documents/ME439/ME439Team125/install/xarmrob_interfaces/include/xarmrob_interfaces/xarmrob_interfaces/msg/detail/me439_point_xyz__struct.h
[29.777s] -- Up-to-date symlink: /home/aansari/Documents/ME439/ME439Team125/install/xarmrob_interfaces/include/xarmrob_interfaces/xarmrob_interfaces/msg/detail/me439_point_xyz__type_support.h
[29.777s] -- Symlinking: /home/aansari/Documents/ME439/ME439Team125/install/xarmrob_interfaces/include/xarmrob_interfaces/xarmrob_interfaces/msg/me439_gripper_command.h
[29.788s] -- Up-to-date symlink: /home/aansari/Documents/ME439/ME439Team125/install/xarmrob_interfaces/include/xarmrob_interfaces/xarmrob_interfaces/msg/me439_joint_command.h
[29.788s] -- Up-to-date symlink: /home/aansari/Documents/ME439/ME439Team125/install/xarmrob_interfaces/include/xarmrob_interfaces/xarmrob_interfaces/msg/me439_joint_location.h
[29.788s] -- Up-to-date symlink: /home/aansari/Documents/ME439/ME439Team125/install/xarmrob_interfaces/include/xarmrob_interfaces/xarmrob_interfaces/msg/me439_point_xyz.h
[29.789s] -- Up-to-date symlink: /home/aansari/Documents/ME439/ME439Team125/install/xarmrob_interfaces/include/xarmrob_interfaces/xarmrob_interfaces/msg/rosidl_generator_c__visibility_control.h
[29.789s] -- Up-to-date symlink: /home/aansari/Documents/ME439/ME439Team125/install/xarmrob_interfaces/include/xarmrob_interfaces/xarmrob_interfaces/srv/detail/me439_x_arm_forward_kinematics__functions.h
[29.789s] -- Up-to-date symlink: /home/aansari/Documents/ME439/ME439Team125/install/xarmrob_interfaces/include/xarmrob_interfaces/xarmrob_interfaces/srv/detail/me439_x_arm_forward_kinematics__struct.h
[29.789s] -- Up-to-date symlink: /home/aansari/Documents/ME439/ME439Team125/install/xarmrob_interfaces/include/xarmrob_interfaces/xarmrob_interfaces/srv/detail/me439_x_arm_forward_kinematics__type_support.h
[29.789s] -- Up-to-date symlink: /home/aansari/Documents/ME439/ME439Team125/install/xarmrob_interfaces/include/xarmrob_interfaces/xarmrob_interfaces/srv/detail/me439_x_arm_inverse_kinematics__functions.h
[29.790s] -- Up-to-date symlink: /home/aansari/Documents/ME439/ME439Team125/install/xarmrob_interfaces/include/xarmrob_interfaces/xarmrob_interfaces/srv/detail/me439_x_arm_inverse_kinematics__struct.h
[29.790s] -- Up-to-date symlink: /home/aansari/Documents/ME439/ME439Team125/install/xarmrob_interfaces/include/xarmrob_interfaces/xarmrob_interfaces/srv/detail/me439_x_arm_inverse_kinematics__type_support.h
[29.790s] -- Up-to-date symlink: /home/aansari/Documents/ME439/ME439Team125/install/xarmrob_interfaces/include/xarmrob_interfaces/xarmrob_interfaces/srv/me439_x_arm_forward_kinematics.h
[29.790s] -- Up-to-date symlink: /home/aansari/Documents/ME439/ME439Team125/install/xarmrob_interfaces/include/xarmrob_interfaces/xarmrob_interfaces/srv/me439_x_arm_inverse_kinematics.h
[29.791s] -- Up-to-date symlink: /home/aansari/Documents/ME439/ME439Team125/install/xarmrob_interfaces/share/xarmrob_interfaces/environment/library_path.sh
[29.791s] -- Up-to-date symlink: /home/aansari/Documents/ME439/ME439Team125/install/xarmrob_interfaces/share/xarmrob_interfaces/environment/library_path.dsv
[29.792s] -- Up-to-date symlink: /home/aansari/Documents/ME439/ME439Team125/install/xarmrob_interfaces/include/xarmrob_interfaces/xarmrob_interfaces/action/detail/me439_move_to_target__rosidl_typesupport_fastrtps_c.h
[29.792s] -- Symlinking: /home/aansari/Documents/ME439/ME439Team125/install/xarmrob_interfaces/include/xarmrob_interfaces/xarmrob_interfaces/action/detail/operate_gripper__rosidl_typesupport_fastrtps_c.h
[29.803s] -- Symlinking: /home/aansari/Documents/ME439/ME439Team125/install/xarmrob_interfaces/include/xarmrob_interfaces/xarmrob_interfaces/msg/detail/me439_gripper_command__rosidl_typesupport_fastrtps_c.h
[29.813s] -- Up-to-date symlink: /home/aansari/Documents/ME439/ME439Team125/install/xarmrob_interfaces/include/xarmrob_interfaces/xarmrob_interfaces/msg/detail/me439_joint_command__rosidl_typesupport_fastrtps_c.h
[29.814s] -- Up-to-date symlink: /home/aansari/Documents/ME439/ME439Team125/install/xarmrob_interfaces/include/xarmrob_interfaces/xarmrob_interfaces/msg/detail/me439_joint_location__rosidl_typesupport_fastrtps_c.h
[29.814s] -- Up-to-date symlink: /home/aansari/Documents/ME439/ME439Team125/install/xarmrob_interfaces/include/xarmrob_interfaces/xarmrob_interfaces/msg/detail/me439_point_xyz__rosidl_typesupport_fastrtps_c.h
[29.814s] -- Up-to-date symlink: /home/aansari/Documents/ME439/ME439Team125/install/xarmrob_interfaces/include/xarmrob_interfaces/xarmrob_interfaces/msg/rosidl_typesupport_fastrtps_c__visibility_control.h
[29.814s] -- Up-to-date symlink: /home/aansari/Documents/ME439/ME439Team125/install/xarmrob_interfaces/include/xarmrob_interfaces/xarmrob_interfaces/srv/detail/me439_x_arm_forward_kinematics__rosidl_typesupport_fastrtps_c.h
[29.815s] -- Up-to-date symlink: /home/aansari/Documents/ME439/ME439Team125/install/xarmrob_interfaces/include/xarmrob_interfaces/xarmrob_interfaces/srv/detail/me439_x_arm_inverse_kinematics__rosidl_typesupport_fastrtps_c.h
[29.816s] -- Up-to-date symlink: /home/aansari/Documents/ME439/ME439Team125/install/xarmrob_interfaces/include/xarmrob_interfaces/xarmrob_interfaces/action/detail/me439_move_to_target__builder.hpp
[29.816s] -- Up-to-date symlink: /home/aansari/Documents/ME439/ME439Team125/install/xarmrob_interfaces/include/xarmrob_interfaces/xarmrob_interfaces/action/detail/me439_move_to_target__struct.hpp
[29.816s] -- Up-to-date symlink: /home/aansari/Documents/ME439/ME439Team125/install/xarmrob_interfaces/include/xarmrob_interfaces/xarmrob_interfaces/action/detail/me439_move_to_target__traits.hpp
[29.816s] -- Up-to-date symlink: /home/aansari/Documents/ME439/ME439Team125/install/xarmrob_interfaces/include/xarmrob_interfaces/xarmrob_interfaces/action/detail/me439_move_to_target__type_support.hpp
[29.816s] -- Symlinking: /home/aansari/Documents/ME439/ME439Team125/install/xarmrob_interfaces/include/xarmrob_interfaces/xarmrob_interfaces/action/detail/operate_gripper__builder.hpp
[29.827s] -- Symlinking: /home/aansari/Documents/ME439/ME439Team125/install/xarmrob_interfaces/include/xarmrob_interfaces/xarmrob_interfaces/action/detail/operate_gripper__struct.hpp
[29.838s] -- Symlinking: /home/aansari/Documents/ME439/ME439Team125/install/xarmrob_interfaces/include/xarmrob_interfaces/xarmrob_interfaces/action/detail/operate_gripper__traits.hpp
[29.848s] -- Symlinking: /home/aansari/Documents/ME439/ME439Team125/install/xarmrob_interfaces/include/xarmrob_interfaces/xarmrob_interfaces/action/detail/operate_gripper__type_support.hpp
[29.858s] -- Up-to-date symlink: /home/aansari/Documents/ME439/ME439Team125/install/xarmrob_interfaces/include/xarmrob_interfaces/xarmrob_interfaces/action/me439_move_to_target.hpp
[29.858s] -- Symlinking: /home/aansari/Documents/ME439/ME439Team125/install/xarmrob_interfaces/include/xarmrob_interfaces/xarmrob_interfaces/action/operate_gripper.hpp
[29.869s] -- Symlinking: /home/aansari/Documents/ME439/ME439Team125/install/xarmrob_interfaces/include/xarmrob_interfaces/xarmrob_interfaces/msg/detail/me439_gripper_command__builder.hpp
[29.879s] -- Symlinking: /home/aansari/Documents/ME439/ME439Team125/install/xarmrob_interfaces/include/xarmrob_interfaces/xarmrob_interfaces/msg/detail/me439_gripper_command__struct.hpp
[29.889s] -- Symlinking: /home/aansari/Documents/ME439/ME439Team125/install/xarmrob_interfaces/include/xarmrob_interfaces/xarmrob_interfaces/msg/detail/me439_gripper_command__traits.hpp
[29.899s] -- Symlinking: /home/aansari/Documents/ME439/ME439Team125/install/xarmrob_interfaces/include/xarmrob_interfaces/xarmrob_interfaces/msg/detail/me439_gripper_command__type_support.hpp
[29.909s] -- Up-to-date symlink: /home/aansari/Documents/ME439/ME439Team125/install/xarmrob_interfaces/include/xarmrob_interfaces/xarmrob_interfaces/msg/detail/me439_joint_command__builder.hpp
[29.909s] -- Up-to-date symlink: /home/aansari/Documents/ME439/ME439Team125/install/xarmrob_interfaces/include/xarmrob_interfaces/xarmrob_interfaces/msg/detail/me439_joint_command__struct.hpp
[29.909s] -- Up-to-date symlink: /home/aansari/Documents/ME439/ME439Team125/install/xarmrob_interfaces/include/xarmrob_interfaces/xarmrob_interfaces/msg/detail/me439_joint_command__traits.hpp
[29.910s] -- Up-to-date symlink: /home/aansari/Documents/ME439/ME439Team125/install/xarmrob_interfaces/include/xarmrob_interfaces/xarmrob_interfaces/msg/detail/me439_joint_command__type_support.hpp
[29.910s] -- Up-to-date symlink: /home/aansari/Documents/ME439/ME439Team125/install/xarmrob_interfaces/include/xarmrob_interfaces/xarmrob_interfaces/msg/detail/me439_joint_location__builder.hpp
[29.910s] -- Up-to-date symlink: /home/aansari/Documents/ME439/ME439Team125/install/xarmrob_interfaces/include/xarmrob_interfaces/xarmrob_interfaces/msg/detail/me439_joint_location__struct.hpp
[29.910s] -- Up-to-date symlink: /home/aansari/Documents/ME439/ME439Team125/install/xarmrob_interfaces/include/xarmrob_interfaces/xarmrob_interfaces/msg/detail/me439_joint_location__traits.hpp
[29.911s] -- Up-to-date symlink: /home/aansari/Documents/ME439/ME439Team125/install/xarmrob_interfaces/include/xarmrob_interfaces/xarmrob_interfaces/msg/detail/me439_joint_location__type_support.hpp
[29.911s] -- Up-to-date symlink: /home/aansari/Documents/ME439/ME439Team125/install/xarmrob_interfaces/include/xarmrob_interfaces/xarmrob_interfaces/msg/detail/me439_point_xyz__builder.hpp
[29.911s] -- Up-to-date symlink: /home/aansari/Documents/ME439/ME439Team125/install/xarmrob_interfaces/include/xarmrob_interfaces/xarmrob_interfaces/msg/detail/me439_point_xyz__struct.hpp
[29.911s] -- Up-to-date symlink: /home/aansari/Documents/ME439/ME439Team125/install/xarmrob_interfaces/include/xarmrob_interfaces/xarmrob_interfaces/msg/detail/me439_point_xyz__traits.hpp
[29.912s] -- Up-to-date symlink: /home/aansari/Documents/ME439/ME439Team125/install/xarmrob_interfaces/include/xarmrob_interfaces/xarmrob_interfaces/msg/detail/me439_point_xyz__type_support.hpp
[29.912s] -- Symlinking: /home/aansari/Documents/ME439/ME439Team125/install/xarmrob_interfaces/include/xarmrob_interfaces/xarmrob_interfaces/msg/me439_gripper_command.hpp
[29.923s] -- Up-to-date symlink: /home/aansari/Documents/ME439/ME439Team125/install/xarmrob_interfaces/include/xarmrob_interfaces/xarmrob_interfaces/msg/me439_joint_command.hpp
[29.923s] -- Up-to-date symlink: /home/aansari/Documents/ME439/ME439Team125/install/xarmrob_interfaces/include/xarmrob_interfaces/xarmrob_interfaces/msg/me439_joint_location.hpp
[29.923s] -- Up-to-date symlink: /home/aansari/Documents/ME439/ME439Team125/install/xarmrob_interfaces/include/xarmrob_interfaces/xarmrob_interfaces/msg/me439_point_xyz.hpp
[29.924s] -- Up-to-date symlink: /home/aansari/Documents/ME439/ME439Team125/install/xarmrob_interfaces/include/xarmrob_interfaces/xarmrob_interfaces/msg/rosidl_generator_cpp__visibility_control.hpp
[29.924s] -- Up-to-date symlink: /home/aansari/Documents/ME439/ME439Team125/install/xarmrob_interfaces/include/xarmrob_interfaces/xarmrob_interfaces/srv/detail/me439_x_arm_forward_kinematics__builder.hpp
[29.924s] -- Up-to-date symlink: /home/aansari/Documents/ME439/ME439Team125/install/xarmrob_interfaces/include/xarmrob_interfaces/xarmrob_interfaces/srv/detail/me439_x_arm_forward_kinematics__struct.hpp
[29.924s] -- Up-to-date symlink: /home/aansari/Documents/ME439/ME439Team125/install/xarmrob_interfaces/include/xarmrob_interfaces/xarmrob_interfaces/srv/detail/me439_x_arm_forward_kinematics__traits.hpp
[29.924s] -- Up-to-date symlink: /home/aansari/Documents/ME439/ME439Team125/install/xarmrob_interfaces/include/xarmrob_interfaces/xarmrob_interfaces/srv/detail/me439_x_arm_forward_kinematics__type_support.hpp
[29.925s] -- Up-to-date symlink: /home/aansari/Documents/ME439/ME439Team125/install/xarmrob_interfaces/include/xarmrob_interfaces/xarmrob_interfaces/srv/detail/me439_x_arm_inverse_kinematics__builder.hpp
[29.925s] -- Up-to-date symlink: /home/aansari/Documents/ME439/ME439Team125/install/xarmrob_interfaces/include/xarmrob_interfaces/xarmrob_interfaces/srv/detail/me439_x_arm_inverse_kinematics__struct.hpp
[29.925s] -- Up-to-date symlink: /home/aansari/Documents/ME439/ME439Team125/install/xarmrob_interfaces/include/xarmrob_interfaces/xarmrob_interfaces/srv/detail/me439_x_arm_inverse_kinematics__traits.hpp
[29.925s] -- Up-to-date symlink: /home/aansari/Documents/ME439/ME439Team125/install/xarmrob_interfaces/include/xarmrob_interfaces/xarmrob_interfaces/srv/detail/me439_x_arm_inverse_kinematics__type_support.hpp
[29.926s] -- Up-to-date symlink: /home/aansari/Documents/ME439/ME439Team125/install/xarmrob_interfaces/include/xarmrob_interfaces/xarmrob_interfaces/srv/me439_x_arm_forward_kinematics.hpp
[29.926s] -- Up-to-date symlink: /home/aansari/Documents/ME439/ME439Team125/install/xarmrob_interfaces/include/xarmrob_interfaces/xarmrob_interfaces/srv/me439_x_arm_inverse_kinematics.hpp
[29.927s] -- Up-to-date symlink: /home/aansari/Documents/ME439/ME439Team125/install/xarmrob_interfaces/include/xarmrob_interfaces/xarmrob_interfaces/action/detail/me439_move_to_target__rosidl_typesupport_fastrtps_cpp.hpp
[29.927s] -- Symlinking: /home/aansari/Documents/ME439/ME439Team125/install/xarmrob_interfaces/include/xarmrob_interfaces/xarmrob_interfaces/action/detail/operate_gripper__rosidl_typesupport_fastrtps_cpp.hpp
[29.939s] -- Symlinking: /home/aansari/Documents/ME439/ME439Team125/install/xarmrob_interfaces/include/xarmrob_interfaces/xarmrob_interfaces/msg/detail/me439_gripper_command__rosidl_typesupport_fastrtps_cpp.hpp
[29.949s] -- Up-to-date symlink: /home/aansari/Documents/ME439/ME439Team125/install/xarmrob_interfaces/include/xarmrob_interfaces/xarmrob_interfaces/msg/detail/me439_joint_command__rosidl_typesupport_fastrtps_cpp.hpp
[29.950s] -- Up-to-date symlink: /home/aansari/Documents/ME439/ME439Team125/install/xarmrob_interfaces/include/xarmrob_interfaces/xarmrob_interfaces/msg/detail/me439_joint_location__rosidl_typesupport_fastrtps_cpp.hpp
[29.950s] -- Up-to-date symlink: /home/aansari/Documents/ME439/ME439Team125/install/xarmrob_interfaces/include/xarmrob_interfaces/xarmrob_interfaces/msg/detail/me439_point_xyz__rosidl_typesupport_fastrtps_cpp.hpp
[29.950s] -- Up-to-date symlink: /home/aansari/Documents/ME439/ME439Team125/install/xarmrob_interfaces/include/xarmrob_interfaces/xarmrob_interfaces/msg/rosidl_typesupport_fastrtps_cpp__visibility_control.h
[29.950s] -- Up-to-date symlink: /home/aansari/Documents/ME439/ME439Team125/install/xarmrob_interfaces/include/xarmrob_interfaces/xarmrob_interfaces/srv/detail/me439_x_arm_forward_kinematics__rosidl_typesupport_fastrtps_cpp.hpp
[29.950s] -- Up-to-date symlink: /home/aansari/Documents/ME439/ME439Team125/install/xarmrob_interfaces/include/xarmrob_interfaces/xarmrob_interfaces/srv/detail/me439_x_arm_inverse_kinematics__rosidl_typesupport_fastrtps_cpp.hpp
[29.951s] -- Up-to-date symlink: /home/aansari/Documents/ME439/ME439Team125/install/xarmrob_interfaces/include/xarmrob_interfaces/xarmrob_interfaces/action/detail/me439_move_to_target__rosidl_typesupport_introspection_c.h
[29.951s] -- Symlinking: /home/aansari/Documents/ME439/ME439Team125/install/xarmrob_interfaces/include/xarmrob_interfaces/xarmrob_interfaces/action/detail/operate_gripper__rosidl_typesupport_introspection_c.h
[29.962s] -- Symlinking: /home/aansari/Documents/ME439/ME439Team125/install/xarmrob_interfaces/include/xarmrob_interfaces/xarmrob_interfaces/msg/detail/me439_gripper_command__rosidl_typesupport_introspection_c.h
[29.972s] -- Up-to-date symlink: /home/aansari/Documents/ME439/ME439Team125/install/xarmrob_interfaces/include/xarmrob_interfaces/xarmrob_interfaces/msg/detail/me439_joint_command__rosidl_typesupport_introspection_c.h
[29.972s] -- Up-to-date symlink: /home/aansari/Documents/ME439/ME439Team125/install/xarmrob_interfaces/include/xarmrob_interfaces/xarmrob_interfaces/msg/detail/me439_joint_location__rosidl_typesupport_introspection_c.h
[29.972s] -- Up-to-date symlink: /home/aansari/Documents/ME439/ME439Team125/install/xarmrob_interfaces/include/xarmrob_interfaces/xarmrob_interfaces/msg/detail/me439_point_xyz__rosidl_typesupport_introspection_c.h
[29.972s] -- Up-to-date symlink: /home/aansari/Documents/ME439/ME439Team125/install/xarmrob_interfaces/include/xarmrob_interfaces/xarmrob_interfaces/msg/rosidl_typesupport_introspection_c__visibility_control.h
[29.973s] -- Up-to-date symlink: /home/aansari/Documents/ME439/ME439Team125/install/xarmrob_interfaces/include/xarmrob_interfaces/xarmrob_interfaces/srv/detail/me439_x_arm_forward_kinematics__rosidl_typesupport_introspection_c.h
[29.973s] -- Up-to-date symlink: /home/aansari/Documents/ME439/ME439Team125/install/xarmrob_interfaces/include/xarmrob_interfaces/xarmrob_interfaces/srv/detail/me439_x_arm_inverse_kinematics__rosidl_typesupport_introspection_c.h
[29.974s] -- Up-to-date symlink: /home/aansari/Documents/ME439/ME439Team125/install/xarmrob_interfaces/include/xarmrob_interfaces/xarmrob_interfaces/action/detail/me439_move_to_target__rosidl_typesupport_introspection_cpp.hpp
[29.974s] -- Symlinking: /home/aansari/Documents/ME439/ME439Team125/install/xarmrob_interfaces/include/xarmrob_interfaces/xarmrob_interfaces/action/detail/operate_gripper__rosidl_typesupport_introspection_cpp.hpp
[29.984s] -- Symlinking: /home/aansari/Documents/ME439/ME439Team125/install/xarmrob_interfaces/include/xarmrob_interfaces/xarmrob_interfaces/msg/detail/me439_gripper_command__rosidl_typesupport_introspection_cpp.hpp
[29.994s] -- Up-to-date symlink: /home/aansari/Documents/ME439/ME439Team125/install/xarmrob_interfaces/include/xarmrob_interfaces/xarmrob_interfaces/msg/detail/me439_joint_command__rosidl_typesupport_introspection_cpp.hpp
[29.995s] -- Up-to-date symlink: /home/aansari/Documents/ME439/ME439Team125/install/xarmrob_interfaces/include/xarmrob_interfaces/xarmrob_interfaces/msg/detail/me439_joint_location__rosidl_typesupport_introspection_cpp.hpp
[29.995s] -- Up-to-date symlink: /home/aansari/Documents/ME439/ME439Team125/install/xarmrob_interfaces/include/xarmrob_interfaces/xarmrob_interfaces/msg/detail/me439_point_xyz__rosidl_typesupport_introspection_cpp.hpp
[29.995s] -- Up-to-date symlink: /home/aansari/Documents/ME439/ME439Team125/install/xarmrob_interfaces/include/xarmrob_interfaces/xarmrob_interfaces/srv/detail/me439_x_arm_forward_kinematics__rosidl_typesupport_introspection_cpp.hpp
[29.995s] -- Up-to-date symlink: /home/aansari/Documents/ME439/ME439Team125/install/xarmrob_interfaces/include/xarmrob_interfaces/xarmrob_interfaces/srv/detail/me439_x_arm_inverse_kinematics__rosidl_typesupport_introspection_cpp.hpp
[29.996s] -- Up-to-date symlink: /home/aansari/Documents/ME439/ME439Team125/install/xarmrob_interfaces/share/xarmrob_interfaces/environment/pythonpath.sh
[29.996s] -- Up-to-date symlink: /home/aansari/Documents/ME439/ME439Team125/install/xarmrob_interfaces/share/xarmrob_interfaces/environment/pythonpath.dsv
[29.996s] -- Up-to-date symlink: /home/aansari/Documents/ME439/ME439Team125/install/xarmrob_interfaces/lib/python3.12/site-packages/xarmrob_interfaces-0.0.0-py3.12.egg-info/PKG-INFO
[29.997s] -- Up-to-date symlink: /home/aansari/Documents/ME439/ME439Team125/install/xarmrob_interfaces/lib/python3.12/site-packages/xarmrob_interfaces-0.0.0-py3.12.egg-info/SOURCES.txt
[29.997s] -- Up-to-date symlink: /home/aansari/Documents/ME439/ME439Team125/install/xarmrob_interfaces/lib/python3.12/site-packages/xarmrob_interfaces-0.0.0-py3.12.egg-info/dependency_links.txt
[29.997s] -- Up-to-date symlink: /home/aansari/Documents/ME439/ME439Team125/install/xarmrob_interfaces/lib/python3.12/site-packages/xarmrob_interfaces-0.0.0-py3.12.egg-info/top_level.txt
[29.999s] -- Up-to-date symlink: /home/aansari/Documents/ME439/ME439Team125/install/xarmrob_interfaces/lib/python3.12/site-packages/xarmrob_interfaces/__init__.py
[29.999s] -- Up-to-date symlink: /home/aansari/Documents/ME439/ME439Team125/install/xarmrob_interfaces/lib/python3.12/site-packages/xarmrob_interfaces/_xarmrob_interfaces_s.ep.rosidl_typesupport_c.c
[29.999s] -- Up-to-date symlink: /home/aansari/Documents/ME439/ME439Team125/install/xarmrob_interfaces/lib/python3.12/site-packages/xarmrob_interfaces/_xarmrob_interfaces_s.ep.rosidl_typesupport_fastrtps_c.c
[29.999s] -- Up-to-date symlink: /home/aansari/Documents/ME439/ME439Team125/install/xarmrob_interfaces/lib/python3.12/site-packages/xarmrob_interfaces/_xarmrob_interfaces_s.ep.rosidl_typesupport_introspection_c.c
[30.000s] -- Up-to-date symlink: /home/aansari/Documents/ME439/ME439Team125/install/xarmrob_interfaces/lib/python3.12/site-packages/xarmrob_interfaces/action/__init__.py
[30.000s] -- Up-to-date symlink: /home/aansari/Documents/ME439/ME439Team125/install/xarmrob_interfaces/lib/python3.12/site-packages/xarmrob_interfaces/action/_me439_move_to_target.py
[30.001s] -- Up-to-date symlink: /home/aansari/Documents/ME439/ME439Team125/install/xarmrob_interfaces/lib/python3.12/site-packages/xarmrob_interfaces/action/_me439_move_to_target_s.c
[30.002s] -- Symlinking: /home/aansari/Documents/ME439/ME439Team125/install/xarmrob_interfaces/lib/python3.12/site-packages/xarmrob_interfaces/action/_operate_gripper.py
[30.013s] -- Symlinking: /home/aansari/Documents/ME439/ME439Team125/install/xarmrob_interfaces/lib/python3.12/site-packages/xarmrob_interfaces/action/_operate_gripper_s.c
[30.027s] -- Up-to-date symlink: /home/aansari/Documents/ME439/ME439Team125/install/xarmrob_interfaces/lib/python3.12/site-packages/xarmrob_interfaces/msg/__init__.py
[30.027s] -- Symlinking: /home/aansari/Documents/ME439/ME439Team125/install/xarmrob_interfaces/lib/python3.12/site-packages/xarmrob_interfaces/msg/_me439_gripper_command.py
[30.039s] -- Symlinking: /home/aansari/Documents/ME439/ME439Team125/install/xarmrob_interfaces/lib/python3.12/site-packages/xarmrob_interfaces/msg/_me439_gripper_command_s.c
[30.049s] -- Up-to-date symlink: /home/aansari/Documents/ME439/ME439Team125/install/xarmrob_interfaces/lib/python3.12/site-packages/xarmrob_interfaces/msg/_me439_joint_command.py
[30.049s] -- Up-to-date symlink: /home/aansari/Documents/ME439/ME439Team125/install/xarmrob_interfaces/lib/python3.12/site-packages/xarmrob_interfaces/msg/_me439_joint_command_s.c
[30.050s] -- Up-to-date symlink: /home/aansari/Documents/ME439/ME439Team125/install/xarmrob_interfaces/lib/python3.12/site-packages/xarmrob_interfaces/msg/_me439_joint_location.py
[30.050s] -- Up-to-date symlink: /home/aansari/Documents/ME439/ME439Team125/install/xarmrob_interfaces/lib/python3.12/site-packages/xarmrob_interfaces/msg/_me439_joint_location_s.c
[30.050s] -- Up-to-date symlink: /home/aansari/Documents/ME439/ME439Team125/install/xarmrob_interfaces/lib/python3.12/site-packages/xarmrob_interfaces/msg/_me439_point_xyz.py
[30.050s] -- Up-to-date symlink: /home/aansari/Documents/ME439/ME439Team125/install/xarmrob_interfaces/lib/python3.12/site-packages/xarmrob_interfaces/msg/_me439_point_xyz_s.c
[30.050s] -- Up-to-date symlink: /home/aansari/Documents/ME439/ME439Team125/install/xarmrob_interfaces/lib/python3.12/site-packages/xarmrob_interfaces/srv/__init__.py
[30.051s] -- Up-to-date symlink: /home/aansari/Documents/ME439/ME439Team125/install/xarmrob_interfaces/lib/python3.12/site-packages/xarmrob_interfaces/srv/_me439_x_arm_forward_kinematics.py
[30.051s] -- Up-to-date symlink: /home/aansari/Documents/ME439/ME439Team125/install/xarmrob_interfaces/lib/python3.12/site-packages/xarmrob_interfaces/srv/_me439_x_arm_forward_kinematics_s.c
[30.051s] -- Up-to-date symlink: /home/aansari/Documents/ME439/ME439Team125/install/xarmrob_interfaces/lib/python3.12/site-packages/xarmrob_interfaces/srv/_me439_x_arm_inverse_kinematics.py
[30.051s] -- Up-to-date symlink: /home/aansari/Documents/ME439/ME439Team125/install/xarmrob_interfaces/lib/python3.12/site-packages/xarmrob_interfaces/srv/_me439_x_arm_inverse_kinematics_s.c
[30.052s] -- Up-to-date symlink: /home/aansari/Documents/ME439/ME439Team125/install/xarmrob_interfaces/lib/python3.12/site-packages/xarmrob_interfaces/xarmrob_interfaces_s__rosidl_typesupport_c.so
[30.052s] -- Up-to-date symlink: /home/aansari/Documents/ME439/ME439Team125/install/xarmrob_interfaces/lib/python3.12/site-packages/xarmrob_interfaces/xarmrob_interfaces_s__rosidl_typesupport_fastrtps_c.so
[30.052s] -- Up-to-date symlink: /home/aansari/Documents/ME439/ME439Team125/install/xarmrob_interfaces/lib/python3.12/site-packages/xarmrob_interfaces/xarmrob_interfaces_s__rosidl_typesupport_introspection_c.so
[30.052s] -- Up-to-date symlink: /home/aansari/Documents/ME439/ME439Team125/install/xarmrob_interfaces/lib/python3.12/site-packages/xarmrob_interfaces/xarmrob_interfaces_s__rosidl_typesupport_fastrtps_c.so
[30.053s] -- Up-to-date symlink: /home/aansari/Documents/ME439/ME439Team125/install/xarmrob_interfaces/lib/python3.12/site-packages/xarmrob_interfaces/xarmrob_interfaces_s__rosidl_typesupport_introspection_c.so
[30.053s] -- Up-to-date symlink: /home/aansari/Documents/ME439/ME439Team125/install/xarmrob_interfaces/lib/python3.12/site-packages/xarmrob_interfaces/xarmrob_interfaces_s__rosidl_typesupport_c.so
[30.054s] -- Up-to-date symlink: /home/aansari/Documents/ME439/ME439Team125/install/xarmrob_interfaces/share/xarmrob_interfaces/msg/ME439JointCommand.idl
[30.054s] -- Symlinking: /home/aansari/Documents/ME439/ME439Team125/install/xarmrob_interfaces/share/xarmrob_interfaces/msg/ME439GripperCommand.idl
[30.066s] -- Up-to-date symlink: /home/aansari/Documents/ME439/ME439Team125/install/xarmrob_interfaces/share/xarmrob_interfaces/msg/ME439JointLocation.idl
[30.066s] -- Up-to-date symlink: /home/aansari/Documents/ME439/ME439Team125/install/xarmrob_interfaces/share/xarmrob_interfaces/msg/ME439PointXYZ.idl
[30.066s] -- Up-to-date symlink: /home/aansari/Documents/ME439/ME439Team125/install/xarmrob_interfaces/share/xarmrob_interfaces/action/ME439MoveToTarget.idl
[30.067s] -- Symlinking: /home/aansari/Documents/ME439/ME439Team125/install/xarmrob_interfaces/share/xarmrob_interfaces/action/OperateGripper.idl
[30.077s] -- Up-to-date symlink: /home/aansari/Documents/ME439/ME439Team125/install/xarmrob_interfaces/share/xarmrob_interfaces/srv/ME439XArmForwardKinematics.idl
[30.078s] -- Up-to-date symlink: /home/aansari/Documents/ME439/ME439Team125/install/xarmrob_interfaces/share/xarmrob_interfaces/srv/ME439XArmInverseKinematics.idl
[30.078s] -- Up-to-date symlink: /home/aansari/Documents/ME439/ME439Team125/install/xarmrob_interfaces/share/xarmrob_interfaces/msg/ME439JointCommand.msg
[30.078s] -- Symlinking: /home/aansari/Documents/ME439/ME439Team125/install/xarmrob_interfaces/share/xarmrob_interfaces/msg/ME439GripperCommand.msg
[30.090s] -- Up-to-date symlink: /home/aansari/Documents/ME439/ME439Team125/install/xarmrob_interfaces/share/xarmrob_interfaces/msg/ME439JointLocation.msg
[30.091s] -- Up-to-date symlink: /home/aansari/Documents/ME439/ME439Team125/install/xarmrob_interfaces/share/xarmrob_interfaces/msg/ME439PointXYZ.msg
[30.091s] -- Up-to-date symlink: /home/aansari/Documents/ME439/ME439Team125/install/xarmrob_interfaces/share/xarmrob_interfaces/action/ME439MoveToTarget.action
[30.091s] -- Symlinking: /home/aansari/Documents/ME439/ME439Team125/install/xarmrob_interfaces/share/xarmrob_interfaces/action/OperateGripper.action
[30.103s] -- Up-to-date symlink: /home/aansari/Documents/ME439/ME439Team125/install/xarmrob_interfaces/share/xarmrob_interfaces/srv/ME439XArmForwardKinematics.srv
[30.103s] -- Up-to-date symlink: /home/aansari/Documents/ME439/ME439Team125/install/xarmrob_interfaces/share/xarmrob_interfaces/srv/ME439XArmInverseKinematics.srv
[30.104s] -- Up-to-date symlink: /home/aansari/Documents/ME439/ME439Team125/install/xarmrob_interfaces/share/ament_index/resource_index/package_run_dependencies/xarmrob_interfaces
[30.104s] -- Up-to-date symlink: /home/aansari/Documents/ME439/ME439Team125/install/xarmrob_interfaces/share/ament_index/resource_index/parent_prefix_path/xarmrob_interfaces
[30.105s] -- Up-to-date symlink: /home/aansari/Documents/ME439/ME439Team125/install/xarmrob_interfaces/share/xarmrob_interfaces/environment/ament_prefix_path.sh
[30.105s] -- Up-to-date symlink: /home/aansari/Documents/ME439/ME439Team125/install/xarmrob_interfaces/share/xarmrob_interfaces/environment/ament_prefix_path.dsv
[30.105s] -- Up-to-date symlink: /home/aansari/Documents/ME439/ME439Team125/install/xarmrob_interfaces/share/xarmrob_interfaces/environment/path.sh
[30.106s] -- Up-to-date symlink: /home/aansari/Documents/ME439/ME439Team125/install/xarmrob_interfaces/share/xarmrob_interfaces/environment/path.dsv
[30.106s] -- Up-to-date symlink: /home/aansari/Documents/ME439/ME439Team125/install/xarmrob_interfaces/share/xarmrob_interfaces/local_setup.bash
[30.106s] -- Up-to-date symlink: /home/aansari/Documents/ME439/ME439Team125/install/xarmrob_interfaces/share/xarmrob_interfaces/local_setup.sh
[30.107s] -- Up-to-date symlink: /home/aansari/Documents/ME439/ME439Team125/install/xarmrob_interfaces/share/xarmrob_interfaces/local_setup.zsh
[30.107s] -- Up-to-date symlink: /home/aansari/Documents/ME439/ME439Team125/install/xarmrob_interfaces/share/xarmrob_interfaces/local_setup.dsv
[30.108s] -- Symlinking: /home/aansari/Documents/ME439/ME439Team125/install/xarmrob_interfaces/share/xarmrob_interfaces/package.dsv
[30.119s] -- Up-to-date symlink: /home/aansari/Documents/ME439/ME439Team125/install/xarmrob_interfaces/share/ament_index/resource_index/packages/xarmrob_interfaces
[30.120s] -- Up-to-date symlink: /home/aansari/Documents/ME439/ME439Team125/install/xarmrob_interfaces/share/xarmrob_interfaces/cmake/rosidl_cmake-extras.cmake
[30.120s] -- Up-to-date symlink: /home/aansari/Documents/ME439/ME439Team125/install/xarmrob_interfaces/share/xarmrob_interfaces/cmake/ament_cmake_export_dependencies-extras.cmake
[30.120s] -- Up-to-date symlink: /home/aansari/Documents/ME439/ME439Team125/install/xarmrob_interfaces/share/xarmrob_interfaces/cmake/ament_cmake_export_include_directories-extras.cmake
[30.120s] -- Up-to-date symlink: /home/aansari/Documents/ME439/ME439Team125/install/xarmrob_interfaces/share/xarmrob_interfaces/cmake/ament_cmake_export_libraries-extras.cmake
[30.121s] -- Up-to-date symlink: /home/aansari/Documents/ME439/ME439Team125/install/xarmrob_interfaces/share/xarmrob_interfaces/cmake/ament_cmake_export_targets-extras.cmake
[30.121s] -- Up-to-date symlink: /home/aansari/Documents/ME439/ME439Team125/install/xarmrob_interfaces/share/xarmrob_interfaces/cmake/rosidl_cmake_export_typesupport_targets-extras.cmake
[30.121s] -- Up-to-date symlink: /home/aansari/Documents/ME439/ME439Team125/install/xarmrob_interfaces/share/xarmrob_interfaces/cmake/rosidl_cmake_export_typesupport_libraries-extras.cmake
[30.122s] -- Up-to-date symlink: /home/aansari/Documents/ME439/ME439Team125/install/xarmrob_interfaces/share/xarmrob_interfaces/cmake/xarmrob_interfacesConfig.cmake
[30.122s] -- Up-to-date symlink: /home/aansari/Documents/ME439/ME439Team125/install/xarmrob_interfaces/share/xarmrob_interfaces/cmake/xarmrob_interfacesConfig-version.cmake
[30.122s] -- Up-to-date symlink: /home/aansari/Documents/ME439/ME439Team125/install/xarmrob_interfaces/share/xarmrob_interfaces/package.xml
[30.123s] -- Installing: /home/aansari/Documents/ME439/ME439Team125/install/xarmrob_interfaces/lib/libxarmrob_interfaces__rosidl_generator_c.so
[30.124s] -- Set non-toolchain portion of runtime path of "/home/aansari/Documents/ME439/ME439Team125/install/xarmrob_interfaces/lib/libxarmrob_interfaces__rosidl_generator_c.so" to ""
[30.125s] -- Installing: /home/aansari/Documents/ME439/ME439Team125/install/xarmrob_interfaces/lib/libxarmrob_interfaces__rosidl_typesupport_fastrtps_c.so
[30.126s] -- Set non-toolchain portion of runtime path of "/home/aansari/Documents/ME439/ME439Team125/install/xarmrob_interfaces/lib/libxarmrob_interfaces__rosidl_typesupport_fastrtps_c.so" to ""
[30.127s] -- Installing: /home/aansari/Documents/ME439/ME439Team125/install/xarmrob_interfaces/lib/libxarmrob_interfaces__rosidl_typesupport_fastrtps_cpp.so
[30.128s] -- Set non-toolchain portion of runtime path of "/home/aansari/Documents/ME439/ME439Team125/install/xarmrob_interfaces/lib/libxarmrob_interfaces__rosidl_typesupport_fastrtps_cpp.so" to ""
[30.129s] -- Installing: /home/aansari/Documents/ME439/ME439Team125/install/xarmrob_interfaces/lib/libxarmrob_interfaces__rosidl_typesupport_introspection_c.so
[30.130s] -- Set non-toolchain portion of runtime path of "/home/aansari/Documents/ME439/ME439Team125/install/xarmrob_interfaces/lib/libxarmrob_interfaces__rosidl_typesupport_introspection_c.so" to ""
[30.131s] -- Installing: /home/aansari/Documents/ME439/ME439Team125/install/xarmrob_interfaces/lib/libxarmrob_interfaces__rosidl_typesupport_c.so
[30.132s] -- Set non-toolchain portion of runtime path of "/home/aansari/Documents/ME439/ME439Team125/install/xarmrob_interfaces/lib/libxarmrob_interfaces__rosidl_typesupport_c.so" to ""
[30.133s] -- Installing: /home/aansari/Documents/ME439/ME439Team125/install/xarmrob_interfaces/lib/libxarmrob_interfaces__rosidl_typesupport_introspection_cpp.so
[30.135s] -- Set non-toolchain portion of runtime path of "/home/aansari/Documents/ME439/ME439Team125/install/xarmrob_interfaces/lib/libxarmrob_interfaces__rosidl_typesupport_introspection_cpp.so" to ""
[30.136s] -- Installing: /home/aansari/Documents/ME439/ME439Team125/install/xarmrob_interfaces/lib/libxarmrob_interfaces__rosidl_typesupport_cpp.so
[30.137s] -- Set non-toolchain portion of runtime path of "/home/aansari/Documents/ME439/ME439Team125/install/xarmrob_interfaces/lib/libxarmrob_interfaces__rosidl_typesupport_cpp.so" to ""
[30.237s] Listing '/home/aansari/Documents/ME439/ME439Team125/install/xarmrob_interfaces/lib/python3.12/site-packages/xarmrob_interfaces'...
[30.237s] Compiling '/home/aansari/Documents/ME439/ME439Team125/install/xarmrob_interfaces/lib/python3.12/site-packages/xarmrob_interfaces/__init__.py'...
[30.237s] Listing '/home/aansari/Documents/ME439/ME439Team125/install/xarmrob_interfaces/lib/python3.12/site-packages/xarmrob_interfaces/action'...
[30.237s] Compiling '/home/aansari/Documents/ME439/ME439Team125/install/xarmrob_interfaces/lib/python3.12/site-packages/xarmrob_interfaces/action/__init__.py'...
[30.238s] Compiling '/home/aansari/Documents/ME439/ME439Team125/install/xarmrob_interfaces/lib/python3.12/site-packages/xarmrob_interfaces/action/_me439_move_to_target.py'...
[30.238s] Compiling '/home/aansari/Documents/ME439/ME439Team125/install/xarmrob_interfaces/lib/python3.12/site-packages/xarmrob_interfaces/action/_operate_gripper.py'...
[30.238s] Listing '/home/aansari/Documents/ME439/ME439Team125/install/xarmrob_interfaces/lib/python3.12/site-packages/xarmrob_interfaces/msg'...
[30.238s] Compiling '/home/aansari/Documents/ME439/ME439Team125/install/xarmrob_interfaces/lib/python3.12/site-packages/xarmrob_interfaces/msg/__init__.py'...
[30.238s] Compiling '/home/aansari/Documents/ME439/ME439Team125/install/xarmrob_interfaces/lib/python3.12/site-packages/xarmrob_interfaces/msg/_me439_gripper_command.py'...
[30.238s] Compiling '/home/aansari/Documents/ME439/ME439Team125/install/xarmrob_interfaces/lib/python3.12/site-packages/xarmrob_interfaces/msg/_me439_joint_command.py'...
[30.238s] Compiling '/home/aansari/Documents/ME439/ME439Team125/install/xarmrob_interfaces/lib/python3.12/site-packages/xarmrob_interfaces/msg/_me439_joint_location.py'...
[30.239s] Compiling '/home/aansari/Documents/ME439/ME439Team125/install/xarmrob_interfaces/lib/python3.12/site-packages/xarmrob_interfaces/msg/_me439_point_xyz.py'...
[30.239s] Listing '/home/aansari/Documents/ME439/ME439Team125/install/xarmrob_interfaces/lib/python3.12/site-packages/xarmrob_interfaces/srv'...
[30.239s] Compiling '/home/aansari/Documents/ME439/ME439Team125/install/xarmrob_interfaces/lib/python3.12/site-packages/xarmrob_interfaces/srv/__init__.py'...
[30.239s] Compiling '/home/aansari/Documents/ME439/ME439Team125/install/xarmrob_interfaces/lib/python3.12/site-packages/xarmrob_interfaces/srv/_me439_x_arm_forward_kinematics.py'...
[30.239s] Compiling '/home/aansari/Documents/ME439/ME439Team125/install/xarmrob_interfaces/lib/python3.12/site-packages/xarmrob_interfaces/srv/_me439_x_arm_inverse_kinematics.py'...
[30.248s] -- Installing: /home/aansari/Documents/ME439/ME439Team125/install/xarmrob_interfaces/lib/libxarmrob_interfaces__rosidl_generator_py.so
[30.250s] -- Set non-toolchain portion of runtime path of "/home/aansari/Documents/ME439/ME439Team125/install/xarmrob_interfaces/lib/libxarmrob_interfaces__rosidl_generator_py.so" to ""
[30.250s] -- Up-to-date: /home/aansari/Documents/ME439/ME439Team125/install/xarmrob_interfaces/share/xarmrob_interfaces/cmake/export_xarmrob_interfaces__rosidl_generator_cExport.cmake
[30.250s] -- Up-to-date: /home/aansari/Documents/ME439/ME439Team125/install/xarmrob_interfaces/share/xarmrob_interfaces/cmake/export_xarmrob_interfaces__rosidl_generator_cExport-noconfig.cmake
[30.250s] -- Up-to-date: /home/aansari/Documents/ME439/ME439Team125/install/xarmrob_interfaces/share/xarmrob_interfaces/cmake/export_xarmrob_interfaces__rosidl_typesupport_fastrtps_cExport.cmake
[30.251s] -- Up-to-date: /home/aansari/Documents/ME439/ME439Team125/install/xarmrob_interfaces/share/xarmrob_interfaces/cmake/export_xarmrob_interfaces__rosidl_typesupport_fastrtps_cExport-noconfig.cmake
[30.251s] -- Up-to-date: /home/aansari/Documents/ME439/ME439Team125/install/xarmrob_interfaces/share/xarmrob_interfaces/cmake/export_xarmrob_interfaces__rosidl_generator_cppExport.cmake
[30.251s] -- Up-to-date: /home/aansari/Documents/ME439/ME439Team125/install/xarmrob_interfaces/share/xarmrob_interfaces/cmake/export_xarmrob_interfaces__rosidl_typesupport_fastrtps_cppExport.cmake
[30.251s] -- Up-to-date: /home/aansari/Documents/ME439/ME439Team125/install/xarmrob_interfaces/share/xarmrob_interfaces/cmake/export_xarmrob_interfaces__rosidl_typesupport_fastrtps_cppExport-noconfig.cmake
[30.251s] -- Up-to-date: /home/aansari/Documents/ME439/ME439Team125/install/xarmrob_interfaces/share/xarmrob_interfaces/cmake/xarmrob_interfaces__rosidl_typesupport_introspection_cExport.cmake
[30.252s] -- Up-to-date: /home/aansari/Documents/ME439/ME439Team125/install/xarmrob_interfaces/share/xarmrob_interfaces/cmake/xarmrob_interfaces__rosidl_typesupport_introspection_cExport-noconfig.cmake
[30.252s] -- Up-to-date: /home/aansari/Documents/ME439/ME439Team125/install/xarmrob_interfaces/share/xarmrob_interfaces/cmake/xarmrob_interfaces__rosidl_typesupport_cExport.cmake
[30.252s] -- Up-to-date: /home/aansari/Documents/ME439/ME439Team125/install/xarmrob_interfaces/share/xarmrob_interfaces/cmake/xarmrob_interfaces__rosidl_typesupport_cExport-noconfig.cmake
[30.252s] -- Up-to-date: /home/aansari/Documents/ME439/ME439Team125/install/xarmrob_interfaces/share/xarmrob_interfaces/cmake/xarmrob_interfaces__rosidl_typesupport_introspection_cppExport.cmake
[30.252s] -- Up-to-date: /home/aansari/Documents/ME439/ME439Team125/install/xarmrob_interfaces/share/xarmrob_interfaces/cmake/xarmrob_interfaces__rosidl_typesupport_introspection_cppExport-noconfig.cmake
[30.253s] -- Up-to-date: /home/aansari/Documents/ME439/ME439Team125/install/xarmrob_interfaces/share/xarmrob_interfaces/cmake/xarmrob_interfaces__rosidl_typesupport_cppExport.cmake
[30.253s] -- Up-to-date: /home/aansari/Documents/ME439/ME439Team125/install/xarmrob_interfaces/share/xarmrob_interfaces/cmake/xarmrob_interfaces__rosidl_typesupport_cppExport-noconfig.cmake
[30.253s] -- Up-to-date: /home/aansari/Documents/ME439/ME439Team125/install/xarmrob_interfaces/share/xarmrob_interfaces/cmake/export_xarmrob_interfaces__rosidl_generator_pyExport.cmake
[30.253s] -- Up-to-date: /home/aansari/Documents/ME439/ME439Team125/install/xarmrob_interfaces/share/xarmrob_interfaces/cmake/export_xarmrob_interfaces__rosidl_generator_pyExport-noconfig.cmake
[30.255s] Invoked command in '/home/aansari/Documents/ME439/ME439Team125/build/xarmrob_interfaces' returned '0': CMAKE_PREFIX_PATH=${CMAKE_PREFIX_PATH}:/home/aansari/Documents/ME439/ME439Team125/install/xarmrob:/home/aansari/Documents/ME439/ME439Team125/install/finalproj125:/home/aansari/ros2_prac/install/xarmrob:/home/aansari/ros2_prac/install/mobrob:/opt/ros/jazzy DEBUGINFOD_URLS=https://debuginfod.ubuntu.com /usr/bin/cmake --install /home/aansari/Documents/ME439/ME439Team125/build/xarmrob_interfaces
