[0.176s] DEBUG:colcon:Command line arguments: ['/usr/bin/colcon', 'build', '--symlink-install']
[0.177s] DEBUG:colcon:Parsed command line arguments: Namespace(log_base=None, log_level=None, verb_name='build', build_base='build', install_base='install', merge_install=False, symlink_install=True, test_result_base=None, continue_on_error=False, executor='parallel', parallel_workers=4, event_handlers=None, ignore_user_meta=False, metas=['./colcon.meta'], base_paths=['.'], packages_ignore=None, packages_ignore_regex=None, paths=None, packages_up_to=None, packages_up_to_regex=None, packages_above=None, packages_above_and_dependencies=None, packages_above_depth=None, packages_select_by_dep=None, packages_skip_by_dep=None, packages_skip_up_to=None, packages_select_build_failed=False, packages_skip_build_finished=False, packages_select_test_failures=False, packages_skip_test_passed=False, packages_select=None, packages_skip=None, packages_select_regex=None, packages_skip_regex=None, packages_start=None, packages_end=None, allow_overriding=[], cmake_args=None, cmake_target=None, cmake_target_skip_unavailable=False, cmake_clean_cache=False, cmake_clean_first=False, cmake_force_configure=False, ament_cmake_args=None, catkin_cmake_args=None, catkin_skip_building_tests=False, mixin_files=None, mixin=None, verb_parser=<colcon_mixin.mixin.mixin_argument.MixinArgumentDecorator object at 0x7015c8e98770>, verb_extension=<colcon_core.verb.build.BuildVerb object at 0x7015c8e222d0>, main=<bound method BuildVerb.main of <colcon_core.verb.build.BuildVerb object at 0x7015c8e222d0>>, mixin_verb=('build',))
[0.223s] Level 1:colcon.colcon_core.package_discovery:discover_packages(colcon_meta) check parameters
[0.223s] Level 1:colcon.colcon_core.package_discovery:discover_packages(recursive) check parameters
[0.223s] Level 1:colcon.colcon_core.package_discovery:discover_packages(ignore) check parameters
[0.223s] Level 1:colcon.colcon_core.package_discovery:discover_packages(path) check parameters
[0.223s] Level 1:colcon.colcon_core.package_discovery:discover_packages(colcon_meta) discover
[0.223s] Level 1:colcon.colcon_core.package_discovery:discover_packages(recursive) discover
[0.223s] INFO:colcon.colcon_core.package_discovery:Crawling recursively for packages in '/home/aansari/Documents/ME439/ME439Team125'
[0.223s] Level 1:colcon.colcon_core.package_identification:_identify(.) by extensions ['ignore', 'ignore_ament_install']
[0.224s] Level 1:colcon.colcon_core.package_identification:_identify(.) by extension 'ignore'
[0.224s] Level 1:colcon.colcon_core.package_identification:_identify(.) by extension 'ignore_ament_install'
[0.224s] Level 1:colcon.colcon_core.package_identification:_identify(.) by extensions ['colcon_pkg']
[0.224s] Level 1:colcon.colcon_core.package_identification:_identify(.) by extension 'colcon_pkg'
[0.224s] Level 1:colcon.colcon_core.package_identification:_identify(.) by extensions ['colcon_meta']
[0.224s] Level 1:colcon.colcon_core.package_identification:_identify(.) by extension 'colcon_meta'
[0.224s] Level 1:colcon.colcon_core.package_identification:_identify(.) by extensions ['ros']
[0.224s] Level 1:colcon.colcon_core.package_identification:_identify(.) by extension 'ros'
[0.256s] Level 1:colcon.colcon_core.package_identification:_identify(.) by extensions ['cmake', 'python']
[0.256s] Level 1:colcon.colcon_core.package_identification:_identify(.) by extension 'cmake'
[0.256s] Level 1:colcon.colcon_core.package_identification:_identify(.) by extension 'python'
[0.256s] Level 1:colcon.colcon_core.package_identification:_identify(.) by extensions ['python_setup_py']
[0.256s] Level 1:colcon.colcon_core.package_identification:_identify(.) by extension 'python_setup_py'
[0.257s] Level 1:colcon.colcon_core.package_identification:_identify(build) by extensions ['ignore', 'ignore_ament_install']
[0.257s] Level 1:colcon.colcon_core.package_identification:_identify(build) by extension 'ignore'
[0.257s] Level 1:colcon.colcon_core.package_identification:_identify(build) ignored
[0.257s] Level 1:colcon.colcon_core.package_identification:_identify(install) by extensions ['ignore', 'ignore_ament_install']
[0.257s] Level 1:colcon.colcon_core.package_identification:_identify(install) by extension 'ignore'
[0.257s] Level 1:colcon.colcon_core.package_identification:_identify(install) ignored
[0.257s] Level 1:colcon.colcon_core.package_identification:_identify(log) by extensions ['ignore', 'ignore_ament_install']
[0.257s] Level 1:colcon.colcon_core.package_identification:_identify(log) by extension 'ignore'
[0.257s] Level 1:colcon.colcon_core.package_identification:_identify(log) ignored
[0.257s] Level 1:colcon.colcon_core.package_identification:_identify(src) by extensions ['ignore', 'ignore_ament_install']
[0.258s] Level 1:colcon.colcon_core.package_identification:_identify(src) by extension 'ignore'
[0.258s] Level 1:colcon.colcon_core.package_identification:_identify(src) by extension 'ignore_ament_install'
[0.258s] Level 1:colcon.colcon_core.package_identification:_identify(src) by extensions ['colcon_pkg']
[0.258s] Level 1:colcon.colcon_core.package_identification:_identify(src) by extension 'colcon_pkg'
[0.258s] Level 1:colcon.colcon_core.package_identification:_identify(src) by extensions ['colcon_meta']
[0.258s] Level 1:colcon.colcon_core.package_identification:_identify(src) by extension 'colcon_meta'
[0.258s] Level 1:colcon.colcon_core.package_identification:_identify(src) by extensions ['ros']
[0.258s] Level 1:colcon.colcon_core.package_identification:_identify(src) by extension 'ros'
[0.258s] Level 1:colcon.colcon_core.package_identification:_identify(src) by extensions ['cmake', 'python']
[0.258s] Level 1:colcon.colcon_core.package_identification:_identify(src) by extension 'cmake'
[0.258s] Level 1:colcon.colcon_core.package_identification:_identify(src) by extension 'python'
[0.258s] Level 1:colcon.colcon_core.package_identification:_identify(src) by extensions ['python_setup_py']
[0.258s] Level 1:colcon.colcon_core.package_identification:_identify(src) by extension 'python_setup_py'
[0.258s] Level 1:colcon.colcon_core.package_identification:_identify(src/finalproj125) by extensions ['ignore', 'ignore_ament_install']
[0.258s] Level 1:colcon.colcon_core.package_identification:_identify(src/finalproj125) by extension 'ignore'
[0.259s] Level 1:colcon.colcon_core.package_identification:_identify(src/finalproj125) by extension 'ignore_ament_install'
[0.259s] Level 1:colcon.colcon_core.package_identification:_identify(src/finalproj125) by extensions ['colcon_pkg']
[0.259s] Level 1:colcon.colcon_core.package_identification:_identify(src/finalproj125) by extension 'colcon_pkg'
[0.259s] Level 1:colcon.colcon_core.package_identification:_identify(src/finalproj125) by extensions ['colcon_meta']
[0.259s] Level 1:colcon.colcon_core.package_identification:_identify(src/finalproj125) by extension 'colcon_meta'
[0.259s] Level 1:colcon.colcon_core.package_identification:_identify(src/finalproj125) by extensions ['ros']
[0.259s] Level 1:colcon.colcon_core.package_identification:_identify(src/finalproj125) by extension 'ros'
[0.261s] DEBUG:colcon.colcon_core.package_identification:Package 'src/finalproj125' with type 'ros.ament_python' and name 'finalproj125'
[0.262s] Level 1:colcon.colcon_core.package_identification:_identify(src/finalproj125_interfaces) by extensions ['ignore', 'ignore_ament_install']
[0.262s] Level 1:colcon.colcon_core.package_identification:_identify(src/finalproj125_interfaces) by extension 'ignore'
[0.262s] Level 1:colcon.colcon_core.package_identification:_identify(src/finalproj125_interfaces) by extension 'ignore_ament_install'
[0.262s] Level 1:colcon.colcon_core.package_identification:_identify(src/finalproj125_interfaces) by extensions ['colcon_pkg']
[0.262s] Level 1:colcon.colcon_core.package_identification:_identify(src/finalproj125_interfaces) by extension 'colcon_pkg'
[0.262s] Level 1:colcon.colcon_core.package_identification:_identify(src/finalproj125_interfaces) by extensions ['colcon_meta']
[0.262s] Level 1:colcon.colcon_core.package_identification:_identify(src/finalproj125_interfaces) by extension 'colcon_meta'
[0.262s] Level 1:colcon.colcon_core.package_identification:_identify(src/finalproj125_interfaces) by extensions ['ros']
[0.262s] Level 1:colcon.colcon_core.package_identification:_identify(src/finalproj125_interfaces) by extension 'ros'
[0.263s] DEBUG:colcon.colcon_core.package_identification:Package 'src/finalproj125_interfaces' with type 'ros.ament_cmake' and name 'finalproj125_interfaces'
[0.263s] Level 1:colcon.colcon_core.package_identification:_identify(src/xarmrob) by extensions ['ignore', 'ignore_ament_install']
[0.263s] Level 1:colcon.colcon_core.package_identification:_identify(src/xarmrob) by extension 'ignore'
[0.263s] Level 1:colcon.colcon_core.package_identification:_identify(src/xarmrob) by extension 'ignore_ament_install'
[0.263s] Level 1:colcon.colcon_core.package_identification:_identify(src/xarmrob) by extensions ['colcon_pkg']
[0.263s] Level 1:colcon.colcon_core.package_identification:_identify(src/xarmrob) by extension 'colcon_pkg'
[0.263s] Level 1:colcon.colcon_core.package_identification:_identify(src/xarmrob) by extensions ['colcon_meta']
[0.263s] Level 1:colcon.colcon_core.package_identification:_identify(src/xarmrob) by extension 'colcon_meta'
[0.263s] Level 1:colcon.colcon_core.package_identification:_identify(src/xarmrob) by extensions ['ros']
[0.263s] Level 1:colcon.colcon_core.package_identification:_identify(src/xarmrob) by extension 'ros'
[0.264s] DEBUG:colcon.colcon_core.package_identification:Package 'src/xarmrob' with type 'ros.ament_python' and name 'xarmrob'
[0.264s] Level 1:colcon.colcon_core.package_identification:_identify(src/xarmrob_interfaces) by extensions ['ignore', 'ignore_ament_install']
[0.264s] Level 1:colcon.colcon_core.package_identification:_identify(src/xarmrob_interfaces) by extension 'ignore'
[0.264s] Level 1:colcon.colcon_core.package_identification:_identify(src/xarmrob_interfaces) by extension 'ignore_ament_install'
[0.265s] Level 1:colcon.colcon_core.package_identification:_identify(src/xarmrob_interfaces) by extensions ['colcon_pkg']
[0.265s] Level 1:colcon.colcon_core.package_identification:_identify(src/xarmrob_interfaces) by extension 'colcon_pkg'
[0.265s] Level 1:colcon.colcon_core.package_identification:_identify(src/xarmrob_interfaces) by extensions ['colcon_meta']
[0.265s] Level 1:colcon.colcon_core.package_identification:_identify(src/xarmrob_interfaces) by extension 'colcon_meta'
[0.265s] Level 1:colcon.colcon_core.package_identification:_identify(src/xarmrob_interfaces) by extensions ['ros']
[0.265s] Level 1:colcon.colcon_core.package_identification:_identify(src/xarmrob_interfaces) by extension 'ros'
[0.266s] DEBUG:colcon.colcon_core.package_identification:Package 'src/xarmrob_interfaces' with type 'ros.ament_cmake' and name 'xarmrob_interfaces'
[0.266s] Level 1:colcon.colcon_core.package_discovery:discover_packages(recursive) using defaults
[0.266s] Level 1:colcon.colcon_core.package_discovery:discover_packages(ignore) discover
[0.266s] Level 1:colcon.colcon_core.package_discovery:discover_packages(ignore) using defaults
[0.266s] Level 1:colcon.colcon_core.package_discovery:discover_packages(path) discover
[0.266s] Level 1:colcon.colcon_core.package_discovery:discover_packages(path) using defaults
[0.296s] Level 1:colcon.colcon_core.package_discovery:discover_packages(prefix_path) check parameters
[0.296s] Level 1:colcon.colcon_core.package_discovery:discover_packages(prefix_path) discover
[0.298s] WARNING:colcon.colcon_ros.prefix_path.ament:The path '/home/aansari/Documents/ME439/ME439Team125/install/finalproj125_interfaces' in the environment variable AMENT_PREFIX_PATH doesn't exist
[0.298s] WARNING:colcon.colcon_ros.prefix_path.ament:The path '/home/aansari/Documents/ME439/ME439Team125/install/finalproj125' in the environment variable AMENT_PREFIX_PATH doesn't exist
[0.299s] WARNING:colcon.colcon_ros.prefix_path.catkin:The path '/home/aansari/Documents/ME439/ME439Team125/install/finalproj125_interfaces' in the environment variable CMAKE_PREFIX_PATH doesn't exist
[0.301s] DEBUG:colcon.colcon_installed_package_information.package_discovery:Found 0 installed packages in /home/aansari/Documents/ME439/ME439Team125/install
[0.302s] DEBUG:colcon.colcon_installed_package_information.package_discovery:Found 4 installed packages in /home/aansari/ros2_prac/install
[0.303s] DEBUG:colcon.colcon_installed_package_information.package_discovery:Found 285 installed packages in /opt/ros/jazzy
[0.305s] Level 1:colcon.colcon_core.package_discovery:discover_packages(prefix_path) using defaults
[0.368s] Level 5:colcon.colcon_core.verb:set package 'finalproj125' build argument 'cmake_args' from command line to 'None'
[0.369s] Level 5:colcon.colcon_core.verb:set package 'finalproj125' build argument 'cmake_target' from command line to 'None'
[0.369s] Level 5:colcon.colcon_core.verb:set package 'finalproj125' build argument 'cmake_target_skip_unavailable' from command line to 'False'
[0.369s] Level 5:colcon.colcon_core.verb:set package 'finalproj125' build argument 'cmake_clean_cache' from command line to 'False'
[0.369s] Level 5:colcon.colcon_core.verb:set package 'finalproj125' build argument 'cmake_clean_first' from command line to 'False'
[0.369s] Level 5:colcon.colcon_core.verb:set package 'finalproj125' build argument 'cmake_force_configure' from command line to 'False'
[0.369s] Level 5:colcon.colcon_core.verb:set package 'finalproj125' build argument 'ament_cmake_args' from command line to 'None'
[0.369s] Level 5:colcon.colcon_core.verb:set package 'finalproj125' build argument 'catkin_cmake_args' from command line to 'None'
[0.369s] Level 5:colcon.colcon_core.verb:set package 'finalproj125' build argument 'catkin_skip_building_tests' from command line to 'False'
[0.369s] DEBUG:colcon.colcon_core.verb:Building package 'finalproj125' with the following arguments: {'ament_cmake_args': None, 'build_base': '/home/aansari/Documents/ME439/ME439Team125/build/finalproj125', 'catkin_cmake_args': None, 'catkin_skip_building_tests': False, 'cmake_args': None, 'cmake_clean_cache': False, 'cmake_clean_first': False, 'cmake_force_configure': False, 'cmake_target': None, 'cmake_target_skip_unavailable': False, 'install_base': '/home/aansari/Documents/ME439/ME439Team125/install/finalproj125', 'merge_install': False, 'path': '/home/aansari/Documents/ME439/ME439Team125/src/finalproj125', 'symlink_install': True, 'test_result_base': None}
[0.369s] Level 5:colcon.colcon_core.verb:set package 'finalproj125_interfaces' build argument 'cmake_args' from command line to 'None'
[0.369s] Level 5:colcon.colcon_core.verb:set package 'finalproj125_interfaces' build argument 'cmake_target' from command line to 'None'
[0.369s] Level 5:colcon.colcon_core.verb:set package 'finalproj125_interfaces' build argument 'cmake_target_skip_unavailable' from command line to 'False'
[0.369s] Level 5:colcon.colcon_core.verb:set package 'finalproj125_interfaces' build argument 'cmake_clean_cache' from command line to 'False'
[0.369s] Level 5:colcon.colcon_core.verb:set package 'finalproj125_interfaces' build argument 'cmake_clean_first' from command line to 'False'
[0.369s] Level 5:colcon.colcon_core.verb:set package 'finalproj125_interfaces' build argument 'cmake_force_configure' from command line to 'False'
[0.369s] Level 5:colcon.colcon_core.verb:set package 'finalproj125_interfaces' build argument 'ament_cmake_args' from command line to 'None'
[0.369s] Level 5:colcon.colcon_core.verb:set package 'finalproj125_interfaces' build argument 'catkin_cmake_args' from command line to 'None'
[0.369s] Level 5:colcon.colcon_core.verb:set package 'finalproj125_interfaces' build argument 'catkin_skip_building_tests' from command line to 'False'
[0.369s] DEBUG:colcon.colcon_core.verb:Building package 'finalproj125_interfaces' with the following arguments: {'ament_cmake_args': None, 'build_base': '/home/aansari/Documents/ME439/ME439Team125/build/finalproj125_interfaces', 'catkin_cmake_args': None, 'catkin_skip_building_tests': False, 'cmake_args': None, 'cmake_clean_cache': False, 'cmake_clean_first': False, 'cmake_force_configure': False, 'cmake_target': None, 'cmake_target_skip_unavailable': False, 'install_base': '/home/aansari/Documents/ME439/ME439Team125/install/finalproj125_interfaces', 'merge_install': False, 'path': '/home/aansari/Documents/ME439/ME439Team125/src/finalproj125_interfaces', 'symlink_install': True, 'test_result_base': None}
[0.370s] Level 5:colcon.colcon_core.verb:set package 'xarmrob_interfaces' build argument 'cmake_args' from command line to 'None'
[0.370s] Level 5:colcon.colcon_core.verb:set package 'xarmrob_interfaces' build argument 'cmake_target' from command line to 'None'
[0.370s] Level 5:colcon.colcon_core.verb:set package 'xarmrob_interfaces' build argument 'cmake_target_skip_unavailable' from command line to 'False'
[0.370s] Level 5:colcon.colcon_core.verb:set package 'xarmrob_interfaces' build argument 'cmake_clean_cache' from command line to 'False'
[0.370s] Level 5:colcon.colcon_core.verb:set package 'xarmrob_interfaces' build argument 'cmake_clean_first' from command line to 'False'
[0.370s] Level 5:colcon.colcon_core.verb:set package 'xarmrob_interfaces' build argument 'cmake_force_configure' from command line to 'False'
[0.370s] Level 5:colcon.colcon_core.verb:set package 'xarmrob_interfaces' build argument 'ament_cmake_args' from command line to 'None'
[0.370s] Level 5:colcon.colcon_core.verb:set package 'xarmrob_interfaces' build argument 'catkin_cmake_args' from command line to 'None'
[0.370s] Level 5:colcon.colcon_core.verb:set package 'xarmrob_interfaces' build argument 'catkin_skip_building_tests' from command line to 'False'
[0.370s] DEBUG:colcon.colcon_core.verb:Building package 'xarmrob_interfaces' with the following arguments: {'ament_cmake_args': None, 'build_base': '/home/aansari/Documents/ME439/ME439Team125/build/xarmrob_interfaces', 'catkin_cmake_args': None, 'catkin_skip_building_tests': False, 'cmake_args': None, 'cmake_clean_cache': False, 'cmake_clean_first': False, 'cmake_force_configure': False, 'cmake_target': None, 'cmake_target_skip_unavailable': False, 'install_base': '/home/aansari/Documents/ME439/ME439Team125/install/xarmrob_interfaces', 'merge_install': False, 'path': '/home/aansari/Documents/ME439/ME439Team125/src/xarmrob_interfaces', 'symlink_install': True, 'test_result_base': None}
[0.370s] Level 5:colcon.colcon_core.verb:set package 'xarmrob' build argument 'cmake_args' from command line to 'None'
[0.370s] Level 5:colcon.colcon_core.verb:set package 'xarmrob' build argument 'cmake_target' from command line to 'None'
[0.370s] Level 5:colcon.colcon_core.verb:set package 'xarmrob' build argument 'cmake_target_skip_unavailable' from command line to 'False'
[0.370s] Level 5:colcon.colcon_core.verb:set package 'xarmrob' build argument 'cmake_clean_cache' from command line to 'False'
[0.370s] Level 5:colcon.colcon_core.verb:set package 'xarmrob' build argument 'cmake_clean_first' from command line to 'False'
[0.370s] Level 5:colcon.colcon_core.verb:set package 'xarmrob' build argument 'cmake_force_configure' from command line to 'False'
[0.370s] Level 5:colcon.colcon_core.verb:set package 'xarmrob' build argument 'ament_cmake_args' from command line to 'None'
[0.370s] Level 5:colcon.colcon_core.verb:set package 'xarmrob' build argument 'catkin_cmake_args' from command line to 'None'
[0.370s] Level 5:colcon.colcon_core.verb:set package 'xarmrob' build argument 'catkin_skip_building_tests' from command line to 'False'
[0.370s] DEBUG:colcon.colcon_core.verb:Building package 'xarmrob' with the following arguments: {'ament_cmake_args': None, 'build_base': '/home/aansari/Documents/ME439/ME439Team125/build/xarmrob', 'catkin_cmake_args': None, 'catkin_skip_building_tests': False, 'cmake_args': None, 'cmake_clean_cache': False, 'cmake_clean_first': False, 'cmake_force_configure': False, 'cmake_target': None, 'cmake_target_skip_unavailable': False, 'install_base': '/home/aansari/Documents/ME439/ME439Team125/install/xarmrob', 'merge_install': False, 'path': '/home/aansari/Documents/ME439/ME439Team125/src/xarmrob', 'symlink_install': True, 'test_result_base': None}
[0.371s] INFO:colcon.colcon_core.executor:Executing jobs using 'parallel' executor
[0.372s] DEBUG:colcon.colcon_parallel_executor.executor.parallel:run_until_complete
[0.373s] INFO:colcon.colcon_ros.task.ament_cmake.build:Building ROS package in '/home/aansari/Documents/ME439/ME439Team125/src/xarmrob_interfaces' with build type 'ament_cmake'
[0.373s] INFO:colcon.colcon_cmake.task.cmake.build:Building CMake package in '/home/aansari/Documents/ME439/ME439Team125/src/xarmrob_interfaces'
[0.376s] INFO:colcon.colcon_core.plugin_system:Skipping extension 'colcon_core.shell.bat': Not used on non-Windows systems
[0.376s] INFO:colcon.colcon_core.shell:Skip shell extension 'powershell' for command environment: Not usable outside of PowerShell
[0.376s] DEBUG:colcon.colcon_core.shell:Skip shell extension 'dsv' for command environment
[0.381s] INFO:colcon.colcon_ros.task.ament_python.build:Building ROS package in '/home/aansari/Documents/ME439/ME439Team125/src/finalproj125' with build type 'ament_python'
[0.381s] Level 1:colcon.colcon_core.shell:create_environment_hook('finalproj125', 'ament_prefix_path')
[0.381s] INFO:colcon.colcon_core.shell:Creating environment hook '/home/aansari/Documents/ME439/ME439Team125/install/finalproj125/share/finalproj125/hook/ament_prefix_path.ps1'
[0.383s] INFO:colcon.colcon_core.shell:Creating environment descriptor '/home/aansari/Documents/ME439/ME439Team125/install/finalproj125/share/finalproj125/hook/ament_prefix_path.dsv'
[0.383s] INFO:colcon.colcon_core.shell:Creating environment hook '/home/aansari/Documents/ME439/ME439Team125/install/finalproj125/share/finalproj125/hook/ament_prefix_path.sh'
[0.384s] INFO:colcon.colcon_core.shell:Skip shell extension 'powershell' for command environment: Not usable outside of PowerShell
[0.384s] DEBUG:colcon.colcon_core.shell:Skip shell extension 'dsv' for command environment
[0.388s] INFO:colcon.colcon_ros.task.ament_cmake.build:Building ROS package in '/home/aansari/Documents/ME439/ME439Team125/src/finalproj125_interfaces' with build type 'ament_cmake'
[0.388s] INFO:colcon.colcon_cmake.task.cmake.build:Building CMake package in '/home/aansari/Documents/ME439/ME439Team125/src/finalproj125_interfaces'
[0.389s] INFO:colcon.colcon_core.shell:Skip shell extension 'powershell' for command environment: Not usable outside of PowerShell
[0.389s] DEBUG:colcon.colcon_core.shell:Skip shell extension 'dsv' for command environment
[0.397s] DEBUG:colcon.colcon_core.event_handler.log_command:Invoking command in '/home/aansari/Documents/ME439/ME439Team125/build/xarmrob_interfaces': CMAKE_PREFIX_PATH=${CMAKE_PREFIX_PATH}:/home/aansari/Documents/ME439/ME439Team125/install/finalproj125:/home/aansari/ros2_prac/install/xarmrob:/home/aansari/ros2_prac/install/mobrob:/opt/ros/jazzy DEBUGINFOD_URLS=https://debuginfod.ubuntu.com /usr/bin/cmake /home/aansari/Documents/ME439/ME439Team125/src/xarmrob_interfaces -DAMENT_CMAKE_SYMLINK_INSTALL=1 -DCMAKE_INSTALL_PREFIX=/home/aansari/Documents/ME439/ME439Team125/install/xarmrob_interfaces
[0.769s] INFO:colcon.colcon_core.task.python.build:Building Python package in '/home/aansari/Documents/ME439/ME439Team125/src/finalproj125'
[0.770s] INFO:colcon.colcon_core.shell:Skip shell extension 'powershell' for command environment: Not usable outside of PowerShell
[0.770s] DEBUG:colcon.colcon_core.shell:Skip shell extension 'dsv' for command environment
[0.783s] DEBUG:colcon.colcon_core.event_handler.log_command:Invoking command in '/home/aansari/Documents/ME439/ME439Team125/build/finalproj125_interfaces': CMAKE_PREFIX_PATH=${CMAKE_PREFIX_PATH}:/home/aansari/Documents/ME439/ME439Team125/install/finalproj125:/home/aansari/ros2_prac/install/xarmrob:/home/aansari/ros2_prac/install/mobrob:/opt/ros/jazzy DEBUGINFOD_URLS=https://debuginfod.ubuntu.com /usr/bin/cmake /home/aansari/Documents/ME439/ME439Team125/src/finalproj125_interfaces -DAMENT_CMAKE_SYMLINK_INSTALL=1 -DCMAKE_INSTALL_PREFIX=/home/aansari/Documents/ME439/ME439Team125/install/finalproj125_interfaces
[3.512s] DEBUG:colcon.colcon_core.event_handler.log_command:Invoking command in '/home/aansari/Documents/ME439/ME439Team125/build/finalproj125': DEBUGINFOD_URLS=https://debuginfod.ubuntu.com PYTHONPATH=/home/aansari/Documents/ME439/ME439Team125/build/finalproj125/prefix_override:/usr/lib/python3/dist-packages/colcon_core/task/python/colcon_distutils_commands:/home/aansari/Documents/ME439/ME439Team125/install/finalproj125/lib/python3.12/site-packages:${PYTHONPATH} /usr/bin/python3 -W ignore:setup.py install is deprecated -W ignore:easy_install command is deprecated setup.py develop --editable --build-directory /home/aansari/Documents/ME439/ME439Team125/build/finalproj125/build --no-deps symlink_data
[6.217s] Level 1:colcon.colcon_core.shell:create_environment_hook('finalproj125', 'pythonpath_develop')
[6.218s] INFO:colcon.colcon_core.shell:Creating environment hook '/home/aansari/Documents/ME439/ME439Team125/build/finalproj125/share/finalproj125/hook/pythonpath_develop.ps1'
[6.220s] INFO:colcon.colcon_core.shell:Creating environment descriptor '/home/aansari/Documents/ME439/ME439Team125/build/finalproj125/share/finalproj125/hook/pythonpath_develop.dsv'
[6.222s] DEBUG:colcon.colcon_core.event_handler.log_command:Invoked command in '/home/aansari/Documents/ME439/ME439Team125/build/finalproj125' returned '0': DEBUGINFOD_URLS=https://debuginfod.ubuntu.com PYTHONPATH=/home/aansari/Documents/ME439/ME439Team125/build/finalproj125/prefix_override:/usr/lib/python3/dist-packages/colcon_core/task/python/colcon_distutils_commands:/home/aansari/Documents/ME439/ME439Team125/install/finalproj125/lib/python3.12/site-packages:${PYTHONPATH} /usr/bin/python3 -W ignore:setup.py install is deprecated -W ignore:easy_install command is deprecated setup.py develop --editable --build-directory /home/aansari/Documents/ME439/ME439Team125/build/finalproj125/build --no-deps symlink_data
[6.226s] INFO:colcon.colcon_core.shell:Creating environment hook '/home/aansari/Documents/ME439/ME439Team125/build/finalproj125/share/finalproj125/hook/pythonpath_develop.sh'
[6.249s] Level 1:colcon.colcon_core.environment:checking '/home/aansari/Documents/ME439/ME439Team125/install/finalproj125' for CMake module files
[6.251s] Level 1:colcon.colcon_core.environment:checking '/home/aansari/Documents/ME439/ME439Team125/install/finalproj125' for CMake config files
[6.253s] Level 1:colcon.colcon_core.environment:checking '/home/aansari/Documents/ME439/ME439Team125/install/finalproj125/lib'
[6.254s] Level 1:colcon.colcon_core.environment:checking '/home/aansari/Documents/ME439/ME439Team125/install/finalproj125/bin'
[6.254s] Level 1:colcon.colcon_core.environment:checking '/home/aansari/Documents/ME439/ME439Team125/install/finalproj125/lib/pkgconfig/finalproj125.pc'
[6.255s] Level 1:colcon.colcon_core.environment:checking '/home/aansari/Documents/ME439/ME439Team125/install/finalproj125/lib/python3.12/site-packages'
[6.256s] Level 1:colcon.colcon_core.shell:create_environment_hook('finalproj125', 'pythonpath')
[6.258s] INFO:colcon.colcon_core.shell:Creating environment hook '/home/aansari/Documents/ME439/ME439Team125/install/finalproj125/share/finalproj125/hook/pythonpath.ps1'
[6.260s] INFO:colcon.colcon_core.shell:Creating environment descriptor '/home/aansari/Documents/ME439/ME439Team125/install/finalproj125/share/finalproj125/hook/pythonpath.dsv'
[6.261s] INFO:colcon.colcon_core.shell:Creating environment hook '/home/aansari/Documents/ME439/ME439Team125/install/finalproj125/share/finalproj125/hook/pythonpath.sh'
[6.265s] Level 1:colcon.colcon_core.environment:checking '/home/aansari/Documents/ME439/ME439Team125/install/finalproj125/bin'
[6.265s] Level 1:colcon.colcon_core.environment:create_environment_scripts_only(finalproj125)
[6.268s] INFO:colcon.colcon_core.shell:Creating package script '/home/aansari/Documents/ME439/ME439Team125/install/finalproj125/share/finalproj125/package.ps1'
[6.271s] INFO:colcon.colcon_core.shell:Creating package descriptor '/home/aansari/Documents/ME439/ME439Team125/install/finalproj125/share/finalproj125/package.dsv'
[6.274s] INFO:colcon.colcon_core.shell:Creating package script '/home/aansari/Documents/ME439/ME439Team125/install/finalproj125/share/finalproj125/package.sh'
[6.277s] INFO:colcon.colcon_core.shell:Creating package script '/home/aansari/Documents/ME439/ME439Team125/install/finalproj125/share/finalproj125/package.bash'
[6.281s] INFO:colcon.colcon_core.shell:Creating package script '/home/aansari/Documents/ME439/ME439Team125/install/finalproj125/share/finalproj125/package.zsh'
[6.287s] Level 1:colcon.colcon_core.environment:create_file_with_runtime_dependencies(/home/aansari/Documents/ME439/ME439Team125/install/finalproj125/share/colcon-core/packages/finalproj125)
[9.415s] DEBUG:colcon.colcon_core.event_handler.log_command:Invoked command in '/home/aansari/Documents/ME439/ME439Team125/build/finalproj125_interfaces' returned '0': CMAKE_PREFIX_PATH=${CMAKE_PREFIX_PATH}:/home/aansari/Documents/ME439/ME439Team125/install/finalproj125:/home/aansari/ros2_prac/install/xarmrob:/home/aansari/ros2_prac/install/mobrob:/opt/ros/jazzy DEBUGINFOD_URLS=https://debuginfod.ubuntu.com /usr/bin/cmake /home/aansari/Documents/ME439/ME439Team125/src/finalproj125_interfaces -DAMENT_CMAKE_SYMLINK_INSTALL=1 -DCMAKE_INSTALL_PREFIX=/home/aansari/Documents/ME439/ME439Team125/install/finalproj125_interfaces
[9.417s] DEBUG:colcon.colcon_core.event_handler.log_command:Invoking command in '/home/aansari/Documents/ME439/ME439Team125/build/finalproj125_interfaces': CMAKE_PREFIX_PATH=${CMAKE_PREFIX_PATH}:/home/aansari/Documents/ME439/ME439Team125/install/finalproj125:/home/aansari/ros2_prac/install/xarmrob:/home/aansari/ros2_prac/install/mobrob:/opt/ros/jazzy DEBUGINFOD_URLS=https://debuginfod.ubuntu.com /usr/bin/cmake --build /home/aansari/Documents/ME439/ME439Team125/build/finalproj125_interfaces -- -j4 -l4
[10.720s] DEBUG:colcon.colcon_core.event_handler.log_command:Invoked command in '/home/aansari/Documents/ME439/ME439Team125/build/xarmrob_interfaces' returned '0': CMAKE_PREFIX_PATH=${CMAKE_PREFIX_PATH}:/home/aansari/Documents/ME439/ME439Team125/install/finalproj125:/home/aansari/ros2_prac/install/xarmrob:/home/aansari/ros2_prac/install/mobrob:/opt/ros/jazzy DEBUGINFOD_URLS=https://debuginfod.ubuntu.com /usr/bin/cmake /home/aansari/Documents/ME439/ME439Team125/src/xarmrob_interfaces -DAMENT_CMAKE_SYMLINK_INSTALL=1 -DCMAKE_INSTALL_PREFIX=/home/aansari/Documents/ME439/ME439Team125/install/xarmrob_interfaces
[10.722s] DEBUG:colcon.colcon_core.event_handler.log_command:Invoking command in '/home/aansari/Documents/ME439/ME439Team125/build/xarmrob_interfaces': CMAKE_PREFIX_PATH=${CMAKE_PREFIX_PATH}:/home/aansari/Documents/ME439/ME439Team125/install/finalproj125:/home/aansari/ros2_prac/install/xarmrob:/home/aansari/ros2_prac/install/mobrob:/opt/ros/jazzy DEBUGINFOD_URLS=https://debuginfod.ubuntu.com /usr/bin/cmake --build /home/aansari/Documents/ME439/ME439Team125/build/xarmrob_interfaces -- -j4 -l4
[37.434s] DEBUG:colcon.colcon_core.event_handler.log_command:Invoked command in '/home/aansari/Documents/ME439/ME439Team125/build/finalproj125_interfaces' returned '0': CMAKE_PREFIX_PATH=${CMAKE_PREFIX_PATH}:/home/aansari/Documents/ME439/ME439Team125/install/finalproj125:/home/aansari/ros2_prac/install/xarmrob:/home/aansari/ros2_prac/install/mobrob:/opt/ros/jazzy DEBUGINFOD_URLS=https://debuginfod.ubuntu.com /usr/bin/cmake --build /home/aansari/Documents/ME439/ME439Team125/build/finalproj125_interfaces -- -j4 -l4
[37.476s] DEBUG:colcon.colcon_core.event_handler.log_command:Invoking command in '/home/aansari/Documents/ME439/ME439Team125/build/finalproj125_interfaces': CMAKE_PREFIX_PATH=${CMAKE_PREFIX_PATH}:/home/aansari/Documents/ME439/ME439Team125/install/finalproj125:/home/aansari/ros2_prac/install/xarmrob:/home/aansari/ros2_prac/install/mobrob:/opt/ros/jazzy DEBUGINFOD_URLS=https://debuginfod.ubuntu.com /usr/bin/cmake --install /home/aansari/Documents/ME439/ME439Team125/build/finalproj125_interfaces
[39.782s] Level 1:colcon.colcon_core.environment:create_environment_scripts_only(finalproj125_interfaces)
[39.783s] Level 1:colcon.colcon_core.environment:checking '/home/aansari/Documents/ME439/ME439Team125/install/finalproj125_interfaces' for CMake module files
[39.784s] DEBUG:colcon.colcon_core.event_handler.log_command:Invoked command in '/home/aansari/Documents/ME439/ME439Team125/build/finalproj125_interfaces' returned '0': CMAKE_PREFIX_PATH=${CMAKE_PREFIX_PATH}:/home/aansari/Documents/ME439/ME439Team125/install/finalproj125:/home/aansari/ros2_prac/install/xarmrob:/home/aansari/ros2_prac/install/mobrob:/opt/ros/jazzy DEBUGINFOD_URLS=https://debuginfod.ubuntu.com /usr/bin/cmake --install /home/aansari/Documents/ME439/ME439Team125/build/finalproj125_interfaces
[39.786s] Level 1:colcon.colcon_core.environment:checking '/home/aansari/Documents/ME439/ME439Team125/install/finalproj125_interfaces' for CMake config files
[39.788s] Level 1:colcon.colcon_core.shell:create_environment_hook('finalproj125_interfaces', 'cmake_prefix_path')
[39.789s] INFO:colcon.colcon_core.shell:Creating environment hook '/home/aansari/Documents/ME439/ME439Team125/install/finalproj125_interfaces/share/finalproj125_interfaces/hook/cmake_prefix_path.ps1'
[39.790s] INFO:colcon.colcon_core.shell:Creating environment descriptor '/home/aansari/Documents/ME439/ME439Team125/install/finalproj125_interfaces/share/finalproj125_interfaces/hook/cmake_prefix_path.dsv'
[39.790s] INFO:colcon.colcon_core.shell:Creating environment hook '/home/aansari/Documents/ME439/ME439Team125/install/finalproj125_interfaces/share/finalproj125_interfaces/hook/cmake_prefix_path.sh'
[39.792s] Level 1:colcon.colcon_core.environment:checking '/home/aansari/Documents/ME439/ME439Team125/install/finalproj125_interfaces/lib'
[39.792s] Level 1:colcon.colcon_core.shell:create_environment_hook('finalproj125_interfaces', 'ld_library_path_lib')
[39.793s] INFO:colcon.colcon_core.shell:Creating environment hook '/home/aansari/Documents/ME439/ME439Team125/install/finalproj125_interfaces/share/finalproj125_interfaces/hook/ld_library_path_lib.ps1'
[39.793s] INFO:colcon.colcon_core.shell:Creating environment descriptor '/home/aansari/Documents/ME439/ME439Team125/install/finalproj125_interfaces/share/finalproj125_interfaces/hook/ld_library_path_lib.dsv'
[39.794s] INFO:colcon.colcon_core.shell:Creating environment hook '/home/aansari/Documents/ME439/ME439Team125/install/finalproj125_interfaces/share/finalproj125_interfaces/hook/ld_library_path_lib.sh'
[39.795s] Level 1:colcon.colcon_core.environment:checking '/home/aansari/Documents/ME439/ME439Team125/install/finalproj125_interfaces/bin'
[39.795s] Level 1:colcon.colcon_core.environment:checking '/home/aansari/Documents/ME439/ME439Team125/install/finalproj125_interfaces/lib/pkgconfig/finalproj125_interfaces.pc'
[39.796s] Level 1:colcon.colcon_core.environment:checking '/home/aansari/Documents/ME439/ME439Team125/install/finalproj125_interfaces/lib/python3.12/site-packages'
[39.796s] Level 1:colcon.colcon_core.shell:create_environment_hook('finalproj125_interfaces', 'pythonpath')
[39.797s] INFO:colcon.colcon_core.shell:Creating environment hook '/home/aansari/Documents/ME439/ME439Team125/install/finalproj125_interfaces/share/finalproj125_interfaces/hook/pythonpath.ps1'
[39.798s] INFO:colcon.colcon_core.shell:Creating environment descriptor '/home/aansari/Documents/ME439/ME439Team125/install/finalproj125_interfaces/share/finalproj125_interfaces/hook/pythonpath.dsv'
[39.799s] INFO:colcon.colcon_core.shell:Creating environment hook '/home/aansari/Documents/ME439/ME439Team125/install/finalproj125_interfaces/share/finalproj125_interfaces/hook/pythonpath.sh'
[39.800s] Level 1:colcon.colcon_core.environment:checking '/home/aansari/Documents/ME439/ME439Team125/install/finalproj125_interfaces/bin'
[39.801s] INFO:colcon.colcon_core.shell:Creating package script '/home/aansari/Documents/ME439/ME439Team125/install/finalproj125_interfaces/share/finalproj125_interfaces/package.ps1'
[39.802s] INFO:colcon.colcon_core.shell:Creating package descriptor '/home/aansari/Documents/ME439/ME439Team125/install/finalproj125_interfaces/share/finalproj125_interfaces/package.dsv'
[39.803s] INFO:colcon.colcon_core.shell:Creating package script '/home/aansari/Documents/ME439/ME439Team125/install/finalproj125_interfaces/share/finalproj125_interfaces/package.sh'
[39.805s] INFO:colcon.colcon_core.shell:Creating package script '/home/aansari/Documents/ME439/ME439Team125/install/finalproj125_interfaces/share/finalproj125_interfaces/package.bash'
[39.805s] INFO:colcon.colcon_core.shell:Creating package script '/home/aansari/Documents/ME439/ME439Team125/install/finalproj125_interfaces/share/finalproj125_interfaces/package.zsh'
[39.806s] Level 1:colcon.colcon_core.environment:create_file_with_runtime_dependencies(/home/aansari/Documents/ME439/ME439Team125/install/finalproj125_interfaces/share/colcon-core/packages/finalproj125_interfaces)
[39.808s] Level 1:colcon.colcon_core.environment:create_environment_scripts_only(finalproj125_interfaces)
[39.808s] Level 1:colcon.colcon_core.environment:checking '/home/aansari/Documents/ME439/ME439Team125/install/finalproj125_interfaces' for CMake module files
[39.811s] Level 1:colcon.colcon_core.environment:checking '/home/aansari/Documents/ME439/ME439Team125/install/finalproj125_interfaces' for CMake config files
[39.813s] Level 1:colcon.colcon_core.shell:create_environment_hook('finalproj125_interfaces', 'cmake_prefix_path')
[39.814s] INFO:colcon.colcon_core.shell:Creating environment hook '/home/aansari/Documents/ME439/ME439Team125/install/finalproj125_interfaces/share/finalproj125_interfaces/hook/cmake_prefix_path.ps1'
[39.815s] INFO:colcon.colcon_core.shell:Creating environment descriptor '/home/aansari/Documents/ME439/ME439Team125/install/finalproj125_interfaces/share/finalproj125_interfaces/hook/cmake_prefix_path.dsv'
[39.816s] INFO:colcon.colcon_core.shell:Creating environment hook '/home/aansari/Documents/ME439/ME439Team125/install/finalproj125_interfaces/share/finalproj125_interfaces/hook/cmake_prefix_path.sh'
[39.817s] Level 1:colcon.colcon_core.environment:checking '/home/aansari/Documents/ME439/ME439Team125/install/finalproj125_interfaces/lib'
[39.817s] Level 1:colcon.colcon_core.shell:create_environment_hook('finalproj125_interfaces', 'ld_library_path_lib')
[39.818s] INFO:colcon.colcon_core.shell:Creating environment hook '/home/aansari/Documents/ME439/ME439Team125/install/finalproj125_interfaces/share/finalproj125_interfaces/hook/ld_library_path_lib.ps1'
[39.819s] INFO:colcon.colcon_core.shell:Creating environment descriptor '/home/aansari/Documents/ME439/ME439Team125/install/finalproj125_interfaces/share/finalproj125_interfaces/hook/ld_library_path_lib.dsv'
[39.820s] INFO:colcon.colcon_core.shell:Creating environment hook '/home/aansari/Documents/ME439/ME439Team125/install/finalproj125_interfaces/share/finalproj125_interfaces/hook/ld_library_path_lib.sh'
[39.821s] Level 1:colcon.colcon_core.environment:checking '/home/aansari/Documents/ME439/ME439Team125/install/finalproj125_interfaces/bin'
[39.821s] Level 1:colcon.colcon_core.environment:checking '/home/aansari/Documents/ME439/ME439Team125/install/finalproj125_interfaces/lib/pkgconfig/finalproj125_interfaces.pc'
[39.821s] Level 1:colcon.colcon_core.environment:checking '/home/aansari/Documents/ME439/ME439Team125/install/finalproj125_interfaces/lib/python3.12/site-packages'
[39.822s] Level 1:colcon.colcon_core.shell:create_environment_hook('finalproj125_interfaces', 'pythonpath')
[39.822s] INFO:colcon.colcon_core.shell:Creating environment hook '/home/aansari/Documents/ME439/ME439Team125/install/finalproj125_interfaces/share/finalproj125_interfaces/hook/pythonpath.ps1'
[39.823s] INFO:colcon.colcon_core.shell:Creating environment descriptor '/home/aansari/Documents/ME439/ME439Team125/install/finalproj125_interfaces/share/finalproj125_interfaces/hook/pythonpath.dsv'
[39.824s] INFO:colcon.colcon_core.shell:Creating environment hook '/home/aansari/Documents/ME439/ME439Team125/install/finalproj125_interfaces/share/finalproj125_interfaces/hook/pythonpath.sh'
[39.826s] Level 1:colcon.colcon_core.environment:checking '/home/aansari/Documents/ME439/ME439Team125/install/finalproj125_interfaces/bin'
[39.826s] INFO:colcon.colcon_core.shell:Creating package script '/home/aansari/Documents/ME439/ME439Team125/install/finalproj125_interfaces/share/finalproj125_interfaces/package.ps1'
[39.828s] INFO:colcon.colcon_core.shell:Creating package descriptor '/home/aansari/Documents/ME439/ME439Team125/install/finalproj125_interfaces/share/finalproj125_interfaces/package.dsv'
[39.829s] INFO:colcon.colcon_core.shell:Creating package script '/home/aansari/Documents/ME439/ME439Team125/install/finalproj125_interfaces/share/finalproj125_interfaces/package.sh'
[39.831s] INFO:colcon.colcon_core.shell:Creating package script '/home/aansari/Documents/ME439/ME439Team125/install/finalproj125_interfaces/share/finalproj125_interfaces/package.bash'
[39.832s] INFO:colcon.colcon_core.shell:Creating package script '/home/aansari/Documents/ME439/ME439Team125/install/finalproj125_interfaces/share/finalproj125_interfaces/package.zsh'
[39.833s] Level 1:colcon.colcon_core.environment:create_file_with_runtime_dependencies(/home/aansari/Documents/ME439/ME439Team125/install/finalproj125_interfaces/share/colcon-core/packages/finalproj125_interfaces)
[47.345s] DEBUG:colcon.colcon_core.event_handler.log_command:Invoked command in '/home/aansari/Documents/ME439/ME439Team125/build/xarmrob_interfaces' returned '0': CMAKE_PREFIX_PATH=${CMAKE_PREFIX_PATH}:/home/aansari/Documents/ME439/ME439Team125/install/finalproj125:/home/aansari/ros2_prac/install/xarmrob:/home/aansari/ros2_prac/install/mobrob:/opt/ros/jazzy DEBUGINFOD_URLS=https://debuginfod.ubuntu.com /usr/bin/cmake --build /home/aansari/Documents/ME439/ME439Team125/build/xarmrob_interfaces -- -j4 -l4
[47.349s] DEBUG:colcon.colcon_core.event_handler.log_command:Invoking command in '/home/aansari/Documents/ME439/ME439Team125/build/xarmrob_interfaces': CMAKE_PREFIX_PATH=${CMAKE_PREFIX_PATH}:/home/aansari/Documents/ME439/ME439Team125/install/finalproj125:/home/aansari/ros2_prac/install/xarmrob:/home/aansari/ros2_prac/install/mobrob:/opt/ros/jazzy DEBUGINFOD_URLS=https://debuginfod.ubuntu.com /usr/bin/cmake --install /home/aansari/Documents/ME439/ME439Team125/build/xarmrob_interfaces
[49.457s] Level 1:colcon.colcon_core.environment:create_environment_scripts_only(xarmrob_interfaces)
[49.457s] Level 1:colcon.colcon_core.environment:checking '/home/aansari/Documents/ME439/ME439Team125/install/xarmrob_interfaces' for CMake module files
[49.458s] DEBUG:colcon.colcon_core.event_handler.log_command:Invoked command in '/home/aansari/Documents/ME439/ME439Team125/build/xarmrob_interfaces' returned '0': CMAKE_PREFIX_PATH=${CMAKE_PREFIX_PATH}:/home/aansari/Documents/ME439/ME439Team125/install/finalproj125:/home/aansari/ros2_prac/install/xarmrob:/home/aansari/ros2_prac/install/mobrob:/opt/ros/jazzy DEBUGINFOD_URLS=https://debuginfod.ubuntu.com /usr/bin/cmake --install /home/aansari/Documents/ME439/ME439Team125/build/xarmrob_interfaces
[49.459s] Level 1:colcon.colcon_core.environment:checking '/home/aansari/Documents/ME439/ME439Team125/install/xarmrob_interfaces' for CMake config files
[49.461s] Level 1:colcon.colcon_core.shell:create_environment_hook('xarmrob_interfaces', 'cmake_prefix_path')
[49.461s] INFO:colcon.colcon_core.shell:Creating environment hook '/home/aansari/Documents/ME439/ME439Team125/install/xarmrob_interfaces/share/xarmrob_interfaces/hook/cmake_prefix_path.ps1'
[49.461s] INFO:colcon.colcon_core.shell:Creating environment descriptor '/home/aansari/Documents/ME439/ME439Team125/install/xarmrob_interfaces/share/xarmrob_interfaces/hook/cmake_prefix_path.dsv'
[49.462s] INFO:colcon.colcon_core.shell:Creating environment hook '/home/aansari/Documents/ME439/ME439Team125/install/xarmrob_interfaces/share/xarmrob_interfaces/hook/cmake_prefix_path.sh'
[49.462s] Level 1:colcon.colcon_core.environment:checking '/home/aansari/Documents/ME439/ME439Team125/install/xarmrob_interfaces/lib'
[49.463s] Level 1:colcon.colcon_core.shell:create_environment_hook('xarmrob_interfaces', 'ld_library_path_lib')
[49.463s] INFO:colcon.colcon_core.shell:Creating environment hook '/home/aansari/Documents/ME439/ME439Team125/install/xarmrob_interfaces/share/xarmrob_interfaces/hook/ld_library_path_lib.ps1'
[49.463s] INFO:colcon.colcon_core.shell:Creating environment descriptor '/home/aansari/Documents/ME439/ME439Team125/install/xarmrob_interfaces/share/xarmrob_interfaces/hook/ld_library_path_lib.dsv'
[49.464s] INFO:colcon.colcon_core.shell:Creating environment hook '/home/aansari/Documents/ME439/ME439Team125/install/xarmrob_interfaces/share/xarmrob_interfaces/hook/ld_library_path_lib.sh'
[49.464s] Level 1:colcon.colcon_core.environment:checking '/home/aansari/Documents/ME439/ME439Team125/install/xarmrob_interfaces/bin'
[49.464s] Level 1:colcon.colcon_core.environment:checking '/home/aansari/Documents/ME439/ME439Team125/install/xarmrob_interfaces/lib/pkgconfig/xarmrob_interfaces.pc'
[49.464s] Level 1:colcon.colcon_core.environment:checking '/home/aansari/Documents/ME439/ME439Team125/install/xarmrob_interfaces/lib/python3.12/site-packages'
[49.464s] Level 1:colcon.colcon_core.shell:create_environment_hook('xarmrob_interfaces', 'pythonpath')
[49.465s] INFO:colcon.colcon_core.shell:Creating environment hook '/home/aansari/Documents/ME439/ME439Team125/install/xarmrob_interfaces/share/xarmrob_interfaces/hook/pythonpath.ps1'
[49.465s] INFO:colcon.colcon_core.shell:Creating environment descriptor '/home/aansari/Documents/ME439/ME439Team125/install/xarmrob_interfaces/share/xarmrob_interfaces/hook/pythonpath.dsv'
[49.465s] INFO:colcon.colcon_core.shell:Creating environment hook '/home/aansari/Documents/ME439/ME439Team125/install/xarmrob_interfaces/share/xarmrob_interfaces/hook/pythonpath.sh'
[49.466s] Level 1:colcon.colcon_core.environment:checking '/home/aansari/Documents/ME439/ME439Team125/install/xarmrob_interfaces/bin'
[49.466s] INFO:colcon.colcon_core.shell:Creating package script '/home/aansari/Documents/ME439/ME439Team125/install/xarmrob_interfaces/share/xarmrob_interfaces/package.ps1'
[49.467s] INFO:colcon.colcon_core.shell:Creating package descriptor '/home/aansari/Documents/ME439/ME439Team125/install/xarmrob_interfaces/share/xarmrob_interfaces/package.dsv'
[49.467s] INFO:colcon.colcon_core.shell:Creating package script '/home/aansari/Documents/ME439/ME439Team125/install/xarmrob_interfaces/share/xarmrob_interfaces/package.sh'
[49.468s] INFO:colcon.colcon_core.shell:Creating package script '/home/aansari/Documents/ME439/ME439Team125/install/xarmrob_interfaces/share/xarmrob_interfaces/package.bash'
[49.468s] INFO:colcon.colcon_core.shell:Creating package script '/home/aansari/Documents/ME439/ME439Team125/install/xarmrob_interfaces/share/xarmrob_interfaces/package.zsh'
[49.469s] Level 1:colcon.colcon_core.environment:create_file_with_runtime_dependencies(/home/aansari/Documents/ME439/ME439Team125/install/xarmrob_interfaces/share/colcon-core/packages/xarmrob_interfaces)
[49.469s] Level 1:colcon.colcon_core.environment:create_environment_scripts_only(xarmrob_interfaces)
[49.469s] Level 1:colcon.colcon_core.environment:checking '/home/aansari/Documents/ME439/ME439Team125/install/xarmrob_interfaces' for CMake module files
[49.470s] Level 1:colcon.colcon_core.environment:checking '/home/aansari/Documents/ME439/ME439Team125/install/xarmrob_interfaces' for CMake config files
[49.472s] Level 1:colcon.colcon_core.shell:create_environment_hook('xarmrob_interfaces', 'cmake_prefix_path')
[49.472s] INFO:colcon.colcon_core.shell:Creating environment hook '/home/aansari/Documents/ME439/ME439Team125/install/xarmrob_interfaces/share/xarmrob_interfaces/hook/cmake_prefix_path.ps1'
[49.472s] INFO:colcon.colcon_core.shell:Creating environment descriptor '/home/aansari/Documents/ME439/ME439Team125/install/xarmrob_interfaces/share/xarmrob_interfaces/hook/cmake_prefix_path.dsv'
[49.473s] INFO:colcon.colcon_core.shell:Creating environment hook '/home/aansari/Documents/ME439/ME439Team125/install/xarmrob_interfaces/share/xarmrob_interfaces/hook/cmake_prefix_path.sh'
[49.473s] Level 1:colcon.colcon_core.environment:checking '/home/aansari/Documents/ME439/ME439Team125/install/xarmrob_interfaces/lib'
[49.473s] Level 1:colcon.colcon_core.shell:create_environment_hook('xarmrob_interfaces', 'ld_library_path_lib')
[49.474s] INFO:colcon.colcon_core.shell:Creating environment hook '/home/aansari/Documents/ME439/ME439Team125/install/xarmrob_interfaces/share/xarmrob_interfaces/hook/ld_library_path_lib.ps1'
[49.474s] INFO:colcon.colcon_core.shell:Creating environment descriptor '/home/aansari/Documents/ME439/ME439Team125/install/xarmrob_interfaces/share/xarmrob_interfaces/hook/ld_library_path_lib.dsv'
[49.474s] INFO:colcon.colcon_core.shell:Creating environment hook '/home/aansari/Documents/ME439/ME439Team125/install/xarmrob_interfaces/share/xarmrob_interfaces/hook/ld_library_path_lib.sh'
[49.475s] Level 1:colcon.colcon_core.environment:checking '/home/aansari/Documents/ME439/ME439Team125/install/xarmrob_interfaces/bin'
[49.475s] Level 1:colcon.colcon_core.environment:checking '/home/aansari/Documents/ME439/ME439Team125/install/xarmrob_interfaces/lib/pkgconfig/xarmrob_interfaces.pc'
[49.475s] Level 1:colcon.colcon_core.environment:checking '/home/aansari/Documents/ME439/ME439Team125/install/xarmrob_interfaces/lib/python3.12/site-packages'
[49.475s] Level 1:colcon.colcon_core.shell:create_environment_hook('xarmrob_interfaces', 'pythonpath')
[49.475s] INFO:colcon.colcon_core.shell:Creating environment hook '/home/aansari/Documents/ME439/ME439Team125/install/xarmrob_interfaces/share/xarmrob_interfaces/hook/pythonpath.ps1'
[49.476s] INFO:colcon.colcon_core.shell:Creating environment descriptor '/home/aansari/Documents/ME439/ME439Team125/install/xarmrob_interfaces/share/xarmrob_interfaces/hook/pythonpath.dsv'
[49.476s] INFO:colcon.colcon_core.shell:Creating environment hook '/home/aansari/Documents/ME439/ME439Team125/install/xarmrob_interfaces/share/xarmrob_interfaces/hook/pythonpath.sh'
[49.477s] Level 1:colcon.colcon_core.environment:checking '/home/aansari/Documents/ME439/ME439Team125/install/xarmrob_interfaces/bin'
[49.477s] INFO:colcon.colcon_core.shell:Creating package script '/home/aansari/Documents/ME439/ME439Team125/install/xarmrob_interfaces/share/xarmrob_interfaces/package.ps1'
[49.478s] INFO:colcon.colcon_core.shell:Creating package descriptor '/home/aansari/Documents/ME439/ME439Team125/install/xarmrob_interfaces/share/xarmrob_interfaces/package.dsv'
[49.478s] INFO:colcon.colcon_core.shell:Creating package script '/home/aansari/Documents/ME439/ME439Team125/install/xarmrob_interfaces/share/xarmrob_interfaces/package.sh'
[49.479s] INFO:colcon.colcon_core.shell:Creating package script '/home/aansari/Documents/ME439/ME439Team125/install/xarmrob_interfaces/share/xarmrob_interfaces/package.bash'
[49.480s] INFO:colcon.colcon_core.shell:Creating package script '/home/aansari/Documents/ME439/ME439Team125/install/xarmrob_interfaces/share/xarmrob_interfaces/package.zsh'
[49.480s] Level 1:colcon.colcon_core.environment:create_file_with_runtime_dependencies(/home/aansari/Documents/ME439/ME439Team125/install/xarmrob_interfaces/share/colcon-core/packages/xarmrob_interfaces)
[49.481s] INFO:colcon.colcon_ros.task.ament_python.build:Building ROS package in '/home/aansari/Documents/ME439/ME439Team125/src/xarmrob' with build type 'ament_python'
[49.481s] Level 1:colcon.colcon_core.shell:create_environment_hook('xarmrob', 'ament_prefix_path')
[49.481s] INFO:colcon.colcon_core.shell:Creating environment hook '/home/aansari/Documents/ME439/ME439Team125/install/xarmrob/share/xarmrob/hook/ament_prefix_path.ps1'
[49.482s] INFO:colcon.colcon_core.shell:Creating environment descriptor '/home/aansari/Documents/ME439/ME439Team125/install/xarmrob/share/xarmrob/hook/ament_prefix_path.dsv'
[49.482s] INFO:colcon.colcon_core.shell:Creating environment hook '/home/aansari/Documents/ME439/ME439Team125/install/xarmrob/share/xarmrob/hook/ament_prefix_path.sh'
[49.483s] INFO:colcon.colcon_core.shell:Skip shell extension 'powershell' for command environment: Not usable outside of PowerShell
[49.483s] DEBUG:colcon.colcon_core.shell:Skip shell extension 'dsv' for command environment
[49.827s] INFO:colcon.colcon_core.task.python.build:Building Python package in '/home/aansari/Documents/ME439/ME439Team125/src/xarmrob'
[49.827s] INFO:colcon.colcon_core.shell:Skip shell extension 'powershell' for command environment: Not usable outside of PowerShell
[49.827s] DEBUG:colcon.colcon_core.shell:Skip shell extension 'dsv' for command environment
[50.550s] DEBUG:colcon.colcon_core.event_handler.log_command:Invoking command in '/home/aansari/Documents/ME439/ME439Team125/build/xarmrob': AMENT_PREFIX_PATH=/home/aansari/Documents/ME439/ME439Team125/install/xarmrob_interfaces:${AMENT_PREFIX_PATH} CMAKE_PREFIX_PATH=/home/aansari/Documents/ME439/ME439Team125/install/xarmrob_interfaces:${CMAKE_PREFIX_PATH} DEBUGINFOD_URLS=https://debuginfod.ubuntu.com LD_LIBRARY_PATH=/home/aansari/Documents/ME439/ME439Team125/install/xarmrob_interfaces/lib:${LD_LIBRARY_PATH} PYTHONPATH=/home/aansari/Documents/ME439/ME439Team125/build/xarmrob/prefix_override:/usr/lib/python3/dist-packages/colcon_core/task/python/colcon_distutils_commands:/home/aansari/Documents/ME439/ME439Team125/install/xarmrob/lib/python3.12/site-packages:/home/aansari/Documents/ME439/ME439Team125/install/xarmrob_interfaces/lib/python3.12/site-packages:${PYTHONPATH} /usr/bin/python3 -W ignore:setup.py install is deprecated -W ignore:easy_install command is deprecated setup.py develop --editable --build-directory /home/aansari/Documents/ME439/ME439Team125/build/xarmrob/build --no-deps symlink_data
[52.044s] Level 1:colcon.colcon_core.shell:create_environment_hook('xarmrob', 'pythonpath_develop')
[52.046s] INFO:colcon.colcon_core.shell:Creating environment hook '/home/aansari/Documents/ME439/ME439Team125/build/xarmrob/share/xarmrob/hook/pythonpath_develop.ps1'
[52.048s] DEBUG:colcon.colcon_core.event_handler.log_command:Invoked command in '/home/aansari/Documents/ME439/ME439Team125/build/xarmrob' returned '0': AMENT_PREFIX_PATH=/home/aansari/Documents/ME439/ME439Team125/install/xarmrob_interfaces:${AMENT_PREFIX_PATH} CMAKE_PREFIX_PATH=/home/aansari/Documents/ME439/ME439Team125/install/xarmrob_interfaces:${CMAKE_PREFIX_PATH} DEBUGINFOD_URLS=https://debuginfod.ubuntu.com LD_LIBRARY_PATH=/home/aansari/Documents/ME439/ME439Team125/install/xarmrob_interfaces/lib:${LD_LIBRARY_PATH} PYTHONPATH=/home/aansari/Documents/ME439/ME439Team125/build/xarmrob/prefix_override:/usr/lib/python3/dist-packages/colcon_core/task/python/colcon_distutils_commands:/home/aansari/Documents/ME439/ME439Team125/install/xarmrob/lib/python3.12/site-packages:/home/aansari/Documents/ME439/ME439Team125/install/xarmrob_interfaces/lib/python3.12/site-packages:${PYTHONPATH} /usr/bin/python3 -W ignore:setup.py install is deprecated -W ignore:easy_install command is deprecated setup.py develop --editable --build-directory /home/aansari/Documents/ME439/ME439Team125/build/xarmrob/build --no-deps symlink_data
[52.049s] INFO:colcon.colcon_core.shell:Creating environment descriptor '/home/aansari/Documents/ME439/ME439Team125/build/xarmrob/share/xarmrob/hook/pythonpath_develop.dsv'
[52.050s] INFO:colcon.colcon_core.shell:Creating environment hook '/home/aansari/Documents/ME439/ME439Team125/build/xarmrob/share/xarmrob/hook/pythonpath_develop.sh'
[52.051s] Level 1:colcon.colcon_core.environment:checking '/home/aansari/Documents/ME439/ME439Team125/install/xarmrob' for CMake module files
[52.052s] Level 1:colcon.colcon_core.environment:checking '/home/aansari/Documents/ME439/ME439Team125/install/xarmrob' for CMake config files
[52.053s] Level 1:colcon.colcon_core.environment:checking '/home/aansari/Documents/ME439/ME439Team125/install/xarmrob/lib'
[52.053s] Level 1:colcon.colcon_core.environment:checking '/home/aansari/Documents/ME439/ME439Team125/install/xarmrob/bin'
[52.053s] Level 1:colcon.colcon_core.environment:checking '/home/aansari/Documents/ME439/ME439Team125/install/xarmrob/lib/pkgconfig/xarmrob.pc'
[52.053s] Level 1:colcon.colcon_core.environment:checking '/home/aansari/Documents/ME439/ME439Team125/install/xarmrob/lib/python3.12/site-packages'
[52.054s] Level 1:colcon.colcon_core.shell:create_environment_hook('xarmrob', 'pythonpath')
[52.054s] INFO:colcon.colcon_core.shell:Creating environment hook '/home/aansari/Documents/ME439/ME439Team125/install/xarmrob/share/xarmrob/hook/pythonpath.ps1'
[52.055s] INFO:colcon.colcon_core.shell:Creating environment descriptor '/home/aansari/Documents/ME439/ME439Team125/install/xarmrob/share/xarmrob/hook/pythonpath.dsv'
[52.057s] INFO:colcon.colcon_core.shell:Creating environment hook '/home/aansari/Documents/ME439/ME439Team125/install/xarmrob/share/xarmrob/hook/pythonpath.sh'
[52.059s] Level 1:colcon.colcon_core.environment:checking '/home/aansari/Documents/ME439/ME439Team125/install/xarmrob/bin'
[52.059s] Level 1:colcon.colcon_core.environment:create_environment_scripts_only(xarmrob)
[52.060s] INFO:colcon.colcon_core.shell:Creating package script '/home/aansari/Documents/ME439/ME439Team125/install/xarmrob/share/xarmrob/package.ps1'
[52.062s] INFO:colcon.colcon_core.shell:Creating package descriptor '/home/aansari/Documents/ME439/ME439Team125/install/xarmrob/share/xarmrob/package.dsv'
[52.063s] INFO:colcon.colcon_core.shell:Creating package script '/home/aansari/Documents/ME439/ME439Team125/install/xarmrob/share/xarmrob/package.sh'
[52.064s] INFO:colcon.colcon_core.shell:Creating package script '/home/aansari/Documents/ME439/ME439Team125/install/xarmrob/share/xarmrob/package.bash'
[52.065s] INFO:colcon.colcon_core.shell:Creating package script '/home/aansari/Documents/ME439/ME439Team125/install/xarmrob/share/xarmrob/package.zsh'
[52.065s] Level 1:colcon.colcon_core.environment:create_file_with_runtime_dependencies(/home/aansari/Documents/ME439/ME439Team125/install/xarmrob/share/colcon-core/packages/xarmrob)
[52.066s] DEBUG:colcon.colcon_parallel_executor.executor.parallel:closing loop
[52.066s] DEBUG:colcon.colcon_parallel_executor.executor.parallel:loop closed
[52.067s] DEBUG:colcon.colcon_parallel_executor.executor.parallel:run_until_complete finished with '0'
[52.067s] DEBUG:colcon.colcon_core.event_reactor:joining thread
[52.085s] INFO:colcon.colcon_core.plugin_system:Skipping extension 'colcon_notification.desktop_notification.terminal_notifier': Not used on non-Darwin systems
[52.086s] INFO:colcon.colcon_core.plugin_system:Skipping extension 'colcon_notification.desktop_notification.win32': Not used on non-Windows systems
[52.086s] INFO:colcon.colcon_notification.desktop_notification:Sending desktop notification using 'notify2'
[52.152s] DEBUG:colcon.colcon_core.event_reactor:joined thread
[52.153s] INFO:colcon.colcon_core.shell:Creating prefix script '/home/aansari/Documents/ME439/ME439Team125/install/local_setup.ps1'
[52.155s] INFO:colcon.colcon_core.shell:Creating prefix util module '/home/aansari/Documents/ME439/ME439Team125/install/_local_setup_util_ps1.py'
[52.159s] INFO:colcon.colcon_core.shell:Creating prefix chain script '/home/aansari/Documents/ME439/ME439Team125/install/setup.ps1'
[52.163s] INFO:colcon.colcon_core.shell:Creating prefix script '/home/aansari/Documents/ME439/ME439Team125/install/local_setup.sh'
[52.165s] INFO:colcon.colcon_core.shell:Creating prefix util module '/home/aansari/Documents/ME439/ME439Team125/install/_local_setup_util_sh.py'
[52.167s] INFO:colcon.colcon_core.shell:Creating prefix chain script '/home/aansari/Documents/ME439/ME439Team125/install/setup.sh'
[52.170s] INFO:colcon.colcon_core.shell:Creating prefix script '/home/aansari/Documents/ME439/ME439Team125/install/local_setup.bash'
[52.172s] INFO:colcon.colcon_core.shell:Creating prefix chain script '/home/aansari/Documents/ME439/ME439Team125/install/setup.bash'
[52.177s] INFO:colcon.colcon_core.shell:Creating prefix script '/home/aansari/Documents/ME439/ME439Team125/install/local_setup.zsh'
[52.178s] INFO:colcon.colcon_core.shell:Creating prefix chain script '/home/aansari/Documents/ME439/ME439Team125/install/setup.zsh'
