[0.143s] Invoking command in '/home/pi/ME439Team125/build/xarmrob_interfaces': CMAKE_PREFIX_PATH=${CMAKE_PREFIX_PATH}:/home/pi/ME439Team125/install/xarmrob:/home/pi/ros2_ws_fp/install/xarmrob:/home/pi/ros2_jazzy/install/rqt_bag_plugins:/home/pi/ros2_jazzy/install/rqt_bag:/home/pi/ros2_jazzy/install/rosbag2_examples_py:/home/pi/ros2_jazzy/install/launch_testing_examples:/home/pi/ros2_jazzy/install/ros2bag:/home/pi/ros2_jazzy/install/tracetools_test:/home/pi/ros2_jazzy/install/tracetools_launch:/home/pi/ros2_jazzy/install/topic_monitor:/home/pi/ros2_jazzy/install/tf2_tools:/home/pi/ros2_jazzy/install/examples_tf2_py:/home/pi/ros2_jazzy/install/tf2_ros_py:/home/pi/ros2_jazzy/install/examples_rclpy_pointcloud_publisher:/home/pi/ros2_jazzy/install/sensor_msgs_py:/home/pi/ros2_jazzy/install/quality_of_service_demo_py:/home/pi/ros2_jazzy/install/rqt_plot:/home/pi/ros2_jazzy/install/ros2doctor:/home/pi/ros2_jazzy/install/lifecycle_py:/home/pi/ros2_jazzy/install/examples_rclpy_minimal_subscriber:/home/pi/ros2_jazzy/install/examples_rclpy_minimal_service:/home/pi/ros2_jazzy/install/examples_rclpy_minimal_publisher:/home/pi/ros2_jazzy/install/examples_rclpy_minimal_client:/home/pi/ros2_jazzy/install/examples_rclpy_executors:/home/pi/ros2_jazzy/install/demo_nodes_py:/home/pi/ros2_jazzy/install/rqt:/home/pi/ros2_jazzy/install/ros2component:/home/pi/ros2_jazzy/install/sros2:/home/pi/ros2_jazzy/install/rqt_topic:/home/pi/ros2_jazzy/install/rqt_srv:/home/pi/ros2_jazzy/install/rqt_shell:/home/pi/ros2_jazzy/install/rqt_service_caller:/home/pi/ros2_jazzy/install/rqt_reconfigure:/home/pi/ros2_jazzy/install/rqt_py_console:/home/pi/ros2_jazzy/install/rqt_publisher:/home/pi/ros2_jazzy/install/rqt_action:/home/pi/ros2_jazzy/install/rqt_msg:/home/pi/ros2_jazzy/install/rqt_console:/home/pi/ros2_jazzy/install/rqt_graph:/home/pi/ros2_jazzy/install/rqt_gui_py:/home/pi/ros2_jazzy/install/rqt_gui:/home/pi/ros2_jazzy/install/ros2trace:/home/pi/ros2_jazzy/install/ros2topic:/home/pi/ros2_jazzy/install/ros2test:/home/pi/ros2_jazzy/install/ros2param:/home/pi/ros2_jazzy/install/ros2lifecycle:/home/pi/ros2_jazzy/install/ros2service:/home/pi/ros2_jazzy/install/ros2run:/home/pi/ros2_jazzy/install/ros2launch:/home/pi/ros2_jazzy/install/ros2pkg:/home/pi/ros2_jazzy/install/ros2node:/home/pi/ros2_jazzy/install/ros2multicast:/home/pi/ros2_jazzy/install/ros2interface:/home/pi/ros2_jazzy/install/ros2action:/home/pi/ros2_jazzy/install/ros2cli:/home/pi/ros2_jazzy/install/launch_testing_ros:/home/pi/ros2_jazzy/install/launch_ros:/home/pi/ros2_jazzy/install/examples_rclpy_minimal_action_server:/home/pi/ros2_jazzy/install/examples_rclpy_minimal_action_client:/home/pi/ros2_jazzy/install/examples_rclpy_guard_conditions:/home/pi/ros2_jazzy/install/action_tutorials_py:/home/pi/ros2_jazzy/install/ament_uncrustify:/home/pi/ros2_jazzy/install/tracetools_trace:/home/pi/ros2_jazzy/install/tracetools_read:/home/pi/ros2_jazzy/install/test_tracetools_launch:/home/pi/ros2_jazzy/install/test_ros2trace:/home/pi/ros2_jazzy/install/test_launch_ros:/home/pi/ros2_jazzy/install/rpyutils:/home/pi/ros2_jazzy/install/rosidl_runtime_py:/home/pi/ros2_jazzy/install/rosidl_pycommon:/home/pi/ros2_jazzy/install/rosidl_cli:/home/pi/ros2_jazzy/install/launch_pytest:/home/pi/ros2_jazzy/install/launch_testing:/home/pi/ros2_jazzy/install/launch_yaml:/home/pi/ros2_jazzy/install/launch_xml:/home/pi/ros2_jazzy/install/launch:/home/pi/ros2_jazzy/install/osrf_pycommon:/home/pi/ros2_jazzy/install/domain_coordinator:/home/pi/ros2_jazzy/install/ament_xmllint:/home/pi/ros2_jazzy/install/ament_pyflakes:/home/pi/ros2_jazzy/install/ament_pycodestyle:/home/pi/ros2_jazzy/install/ament_pep257:/home/pi/ros2_jazzy/install/ament_pclint:/home/pi/ros2_jazzy/install/ament_package:/home/pi/ros2_jazzy/install/ament_mypy:/home/pi/ros2_jazzy/install/ament_lint_cmake:/home/pi/ros2_jazzy/install/ament_flake8:/home/pi/ros2_jazzy/install/ament_copyright:/home/pi/ros2_jazzy/install/ament_lint:/home/pi/ros2_jazzy/install/ament_index_python:/home/pi/ros2_jazzy/install/ament_cpplint:/home/pi/ros2_jazzy/install/ament_cppcheck:/home/pi/ros2_jazzy/install/ament_clang_tidy:/home/pi/ros2_jazzy/install/ament_clang_format /usr/bin/cmake /home/pi/ME439Team125/src/xarmrob_interfaces -DAMENT_CMAKE_SYMLINK_INSTALL=1 -DCMAKE_INSTALL_PREFIX=/home/pi/ME439Team125/install/xarmrob_interfaces
[0.505s] -- The C compiler identification is GNU 12.2.0
[0.754s] -- The CXX compiler identification is GNU 12.2.0
[0.795s] -- Detecting C compiler ABI info
[1.188s] -- Detecting C compiler ABI info - done
[1.223s] -- Check for working C compiler: /usr/bin/cc - skipped
[1.224s] -- Detecting C compile features
[1.225s] -- Detecting C compile features - done
[1.237s] -- Detecting CXX compiler ABI info
[1.676s] -- Detecting CXX compiler ABI info - done
[1.714s] -- Check for working CXX compiler: /usr/bin/c++ - skipped
[1.715s] -- Detecting CXX compile features
[1.717s] -- Detecting CXX compile features - done
[1.782s] -- Found ament_cmake: 2.5.2 (/home/pi/ros2_jazzy/install/ament_cmake/share/ament_cmake/cmake)
[6.180s] -- Found Python3: /usr/bin/python3 (found version "3.11.2") found components: Interpreter 
[6.990s] -- Override CMake install command with custom implementation using symlinks instead of copying resources
[7.922s] -- Found example_interfaces: 0.12.0 (/home/pi/ros2_jazzy/install/example_interfaces/share/example_interfaces/cmake)
[8.492s] -- Found rosidl_generator_c: 4.6.3 (/home/pi/ros2_jazzy/install/rosidl_generator_c/share/rosidl_generator_c/cmake)
[8.663s] -- Found rosidl_generator_cpp: 4.6.3 (/home/pi/ros2_jazzy/install/rosidl_generator_cpp/share/rosidl_generator_cpp/cmake)
[8.959s] -- Using all available rosidl_typesupport_c: rosidl_typesupport_introspection_c;rosidl_typesupport_fastrtps_c
[9.263s] -- Using all available rosidl_typesupport_cpp: rosidl_typesupport_introspection_cpp;rosidl_typesupport_fastrtps_cpp
[9.861s] -- Found geometry_msgs: 5.3.5 (/home/pi/ros2_jazzy/install/geometry_msgs/share/geometry_msgs/cmake)
[10.013s] -- Found sensor_msgs: 5.3.5 (/home/pi/ros2_jazzy/install/sensor_msgs/share/sensor_msgs/cmake)
[10.115s] -- Found nav_msgs: 5.3.5 (/home/pi/ros2_jazzy/install/nav_msgs/share/nav_msgs/cmake)
[10.228s] -- Found map_msgs: 2.4.1 (/home/pi/ros2_jazzy/install/map_msgs/share/map_msgs/cmake)
[10.370s] -- Found rosidl_default_generators: 1.6.0 (/home/pi/ros2_jazzy/install/rosidl_default_generators/share/rosidl_default_generators/cmake)
[10.902s] -- Found rosidl_adapter: 4.6.3 (/home/pi/ros2_jazzy/install/rosidl_adapter/share/rosidl_adapter/cmake)
[13.715s] -- Found ament_cmake_ros: 0.12.0 (/home/pi/ros2_jazzy/install/ament_cmake_ros/share/ament_cmake_ros/cmake)
[15.806s] -- Using all available rosidl_typesupport_c: rosidl_typesupport_introspection_c;rosidl_typesupport_fastrtps_c
[16.631s] -- Using all available rosidl_typesupport_cpp: rosidl_typesupport_introspection_cpp;rosidl_typesupport_fastrtps_cpp
[16.685s] -- Found python_cmake_module: 0.11.1 (/home/pi/ros2_jazzy/install/python_cmake_module/share/python_cmake_module/cmake)
[16.951s] -- Found PythonExtra: /usr/bin/python3  
[24.818s] -- Found Python3: /usr/bin/python3 (found version "3.11.2") found components: Interpreter Development NumPy Development.Module Development.Embed 
[25.620s] -- Found ament_lint_auto: 0.17.1 (/home/pi/ros2_jazzy/install/ament_lint_auto/share/ament_lint_auto/cmake)
[26.035s] -- Added test 'lint_cmake' to check CMake code style
[26.061s] -- Added test 'xmllint' to check XML markup files
[26.109s] -- Configuring done
[26.350s] -- Generating done
[26.366s] -- Build files have been written to: /home/pi/ME439Team125/build/xarmrob_interfaces
[26.412s] Invoked command in '/home/pi/ME439Team125/build/xarmrob_interfaces' returned '0': CMAKE_PREFIX_PATH=${CMAKE_PREFIX_PATH}:/home/pi/ME439Team125/install/xarmrob:/home/pi/ros2_ws_fp/install/xarmrob:/home/pi/ros2_jazzy/install/rqt_bag_plugins:/home/pi/ros2_jazzy/install/rqt_bag:/home/pi/ros2_jazzy/install/rosbag2_examples_py:/home/pi/ros2_jazzy/install/launch_testing_examples:/home/pi/ros2_jazzy/install/ros2bag:/home/pi/ros2_jazzy/install/tracetools_test:/home/pi/ros2_jazzy/install/tracetools_launch:/home/pi/ros2_jazzy/install/topic_monitor:/home/pi/ros2_jazzy/install/tf2_tools:/home/pi/ros2_jazzy/install/examples_tf2_py:/home/pi/ros2_jazzy/install/tf2_ros_py:/home/pi/ros2_jazzy/install/examples_rclpy_pointcloud_publisher:/home/pi/ros2_jazzy/install/sensor_msgs_py:/home/pi/ros2_jazzy/install/quality_of_service_demo_py:/home/pi/ros2_jazzy/install/rqt_plot:/home/pi/ros2_jazzy/install/ros2doctor:/home/pi/ros2_jazzy/install/lifecycle_py:/home/pi/ros2_jazzy/install/examples_rclpy_minimal_subscriber:/home/pi/ros2_jazzy/install/examples_rclpy_minimal_service:/home/pi/ros2_jazzy/install/examples_rclpy_minimal_publisher:/home/pi/ros2_jazzy/install/examples_rclpy_minimal_client:/home/pi/ros2_jazzy/install/examples_rclpy_executors:/home/pi/ros2_jazzy/install/demo_nodes_py:/home/pi/ros2_jazzy/install/rqt:/home/pi/ros2_jazzy/install/ros2component:/home/pi/ros2_jazzy/install/sros2:/home/pi/ros2_jazzy/install/rqt_topic:/home/pi/ros2_jazzy/install/rqt_srv:/home/pi/ros2_jazzy/install/rqt_shell:/home/pi/ros2_jazzy/install/rqt_service_caller:/home/pi/ros2_jazzy/install/rqt_reconfigure:/home/pi/ros2_jazzy/install/rqt_py_console:/home/pi/ros2_jazzy/install/rqt_publisher:/home/pi/ros2_jazzy/install/rqt_action:/home/pi/ros2_jazzy/install/rqt_msg:/home/pi/ros2_jazzy/install/rqt_console:/home/pi/ros2_jazzy/install/rqt_graph:/home/pi/ros2_jazzy/install/rqt_gui_py:/home/pi/ros2_jazzy/install/rqt_gui:/home/pi/ros2_jazzy/install/ros2trace:/home/pi/ros2_jazzy/install/ros2topic:/home/pi/ros2_jazzy/install/ros2test:/home/pi/ros2_jazzy/install/ros2param:/home/pi/ros2_jazzy/install/ros2lifecycle:/home/pi/ros2_jazzy/install/ros2service:/home/pi/ros2_jazzy/install/ros2run:/home/pi/ros2_jazzy/install/ros2launch:/home/pi/ros2_jazzy/install/ros2pkg:/home/pi/ros2_jazzy/install/ros2node:/home/pi/ros2_jazzy/install/ros2multicast:/home/pi/ros2_jazzy/install/ros2interface:/home/pi/ros2_jazzy/install/ros2action:/home/pi/ros2_jazzy/install/ros2cli:/home/pi/ros2_jazzy/install/launch_testing_ros:/home/pi/ros2_jazzy/install/launch_ros:/home/pi/ros2_jazzy/install/examples_rclpy_minimal_action_server:/home/pi/ros2_jazzy/install/examples_rclpy_minimal_action_client:/home/pi/ros2_jazzy/install/examples_rclpy_guard_conditions:/home/pi/ros2_jazzy/install/action_tutorials_py:/home/pi/ros2_jazzy/install/ament_uncrustify:/home/pi/ros2_jazzy/install/tracetools_trace:/home/pi/ros2_jazzy/install/tracetools_read:/home/pi/ros2_jazzy/install/test_tracetools_launch:/home/pi/ros2_jazzy/install/test_ros2trace:/home/pi/ros2_jazzy/install/test_launch_ros:/home/pi/ros2_jazzy/install/rpyutils:/home/pi/ros2_jazzy/install/rosidl_runtime_py:/home/pi/ros2_jazzy/install/rosidl_pycommon:/home/pi/ros2_jazzy/install/rosidl_cli:/home/pi/ros2_jazzy/install/launch_pytest:/home/pi/ros2_jazzy/install/launch_testing:/home/pi/ros2_jazzy/install/launch_yaml:/home/pi/ros2_jazzy/install/launch_xml:/home/pi/ros2_jazzy/install/launch:/home/pi/ros2_jazzy/install/osrf_pycommon:/home/pi/ros2_jazzy/install/domain_coordinator:/home/pi/ros2_jazzy/install/ament_xmllint:/home/pi/ros2_jazzy/install/ament_pyflakes:/home/pi/ros2_jazzy/install/ament_pycodestyle:/home/pi/ros2_jazzy/install/ament_pep257:/home/pi/ros2_jazzy/install/ament_pclint:/home/pi/ros2_jazzy/install/ament_package:/home/pi/ros2_jazzy/install/ament_mypy:/home/pi/ros2_jazzy/install/ament_lint_cmake:/home/pi/ros2_jazzy/install/ament_flake8:/home/pi/ros2_jazzy/install/ament_copyright:/home/pi/ros2_jazzy/install/ament_lint:/home/pi/ros2_jazzy/install/ament_index_python:/home/pi/ros2_jazzy/install/ament_cpplint:/home/pi/ros2_jazzy/install/ament_cppcheck:/home/pi/ros2_jazzy/install/ament_clang_tidy:/home/pi/ros2_jazzy/install/ament_clang_format /usr/bin/cmake /home/pi/ME439Team125/src/xarmrob_interfaces -DAMENT_CMAKE_SYMLINK_INSTALL=1 -DCMAKE_INSTALL_PREFIX=/home/pi/ME439Team125/install/xarmrob_interfaces
[26.418s] Invoking command in '/home/pi/ME439Team125/build/xarmrob_interfaces': CMAKE_PREFIX_PATH=${CMAKE_PREFIX_PATH}:/home/pi/ME439Team125/install/xarmrob:/home/pi/ros2_ws_fp/install/xarmrob:/home/pi/ros2_jazzy/install/rqt_bag_plugins:/home/pi/ros2_jazzy/install/rqt_bag:/home/pi/ros2_jazzy/install/rosbag2_examples_py:/home/pi/ros2_jazzy/install/launch_testing_examples:/home/pi/ros2_jazzy/install/ros2bag:/home/pi/ros2_jazzy/install/tracetools_test:/home/pi/ros2_jazzy/install/tracetools_launch:/home/pi/ros2_jazzy/install/topic_monitor:/home/pi/ros2_jazzy/install/tf2_tools:/home/pi/ros2_jazzy/install/examples_tf2_py:/home/pi/ros2_jazzy/install/tf2_ros_py:/home/pi/ros2_jazzy/install/examples_rclpy_pointcloud_publisher:/home/pi/ros2_jazzy/install/sensor_msgs_py:/home/pi/ros2_jazzy/install/quality_of_service_demo_py:/home/pi/ros2_jazzy/install/rqt_plot:/home/pi/ros2_jazzy/install/ros2doctor:/home/pi/ros2_jazzy/install/lifecycle_py:/home/pi/ros2_jazzy/install/examples_rclpy_minimal_subscriber:/home/pi/ros2_jazzy/install/examples_rclpy_minimal_service:/home/pi/ros2_jazzy/install/examples_rclpy_minimal_publisher:/home/pi/ros2_jazzy/install/examples_rclpy_minimal_client:/home/pi/ros2_jazzy/install/examples_rclpy_executors:/home/pi/ros2_jazzy/install/demo_nodes_py:/home/pi/ros2_jazzy/install/rqt:/home/pi/ros2_jazzy/install/ros2component:/home/pi/ros2_jazzy/install/sros2:/home/pi/ros2_jazzy/install/rqt_topic:/home/pi/ros2_jazzy/install/rqt_srv:/home/pi/ros2_jazzy/install/rqt_shell:/home/pi/ros2_jazzy/install/rqt_service_caller:/home/pi/ros2_jazzy/install/rqt_reconfigure:/home/pi/ros2_jazzy/install/rqt_py_console:/home/pi/ros2_jazzy/install/rqt_publisher:/home/pi/ros2_jazzy/install/rqt_action:/home/pi/ros2_jazzy/install/rqt_msg:/home/pi/ros2_jazzy/install/rqt_console:/home/pi/ros2_jazzy/install/rqt_graph:/home/pi/ros2_jazzy/install/rqt_gui_py:/home/pi/ros2_jazzy/install/rqt_gui:/home/pi/ros2_jazzy/install/ros2trace:/home/pi/ros2_jazzy/install/ros2topic:/home/pi/ros2_jazzy/install/ros2test:/home/pi/ros2_jazzy/install/ros2param:/home/pi/ros2_jazzy/install/ros2lifecycle:/home/pi/ros2_jazzy/install/ros2service:/home/pi/ros2_jazzy/install/ros2run:/home/pi/ros2_jazzy/install/ros2launch:/home/pi/ros2_jazzy/install/ros2pkg:/home/pi/ros2_jazzy/install/ros2node:/home/pi/ros2_jazzy/install/ros2multicast:/home/pi/ros2_jazzy/install/ros2interface:/home/pi/ros2_jazzy/install/ros2action:/home/pi/ros2_jazzy/install/ros2cli:/home/pi/ros2_jazzy/install/launch_testing_ros:/home/pi/ros2_jazzy/install/launch_ros:/home/pi/ros2_jazzy/install/examples_rclpy_minimal_action_server:/home/pi/ros2_jazzy/install/examples_rclpy_minimal_action_client:/home/pi/ros2_jazzy/install/examples_rclpy_guard_conditions:/home/pi/ros2_jazzy/install/action_tutorials_py:/home/pi/ros2_jazzy/install/ament_uncrustify:/home/pi/ros2_jazzy/install/tracetools_trace:/home/pi/ros2_jazzy/install/tracetools_read:/home/pi/ros2_jazzy/install/test_tracetools_launch:/home/pi/ros2_jazzy/install/test_ros2trace:/home/pi/ros2_jazzy/install/test_launch_ros:/home/pi/ros2_jazzy/install/rpyutils:/home/pi/ros2_jazzy/install/rosidl_runtime_py:/home/pi/ros2_jazzy/install/rosidl_pycommon:/home/pi/ros2_jazzy/install/rosidl_cli:/home/pi/ros2_jazzy/install/launch_pytest:/home/pi/ros2_jazzy/install/launch_testing:/home/pi/ros2_jazzy/install/launch_yaml:/home/pi/ros2_jazzy/install/launch_xml:/home/pi/ros2_jazzy/install/launch:/home/pi/ros2_jazzy/install/osrf_pycommon:/home/pi/ros2_jazzy/install/domain_coordinator:/home/pi/ros2_jazzy/install/ament_xmllint:/home/pi/ros2_jazzy/install/ament_pyflakes:/home/pi/ros2_jazzy/install/ament_pycodestyle:/home/pi/ros2_jazzy/install/ament_pep257:/home/pi/ros2_jazzy/install/ament_pclint:/home/pi/ros2_jazzy/install/ament_package:/home/pi/ros2_jazzy/install/ament_mypy:/home/pi/ros2_jazzy/install/ament_lint_cmake:/home/pi/ros2_jazzy/install/ament_flake8:/home/pi/ros2_jazzy/install/ament_copyright:/home/pi/ros2_jazzy/install/ament_lint:/home/pi/ros2_jazzy/install/ament_index_python:/home/pi/ros2_jazzy/install/ament_cpplint:/home/pi/ros2_jazzy/install/ament_cppcheck:/home/pi/ros2_jazzy/install/ament_clang_tidy:/home/pi/ros2_jazzy/install/ament_clang_format /usr/bin/cmake --build /home/pi/ME439Team125/build/xarmrob_interfaces -- -j4 -l4
[26.787s] [  1%] [34m[1mGenerating type hashes for ROS interfaces[0m
[26.863s] [  1%] Built target ament_cmake_python_symlink_xarmrob_interfaces
[29.397s] [  1%] Built target xarmrob_interfaces__rosidl_generator_type_description
[29.486s] running egg_info
[29.490s] creating xarmrob_interfaces.egg-info
[29.504s] [  2%] [34m[1mGenerating C code for ROS interfaces[0m
[29.595s] [  2%] [34m[1mGenerating C++ code for ROS interfaces[0m
[29.730s] writing xarmrob_interfaces.egg-info/PKG-INFO
[29.731s] writing dependency_links to xarmrob_interfaces.egg-info/dependency_links.txt
[29.732s] writing top-level names to xarmrob_interfaces.egg-info/top_level.txt
[29.732s] writing manifest file 'xarmrob_interfaces.egg-info/SOURCES.txt'
[30.450s] reading manifest file 'xarmrob_interfaces.egg-info/SOURCES.txt'
[30.458s] writing manifest file 'xarmrob_interfaces.egg-info/SOURCES.txt'
[30.712s] [  2%] Built target ament_cmake_python_build_xarmrob_interfaces_egg
[35.885s] [  2%] Built target xarmrob_interfaces__cpp
[36.893s] [  4%] [32mBuilding C object CMakeFiles/xarmrob_interfaces__rosidl_generator_c.dir/rosidl_generator_c/xarmrob_interfaces/msg/detail/me439_joint_command__functions.c.o[0m
[36.894s] [  4%] [32mBuilding C object CMakeFiles/xarmrob_interfaces__rosidl_generator_c.dir/rosidl_generator_c/xarmrob_interfaces/msg/detail/me439_joint_command__type_support.c.o[0m
[36.894s] [  5%] [32mBuilding C object CMakeFiles/xarmrob_interfaces__rosidl_generator_c.dir/rosidl_generator_c/xarmrob_interfaces/msg/detail/me439_joint_command__description.c.o[0m
[36.896s] [  6%] [32mBuilding C object CMakeFiles/xarmrob_interfaces__rosidl_generator_c.dir/rosidl_generator_c/xarmrob_interfaces/msg/detail/me439_gripper_command__description.c.o[0m
[37.132s] [  7%] [32mBuilding C object CMakeFiles/xarmrob_interfaces__rosidl_generator_c.dir/rosidl_generator_c/xarmrob_interfaces/msg/detail/me439_gripper_command__functions.c.o[0m
[37.184s] [  8%] [32mBuilding C object CMakeFiles/xarmrob_interfaces__rosidl_generator_c.dir/rosidl_generator_c/xarmrob_interfaces/msg/detail/me439_gripper_command__type_support.c.o[0m
[37.193s] [  9%] [32mBuilding C object CMakeFiles/xarmrob_interfaces__rosidl_generator_c.dir/rosidl_generator_c/xarmrob_interfaces/msg/detail/me439_joint_location__description.c.o[0m
[37.247s] [ 10%] [32mBuilding C object CMakeFiles/xarmrob_interfaces__rosidl_generator_c.dir/rosidl_generator_c/xarmrob_interfaces/msg/detail/me439_joint_location__functions.c.o[0m
[37.465s] [ 11%] [32mBuilding C object CMakeFiles/xarmrob_interfaces__rosidl_generator_c.dir/rosidl_generator_c/xarmrob_interfaces/msg/detail/me439_joint_location__type_support.c.o[0m
[37.477s] [ 12%] [32mBuilding C object CMakeFiles/xarmrob_interfaces__rosidl_generator_c.dir/rosidl_generator_c/xarmrob_interfaces/msg/detail/me439_point_xyz__functions.c.o[0m
[37.523s] [ 13%] [32mBuilding C object CMakeFiles/xarmrob_interfaces__rosidl_generator_c.dir/rosidl_generator_c/xarmrob_interfaces/msg/detail/me439_point_xyz__description.c.o[0m
[37.719s] [ 14%] [32mBuilding C object CMakeFiles/xarmrob_interfaces__rosidl_generator_c.dir/rosidl_generator_c/xarmrob_interfaces/action/detail/me439_move_to_target__description.c.o[0m
[37.746s] [ 15%] [32mBuilding C object CMakeFiles/xarmrob_interfaces__rosidl_generator_c.dir/rosidl_generator_c/xarmrob_interfaces/msg/detail/me439_point_xyz__type_support.c.o[0m
[37.793s] [ 16%] [32mBuilding C object CMakeFiles/xarmrob_interfaces__rosidl_generator_c.dir/rosidl_generator_c/xarmrob_interfaces/action/detail/me439_move_to_target__functions.c.o[0m
[37.830s] [ 17%] [32mBuilding C object CMakeFiles/xarmrob_interfaces__rosidl_generator_c.dir/rosidl_generator_c/xarmrob_interfaces/action/detail/me439_move_to_target__type_support.c.o[0m
[38.156s] [ 18%] [32mBuilding C object CMakeFiles/xarmrob_interfaces__rosidl_generator_c.dir/rosidl_generator_c/xarmrob_interfaces/action/detail/operate_gripper__functions.c.o[0m
[38.202s] [ 19%] [32mBuilding C object CMakeFiles/xarmrob_interfaces__rosidl_generator_c.dir/rosidl_generator_c/xarmrob_interfaces/action/detail/operate_gripper__description.c.o[0m
[38.364s] [ 20%] [32mBuilding C object CMakeFiles/xarmrob_interfaces__rosidl_generator_c.dir/rosidl_generator_c/xarmrob_interfaces/action/detail/operate_gripper__type_support.c.o[0m
[38.770s] [ 21%] [32mBuilding C object CMakeFiles/xarmrob_interfaces__rosidl_generator_c.dir/rosidl_generator_c/xarmrob_interfaces/srv/detail/me439_x_arm_forward_kinematics__description.c.o[0m
[38.867s] [ 22%] [32mBuilding C object CMakeFiles/xarmrob_interfaces__rosidl_generator_c.dir/rosidl_generator_c/xarmrob_interfaces/srv/detail/me439_x_arm_forward_kinematics__functions.c.o[0m
[39.095s] [ 23%] [32mBuilding C object CMakeFiles/xarmrob_interfaces__rosidl_generator_c.dir/rosidl_generator_c/xarmrob_interfaces/srv/detail/me439_x_arm_forward_kinematics__type_support.c.o[0m
[39.146s] [ 24%] [32mBuilding C object CMakeFiles/xarmrob_interfaces__rosidl_generator_c.dir/rosidl_generator_c/xarmrob_interfaces/srv/detail/me439_x_arm_inverse_kinematics__description.c.o[0m
[39.216s] [ 25%] [32mBuilding C object CMakeFiles/xarmrob_interfaces__rosidl_generator_c.dir/rosidl_generator_c/xarmrob_interfaces/srv/detail/me439_x_arm_inverse_kinematics__functions.c.o[0m
[39.369s] [ 25%] [32mBuilding C object CMakeFiles/xarmrob_interfaces__rosidl_generator_c.dir/rosidl_generator_c/xarmrob_interfaces/srv/detail/me439_x_arm_inverse_kinematics__type_support.c.o[0m
[39.677s] [ 26%] [32m[1mLinking C shared library libxarmrob_interfaces__rosidl_generator_c.so[0m
[39.949s] [ 26%] Built target xarmrob_interfaces__rosidl_generator_c
[40.033s] [ 29%] [34m[1mGenerating C++ introspection for ROS interfaces[0m
[40.033s] [ 29%] [34m[1mGenerating C++ type support dispatch for ROS interfaces[0m
[40.033s] [ 29%] [34m[1mGenerating C type support dispatch for ROS interfaces[0m
[40.034s] [ 30%] [34m[1mGenerating C type support for eProsima Fast-RTPS[0m
[44.330s] [ 31%] [32mBuilding CXX object CMakeFiles/xarmrob_interfaces__rosidl_typesupport_c.dir/rosidl_typesupport_c/xarmrob_interfaces/msg/me439_joint_command__type_support.cpp.o[0m
[44.449s] [ 32%] [32mBuilding CXX object CMakeFiles/xarmrob_interfaces__rosidl_typesupport_cpp.dir/rosidl_typesupport_cpp/xarmrob_interfaces/msg/me439_joint_command__type_support.cpp.o[0m
[44.678s] [ 33%] [32mBuilding CXX object CMakeFiles/xarmrob_interfaces__rosidl_typesupport_c.dir/rosidl_typesupport_c/xarmrob_interfaces/msg/me439_gripper_command__type_support.cpp.o[0m
[45.025s] [ 34%] [32mBuilding CXX object CMakeFiles/xarmrob_interfaces__rosidl_typesupport_c.dir/rosidl_typesupport_c/xarmrob_interfaces/msg/me439_joint_location__type_support.cpp.o[0m
[45.374s] [ 35%] [32mBuilding CXX object CMakeFiles/xarmrob_interfaces__rosidl_typesupport_c.dir/rosidl_typesupport_c/xarmrob_interfaces/msg/me439_point_xyz__type_support.cpp.o[0m
[45.630s] [ 36%] [32mBuilding CXX object CMakeFiles/xarmrob_interfaces__rosidl_typesupport_introspection_cpp.dir/rosidl_typesupport_introspection_cpp/xarmrob_interfaces/msg/detail/me439_joint_command__type_support.cpp.o[0m
[45.721s] [ 37%] [32mBuilding CXX object CMakeFiles/xarmrob_interfaces__rosidl_typesupport_c.dir/rosidl_typesupport_c/xarmrob_interfaces/action/me439_move_to_target__type_support.cpp.o[0m
[46.172s] [ 38%] [32mBuilding CXX object CMakeFiles/xarmrob_interfaces__rosidl_typesupport_c.dir/rosidl_typesupport_c/xarmrob_interfaces/action/operate_gripper__type_support.cpp.o[0m
[46.616s] [ 39%] [32mBuilding CXX object CMakeFiles/xarmrob_interfaces__rosidl_typesupport_c.dir/rosidl_typesupport_c/xarmrob_interfaces/srv/me439_x_arm_forward_kinematics__type_support.cpp.o[0m
[46.847s] [ 40%] [32mBuilding CXX object CMakeFiles/xarmrob_interfaces__rosidl_typesupport_cpp.dir/rosidl_typesupport_cpp/xarmrob_interfaces/msg/me439_gripper_command__type_support.cpp.o[0m
[46.986s] [ 41%] [32mBuilding CXX object CMakeFiles/xarmrob_interfaces__rosidl_typesupport_c.dir/rosidl_typesupport_c/xarmrob_interfaces/srv/me439_x_arm_inverse_kinematics__type_support.cpp.o[0m
[47.399s] [ 42%] [32m[1mLinking CXX shared library libxarmrob_interfaces__rosidl_typesupport_c.so[0m
[47.744s] [ 42%] Built target xarmrob_interfaces__rosidl_typesupport_c
[47.847s] [ 43%] [34m[1mGenerating C++ type support for eProsima Fast-RTPS[0m
[48.768s] [ 44%] [32mBuilding CXX object CMakeFiles/xarmrob_interfaces__rosidl_typesupport_introspection_cpp.dir/rosidl_typesupport_introspection_cpp/xarmrob_interfaces/msg/detail/me439_gripper_command__type_support.cpp.o[0m
[48.866s] [ 45%] [32mBuilding CXX object CMakeFiles/xarmrob_interfaces__rosidl_typesupport_fastrtps_c.dir/rosidl_typesupport_fastrtps_c/xarmrob_interfaces/msg/detail/me439_joint_command__type_support_c.cpp.o[0m
[49.427s] [ 46%] [32mBuilding CXX object CMakeFiles/xarmrob_interfaces__rosidl_typesupport_cpp.dir/rosidl_typesupport_cpp/xarmrob_interfaces/msg/me439_joint_location__type_support.cpp.o[0m
[51.255s] [ 47%] [32mBuilding CXX object CMakeFiles/xarmrob_interfaces__rosidl_typesupport_introspection_cpp.dir/rosidl_typesupport_introspection_cpp/xarmrob_interfaces/msg/detail/me439_joint_location__type_support.cpp.o[0m
[52.382s] [ 47%] [32mBuilding CXX object CMakeFiles/xarmrob_interfaces__rosidl_typesupport_cpp.dir/rosidl_typesupport_cpp/xarmrob_interfaces/msg/me439_point_xyz__type_support.cpp.o[0m
[53.005s] [ 48%] [32mBuilding CXX object CMakeFiles/xarmrob_interfaces__rosidl_typesupport_fastrtps_c.dir/rosidl_typesupport_fastrtps_c/xarmrob_interfaces/msg/detail/me439_gripper_command__type_support_c.cpp.o[0m
[53.961s] [ 49%] [32mBuilding CXX object CMakeFiles/xarmrob_interfaces__rosidl_typesupport_introspection_cpp.dir/rosidl_typesupport_introspection_cpp/xarmrob_interfaces/msg/detail/me439_point_xyz__type_support.cpp.o[0m
[54.828s] [ 50%] [32mBuilding CXX object CMakeFiles/xarmrob_interfaces__rosidl_typesupport_cpp.dir/rosidl_typesupport_cpp/xarmrob_interfaces/action/me439_move_to_target__type_support.cpp.o[0m
[56.436s] [ 51%] [32mBuilding CXX object CMakeFiles/xarmrob_interfaces__rosidl_typesupport_introspection_cpp.dir/rosidl_typesupport_introspection_cpp/xarmrob_interfaces/action/detail/me439_move_to_target__type_support.cpp.o[0m
[56.578s] [ 52%] [32mBuilding CXX object CMakeFiles/xarmrob_interfaces__rosidl_typesupport_fastrtps_c.dir/rosidl_typesupport_fastrtps_c/xarmrob_interfaces/msg/detail/me439_joint_location__type_support_c.cpp.o[0m
[56.913s] [ 53%] [32mBuilding CXX object CMakeFiles/xarmrob_interfaces__rosidl_typesupport_fastrtps_cpp.dir/rosidl_typesupport_fastrtps_cpp/xarmrob_interfaces/msg/detail/dds_fastrtps/me439_joint_command__type_support.cpp.o[0m
[60.338s] [ 54%] [32mBuilding CXX object CMakeFiles/xarmrob_interfaces__rosidl_typesupport_fastrtps_c.dir/rosidl_typesupport_fastrtps_c/xarmrob_interfaces/msg/detail/me439_point_xyz__type_support_c.cpp.o[0m
[60.407s] [ 55%] [32mBuilding CXX object CMakeFiles/xarmrob_interfaces__rosidl_typesupport_cpp.dir/rosidl_typesupport_cpp/xarmrob_interfaces/action/operate_gripper__type_support.cpp.o[0m
[61.519s] [ 56%] [32mBuilding CXX object CMakeFiles/xarmrob_interfaces__rosidl_typesupport_fastrtps_cpp.dir/rosidl_typesupport_fastrtps_cpp/xarmrob_interfaces/msg/detail/dds_fastrtps/me439_gripper_command__type_support.cpp.o[0m
[62.685s] [ 57%] [32mBuilding CXX object CMakeFiles/xarmrob_interfaces__rosidl_typesupport_introspection_cpp.dir/rosidl_typesupport_introspection_cpp/xarmrob_interfaces/action/detail/operate_gripper__type_support.cpp.o[0m
[64.133s] [ 58%] [32mBuilding CXX object CMakeFiles/xarmrob_interfaces__rosidl_typesupport_fastrtps_c.dir/rosidl_typesupport_fastrtps_c/xarmrob_interfaces/action/detail/me439_move_to_target__type_support_c.cpp.o[0m
[65.216s] [ 59%] [32mBuilding CXX object CMakeFiles/xarmrob_interfaces__rosidl_typesupport_fastrtps_cpp.dir/rosidl_typesupport_fastrtps_cpp/xarmrob_interfaces/msg/detail/dds_fastrtps/me439_joint_location__type_support.cpp.o[0m
[66.803s] [ 60%] [32mBuilding CXX object CMakeFiles/xarmrob_interfaces__rosidl_typesupport_cpp.dir/rosidl_typesupport_cpp/xarmrob_interfaces/srv/me439_x_arm_forward_kinematics__type_support.cpp.o[0m
[68.779s] [ 61%] [32mBuilding CXX object CMakeFiles/xarmrob_interfaces__rosidl_typesupport_fastrtps_c.dir/rosidl_typesupport_fastrtps_c/xarmrob_interfaces/action/detail/operate_gripper__type_support_c.cpp.o[0m
[68.793s] [ 62%] [32mBuilding CXX object CMakeFiles/xarmrob_interfaces__rosidl_typesupport_introspection_cpp.dir/rosidl_typesupport_introspection_cpp/xarmrob_interfaces/srv/detail/me439_x_arm_forward_kinematics__type_support.cpp.o[0m
[69.415s] [ 63%] [32mBuilding CXX object CMakeFiles/xarmrob_interfaces__rosidl_typesupport_fastrtps_cpp.dir/rosidl_typesupport_fastrtps_cpp/xarmrob_interfaces/msg/detail/dds_fastrtps/me439_point_xyz__type_support.cpp.o[0m
[70.607s] [ 64%] [32mBuilding CXX object CMakeFiles/xarmrob_interfaces__rosidl_typesupport_cpp.dir/rosidl_typesupport_cpp/xarmrob_interfaces/srv/me439_x_arm_inverse_kinematics__type_support.cpp.o[0m
[72.863s] [ 65%] [32mBuilding CXX object CMakeFiles/xarmrob_interfaces__rosidl_typesupport_introspection_cpp.dir/rosidl_typesupport_introspection_cpp/xarmrob_interfaces/srv/detail/me439_x_arm_inverse_kinematics__type_support.cpp.o[0m
[73.769s] [ 66%] [32mBuilding CXX object CMakeFiles/xarmrob_interfaces__rosidl_typesupport_fastrtps_c.dir/rosidl_typesupport_fastrtps_c/xarmrob_interfaces/srv/detail/me439_x_arm_forward_kinematics__type_support_c.cpp.o[0m
[73.939s] [ 67%] [32mBuilding CXX object CMakeFiles/xarmrob_interfaces__rosidl_typesupport_fastrtps_cpp.dir/rosidl_typesupport_fastrtps_cpp/xarmrob_interfaces/action/detail/dds_fastrtps/me439_move_to_target__type_support.cpp.o[0m
[74.363s] [ 68%] [32m[1mLinking CXX shared library libxarmrob_interfaces__rosidl_typesupport_cpp.so[0m
[75.292s] [ 68%] Built target xarmrob_interfaces__rosidl_typesupport_cpp
[75.401s] [ 68%] [34m[1mGenerating C introspection for ROS interfaces[0m
[77.322s] [ 69%] [32m[1mLinking CXX shared library libxarmrob_interfaces__rosidl_typesupport_introspection_cpp.so[0m
[77.824s] [ 70%] [32mBuilding CXX object CMakeFiles/xarmrob_interfaces__rosidl_typesupport_fastrtps_c.dir/rosidl_typesupport_fastrtps_c/xarmrob_interfaces/srv/detail/me439_x_arm_inverse_kinematics__type_support_c.cpp.o[0m
[77.995s] [ 70%] Built target xarmrob_interfaces__rosidl_typesupport_introspection_cpp
[78.081s] [ 71%] [32mBuilding CXX object CMakeFiles/xarmrob_interfaces__rosidl_typesupport_fastrtps_cpp.dir/rosidl_typesupport_fastrtps_cpp/xarmrob_interfaces/action/detail/dds_fastrtps/operate_gripper__type_support.cpp.o[0m
[81.824s] [ 72%] [32m[1mLinking CXX shared library libxarmrob_interfaces__rosidl_typesupport_fastrtps_c.so[0m
[82.383s] [ 72%] Built target xarmrob_interfaces__rosidl_typesupport_fastrtps_c
[82.471s] [ 73%] [32mBuilding CXX object CMakeFiles/xarmrob_interfaces__rosidl_typesupport_fastrtps_cpp.dir/rosidl_typesupport_fastrtps_cpp/xarmrob_interfaces/srv/detail/dds_fastrtps/me439_x_arm_forward_kinematics__type_support.cpp.o[0m
[82.617s] [ 74%] [32mBuilding C object CMakeFiles/xarmrob_interfaces__rosidl_typesupport_introspection_c.dir/rosidl_typesupport_introspection_c/xarmrob_interfaces/msg/detail/me439_joint_command__type_support.c.o[0m
[82.689s] [ 75%] [32mBuilding CXX object CMakeFiles/xarmrob_interfaces__rosidl_typesupport_fastrtps_cpp.dir/rosidl_typesupport_fastrtps_cpp/xarmrob_interfaces/srv/detail/dds_fastrtps/me439_x_arm_inverse_kinematics__type_support.cpp.o[0m
[82.959s] [ 76%] [32mBuilding C object CMakeFiles/xarmrob_interfaces__rosidl_typesupport_introspection_c.dir/rosidl_typesupport_introspection_c/xarmrob_interfaces/msg/detail/me439_gripper_command__type_support.c.o[0m
[83.277s] [ 77%] [32mBuilding C object CMakeFiles/xarmrob_interfaces__rosidl_typesupport_introspection_c.dir/rosidl_typesupport_introspection_c/xarmrob_interfaces/msg/detail/me439_joint_location__type_support.c.o[0m
[83.645s] [ 78%] [32mBuilding C object CMakeFiles/xarmrob_interfaces__rosidl_typesupport_introspection_c.dir/rosidl_typesupport_introspection_c/xarmrob_interfaces/msg/detail/me439_point_xyz__type_support.c.o[0m
[83.992s] [ 79%] [32mBuilding C object CMakeFiles/xarmrob_interfaces__rosidl_typesupport_introspection_c.dir/rosidl_typesupport_introspection_c/xarmrob_interfaces/action/detail/me439_move_to_target__type_support.c.o[0m
[84.604s] [ 80%] [32mBuilding C object CMakeFiles/xarmrob_interfaces__rosidl_typesupport_introspection_c.dir/rosidl_typesupport_introspection_c/xarmrob_interfaces/action/detail/operate_gripper__type_support.c.o[0m
[85.181s] [ 81%] [32mBuilding C object CMakeFiles/xarmrob_interfaces__rosidl_typesupport_introspection_c.dir/rosidl_typesupport_introspection_c/xarmrob_interfaces/srv/detail/me439_x_arm_forward_kinematics__type_support.c.o[0m
[85.636s] [ 82%] [32mBuilding C object CMakeFiles/xarmrob_interfaces__rosidl_typesupport_introspection_c.dir/rosidl_typesupport_introspection_c/xarmrob_interfaces/srv/detail/me439_x_arm_inverse_kinematics__type_support.c.o[0m
[86.122s] [ 83%] [32m[1mLinking C shared library libxarmrob_interfaces__rosidl_typesupport_introspection_c.so[0m
[86.411s] [ 83%] Built target xarmrob_interfaces__rosidl_typesupport_introspection_c
[87.868s] [ 84%] [32m[1mLinking CXX shared library libxarmrob_interfaces__rosidl_typesupport_fastrtps_cpp.so[0m
[88.366s] [ 84%] Built target xarmrob_interfaces__rosidl_typesupport_fastrtps_cpp
[88.513s] [ 84%] Built target xarmrob_interfaces
[88.658s] [ 85%] [34m[1mGenerating Python code for ROS interfaces[0m
[97.773s] [ 85%] Built target xarmrob_interfaces__py
[97.923s] [ 86%] [32mBuilding C object CMakeFiles/xarmrob_interfaces__rosidl_generator_py.dir/rosidl_generator_py/xarmrob_interfaces/msg/_me439_gripper_command_s.c.o[0m
[97.931s] [ 87%] [32mBuilding C object CMakeFiles/xarmrob_interfaces__rosidl_generator_py.dir/rosidl_generator_py/xarmrob_interfaces/msg/_me439_point_xyz_s.c.o[0m
[97.932s] [ 88%] [32mBuilding C object CMakeFiles/xarmrob_interfaces__rosidl_generator_py.dir/rosidl_generator_py/xarmrob_interfaces/msg/_me439_joint_command_s.c.o[0m
[97.970s] [ 89%] [32mBuilding C object CMakeFiles/xarmrob_interfaces__rosidl_generator_py.dir/rosidl_generator_py/xarmrob_interfaces/msg/_me439_joint_location_s.c.o[0m
[98.773s] [ 90%] [32mBuilding C object CMakeFiles/xarmrob_interfaces__rosidl_generator_py.dir/rosidl_generator_py/xarmrob_interfaces/action/_me439_move_to_target_s.c.o[0m
[98.819s] [ 91%] [32mBuilding C object CMakeFiles/xarmrob_interfaces__rosidl_generator_py.dir/rosidl_generator_py/xarmrob_interfaces/srv/_me439_x_arm_forward_kinematics_s.c.o[0m
[98.826s] [ 92%] [32mBuilding C object CMakeFiles/xarmrob_interfaces__rosidl_generator_py.dir/rosidl_generator_py/xarmrob_interfaces/action/_operate_gripper_s.c.o[0m
[98.884s] [ 93%] [32mBuilding C object CMakeFiles/xarmrob_interfaces__rosidl_generator_py.dir/rosidl_generator_py/xarmrob_interfaces/srv/_me439_x_arm_inverse_kinematics_s.c.o[0m
[99.952s] [ 94%] [32m[1mLinking C shared library libxarmrob_interfaces__rosidl_generator_py.so[0m
[100.241s] [ 94%] Built target xarmrob_interfaces__rosidl_generator_py
[100.399s] [ 96%] [32mBuilding C object CMakeFiles/xarmrob_interfaces_s__rosidl_typesupport_c.dir/rosidl_generator_py/xarmrob_interfaces/_xarmrob_interfaces_s.ep.rosidl_typesupport_c.c.o[0m
[100.399s] [ 96%] [32mBuilding C object CMakeFiles/xarmrob_interfaces_s__rosidl_typesupport_introspection_c.dir/rosidl_generator_py/xarmrob_interfaces/_xarmrob_interfaces_s.ep.rosidl_typesupport_introspection_c.c.o[0m
[100.404s] [ 97%] [32mBuilding C object CMakeFiles/xarmrob_interfaces_s__rosidl_typesupport_fastrtps_c.dir/rosidl_generator_py/xarmrob_interfaces/_xarmrob_interfaces_s.ep.rosidl_typesupport_fastrtps_c.c.o[0m
[101.489s] [ 98%] [32m[1mLinking C shared module rosidl_generator_py/xarmrob_interfaces/xarmrob_interfaces_s__rosidl_typesupport_introspection_c.so[0m
[101.490s] [ 99%] [32m[1mLinking C shared module rosidl_generator_py/xarmrob_interfaces/xarmrob_interfaces_s__rosidl_typesupport_c.so[0m
[101.514s] [100%] [32m[1mLinking C shared module rosidl_generator_py/xarmrob_interfaces/xarmrob_interfaces_s__rosidl_typesupport_fastrtps_c.so[0m
[101.725s] [100%] Built target xarmrob_interfaces_s__rosidl_typesupport_introspection_c
[101.726s] [100%] Built target xarmrob_interfaces_s__rosidl_typesupport_c
[101.761s] [100%] Built target xarmrob_interfaces_s__rosidl_typesupport_fastrtps_c
[101.834s] Invoked command in '/home/pi/ME439Team125/build/xarmrob_interfaces' returned '0': CMAKE_PREFIX_PATH=${CMAKE_PREFIX_PATH}:/home/pi/ME439Team125/install/xarmrob:/home/pi/ros2_ws_fp/install/xarmrob:/home/pi/ros2_jazzy/install/rqt_bag_plugins:/home/pi/ros2_jazzy/install/rqt_bag:/home/pi/ros2_jazzy/install/rosbag2_examples_py:/home/pi/ros2_jazzy/install/launch_testing_examples:/home/pi/ros2_jazzy/install/ros2bag:/home/pi/ros2_jazzy/install/tracetools_test:/home/pi/ros2_jazzy/install/tracetools_launch:/home/pi/ros2_jazzy/install/topic_monitor:/home/pi/ros2_jazzy/install/tf2_tools:/home/pi/ros2_jazzy/install/examples_tf2_py:/home/pi/ros2_jazzy/install/tf2_ros_py:/home/pi/ros2_jazzy/install/examples_rclpy_pointcloud_publisher:/home/pi/ros2_jazzy/install/sensor_msgs_py:/home/pi/ros2_jazzy/install/quality_of_service_demo_py:/home/pi/ros2_jazzy/install/rqt_plot:/home/pi/ros2_jazzy/install/ros2doctor:/home/pi/ros2_jazzy/install/lifecycle_py:/home/pi/ros2_jazzy/install/examples_rclpy_minimal_subscriber:/home/pi/ros2_jazzy/install/examples_rclpy_minimal_service:/home/pi/ros2_jazzy/install/examples_rclpy_minimal_publisher:/home/pi/ros2_jazzy/install/examples_rclpy_minimal_client:/home/pi/ros2_jazzy/install/examples_rclpy_executors:/home/pi/ros2_jazzy/install/demo_nodes_py:/home/pi/ros2_jazzy/install/rqt:/home/pi/ros2_jazzy/install/ros2component:/home/pi/ros2_jazzy/install/sros2:/home/pi/ros2_jazzy/install/rqt_topic:/home/pi/ros2_jazzy/install/rqt_srv:/home/pi/ros2_jazzy/install/rqt_shell:/home/pi/ros2_jazzy/install/rqt_service_caller:/home/pi/ros2_jazzy/install/rqt_reconfigure:/home/pi/ros2_jazzy/install/rqt_py_console:/home/pi/ros2_jazzy/install/rqt_publisher:/home/pi/ros2_jazzy/install/rqt_action:/home/pi/ros2_jazzy/install/rqt_msg:/home/pi/ros2_jazzy/install/rqt_console:/home/pi/ros2_jazzy/install/rqt_graph:/home/pi/ros2_jazzy/install/rqt_gui_py:/home/pi/ros2_jazzy/install/rqt_gui:/home/pi/ros2_jazzy/install/ros2trace:/home/pi/ros2_jazzy/install/ros2topic:/home/pi/ros2_jazzy/install/ros2test:/home/pi/ros2_jazzy/install/ros2param:/home/pi/ros2_jazzy/install/ros2lifecycle:/home/pi/ros2_jazzy/install/ros2service:/home/pi/ros2_jazzy/install/ros2run:/home/pi/ros2_jazzy/install/ros2launch:/home/pi/ros2_jazzy/install/ros2pkg:/home/pi/ros2_jazzy/install/ros2node:/home/pi/ros2_jazzy/install/ros2multicast:/home/pi/ros2_jazzy/install/ros2interface:/home/pi/ros2_jazzy/install/ros2action:/home/pi/ros2_jazzy/install/ros2cli:/home/pi/ros2_jazzy/install/launch_testing_ros:/home/pi/ros2_jazzy/install/launch_ros:/home/pi/ros2_jazzy/install/examples_rclpy_minimal_action_server:/home/pi/ros2_jazzy/install/examples_rclpy_minimal_action_client:/home/pi/ros2_jazzy/install/examples_rclpy_guard_conditions:/home/pi/ros2_jazzy/install/action_tutorials_py:/home/pi/ros2_jazzy/install/ament_uncrustify:/home/pi/ros2_jazzy/install/tracetools_trace:/home/pi/ros2_jazzy/install/tracetools_read:/home/pi/ros2_jazzy/install/test_tracetools_launch:/home/pi/ros2_jazzy/install/test_ros2trace:/home/pi/ros2_jazzy/install/test_launch_ros:/home/pi/ros2_jazzy/install/rpyutils:/home/pi/ros2_jazzy/install/rosidl_runtime_py:/home/pi/ros2_jazzy/install/rosidl_pycommon:/home/pi/ros2_jazzy/install/rosidl_cli:/home/pi/ros2_jazzy/install/launch_pytest:/home/pi/ros2_jazzy/install/launch_testing:/home/pi/ros2_jazzy/install/launch_yaml:/home/pi/ros2_jazzy/install/launch_xml:/home/pi/ros2_jazzy/install/launch:/home/pi/ros2_jazzy/install/osrf_pycommon:/home/pi/ros2_jazzy/install/domain_coordinator:/home/pi/ros2_jazzy/install/ament_xmllint:/home/pi/ros2_jazzy/install/ament_pyflakes:/home/pi/ros2_jazzy/install/ament_pycodestyle:/home/pi/ros2_jazzy/install/ament_pep257:/home/pi/ros2_jazzy/install/ament_pclint:/home/pi/ros2_jazzy/install/ament_package:/home/pi/ros2_jazzy/install/ament_mypy:/home/pi/ros2_jazzy/install/ament_lint_cmake:/home/pi/ros2_jazzy/install/ament_flake8:/home/pi/ros2_jazzy/install/ament_copyright:/home/pi/ros2_jazzy/install/ament_lint:/home/pi/ros2_jazzy/install/ament_index_python:/home/pi/ros2_jazzy/install/ament_cpplint:/home/pi/ros2_jazzy/install/ament_cppcheck:/home/pi/ros2_jazzy/install/ament_clang_tidy:/home/pi/ros2_jazzy/install/ament_clang_format /usr/bin/cmake --build /home/pi/ME439Team125/build/xarmrob_interfaces -- -j4 -l4
[103.445s] Invoking command in '/home/pi/ME439Team125/build/xarmrob_interfaces': CMAKE_PREFIX_PATH=${CMAKE_PREFIX_PATH}:/home/pi/ME439Team125/install/xarmrob:/home/pi/ros2_ws_fp/install/xarmrob:/home/pi/ros2_jazzy/install/rqt_bag_plugins:/home/pi/ros2_jazzy/install/rqt_bag:/home/pi/ros2_jazzy/install/rosbag2_examples_py:/home/pi/ros2_jazzy/install/launch_testing_examples:/home/pi/ros2_jazzy/install/ros2bag:/home/pi/ros2_jazzy/install/tracetools_test:/home/pi/ros2_jazzy/install/tracetools_launch:/home/pi/ros2_jazzy/install/topic_monitor:/home/pi/ros2_jazzy/install/tf2_tools:/home/pi/ros2_jazzy/install/examples_tf2_py:/home/pi/ros2_jazzy/install/tf2_ros_py:/home/pi/ros2_jazzy/install/examples_rclpy_pointcloud_publisher:/home/pi/ros2_jazzy/install/sensor_msgs_py:/home/pi/ros2_jazzy/install/quality_of_service_demo_py:/home/pi/ros2_jazzy/install/rqt_plot:/home/pi/ros2_jazzy/install/ros2doctor:/home/pi/ros2_jazzy/install/lifecycle_py:/home/pi/ros2_jazzy/install/examples_rclpy_minimal_subscriber:/home/pi/ros2_jazzy/install/examples_rclpy_minimal_service:/home/pi/ros2_jazzy/install/examples_rclpy_minimal_publisher:/home/pi/ros2_jazzy/install/examples_rclpy_minimal_client:/home/pi/ros2_jazzy/install/examples_rclpy_executors:/home/pi/ros2_jazzy/install/demo_nodes_py:/home/pi/ros2_jazzy/install/rqt:/home/pi/ros2_jazzy/install/ros2component:/home/pi/ros2_jazzy/install/sros2:/home/pi/ros2_jazzy/install/rqt_topic:/home/pi/ros2_jazzy/install/rqt_srv:/home/pi/ros2_jazzy/install/rqt_shell:/home/pi/ros2_jazzy/install/rqt_service_caller:/home/pi/ros2_jazzy/install/rqt_reconfigure:/home/pi/ros2_jazzy/install/rqt_py_console:/home/pi/ros2_jazzy/install/rqt_publisher:/home/pi/ros2_jazzy/install/rqt_action:/home/pi/ros2_jazzy/install/rqt_msg:/home/pi/ros2_jazzy/install/rqt_console:/home/pi/ros2_jazzy/install/rqt_graph:/home/pi/ros2_jazzy/install/rqt_gui_py:/home/pi/ros2_jazzy/install/rqt_gui:/home/pi/ros2_jazzy/install/ros2trace:/home/pi/ros2_jazzy/install/ros2topic:/home/pi/ros2_jazzy/install/ros2test:/home/pi/ros2_jazzy/install/ros2param:/home/pi/ros2_jazzy/install/ros2lifecycle:/home/pi/ros2_jazzy/install/ros2service:/home/pi/ros2_jazzy/install/ros2run:/home/pi/ros2_jazzy/install/ros2launch:/home/pi/ros2_jazzy/install/ros2pkg:/home/pi/ros2_jazzy/install/ros2node:/home/pi/ros2_jazzy/install/ros2multicast:/home/pi/ros2_jazzy/install/ros2interface:/home/pi/ros2_jazzy/install/ros2action:/home/pi/ros2_jazzy/install/ros2cli:/home/pi/ros2_jazzy/install/launch_testing_ros:/home/pi/ros2_jazzy/install/launch_ros:/home/pi/ros2_jazzy/install/examples_rclpy_minimal_action_server:/home/pi/ros2_jazzy/install/examples_rclpy_minimal_action_client:/home/pi/ros2_jazzy/install/examples_rclpy_guard_conditions:/home/pi/ros2_jazzy/install/action_tutorials_py:/home/pi/ros2_jazzy/install/ament_uncrustify:/home/pi/ros2_jazzy/install/tracetools_trace:/home/pi/ros2_jazzy/install/tracetools_read:/home/pi/ros2_jazzy/install/test_tracetools_launch:/home/pi/ros2_jazzy/install/test_ros2trace:/home/pi/ros2_jazzy/install/test_launch_ros:/home/pi/ros2_jazzy/install/rpyutils:/home/pi/ros2_jazzy/install/rosidl_runtime_py:/home/pi/ros2_jazzy/install/rosidl_pycommon:/home/pi/ros2_jazzy/install/rosidl_cli:/home/pi/ros2_jazzy/install/launch_pytest:/home/pi/ros2_jazzy/install/launch_testing:/home/pi/ros2_jazzy/install/launch_yaml:/home/pi/ros2_jazzy/install/launch_xml:/home/pi/ros2_jazzy/install/launch:/home/pi/ros2_jazzy/install/osrf_pycommon:/home/pi/ros2_jazzy/install/domain_coordinator:/home/pi/ros2_jazzy/install/ament_xmllint:/home/pi/ros2_jazzy/install/ament_pyflakes:/home/pi/ros2_jazzy/install/ament_pycodestyle:/home/pi/ros2_jazzy/install/ament_pep257:/home/pi/ros2_jazzy/install/ament_pclint:/home/pi/ros2_jazzy/install/ament_package:/home/pi/ros2_jazzy/install/ament_mypy:/home/pi/ros2_jazzy/install/ament_lint_cmake:/home/pi/ros2_jazzy/install/ament_flake8:/home/pi/ros2_jazzy/install/ament_copyright:/home/pi/ros2_jazzy/install/ament_lint:/home/pi/ros2_jazzy/install/ament_index_python:/home/pi/ros2_jazzy/install/ament_cpplint:/home/pi/ros2_jazzy/install/ament_cppcheck:/home/pi/ros2_jazzy/install/ament_clang_tidy:/home/pi/ros2_jazzy/install/ament_clang_format /usr/bin/cmake --install /home/pi/ME439Team125/build/xarmrob_interfaces
[103.504s] -- Install configuration: ""
[103.506s] -- Execute custom install script
[103.507s] -- Symlinking: /home/pi/ME439Team125/install/xarmrob_interfaces/share/ament_index/resource_index/rosidl_interfaces/xarmrob_interfaces
[103.565s] -- Symlinking: /home/pi/ME439Team125/install/xarmrob_interfaces/share/xarmrob_interfaces/msg/ME439JointCommand.json
[103.630s] -- Symlinking: /home/pi/ME439Team125/install/xarmrob_interfaces/share/xarmrob_interfaces/msg/ME439GripperCommand.json
[103.690s] -- Symlinking: /home/pi/ME439Team125/install/xarmrob_interfaces/share/xarmrob_interfaces/msg/ME439JointLocation.json
[103.751s] -- Symlinking: /home/pi/ME439Team125/install/xarmrob_interfaces/share/xarmrob_interfaces/msg/ME439PointXYZ.json
[103.811s] -- Symlinking: /home/pi/ME439Team125/install/xarmrob_interfaces/share/xarmrob_interfaces/action/ME439MoveToTarget.json
[103.870s] -- Symlinking: /home/pi/ME439Team125/install/xarmrob_interfaces/share/xarmrob_interfaces/action/OperateGripper.json
[103.932s] -- Symlinking: /home/pi/ME439Team125/install/xarmrob_interfaces/share/xarmrob_interfaces/srv/ME439XArmForwardKinematics.json
[103.992s] -- Symlinking: /home/pi/ME439Team125/install/xarmrob_interfaces/share/xarmrob_interfaces/srv/ME439XArmInverseKinematics.json
[104.055s] -- Symlinking: /home/pi/ME439Team125/install/xarmrob_interfaces/include/xarmrob_interfaces/xarmrob_interfaces/action/detail/me439_move_to_target__functions.h
[104.118s] -- Symlinking: /home/pi/ME439Team125/install/xarmrob_interfaces/include/xarmrob_interfaces/xarmrob_interfaces/action/detail/me439_move_to_target__struct.h
[104.176s] -- Symlinking: /home/pi/ME439Team125/install/xarmrob_interfaces/include/xarmrob_interfaces/xarmrob_interfaces/action/detail/me439_move_to_target__type_support.h
[104.238s] -- Symlinking: /home/pi/ME439Team125/install/xarmrob_interfaces/include/xarmrob_interfaces/xarmrob_interfaces/action/detail/operate_gripper__functions.h
[104.295s] -- Symlinking: /home/pi/ME439Team125/install/xarmrob_interfaces/include/xarmrob_interfaces/xarmrob_interfaces/action/detail/operate_gripper__struct.h
[104.369s] -- Symlinking: /home/pi/ME439Team125/install/xarmrob_interfaces/include/xarmrob_interfaces/xarmrob_interfaces/action/detail/operate_gripper__type_support.h
[104.433s] -- Symlinking: /home/pi/ME439Team125/install/xarmrob_interfaces/include/xarmrob_interfaces/xarmrob_interfaces/action/me439_move_to_target.h
[104.493s] -- Symlinking: /home/pi/ME439Team125/install/xarmrob_interfaces/include/xarmrob_interfaces/xarmrob_interfaces/action/operate_gripper.h
[104.552s] -- Symlinking: /home/pi/ME439Team125/install/xarmrob_interfaces/include/xarmrob_interfaces/xarmrob_interfaces/msg/detail/me439_gripper_command__functions.h
[104.616s] -- Symlinking: /home/pi/ME439Team125/install/xarmrob_interfaces/include/xarmrob_interfaces/xarmrob_interfaces/msg/detail/me439_gripper_command__struct.h
[104.675s] -- Symlinking: /home/pi/ME439Team125/install/xarmrob_interfaces/include/xarmrob_interfaces/xarmrob_interfaces/msg/detail/me439_gripper_command__type_support.h
[104.737s] -- Symlinking: /home/pi/ME439Team125/install/xarmrob_interfaces/include/xarmrob_interfaces/xarmrob_interfaces/msg/detail/me439_joint_command__functions.h
[104.797s] -- Symlinking: /home/pi/ME439Team125/install/xarmrob_interfaces/include/xarmrob_interfaces/xarmrob_interfaces/msg/detail/me439_joint_command__struct.h
[104.857s] -- Symlinking: /home/pi/ME439Team125/install/xarmrob_interfaces/include/xarmrob_interfaces/xarmrob_interfaces/msg/detail/me439_joint_command__type_support.h
[104.920s] -- Symlinking: /home/pi/ME439Team125/install/xarmrob_interfaces/include/xarmrob_interfaces/xarmrob_interfaces/msg/detail/me439_joint_location__functions.h
[104.976s] -- Symlinking: /home/pi/ME439Team125/install/xarmrob_interfaces/include/xarmrob_interfaces/xarmrob_interfaces/msg/detail/me439_joint_location__struct.h
[105.037s] -- Symlinking: /home/pi/ME439Team125/install/xarmrob_interfaces/include/xarmrob_interfaces/xarmrob_interfaces/msg/detail/me439_joint_location__type_support.h
[105.097s] -- Symlinking: /home/pi/ME439Team125/install/xarmrob_interfaces/include/xarmrob_interfaces/xarmrob_interfaces/msg/detail/me439_point_xyz__functions.h
[105.158s] -- Symlinking: /home/pi/ME439Team125/install/xarmrob_interfaces/include/xarmrob_interfaces/xarmrob_interfaces/msg/detail/me439_point_xyz__struct.h
[105.220s] -- Symlinking: /home/pi/ME439Team125/install/xarmrob_interfaces/include/xarmrob_interfaces/xarmrob_interfaces/msg/detail/me439_point_xyz__type_support.h
[105.278s] -- Symlinking: /home/pi/ME439Team125/install/xarmrob_interfaces/include/xarmrob_interfaces/xarmrob_interfaces/msg/me439_gripper_command.h
[105.340s] -- Symlinking: /home/pi/ME439Team125/install/xarmrob_interfaces/include/xarmrob_interfaces/xarmrob_interfaces/msg/me439_joint_command.h
[105.399s] -- Symlinking: /home/pi/ME439Team125/install/xarmrob_interfaces/include/xarmrob_interfaces/xarmrob_interfaces/msg/me439_joint_location.h
[105.460s] -- Symlinking: /home/pi/ME439Team125/install/xarmrob_interfaces/include/xarmrob_interfaces/xarmrob_interfaces/msg/me439_point_xyz.h
[105.520s] -- Symlinking: /home/pi/ME439Team125/install/xarmrob_interfaces/include/xarmrob_interfaces/xarmrob_interfaces/msg/rosidl_generator_c__visibility_control.h
[105.580s] -- Symlinking: /home/pi/ME439Team125/install/xarmrob_interfaces/include/xarmrob_interfaces/xarmrob_interfaces/srv/detail/me439_x_arm_forward_kinematics__functions.h
[105.644s] -- Symlinking: /home/pi/ME439Team125/install/xarmrob_interfaces/include/xarmrob_interfaces/xarmrob_interfaces/srv/detail/me439_x_arm_forward_kinematics__struct.h
[105.703s] -- Symlinking: /home/pi/ME439Team125/install/xarmrob_interfaces/include/xarmrob_interfaces/xarmrob_interfaces/srv/detail/me439_x_arm_forward_kinematics__type_support.h
[105.763s] -- Symlinking: /home/pi/ME439Team125/install/xarmrob_interfaces/include/xarmrob_interfaces/xarmrob_interfaces/srv/detail/me439_x_arm_inverse_kinematics__functions.h
[105.827s] -- Symlinking: /home/pi/ME439Team125/install/xarmrob_interfaces/include/xarmrob_interfaces/xarmrob_interfaces/srv/detail/me439_x_arm_inverse_kinematics__struct.h
[105.885s] -- Symlinking: /home/pi/ME439Team125/install/xarmrob_interfaces/include/xarmrob_interfaces/xarmrob_interfaces/srv/detail/me439_x_arm_inverse_kinematics__type_support.h
[105.946s] -- Symlinking: /home/pi/ME439Team125/install/xarmrob_interfaces/include/xarmrob_interfaces/xarmrob_interfaces/srv/me439_x_arm_forward_kinematics.h
[106.005s] -- Symlinking: /home/pi/ME439Team125/install/xarmrob_interfaces/include/xarmrob_interfaces/xarmrob_interfaces/srv/me439_x_arm_inverse_kinematics.h
[106.065s] -- Symlinking: /home/pi/ME439Team125/install/xarmrob_interfaces/share/xarmrob_interfaces/environment/library_path.sh
[106.125s] -- Symlinking: /home/pi/ME439Team125/install/xarmrob_interfaces/share/xarmrob_interfaces/environment/library_path.dsv
[106.185s] -- Symlinking: /home/pi/ME439Team125/install/xarmrob_interfaces/include/xarmrob_interfaces/xarmrob_interfaces/action/detail/me439_move_to_target__rosidl_typesupport_fastrtps_c.h
[106.245s] -- Symlinking: /home/pi/ME439Team125/install/xarmrob_interfaces/include/xarmrob_interfaces/xarmrob_interfaces/action/detail/operate_gripper__rosidl_typesupport_fastrtps_c.h
[106.303s] -- Symlinking: /home/pi/ME439Team125/install/xarmrob_interfaces/include/xarmrob_interfaces/xarmrob_interfaces/msg/detail/me439_gripper_command__rosidl_typesupport_fastrtps_c.h
[106.365s] -- Symlinking: /home/pi/ME439Team125/install/xarmrob_interfaces/include/xarmrob_interfaces/xarmrob_interfaces/msg/detail/me439_joint_command__rosidl_typesupport_fastrtps_c.h
[106.426s] -- Symlinking: /home/pi/ME439Team125/install/xarmrob_interfaces/include/xarmrob_interfaces/xarmrob_interfaces/msg/detail/me439_joint_location__rosidl_typesupport_fastrtps_c.h
[106.485s] -- Symlinking: /home/pi/ME439Team125/install/xarmrob_interfaces/include/xarmrob_interfaces/xarmrob_interfaces/msg/detail/me439_point_xyz__rosidl_typesupport_fastrtps_c.h
[106.546s] -- Symlinking: /home/pi/ME439Team125/install/xarmrob_interfaces/include/xarmrob_interfaces/xarmrob_interfaces/msg/rosidl_typesupport_fastrtps_c__visibility_control.h
[106.605s] -- Symlinking: /home/pi/ME439Team125/install/xarmrob_interfaces/include/xarmrob_interfaces/xarmrob_interfaces/srv/detail/me439_x_arm_forward_kinematics__rosidl_typesupport_fastrtps_c.h
[106.667s] -- Symlinking: /home/pi/ME439Team125/install/xarmrob_interfaces/include/xarmrob_interfaces/xarmrob_interfaces/srv/detail/me439_x_arm_inverse_kinematics__rosidl_typesupport_fastrtps_c.h
[106.729s] -- Symlinking: /home/pi/ME439Team125/install/xarmrob_interfaces/include/xarmrob_interfaces/xarmrob_interfaces/action/detail/me439_move_to_target__builder.hpp
[106.790s] -- Symlinking: /home/pi/ME439Team125/install/xarmrob_interfaces/include/xarmrob_interfaces/xarmrob_interfaces/action/detail/me439_move_to_target__struct.hpp
[106.851s] -- Symlinking: /home/pi/ME439Team125/install/xarmrob_interfaces/include/xarmrob_interfaces/xarmrob_interfaces/action/detail/me439_move_to_target__traits.hpp
[106.910s] -- Symlinking: /home/pi/ME439Team125/install/xarmrob_interfaces/include/xarmrob_interfaces/xarmrob_interfaces/action/detail/me439_move_to_target__type_support.hpp
[106.971s] -- Symlinking: /home/pi/ME439Team125/install/xarmrob_interfaces/include/xarmrob_interfaces/xarmrob_interfaces/action/detail/operate_gripper__builder.hpp
[107.030s] -- Symlinking: /home/pi/ME439Team125/install/xarmrob_interfaces/include/xarmrob_interfaces/xarmrob_interfaces/action/detail/operate_gripper__struct.hpp
[107.089s] -- Symlinking: /home/pi/ME439Team125/install/xarmrob_interfaces/include/xarmrob_interfaces/xarmrob_interfaces/action/detail/operate_gripper__traits.hpp
[107.147s] -- Symlinking: /home/pi/ME439Team125/install/xarmrob_interfaces/include/xarmrob_interfaces/xarmrob_interfaces/action/detail/operate_gripper__type_support.hpp
[107.206s] -- Symlinking: /home/pi/ME439Team125/install/xarmrob_interfaces/include/xarmrob_interfaces/xarmrob_interfaces/action/me439_move_to_target.hpp
[107.265s] -- Symlinking: /home/pi/ME439Team125/install/xarmrob_interfaces/include/xarmrob_interfaces/xarmrob_interfaces/action/operate_gripper.hpp
[107.332s] -- Symlinking: /home/pi/ME439Team125/install/xarmrob_interfaces/include/xarmrob_interfaces/xarmrob_interfaces/msg/detail/me439_gripper_command__builder.hpp
[107.391s] -- Symlinking: /home/pi/ME439Team125/install/xarmrob_interfaces/include/xarmrob_interfaces/xarmrob_interfaces/msg/detail/me439_gripper_command__struct.hpp
[107.455s] -- Symlinking: /home/pi/ME439Team125/install/xarmrob_interfaces/include/xarmrob_interfaces/xarmrob_interfaces/msg/detail/me439_gripper_command__traits.hpp
[107.514s] -- Symlinking: /home/pi/ME439Team125/install/xarmrob_interfaces/include/xarmrob_interfaces/xarmrob_interfaces/msg/detail/me439_gripper_command__type_support.hpp
[107.576s] -- Symlinking: /home/pi/ME439Team125/install/xarmrob_interfaces/include/xarmrob_interfaces/xarmrob_interfaces/msg/detail/me439_joint_command__builder.hpp
[107.638s] -- Symlinking: /home/pi/ME439Team125/install/xarmrob_interfaces/include/xarmrob_interfaces/xarmrob_interfaces/msg/detail/me439_joint_command__struct.hpp
[107.694s] -- Symlinking: /home/pi/ME439Team125/install/xarmrob_interfaces/include/xarmrob_interfaces/xarmrob_interfaces/msg/detail/me439_joint_command__traits.hpp
[107.770s] -- Symlinking: /home/pi/ME439Team125/install/xarmrob_interfaces/include/xarmrob_interfaces/xarmrob_interfaces/msg/detail/me439_joint_command__type_support.hpp
[107.846s] -- Symlinking: /home/pi/ME439Team125/install/xarmrob_interfaces/include/xarmrob_interfaces/xarmrob_interfaces/msg/detail/me439_joint_location__builder.hpp
[107.904s] -- Symlinking: /home/pi/ME439Team125/install/xarmrob_interfaces/include/xarmrob_interfaces/xarmrob_interfaces/msg/detail/me439_joint_location__struct.hpp
[107.966s] -- Symlinking: /home/pi/ME439Team125/install/xarmrob_interfaces/include/xarmrob_interfaces/xarmrob_interfaces/msg/detail/me439_joint_location__traits.hpp
[108.027s] -- Symlinking: /home/pi/ME439Team125/install/xarmrob_interfaces/include/xarmrob_interfaces/xarmrob_interfaces/msg/detail/me439_joint_location__type_support.hpp
[108.088s] -- Symlinking: /home/pi/ME439Team125/install/xarmrob_interfaces/include/xarmrob_interfaces/xarmrob_interfaces/msg/detail/me439_point_xyz__builder.hpp
[108.150s] -- Symlinking: /home/pi/ME439Team125/install/xarmrob_interfaces/include/xarmrob_interfaces/xarmrob_interfaces/msg/detail/me439_point_xyz__struct.hpp
[108.210s] -- Symlinking: /home/pi/ME439Team125/install/xarmrob_interfaces/include/xarmrob_interfaces/xarmrob_interfaces/msg/detail/me439_point_xyz__traits.hpp
[108.270s] -- Symlinking: /home/pi/ME439Team125/install/xarmrob_interfaces/include/xarmrob_interfaces/xarmrob_interfaces/msg/detail/me439_point_xyz__type_support.hpp
[108.334s] -- Symlinking: /home/pi/ME439Team125/install/xarmrob_interfaces/include/xarmrob_interfaces/xarmrob_interfaces/msg/me439_gripper_command.hpp
[108.392s] -- Symlinking: /home/pi/ME439Team125/install/xarmrob_interfaces/include/xarmrob_interfaces/xarmrob_interfaces/msg/me439_joint_command.hpp
[108.454s] -- Symlinking: /home/pi/ME439Team125/install/xarmrob_interfaces/include/xarmrob_interfaces/xarmrob_interfaces/msg/me439_joint_location.hpp
[108.514s] -- Symlinking: /home/pi/ME439Team125/install/xarmrob_interfaces/include/xarmrob_interfaces/xarmrob_interfaces/msg/me439_point_xyz.hpp
[108.576s] -- Symlinking: /home/pi/ME439Team125/install/xarmrob_interfaces/include/xarmrob_interfaces/xarmrob_interfaces/msg/rosidl_generator_cpp__visibility_control.hpp
[108.639s] -- Symlinking: /home/pi/ME439Team125/install/xarmrob_interfaces/include/xarmrob_interfaces/xarmrob_interfaces/srv/detail/me439_x_arm_forward_kinematics__builder.hpp
[108.696s] -- Symlinking: /home/pi/ME439Team125/install/xarmrob_interfaces/include/xarmrob_interfaces/xarmrob_interfaces/srv/detail/me439_x_arm_forward_kinematics__struct.hpp
[108.756s] -- Symlinking: /home/pi/ME439Team125/install/xarmrob_interfaces/include/xarmrob_interfaces/xarmrob_interfaces/srv/detail/me439_x_arm_forward_kinematics__traits.hpp
[108.814s] -- Symlinking: /home/pi/ME439Team125/install/xarmrob_interfaces/include/xarmrob_interfaces/xarmrob_interfaces/srv/detail/me439_x_arm_forward_kinematics__type_support.hpp
[108.876s] -- Symlinking: /home/pi/ME439Team125/install/xarmrob_interfaces/include/xarmrob_interfaces/xarmrob_interfaces/srv/detail/me439_x_arm_inverse_kinematics__builder.hpp
[108.938s] -- Symlinking: /home/pi/ME439Team125/install/xarmrob_interfaces/include/xarmrob_interfaces/xarmrob_interfaces/srv/detail/me439_x_arm_inverse_kinematics__struct.hpp
[108.996s] -- Symlinking: /home/pi/ME439Team125/install/xarmrob_interfaces/include/xarmrob_interfaces/xarmrob_interfaces/srv/detail/me439_x_arm_inverse_kinematics__traits.hpp
[109.057s] -- Symlinking: /home/pi/ME439Team125/install/xarmrob_interfaces/include/xarmrob_interfaces/xarmrob_interfaces/srv/detail/me439_x_arm_inverse_kinematics__type_support.hpp
[109.115s] -- Symlinking: /home/pi/ME439Team125/install/xarmrob_interfaces/include/xarmrob_interfaces/xarmrob_interfaces/srv/me439_x_arm_forward_kinematics.hpp
[109.177s] -- Symlinking: /home/pi/ME439Team125/install/xarmrob_interfaces/include/xarmrob_interfaces/xarmrob_interfaces/srv/me439_x_arm_inverse_kinematics.hpp
[109.238s] -- Symlinking: /home/pi/ME439Team125/install/xarmrob_interfaces/include/xarmrob_interfaces/xarmrob_interfaces/action/detail/me439_move_to_target__rosidl_typesupport_fastrtps_cpp.hpp
[109.300s] -- Symlinking: /home/pi/ME439Team125/install/xarmrob_interfaces/include/xarmrob_interfaces/xarmrob_interfaces/action/detail/operate_gripper__rosidl_typesupport_fastrtps_cpp.hpp
[109.378s] -- Symlinking: /home/pi/ME439Team125/install/xarmrob_interfaces/include/xarmrob_interfaces/xarmrob_interfaces/msg/detail/me439_gripper_command__rosidl_typesupport_fastrtps_cpp.hpp
[109.434s] -- Symlinking: /home/pi/ME439Team125/install/xarmrob_interfaces/include/xarmrob_interfaces/xarmrob_interfaces/msg/detail/me439_joint_command__rosidl_typesupport_fastrtps_cpp.hpp
[109.499s] -- Symlinking: /home/pi/ME439Team125/install/xarmrob_interfaces/include/xarmrob_interfaces/xarmrob_interfaces/msg/detail/me439_joint_location__rosidl_typesupport_fastrtps_cpp.hpp
[109.562s] -- Symlinking: /home/pi/ME439Team125/install/xarmrob_interfaces/include/xarmrob_interfaces/xarmrob_interfaces/msg/detail/me439_point_xyz__rosidl_typesupport_fastrtps_cpp.hpp
[109.620s] -- Symlinking: /home/pi/ME439Team125/install/xarmrob_interfaces/include/xarmrob_interfaces/xarmrob_interfaces/msg/rosidl_typesupport_fastrtps_cpp__visibility_control.h
[109.681s] -- Symlinking: /home/pi/ME439Team125/install/xarmrob_interfaces/include/xarmrob_interfaces/xarmrob_interfaces/srv/detail/me439_x_arm_forward_kinematics__rosidl_typesupport_fastrtps_cpp.hpp
[109.740s] -- Symlinking: /home/pi/ME439Team125/install/xarmrob_interfaces/include/xarmrob_interfaces/xarmrob_interfaces/srv/detail/me439_x_arm_inverse_kinematics__rosidl_typesupport_fastrtps_cpp.hpp
[109.802s] -- Symlinking: /home/pi/ME439Team125/install/xarmrob_interfaces/include/xarmrob_interfaces/xarmrob_interfaces/action/detail/me439_move_to_target__rosidl_typesupport_introspection_c.h
[109.864s] -- Symlinking: /home/pi/ME439Team125/install/xarmrob_interfaces/include/xarmrob_interfaces/xarmrob_interfaces/action/detail/operate_gripper__rosidl_typesupport_introspection_c.h
[109.926s] -- Symlinking: /home/pi/ME439Team125/install/xarmrob_interfaces/include/xarmrob_interfaces/xarmrob_interfaces/msg/detail/me439_gripper_command__rosidl_typesupport_introspection_c.h
[109.986s] -- Symlinking: /home/pi/ME439Team125/install/xarmrob_interfaces/include/xarmrob_interfaces/xarmrob_interfaces/msg/detail/me439_joint_command__rosidl_typesupport_introspection_c.h
[110.046s] -- Symlinking: /home/pi/ME439Team125/install/xarmrob_interfaces/include/xarmrob_interfaces/xarmrob_interfaces/msg/detail/me439_joint_location__rosidl_typesupport_introspection_c.h
[110.107s] -- Symlinking: /home/pi/ME439Team125/install/xarmrob_interfaces/include/xarmrob_interfaces/xarmrob_interfaces/msg/detail/me439_point_xyz__rosidl_typesupport_introspection_c.h
[110.170s] -- Symlinking: /home/pi/ME439Team125/install/xarmrob_interfaces/include/xarmrob_interfaces/xarmrob_interfaces/msg/rosidl_typesupport_introspection_c__visibility_control.h
[110.229s] -- Symlinking: /home/pi/ME439Team125/install/xarmrob_interfaces/include/xarmrob_interfaces/xarmrob_interfaces/srv/detail/me439_x_arm_forward_kinematics__rosidl_typesupport_introspection_c.h
[110.289s] -- Symlinking: /home/pi/ME439Team125/install/xarmrob_interfaces/include/xarmrob_interfaces/xarmrob_interfaces/srv/detail/me439_x_arm_inverse_kinematics__rosidl_typesupport_introspection_c.h
[110.353s] -- Symlinking: /home/pi/ME439Team125/install/xarmrob_interfaces/include/xarmrob_interfaces/xarmrob_interfaces/action/detail/me439_move_to_target__rosidl_typesupport_introspection_cpp.hpp
[110.410s] -- Symlinking: /home/pi/ME439Team125/install/xarmrob_interfaces/include/xarmrob_interfaces/xarmrob_interfaces/action/detail/operate_gripper__rosidl_typesupport_introspection_cpp.hpp
[110.472s] -- Symlinking: /home/pi/ME439Team125/install/xarmrob_interfaces/include/xarmrob_interfaces/xarmrob_interfaces/msg/detail/me439_gripper_command__rosidl_typesupport_introspection_cpp.hpp
[110.534s] -- Symlinking: /home/pi/ME439Team125/install/xarmrob_interfaces/include/xarmrob_interfaces/xarmrob_interfaces/msg/detail/me439_joint_command__rosidl_typesupport_introspection_cpp.hpp
[110.595s] -- Symlinking: /home/pi/ME439Team125/install/xarmrob_interfaces/include/xarmrob_interfaces/xarmrob_interfaces/msg/detail/me439_joint_location__rosidl_typesupport_introspection_cpp.hpp
[110.655s] -- Symlinking: /home/pi/ME439Team125/install/xarmrob_interfaces/include/xarmrob_interfaces/xarmrob_interfaces/msg/detail/me439_point_xyz__rosidl_typesupport_introspection_cpp.hpp
[110.715s] -- Symlinking: /home/pi/ME439Team125/install/xarmrob_interfaces/include/xarmrob_interfaces/xarmrob_interfaces/srv/detail/me439_x_arm_forward_kinematics__rosidl_typesupport_introspection_cpp.hpp
[110.778s] -- Symlinking: /home/pi/ME439Team125/install/xarmrob_interfaces/include/xarmrob_interfaces/xarmrob_interfaces/srv/detail/me439_x_arm_inverse_kinematics__rosidl_typesupport_introspection_cpp.hpp
[110.836s] -- Symlinking: /home/pi/ME439Team125/install/xarmrob_interfaces/share/xarmrob_interfaces/environment/pythonpath.sh
[110.897s] -- Symlinking: /home/pi/ME439Team125/install/xarmrob_interfaces/share/xarmrob_interfaces/environment/pythonpath.dsv
[110.959s] -- Symlinking: /home/pi/ME439Team125/install/xarmrob_interfaces/lib/python3.11/site-packages/xarmrob_interfaces-0.0.0-py3.11.egg-info/PKG-INFO
[111.023s] -- Symlinking: /home/pi/ME439Team125/install/xarmrob_interfaces/lib/python3.11/site-packages/xarmrob_interfaces-0.0.0-py3.11.egg-info/SOURCES.txt
[111.086s] -- Symlinking: /home/pi/ME439Team125/install/xarmrob_interfaces/lib/python3.11/site-packages/xarmrob_interfaces-0.0.0-py3.11.egg-info/dependency_links.txt
[111.147s] -- Symlinking: /home/pi/ME439Team125/install/xarmrob_interfaces/lib/python3.11/site-packages/xarmrob_interfaces-0.0.0-py3.11.egg-info/top_level.txt
[111.212s] -- Symlinking: /home/pi/ME439Team125/install/xarmrob_interfaces/lib/python3.11/site-packages/xarmrob_interfaces/__init__.py
[111.274s] -- Symlinking: /home/pi/ME439Team125/install/xarmrob_interfaces/lib/python3.11/site-packages/xarmrob_interfaces/_xarmrob_interfaces_s.ep.rosidl_typesupport_c.c
[111.331s] -- Symlinking: /home/pi/ME439Team125/install/xarmrob_interfaces/lib/python3.11/site-packages/xarmrob_interfaces/_xarmrob_interfaces_s.ep.rosidl_typesupport_fastrtps_c.c
[111.394s] -- Symlinking: /home/pi/ME439Team125/install/xarmrob_interfaces/lib/python3.11/site-packages/xarmrob_interfaces/_xarmrob_interfaces_s.ep.rosidl_typesupport_introspection_c.c
[111.456s] -- Symlinking: /home/pi/ME439Team125/install/xarmrob_interfaces/lib/python3.11/site-packages/xarmrob_interfaces/action/__init__.py
[111.517s] -- Symlinking: /home/pi/ME439Team125/install/xarmrob_interfaces/lib/python3.11/site-packages/xarmrob_interfaces/action/_me439_move_to_target.py
[111.577s] -- Symlinking: /home/pi/ME439Team125/install/xarmrob_interfaces/lib/python3.11/site-packages/xarmrob_interfaces/action/_me439_move_to_target_s.c
[111.637s] -- Symlinking: /home/pi/ME439Team125/install/xarmrob_interfaces/lib/python3.11/site-packages/xarmrob_interfaces/action/_operate_gripper.py
[111.697s] -- Symlinking: /home/pi/ME439Team125/install/xarmrob_interfaces/lib/python3.11/site-packages/xarmrob_interfaces/action/_operate_gripper_s.c
[111.754s] -- Symlinking: /home/pi/ME439Team125/install/xarmrob_interfaces/lib/python3.11/site-packages/xarmrob_interfaces/msg/__init__.py
[111.813s] -- Symlinking: /home/pi/ME439Team125/install/xarmrob_interfaces/lib/python3.11/site-packages/xarmrob_interfaces/msg/_me439_gripper_command.py
[111.873s] -- Symlinking: /home/pi/ME439Team125/install/xarmrob_interfaces/lib/python3.11/site-packages/xarmrob_interfaces/msg/_me439_gripper_command_s.c
[111.931s] -- Symlinking: /home/pi/ME439Team125/install/xarmrob_interfaces/lib/python3.11/site-packages/xarmrob_interfaces/msg/_me439_joint_command.py
[111.994s] -- Symlinking: /home/pi/ME439Team125/install/xarmrob_interfaces/lib/python3.11/site-packages/xarmrob_interfaces/msg/_me439_joint_command_s.c
[112.053s] -- Symlinking: /home/pi/ME439Team125/install/xarmrob_interfaces/lib/python3.11/site-packages/xarmrob_interfaces/msg/_me439_joint_location.py
[112.115s] -- Symlinking: /home/pi/ME439Team125/install/xarmrob_interfaces/lib/python3.11/site-packages/xarmrob_interfaces/msg/_me439_joint_location_s.c
[112.173s] -- Symlinking: /home/pi/ME439Team125/install/xarmrob_interfaces/lib/python3.11/site-packages/xarmrob_interfaces/msg/_me439_point_xyz.py
[112.234s] -- Symlinking: /home/pi/ME439Team125/install/xarmrob_interfaces/lib/python3.11/site-packages/xarmrob_interfaces/msg/_me439_point_xyz_s.c
[112.296s] -- Symlinking: /home/pi/ME439Team125/install/xarmrob_interfaces/lib/python3.11/site-packages/xarmrob_interfaces/srv/__init__.py
[112.355s] -- Symlinking: /home/pi/ME439Team125/install/xarmrob_interfaces/lib/python3.11/site-packages/xarmrob_interfaces/srv/_me439_x_arm_forward_kinematics.py
[112.417s] -- Symlinking: /home/pi/ME439Team125/install/xarmrob_interfaces/lib/python3.11/site-packages/xarmrob_interfaces/srv/_me439_x_arm_forward_kinematics_s.c
[112.476s] -- Symlinking: /home/pi/ME439Team125/install/xarmrob_interfaces/lib/python3.11/site-packages/xarmrob_interfaces/srv/_me439_x_arm_inverse_kinematics.py
[112.535s] -- Symlinking: /home/pi/ME439Team125/install/xarmrob_interfaces/lib/python3.11/site-packages/xarmrob_interfaces/srv/_me439_x_arm_inverse_kinematics_s.c
[112.597s] -- Symlinking: /home/pi/ME439Team125/install/xarmrob_interfaces/lib/python3.11/site-packages/xarmrob_interfaces/xarmrob_interfaces_s__rosidl_typesupport_c.so
[112.659s] -- Symlinking: /home/pi/ME439Team125/install/xarmrob_interfaces/lib/python3.11/site-packages/xarmrob_interfaces/xarmrob_interfaces_s__rosidl_typesupport_fastrtps_c.so
[112.722s] -- Symlinking: /home/pi/ME439Team125/install/xarmrob_interfaces/lib/python3.11/site-packages/xarmrob_interfaces/xarmrob_interfaces_s__rosidl_typesupport_introspection_c.so
[112.787s] -- Up-to-date symlink: /home/pi/ME439Team125/install/xarmrob_interfaces/lib/python3.11/site-packages/xarmrob_interfaces/xarmrob_interfaces_s__rosidl_typesupport_introspection_c.so
[112.787s] -- Up-to-date symlink: /home/pi/ME439Team125/install/xarmrob_interfaces/lib/python3.11/site-packages/xarmrob_interfaces/xarmrob_interfaces_s__rosidl_typesupport_fastrtps_c.so
[112.787s] -- Up-to-date symlink: /home/pi/ME439Team125/install/xarmrob_interfaces/lib/python3.11/site-packages/xarmrob_interfaces/xarmrob_interfaces_s__rosidl_typesupport_c.so
[112.787s] -- Symlinking: /home/pi/ME439Team125/install/xarmrob_interfaces/share/xarmrob_interfaces/msg/ME439JointCommand.idl
[112.856s] -- Symlinking: /home/pi/ME439Team125/install/xarmrob_interfaces/share/xarmrob_interfaces/msg/ME439GripperCommand.idl
[112.937s] -- Symlinking: /home/pi/ME439Team125/install/xarmrob_interfaces/share/xarmrob_interfaces/msg/ME439JointLocation.idl
[112.999s] -- Symlinking: /home/pi/ME439Team125/install/xarmrob_interfaces/share/xarmrob_interfaces/msg/ME439PointXYZ.idl
[113.058s] -- Symlinking: /home/pi/ME439Team125/install/xarmrob_interfaces/share/xarmrob_interfaces/action/ME439MoveToTarget.idl
[113.120s] -- Symlinking: /home/pi/ME439Team125/install/xarmrob_interfaces/share/xarmrob_interfaces/action/OperateGripper.idl
[113.181s] -- Symlinking: /home/pi/ME439Team125/install/xarmrob_interfaces/share/xarmrob_interfaces/srv/ME439XArmForwardKinematics.idl
[113.243s] -- Symlinking: /home/pi/ME439Team125/install/xarmrob_interfaces/share/xarmrob_interfaces/srv/ME439XArmInverseKinematics.idl
[113.307s] -- Symlinking: /home/pi/ME439Team125/install/xarmrob_interfaces/share/xarmrob_interfaces/msg/ME439JointCommand.msg
[113.366s] -- Symlinking: /home/pi/ME439Team125/install/xarmrob_interfaces/share/xarmrob_interfaces/msg/ME439GripperCommand.msg
[113.426s] -- Symlinking: /home/pi/ME439Team125/install/xarmrob_interfaces/share/xarmrob_interfaces/msg/ME439JointLocation.msg
[113.489s] -- Symlinking: /home/pi/ME439Team125/install/xarmrob_interfaces/share/xarmrob_interfaces/msg/ME439PointXYZ.msg
[113.548s] -- Symlinking: /home/pi/ME439Team125/install/xarmrob_interfaces/share/xarmrob_interfaces/action/ME439MoveToTarget.action
[113.610s] -- Symlinking: /home/pi/ME439Team125/install/xarmrob_interfaces/share/xarmrob_interfaces/action/OperateGripper.action
[113.669s] -- Symlinking: /home/pi/ME439Team125/install/xarmrob_interfaces/share/xarmrob_interfaces/srv/ME439XArmForwardKinematics.srv
[113.730s] -- Symlinking: /home/pi/ME439Team125/install/xarmrob_interfaces/share/xarmrob_interfaces/srv/ME439XArmInverseKinematics.srv
[113.793s] -- Symlinking: /home/pi/ME439Team125/install/xarmrob_interfaces/share/ament_index/resource_index/package_run_dependencies/xarmrob_interfaces
[113.851s] -- Symlinking: /home/pi/ME439Team125/install/xarmrob_interfaces/share/ament_index/resource_index/parent_prefix_path/xarmrob_interfaces
[113.911s] -- Symlinking: /home/pi/ME439Team125/install/xarmrob_interfaces/share/xarmrob_interfaces/environment/ament_prefix_path.sh
[113.976s] -- Symlinking: /home/pi/ME439Team125/install/xarmrob_interfaces/share/xarmrob_interfaces/environment/ament_prefix_path.dsv
[114.035s] -- Symlinking: /home/pi/ME439Team125/install/xarmrob_interfaces/share/xarmrob_interfaces/environment/path.sh
[114.096s] -- Symlinking: /home/pi/ME439Team125/install/xarmrob_interfaces/share/xarmrob_interfaces/environment/path.dsv
[114.154s] -- Symlinking: /home/pi/ME439Team125/install/xarmrob_interfaces/share/xarmrob_interfaces/local_setup.bash
[114.214s] -- Symlinking: /home/pi/ME439Team125/install/xarmrob_interfaces/share/xarmrob_interfaces/local_setup.sh
[114.279s] -- Symlinking: /home/pi/ME439Team125/install/xarmrob_interfaces/share/xarmrob_interfaces/local_setup.zsh
[114.338s] -- Symlinking: /home/pi/ME439Team125/install/xarmrob_interfaces/share/xarmrob_interfaces/local_setup.dsv
[114.415s] -- Symlinking: /home/pi/ME439Team125/install/xarmrob_interfaces/share/xarmrob_interfaces/package.dsv
[114.481s] -- Symlinking: /home/pi/ME439Team125/install/xarmrob_interfaces/share/ament_index/resource_index/packages/xarmrob_interfaces
[114.539s] -- Symlinking: /home/pi/ME439Team125/install/xarmrob_interfaces/share/xarmrob_interfaces/cmake/rosidl_cmake-extras.cmake
[114.600s] -- Symlinking: /home/pi/ME439Team125/install/xarmrob_interfaces/share/xarmrob_interfaces/cmake/ament_cmake_export_dependencies-extras.cmake
[114.660s] -- Symlinking: /home/pi/ME439Team125/install/xarmrob_interfaces/share/xarmrob_interfaces/cmake/ament_cmake_export_include_directories-extras.cmake
[114.722s] -- Symlinking: /home/pi/ME439Team125/install/xarmrob_interfaces/share/xarmrob_interfaces/cmake/ament_cmake_export_libraries-extras.cmake
[114.785s] -- Symlinking: /home/pi/ME439Team125/install/xarmrob_interfaces/share/xarmrob_interfaces/cmake/ament_cmake_export_targets-extras.cmake
[114.843s] -- Symlinking: /home/pi/ME439Team125/install/xarmrob_interfaces/share/xarmrob_interfaces/cmake/rosidl_cmake_export_typesupport_targets-extras.cmake
[114.902s] -- Symlinking: /home/pi/ME439Team125/install/xarmrob_interfaces/share/xarmrob_interfaces/cmake/rosidl_cmake_export_typesupport_libraries-extras.cmake
[114.965s] -- Symlinking: /home/pi/ME439Team125/install/xarmrob_interfaces/share/xarmrob_interfaces/cmake/xarmrob_interfacesConfig.cmake
[115.026s] -- Symlinking: /home/pi/ME439Team125/install/xarmrob_interfaces/share/xarmrob_interfaces/cmake/xarmrob_interfacesConfig-version.cmake
[115.087s] -- Symlinking: /home/pi/ME439Team125/install/xarmrob_interfaces/share/xarmrob_interfaces/package.xml
[115.146s] -- Installing: /home/pi/ME439Team125/install/xarmrob_interfaces/lib/libxarmrob_interfaces__rosidl_generator_c.so
[115.149s] -- Set runtime path of "/home/pi/ME439Team125/install/xarmrob_interfaces/lib/libxarmrob_interfaces__rosidl_generator_c.so" to ""
[115.149s] -- Installing: /home/pi/ME439Team125/install/xarmrob_interfaces/lib/libxarmrob_interfaces__rosidl_typesupport_fastrtps_c.so
[115.151s] -- Set runtime path of "/home/pi/ME439Team125/install/xarmrob_interfaces/lib/libxarmrob_interfaces__rosidl_typesupport_fastrtps_c.so" to ""
[115.151s] -- Installing: /home/pi/ME439Team125/install/xarmrob_interfaces/lib/libxarmrob_interfaces__rosidl_typesupport_fastrtps_cpp.so
[115.155s] -- Set runtime path of "/home/pi/ME439Team125/install/xarmrob_interfaces/lib/libxarmrob_interfaces__rosidl_typesupport_fastrtps_cpp.so" to ""
[115.156s] -- Installing: /home/pi/ME439Team125/install/xarmrob_interfaces/lib/libxarmrob_interfaces__rosidl_typesupport_introspection_c.so
[115.157s] -- Set runtime path of "/home/pi/ME439Team125/install/xarmrob_interfaces/lib/libxarmrob_interfaces__rosidl_typesupport_introspection_c.so" to ""
[115.157s] -- Installing: /home/pi/ME439Team125/install/xarmrob_interfaces/lib/libxarmrob_interfaces__rosidl_typesupport_c.so
[115.159s] -- Set runtime path of "/home/pi/ME439Team125/install/xarmrob_interfaces/lib/libxarmrob_interfaces__rosidl_typesupport_c.so" to ""
[115.159s] -- Installing: /home/pi/ME439Team125/install/xarmrob_interfaces/lib/libxarmrob_interfaces__rosidl_typesupport_introspection_cpp.so
[115.165s] -- Set runtime path of "/home/pi/ME439Team125/install/xarmrob_interfaces/lib/libxarmrob_interfaces__rosidl_typesupport_introspection_cpp.so" to ""
[115.165s] -- Installing: /home/pi/ME439Team125/install/xarmrob_interfaces/lib/libxarmrob_interfaces__rosidl_typesupport_cpp.so
[115.166s] -- Set runtime path of "/home/pi/ME439Team125/install/xarmrob_interfaces/lib/libxarmrob_interfaces__rosidl_typesupport_cpp.so" to ""
[115.825s] Listing '/home/pi/ME439Team125/install/xarmrob_interfaces/lib/python3.11/site-packages/xarmrob_interfaces'...
[115.825s] Compiling '/home/pi/ME439Team125/install/xarmrob_interfaces/lib/python3.11/site-packages/xarmrob_interfaces/__init__.py'...
[115.826s] Listing '/home/pi/ME439Team125/install/xarmrob_interfaces/lib/python3.11/site-packages/xarmrob_interfaces/action'...
[115.827s] Compiling '/home/pi/ME439Team125/install/xarmrob_interfaces/lib/python3.11/site-packages/xarmrob_interfaces/action/__init__.py'...
[115.827s] Compiling '/home/pi/ME439Team125/install/xarmrob_interfaces/lib/python3.11/site-packages/xarmrob_interfaces/action/_me439_move_to_target.py'...
[115.828s] Compiling '/home/pi/ME439Team125/install/xarmrob_interfaces/lib/python3.11/site-packages/xarmrob_interfaces/action/_operate_gripper.py'...
[115.828s] Listing '/home/pi/ME439Team125/install/xarmrob_interfaces/lib/python3.11/site-packages/xarmrob_interfaces/msg'...
[115.828s] Compiling '/home/pi/ME439Team125/install/xarmrob_interfaces/lib/python3.11/site-packages/xarmrob_interfaces/msg/__init__.py'...
[115.829s] Compiling '/home/pi/ME439Team125/install/xarmrob_interfaces/lib/python3.11/site-packages/xarmrob_interfaces/msg/_me439_gripper_command.py'...
[115.829s] Compiling '/home/pi/ME439Team125/install/xarmrob_interfaces/lib/python3.11/site-packages/xarmrob_interfaces/msg/_me439_joint_command.py'...
[115.830s] Compiling '/home/pi/ME439Team125/install/xarmrob_interfaces/lib/python3.11/site-packages/xarmrob_interfaces/msg/_me439_joint_location.py'...
[115.830s] Compiling '/home/pi/ME439Team125/install/xarmrob_interfaces/lib/python3.11/site-packages/xarmrob_interfaces/msg/_me439_point_xyz.py'...
[115.831s] Listing '/home/pi/ME439Team125/install/xarmrob_interfaces/lib/python3.11/site-packages/xarmrob_interfaces/srv'...
[115.831s] Compiling '/home/pi/ME439Team125/install/xarmrob_interfaces/lib/python3.11/site-packages/xarmrob_interfaces/srv/__init__.py'...
[115.832s] Compiling '/home/pi/ME439Team125/install/xarmrob_interfaces/lib/python3.11/site-packages/xarmrob_interfaces/srv/_me439_x_arm_forward_kinematics.py'...
[115.832s] Compiling '/home/pi/ME439Team125/install/xarmrob_interfaces/lib/python3.11/site-packages/xarmrob_interfaces/srv/_me439_x_arm_inverse_kinematics.py'...
[115.854s] -- Installing: /home/pi/ME439Team125/install/xarmrob_interfaces/lib/libxarmrob_interfaces__rosidl_generator_py.so
[115.855s] -- Set runtime path of "/home/pi/ME439Team125/install/xarmrob_interfaces/lib/libxarmrob_interfaces__rosidl_generator_py.so" to ""
[115.855s] -- Installing: /home/pi/ME439Team125/install/xarmrob_interfaces/share/xarmrob_interfaces/cmake/export_xarmrob_interfaces__rosidl_generator_cExport.cmake
[115.856s] -- Installing: /home/pi/ME439Team125/install/xarmrob_interfaces/share/xarmrob_interfaces/cmake/export_xarmrob_interfaces__rosidl_generator_cExport-noconfig.cmake
[115.856s] -- Installing: /home/pi/ME439Team125/install/xarmrob_interfaces/share/xarmrob_interfaces/cmake/export_xarmrob_interfaces__rosidl_typesupport_fastrtps_cExport.cmake
[115.857s] -- Installing: /home/pi/ME439Team125/install/xarmrob_interfaces/share/xarmrob_interfaces/cmake/export_xarmrob_interfaces__rosidl_typesupport_fastrtps_cExport-noconfig.cmake
[115.857s] -- Installing: /home/pi/ME439Team125/install/xarmrob_interfaces/share/xarmrob_interfaces/cmake/export_xarmrob_interfaces__rosidl_generator_cppExport.cmake
[115.859s] -- Installing: /home/pi/ME439Team125/install/xarmrob_interfaces/share/xarmrob_interfaces/cmake/export_xarmrob_interfaces__rosidl_typesupport_fastrtps_cppExport.cmake
[115.859s] -- Installing: /home/pi/ME439Team125/install/xarmrob_interfaces/share/xarmrob_interfaces/cmake/export_xarmrob_interfaces__rosidl_typesupport_fastrtps_cppExport-noconfig.cmake
[115.862s] -- Installing: /home/pi/ME439Team125/install/xarmrob_interfaces/share/xarmrob_interfaces/cmake/xarmrob_interfaces__rosidl_typesupport_introspection_cExport.cmake
[115.863s] -- Installing: /home/pi/ME439Team125/install/xarmrob_interfaces/share/xarmrob_interfaces/cmake/xarmrob_interfaces__rosidl_typesupport_introspection_cExport-noconfig.cmake
[115.863s] -- Installing: /home/pi/ME439Team125/install/xarmrob_interfaces/share/xarmrob_interfaces/cmake/xarmrob_interfaces__rosidl_typesupport_cExport.cmake
[115.863s] -- Installing: /home/pi/ME439Team125/install/xarmrob_interfaces/share/xarmrob_interfaces/cmake/xarmrob_interfaces__rosidl_typesupport_cExport-noconfig.cmake
[115.863s] -- Installing: /home/pi/ME439Team125/install/xarmrob_interfaces/share/xarmrob_interfaces/cmake/xarmrob_interfaces__rosidl_typesupport_introspection_cppExport.cmake
[115.864s] -- Installing: /home/pi/ME439Team125/install/xarmrob_interfaces/share/xarmrob_interfaces/cmake/xarmrob_interfaces__rosidl_typesupport_introspection_cppExport-noconfig.cmake
[115.864s] -- Installing: /home/pi/ME439Team125/install/xarmrob_interfaces/share/xarmrob_interfaces/cmake/xarmrob_interfaces__rosidl_typesupport_cppExport.cmake
[115.864s] -- Installing: /home/pi/ME439Team125/install/xarmrob_interfaces/share/xarmrob_interfaces/cmake/xarmrob_interfaces__rosidl_typesupport_cppExport-noconfig.cmake
[115.864s] -- Installing: /home/pi/ME439Team125/install/xarmrob_interfaces/share/xarmrob_interfaces/cmake/export_xarmrob_interfaces__rosidl_generator_pyExport.cmake
[115.865s] -- Installing: /home/pi/ME439Team125/install/xarmrob_interfaces/share/xarmrob_interfaces/cmake/export_xarmrob_interfaces__rosidl_generator_pyExport-noconfig.cmake
[115.871s] Invoked command in '/home/pi/ME439Team125/build/xarmrob_interfaces' returned '0': CMAKE_PREFIX_PATH=${CMAKE_PREFIX_PATH}:/home/pi/ME439Team125/install/xarmrob:/home/pi/ros2_ws_fp/install/xarmrob:/home/pi/ros2_jazzy/install/rqt_bag_plugins:/home/pi/ros2_jazzy/install/rqt_bag:/home/pi/ros2_jazzy/install/rosbag2_examples_py:/home/pi/ros2_jazzy/install/launch_testing_examples:/home/pi/ros2_jazzy/install/ros2bag:/home/pi/ros2_jazzy/install/tracetools_test:/home/pi/ros2_jazzy/install/tracetools_launch:/home/pi/ros2_jazzy/install/topic_monitor:/home/pi/ros2_jazzy/install/tf2_tools:/home/pi/ros2_jazzy/install/examples_tf2_py:/home/pi/ros2_jazzy/install/tf2_ros_py:/home/pi/ros2_jazzy/install/examples_rclpy_pointcloud_publisher:/home/pi/ros2_jazzy/install/sensor_msgs_py:/home/pi/ros2_jazzy/install/quality_of_service_demo_py:/home/pi/ros2_jazzy/install/rqt_plot:/home/pi/ros2_jazzy/install/ros2doctor:/home/pi/ros2_jazzy/install/lifecycle_py:/home/pi/ros2_jazzy/install/examples_rclpy_minimal_subscriber:/home/pi/ros2_jazzy/install/examples_rclpy_minimal_service:/home/pi/ros2_jazzy/install/examples_rclpy_minimal_publisher:/home/pi/ros2_jazzy/install/examples_rclpy_minimal_client:/home/pi/ros2_jazzy/install/examples_rclpy_executors:/home/pi/ros2_jazzy/install/demo_nodes_py:/home/pi/ros2_jazzy/install/rqt:/home/pi/ros2_jazzy/install/ros2component:/home/pi/ros2_jazzy/install/sros2:/home/pi/ros2_jazzy/install/rqt_topic:/home/pi/ros2_jazzy/install/rqt_srv:/home/pi/ros2_jazzy/install/rqt_shell:/home/pi/ros2_jazzy/install/rqt_service_caller:/home/pi/ros2_jazzy/install/rqt_reconfigure:/home/pi/ros2_jazzy/install/rqt_py_console:/home/pi/ros2_jazzy/install/rqt_publisher:/home/pi/ros2_jazzy/install/rqt_action:/home/pi/ros2_jazzy/install/rqt_msg:/home/pi/ros2_jazzy/install/rqt_console:/home/pi/ros2_jazzy/install/rqt_graph:/home/pi/ros2_jazzy/install/rqt_gui_py:/home/pi/ros2_jazzy/install/rqt_gui:/home/pi/ros2_jazzy/install/ros2trace:/home/pi/ros2_jazzy/install/ros2topic:/home/pi/ros2_jazzy/install/ros2test:/home/pi/ros2_jazzy/install/ros2param:/home/pi/ros2_jazzy/install/ros2lifecycle:/home/pi/ros2_jazzy/install/ros2service:/home/pi/ros2_jazzy/install/ros2run:/home/pi/ros2_jazzy/install/ros2launch:/home/pi/ros2_jazzy/install/ros2pkg:/home/pi/ros2_jazzy/install/ros2node:/home/pi/ros2_jazzy/install/ros2multicast:/home/pi/ros2_jazzy/install/ros2interface:/home/pi/ros2_jazzy/install/ros2action:/home/pi/ros2_jazzy/install/ros2cli:/home/pi/ros2_jazzy/install/launch_testing_ros:/home/pi/ros2_jazzy/install/launch_ros:/home/pi/ros2_jazzy/install/examples_rclpy_minimal_action_server:/home/pi/ros2_jazzy/install/examples_rclpy_minimal_action_client:/home/pi/ros2_jazzy/install/examples_rclpy_guard_conditions:/home/pi/ros2_jazzy/install/action_tutorials_py:/home/pi/ros2_jazzy/install/ament_uncrustify:/home/pi/ros2_jazzy/install/tracetools_trace:/home/pi/ros2_jazzy/install/tracetools_read:/home/pi/ros2_jazzy/install/test_tracetools_launch:/home/pi/ros2_jazzy/install/test_ros2trace:/home/pi/ros2_jazzy/install/test_launch_ros:/home/pi/ros2_jazzy/install/rpyutils:/home/pi/ros2_jazzy/install/rosidl_runtime_py:/home/pi/ros2_jazzy/install/rosidl_pycommon:/home/pi/ros2_jazzy/install/rosidl_cli:/home/pi/ros2_jazzy/install/launch_pytest:/home/pi/ros2_jazzy/install/launch_testing:/home/pi/ros2_jazzy/install/launch_yaml:/home/pi/ros2_jazzy/install/launch_xml:/home/pi/ros2_jazzy/install/launch:/home/pi/ros2_jazzy/install/osrf_pycommon:/home/pi/ros2_jazzy/install/domain_coordinator:/home/pi/ros2_jazzy/install/ament_xmllint:/home/pi/ros2_jazzy/install/ament_pyflakes:/home/pi/ros2_jazzy/install/ament_pycodestyle:/home/pi/ros2_jazzy/install/ament_pep257:/home/pi/ros2_jazzy/install/ament_pclint:/home/pi/ros2_jazzy/install/ament_package:/home/pi/ros2_jazzy/install/ament_mypy:/home/pi/ros2_jazzy/install/ament_lint_cmake:/home/pi/ros2_jazzy/install/ament_flake8:/home/pi/ros2_jazzy/install/ament_copyright:/home/pi/ros2_jazzy/install/ament_lint:/home/pi/ros2_jazzy/install/ament_index_python:/home/pi/ros2_jazzy/install/ament_cpplint:/home/pi/ros2_jazzy/install/ament_cppcheck:/home/pi/ros2_jazzy/install/ament_clang_tidy:/home/pi/ros2_jazzy/install/ament_clang_format /usr/bin/cmake --install /home/pi/ME439Team125/build/xarmrob_interfaces
