[0.137s] DEBUG:colcon:Command line arguments: ['/usr/bin/colcon', 'build', '--packages-select', 'xarmrob', 'xarmrob_interfaces']
[0.138s] DEBUG:colcon:Parsed command line arguments: Namespace(log_base=None, log_level=None, verb_name='build', build_base='build', install_base='install', merge_install=False, symlink_install=False, test_result_base=None, continue_on_error=False, executor='parallel', parallel_workers=4, event_handlers=None, ignore_user_meta=False, metas=['./colcon.meta'], base_paths=['.'], packages_ignore=None, packages_ignore_regex=None, paths=None, packages_up_to=None, packages_up_to_regex=None, packages_above=None, packages_above_and_dependencies=None, packages_above_depth=None, packages_select_by_dep=None, packages_skip_by_dep=None, packages_skip_up_to=None, packages_select_build_failed=False, packages_skip_build_finished=False, packages_select_test_failures=False, packages_skip_test_passed=False, packages_select=['xarmrob', 'xarmrob_interfaces'], packages_skip=None, packages_select_regex=None, packages_skip_regex=None, packages_start=None, packages_end=None, allow_overriding=[], cmake_args=None, cmake_target=None, cmake_target_skip_unavailable=False, cmake_clean_cache=False, cmake_clean_first=False, cmake_force_configure=False, ament_cmake_args=None, catkin_cmake_args=None, catkin_skip_building_tests=False, mixin_files=None, mixin=None, verb_parser=<colcon_mixin.mixin.mixin_argument.MixinArgumentDecorator object at 0x71feb9dace60>, verb_extension=<colcon_core.verb.build.BuildVerb object at 0x71feb9d2bf50>, main=<bound method BuildVerb.main of <colcon_core.verb.build.BuildVerb object at 0x71feb9d2bf50>>, mixin_verb=('build',))
[0.181s] Level 1:colcon.colcon_core.package_discovery:discover_packages(colcon_meta) check parameters
[0.181s] Level 1:colcon.colcon_core.package_discovery:discover_packages(recursive) check parameters
[0.181s] Level 1:colcon.colcon_core.package_discovery:discover_packages(ignore) check parameters
[0.181s] Level 1:colcon.colcon_core.package_discovery:discover_packages(path) check parameters
[0.181s] Level 1:colcon.colcon_core.package_discovery:discover_packages(colcon_meta) discover
[0.181s] Level 1:colcon.colcon_core.package_discovery:discover_packages(recursive) discover
[0.181s] INFO:colcon.colcon_core.package_discovery:Crawling recursively for packages in '/home/aansari/Documents/ME439/ME439Team125'
[0.181s] Level 1:colcon.colcon_core.package_identification:_identify(.) by extensions ['ignore', 'ignore_ament_install']
[0.181s] Level 1:colcon.colcon_core.package_identification:_identify(.) by extension 'ignore'
[0.181s] Level 1:colcon.colcon_core.package_identification:_identify(.) by extension 'ignore_ament_install'
[0.182s] Level 1:colcon.colcon_core.package_identification:_identify(.) by extensions ['colcon_pkg']
[0.182s] Level 1:colcon.colcon_core.package_identification:_identify(.) by extension 'colcon_pkg'
[0.182s] Level 1:colcon.colcon_core.package_identification:_identify(.) by extensions ['colcon_meta']
[0.182s] Level 1:colcon.colcon_core.package_identification:_identify(.) by extension 'colcon_meta'
[0.182s] Level 1:colcon.colcon_core.package_identification:_identify(.) by extensions ['ros']
[0.182s] Level 1:colcon.colcon_core.package_identification:_identify(.) by extension 'ros'
[0.213s] Level 1:colcon.colcon_core.package_identification:_identify(.) by extensions ['cmake', 'python']
[0.213s] Level 1:colcon.colcon_core.package_identification:_identify(.) by extension 'cmake'
[0.213s] Level 1:colcon.colcon_core.package_identification:_identify(.) by extension 'python'
[0.213s] Level 1:colcon.colcon_core.package_identification:_identify(.) by extensions ['python_setup_py']
[0.213s] Level 1:colcon.colcon_core.package_identification:_identify(.) by extension 'python_setup_py'
[0.214s] Level 1:colcon.colcon_core.package_identification:_identify(build) by extensions ['ignore', 'ignore_ament_install']
[0.214s] Level 1:colcon.colcon_core.package_identification:_identify(build) by extension 'ignore'
[0.214s] Level 1:colcon.colcon_core.package_identification:_identify(build) ignored
[0.214s] Level 1:colcon.colcon_core.package_identification:_identify(install) by extensions ['ignore', 'ignore_ament_install']
[0.214s] Level 1:colcon.colcon_core.package_identification:_identify(install) by extension 'ignore'
[0.214s] Level 1:colcon.colcon_core.package_identification:_identify(install) ignored
[0.214s] Level 1:colcon.colcon_core.package_identification:_identify(log) by extensions ['ignore', 'ignore_ament_install']
[0.215s] Level 1:colcon.colcon_core.package_identification:_identify(log) by extension 'ignore'
[0.215s] Level 1:colcon.colcon_core.package_identification:_identify(log) ignored
[0.215s] Level 1:colcon.colcon_core.package_identification:_identify(src) by extensions ['ignore', 'ignore_ament_install']
[0.215s] Level 1:colcon.colcon_core.package_identification:_identify(src) by extension 'ignore'
[0.215s] Level 1:colcon.colcon_core.package_identification:_identify(src) by extension 'ignore_ament_install'
[0.215s] Level 1:colcon.colcon_core.package_identification:_identify(src) by extensions ['colcon_pkg']
[0.215s] Level 1:colcon.colcon_core.package_identification:_identify(src) by extension 'colcon_pkg'
[0.215s] Level 1:colcon.colcon_core.package_identification:_identify(src) by extensions ['colcon_meta']
[0.215s] Level 1:colcon.colcon_core.package_identification:_identify(src) by extension 'colcon_meta'
[0.215s] Level 1:colcon.colcon_core.package_identification:_identify(src) by extensions ['ros']
[0.215s] Level 1:colcon.colcon_core.package_identification:_identify(src) by extension 'ros'
[0.215s] Level 1:colcon.colcon_core.package_identification:_identify(src) by extensions ['cmake', 'python']
[0.215s] Level 1:colcon.colcon_core.package_identification:_identify(src) by extension 'cmake'
[0.216s] Level 1:colcon.colcon_core.package_identification:_identify(src) by extension 'python'
[0.216s] Level 1:colcon.colcon_core.package_identification:_identify(src) by extensions ['python_setup_py']
[0.216s] Level 1:colcon.colcon_core.package_identification:_identify(src) by extension 'python_setup_py'
[0.216s] Level 1:colcon.colcon_core.package_identification:_identify(src/finalproj125) by extensions ['ignore', 'ignore_ament_install']
[0.216s] Level 1:colcon.colcon_core.package_identification:_identify(src/finalproj125) by extension 'ignore'
[0.216s] Level 1:colcon.colcon_core.package_identification:_identify(src/finalproj125) by extension 'ignore_ament_install'
[0.216s] Level 1:colcon.colcon_core.package_identification:_identify(src/finalproj125) by extensions ['colcon_pkg']
[0.216s] Level 1:colcon.colcon_core.package_identification:_identify(src/finalproj125) by extension 'colcon_pkg'
[0.216s] Level 1:colcon.colcon_core.package_identification:_identify(src/finalproj125) by extensions ['colcon_meta']
[0.216s] Level 1:colcon.colcon_core.package_identification:_identify(src/finalproj125) by extension 'colcon_meta'
[0.216s] Level 1:colcon.colcon_core.package_identification:_identify(src/finalproj125) by extensions ['ros']
[0.216s] Level 1:colcon.colcon_core.package_identification:_identify(src/finalproj125) by extension 'ros'
[0.219s] DEBUG:colcon.colcon_core.package_identification:Package 'src/finalproj125' with type 'ros.ament_python' and name 'finalproj125'
[0.220s] Level 1:colcon.colcon_core.package_identification:_identify(src/finalproj125_interfaces) by extensions ['ignore', 'ignore_ament_install']
[0.220s] Level 1:colcon.colcon_core.package_identification:_identify(src/finalproj125_interfaces) by extension 'ignore'
[0.220s] Level 1:colcon.colcon_core.package_identification:_identify(src/finalproj125_interfaces) by extension 'ignore_ament_install'
[0.220s] Level 1:colcon.colcon_core.package_identification:_identify(src/finalproj125_interfaces) by extensions ['colcon_pkg']
[0.220s] Level 1:colcon.colcon_core.package_identification:_identify(src/finalproj125_interfaces) by extension 'colcon_pkg'
[0.220s] Level 1:colcon.colcon_core.package_identification:_identify(src/finalproj125_interfaces) by extensions ['colcon_meta']
[0.220s] Level 1:colcon.colcon_core.package_identification:_identify(src/finalproj125_interfaces) by extension 'colcon_meta'
[0.220s] Level 1:colcon.colcon_core.package_identification:_identify(src/finalproj125_interfaces) by extensions ['ros']
[0.220s] Level 1:colcon.colcon_core.package_identification:_identify(src/finalproj125_interfaces) by extension 'ros'
[0.221s] DEBUG:colcon.colcon_core.package_identification:Package 'src/finalproj125_interfaces' with type 'ros.ament_cmake' and name 'finalproj125_interfaces'
[0.221s] Level 1:colcon.colcon_core.package_identification:_identify(src/xarmrob) by extensions ['ignore', 'ignore_ament_install']
[0.221s] Level 1:colcon.colcon_core.package_identification:_identify(src/xarmrob) by extension 'ignore'
[0.221s] Level 1:colcon.colcon_core.package_identification:_identify(src/xarmrob) by extension 'ignore_ament_install'
[0.221s] Level 1:colcon.colcon_core.package_identification:_identify(src/xarmrob) by extensions ['colcon_pkg']
[0.221s] Level 1:colcon.colcon_core.package_identification:_identify(src/xarmrob) by extension 'colcon_pkg'
[0.221s] Level 1:colcon.colcon_core.package_identification:_identify(src/xarmrob) by extensions ['colcon_meta']
[0.221s] Level 1:colcon.colcon_core.package_identification:_identify(src/xarmrob) by extension 'colcon_meta'
[0.221s] Level 1:colcon.colcon_core.package_identification:_identify(src/xarmrob) by extensions ['ros']
[0.221s] Level 1:colcon.colcon_core.package_identification:_identify(src/xarmrob) by extension 'ros'
[0.222s] DEBUG:colcon.colcon_core.package_identification:Package 'src/xarmrob' with type 'ros.ament_python' and name 'xarmrob'
[0.222s] Level 1:colcon.colcon_core.package_identification:_identify(src/xarmrob_interfaces) by extensions ['ignore', 'ignore_ament_install']
[0.223s] Level 1:colcon.colcon_core.package_identification:_identify(src/xarmrob_interfaces) by extension 'ignore'
[0.223s] Level 1:colcon.colcon_core.package_identification:_identify(src/xarmrob_interfaces) by extension 'ignore_ament_install'
[0.223s] Level 1:colcon.colcon_core.package_identification:_identify(src/xarmrob_interfaces) by extensions ['colcon_pkg']
[0.223s] Level 1:colcon.colcon_core.package_identification:_identify(src/xarmrob_interfaces) by extension 'colcon_pkg'
[0.223s] Level 1:colcon.colcon_core.package_identification:_identify(src/xarmrob_interfaces) by extensions ['colcon_meta']
[0.223s] Level 1:colcon.colcon_core.package_identification:_identify(src/xarmrob_interfaces) by extension 'colcon_meta'
[0.223s] Level 1:colcon.colcon_core.package_identification:_identify(src/xarmrob_interfaces) by extensions ['ros']
[0.223s] Level 1:colcon.colcon_core.package_identification:_identify(src/xarmrob_interfaces) by extension 'ros'
[0.224s] DEBUG:colcon.colcon_core.package_identification:Package 'src/xarmrob_interfaces' with type 'ros.ament_cmake' and name 'xarmrob_interfaces'
[0.224s] Level 1:colcon.colcon_core.package_discovery:discover_packages(recursive) using defaults
[0.224s] Level 1:colcon.colcon_core.package_discovery:discover_packages(ignore) discover
[0.224s] Level 1:colcon.colcon_core.package_discovery:discover_packages(ignore) using defaults
[0.224s] Level 1:colcon.colcon_core.package_discovery:discover_packages(path) discover
[0.224s] Level 1:colcon.colcon_core.package_discovery:discover_packages(path) using defaults
[0.245s] INFO:colcon.colcon_core.package_selection:Skipping not selected package 'finalproj125' in 'src/finalproj125'
[0.245s] INFO:colcon.colcon_core.package_selection:Skipping not selected package 'finalproj125_interfaces' in 'src/finalproj125_interfaces'
[0.246s] Level 1:colcon.colcon_core.package_discovery:discover_packages(prefix_path) check parameters
[0.246s] Level 1:colcon.colcon_core.package_discovery:discover_packages(prefix_path) discover
[0.248s] DEBUG:colcon.colcon_installed_package_information.package_discovery:Found 4 installed packages in /home/aansari/Documents/ME439/ME439Team125/install
[0.249s] DEBUG:colcon.colcon_installed_package_information.package_discovery:Found 4 installed packages in /home/aansari/ros2_prac/install
[0.251s] DEBUG:colcon.colcon_installed_package_information.package_discovery:Found 285 installed packages in /opt/ros/jazzy
[0.253s] Level 1:colcon.colcon_core.package_discovery:discover_packages(prefix_path) using defaults
[0.309s] Level 5:colcon.colcon_core.verb:set package 'xarmrob_interfaces' build argument 'cmake_args' from command line to 'None'
[0.309s] Level 5:colcon.colcon_core.verb:set package 'xarmrob_interfaces' build argument 'cmake_target' from command line to 'None'
[0.309s] Level 5:colcon.colcon_core.verb:set package 'xarmrob_interfaces' build argument 'cmake_target_skip_unavailable' from command line to 'False'
[0.309s] Level 5:colcon.colcon_core.verb:set package 'xarmrob_interfaces' build argument 'cmake_clean_cache' from command line to 'False'
[0.309s] Level 5:colcon.colcon_core.verb:set package 'xarmrob_interfaces' build argument 'cmake_clean_first' from command line to 'False'
[0.309s] Level 5:colcon.colcon_core.verb:set package 'xarmrob_interfaces' build argument 'cmake_force_configure' from command line to 'False'
[0.309s] Level 5:colcon.colcon_core.verb:set package 'xarmrob_interfaces' build argument 'ament_cmake_args' from command line to 'None'
[0.309s] Level 5:colcon.colcon_core.verb:set package 'xarmrob_interfaces' build argument 'catkin_cmake_args' from command line to 'None'
[0.309s] Level 5:colcon.colcon_core.verb:set package 'xarmrob_interfaces' build argument 'catkin_skip_building_tests' from command line to 'False'
[0.310s] DEBUG:colcon.colcon_core.verb:Building package 'xarmrob_interfaces' with the following arguments: {'ament_cmake_args': None, 'build_base': '/home/aansari/Documents/ME439/ME439Team125/build/xarmrob_interfaces', 'catkin_cmake_args': None, 'catkin_skip_building_tests': False, 'cmake_args': None, 'cmake_clean_cache': False, 'cmake_clean_first': False, 'cmake_force_configure': False, 'cmake_target': None, 'cmake_target_skip_unavailable': False, 'install_base': '/home/aansari/Documents/ME439/ME439Team125/install/xarmrob_interfaces', 'merge_install': False, 'path': '/home/aansari/Documents/ME439/ME439Team125/src/xarmrob_interfaces', 'symlink_install': False, 'test_result_base': None}
[0.310s] Level 5:colcon.colcon_core.verb:set package 'xarmrob' build argument 'cmake_args' from command line to 'None'
[0.310s] Level 5:colcon.colcon_core.verb:set package 'xarmrob' build argument 'cmake_target' from command line to 'None'
[0.310s] Level 5:colcon.colcon_core.verb:set package 'xarmrob' build argument 'cmake_target_skip_unavailable' from command line to 'False'
[0.310s] Level 5:colcon.colcon_core.verb:set package 'xarmrob' build argument 'cmake_clean_cache' from command line to 'False'
[0.310s] Level 5:colcon.colcon_core.verb:set package 'xarmrob' build argument 'cmake_clean_first' from command line to 'False'
[0.310s] Level 5:colcon.colcon_core.verb:set package 'xarmrob' build argument 'cmake_force_configure' from command line to 'False'
[0.310s] Level 5:colcon.colcon_core.verb:set package 'xarmrob' build argument 'ament_cmake_args' from command line to 'None'
[0.310s] Level 5:colcon.colcon_core.verb:set package 'xarmrob' build argument 'catkin_cmake_args' from command line to 'None'
[0.310s] Level 5:colcon.colcon_core.verb:set package 'xarmrob' build argument 'catkin_skip_building_tests' from command line to 'False'
[0.310s] DEBUG:colcon.colcon_core.verb:Building package 'xarmrob' with the following arguments: {'ament_cmake_args': None, 'build_base': '/home/aansari/Documents/ME439/ME439Team125/build/xarmrob', 'catkin_cmake_args': None, 'catkin_skip_building_tests': False, 'cmake_args': None, 'cmake_clean_cache': False, 'cmake_clean_first': False, 'cmake_force_configure': False, 'cmake_target': None, 'cmake_target_skip_unavailable': False, 'install_base': '/home/aansari/Documents/ME439/ME439Team125/install/xarmrob', 'merge_install': False, 'path': '/home/aansari/Documents/ME439/ME439Team125/src/xarmrob', 'symlink_install': False, 'test_result_base': None}
[0.310s] INFO:colcon.colcon_core.executor:Executing jobs using 'parallel' executor
[0.311s] DEBUG:colcon.colcon_parallel_executor.executor.parallel:run_until_complete
[0.312s] INFO:colcon.colcon_ros.task.ament_cmake.build:Building ROS package in '/home/aansari/Documents/ME439/ME439Team125/src/xarmrob_interfaces' with build type 'ament_cmake'
[0.312s] INFO:colcon.colcon_cmake.task.cmake.build:Building CMake package in '/home/aansari/Documents/ME439/ME439Team125/src/xarmrob_interfaces'
[0.315s] INFO:colcon.colcon_core.plugin_system:Skipping extension 'colcon_core.shell.bat': Not used on non-Windows systems
[0.315s] INFO:colcon.colcon_core.shell:Skip shell extension 'powershell' for command environment: Not usable outside of PowerShell
[0.315s] DEBUG:colcon.colcon_core.shell:Skip shell extension 'dsv' for command environment
[0.327s] DEBUG:colcon.colcon_core.event_handler.log_command:Invoking command in '/home/aansari/Documents/ME439/ME439Team125/build/xarmrob_interfaces': CMAKE_PREFIX_PATH=${CMAKE_PREFIX_PATH}:/home/aansari/Documents/ME439/ME439Team125/install/xarmrob:/home/aansari/Documents/ME439/ME439Team125/install/finalproj125:/home/aansari/ros2_prac/install/xarmrob:/home/aansari/ros2_prac/install/mobrob:/opt/ros/jazzy DEBUGINFOD_URLS=https://debuginfod.ubuntu.com /usr/bin/cmake /home/aansari/Documents/ME439/ME439Team125/src/xarmrob_interfaces -DCMAKE_INSTALL_PREFIX=/home/aansari/Documents/ME439/ME439Team125/install/xarmrob_interfaces
[1.077s] DEBUG:colcon.colcon_core.event_handler.log_command:Invoked command in '/home/aansari/Documents/ME439/ME439Team125/build/xarmrob_interfaces' returned '1': CMAKE_PREFIX_PATH=${CMAKE_PREFIX_PATH}:/home/aansari/Documents/ME439/ME439Team125/install/xarmrob:/home/aansari/Documents/ME439/ME439Team125/install/finalproj125:/home/aansari/ros2_prac/install/xarmrob:/home/aansari/ros2_prac/install/mobrob:/opt/ros/jazzy DEBUGINFOD_URLS=https://debuginfod.ubuntu.com /usr/bin/cmake /home/aansari/Documents/ME439/ME439Team125/src/xarmrob_interfaces -DCMAKE_INSTALL_PREFIX=/home/aansari/Documents/ME439/ME439Team125/install/xarmrob_interfaces
[1.079s] Level 1:colcon.colcon_core.environment:create_environment_scripts_only(xarmrob_interfaces)
[1.083s] Level 1:colcon.colcon_core.environment:checking '/home/aansari/Documents/ME439/ME439Team125/install/xarmrob_interfaces' for CMake module files
[1.086s] Level 1:colcon.colcon_core.environment:checking '/home/aansari/Documents/ME439/ME439Team125/install/xarmrob_interfaces' for CMake config files
[1.100s] Level 1:colcon.colcon_core.shell:create_environment_hook('xarmrob_interfaces', 'cmake_prefix_path')
[1.101s] INFO:colcon.colcon_core.shell:Creating environment hook '/home/aansari/Documents/ME439/ME439Team125/install/xarmrob_interfaces/share/xarmrob_interfaces/hook/cmake_prefix_path.ps1'
[1.102s] INFO:colcon.colcon_core.shell:Creating environment descriptor '/home/aansari/Documents/ME439/ME439Team125/install/xarmrob_interfaces/share/xarmrob_interfaces/hook/cmake_prefix_path.dsv'
[1.102s] INFO:colcon.colcon_core.shell:Creating environment hook '/home/aansari/Documents/ME439/ME439Team125/install/xarmrob_interfaces/share/xarmrob_interfaces/hook/cmake_prefix_path.sh'
[1.104s] Level 1:colcon.colcon_core.environment:checking '/home/aansari/Documents/ME439/ME439Team125/install/xarmrob_interfaces/lib'
[1.104s] Level 1:colcon.colcon_core.shell:create_environment_hook('xarmrob_interfaces', 'ld_library_path_lib')
[1.104s] INFO:colcon.colcon_core.shell:Creating environment hook '/home/aansari/Documents/ME439/ME439Team125/install/xarmrob_interfaces/share/xarmrob_interfaces/hook/ld_library_path_lib.ps1'
[1.105s] INFO:colcon.colcon_core.shell:Creating environment descriptor '/home/aansari/Documents/ME439/ME439Team125/install/xarmrob_interfaces/share/xarmrob_interfaces/hook/ld_library_path_lib.dsv'
[1.105s] INFO:colcon.colcon_core.shell:Creating environment hook '/home/aansari/Documents/ME439/ME439Team125/install/xarmrob_interfaces/share/xarmrob_interfaces/hook/ld_library_path_lib.sh'
[1.106s] Level 1:colcon.colcon_core.environment:checking '/home/aansari/Documents/ME439/ME439Team125/install/xarmrob_interfaces/bin'
[1.106s] Level 1:colcon.colcon_core.environment:checking '/home/aansari/Documents/ME439/ME439Team125/install/xarmrob_interfaces/lib/pkgconfig/xarmrob_interfaces.pc'
[1.107s] Level 1:colcon.colcon_core.environment:checking '/home/aansari/Documents/ME439/ME439Team125/install/xarmrob_interfaces/lib/python3.12/site-packages'
[1.107s] Level 1:colcon.colcon_core.shell:create_environment_hook('xarmrob_interfaces', 'pythonpath')
[1.107s] INFO:colcon.colcon_core.shell:Creating environment hook '/home/aansari/Documents/ME439/ME439Team125/install/xarmrob_interfaces/share/xarmrob_interfaces/hook/pythonpath.ps1'
[1.108s] INFO:colcon.colcon_core.shell:Creating environment descriptor '/home/aansari/Documents/ME439/ME439Team125/install/xarmrob_interfaces/share/xarmrob_interfaces/hook/pythonpath.dsv'
[1.108s] INFO:colcon.colcon_core.shell:Creating environment hook '/home/aansari/Documents/ME439/ME439Team125/install/xarmrob_interfaces/share/xarmrob_interfaces/hook/pythonpath.sh'
[1.109s] Level 1:colcon.colcon_core.environment:checking '/home/aansari/Documents/ME439/ME439Team125/install/xarmrob_interfaces/bin'
[1.109s] INFO:colcon.colcon_core.shell:Creating package script '/home/aansari/Documents/ME439/ME439Team125/install/xarmrob_interfaces/share/xarmrob_interfaces/package.ps1'
[1.110s] INFO:colcon.colcon_core.shell:Creating package descriptor '/home/aansari/Documents/ME439/ME439Team125/install/xarmrob_interfaces/share/xarmrob_interfaces/package.dsv'
[1.111s] INFO:colcon.colcon_core.shell:Creating package script '/home/aansari/Documents/ME439/ME439Team125/install/xarmrob_interfaces/share/xarmrob_interfaces/package.sh'
[1.113s] INFO:colcon.colcon_core.shell:Creating package script '/home/aansari/Documents/ME439/ME439Team125/install/xarmrob_interfaces/share/xarmrob_interfaces/package.bash'
[1.114s] INFO:colcon.colcon_core.shell:Creating package script '/home/aansari/Documents/ME439/ME439Team125/install/xarmrob_interfaces/share/xarmrob_interfaces/package.zsh'
[1.114s] Level 1:colcon.colcon_core.environment:create_file_with_runtime_dependencies(/home/aansari/Documents/ME439/ME439Team125/install/xarmrob_interfaces/share/colcon-core/packages/xarmrob_interfaces)
[1.125s] DEBUG:colcon.colcon_parallel_executor.executor.parallel:closing loop
[1.125s] DEBUG:colcon.colcon_parallel_executor.executor.parallel:loop closed
[1.126s] DEBUG:colcon.colcon_parallel_executor.executor.parallel:run_until_complete finished with '1'
[1.126s] DEBUG:colcon.colcon_core.event_reactor:joining thread
[1.145s] INFO:colcon.colcon_core.plugin_system:Skipping extension 'colcon_notification.desktop_notification.terminal_notifier': Not used on non-Darwin systems
[1.145s] INFO:colcon.colcon_core.plugin_system:Skipping extension 'colcon_notification.desktop_notification.win32': Not used on non-Windows systems
[1.145s] INFO:colcon.colcon_notification.desktop_notification:Sending desktop notification using 'notify2'
[1.190s] DEBUG:colcon.colcon_core.event_reactor:joined thread
[1.191s] INFO:colcon.colcon_core.shell:Creating prefix script '/home/aansari/Documents/ME439/ME439Team125/install/local_setup.ps1'
[1.193s] INFO:colcon.colcon_core.shell:Creating prefix util module '/home/aansari/Documents/ME439/ME439Team125/install/_local_setup_util_ps1.py'
[1.196s] INFO:colcon.colcon_core.shell:Creating prefix chain script '/home/aansari/Documents/ME439/ME439Team125/install/setup.ps1'
[1.198s] INFO:colcon.colcon_core.shell:Creating prefix script '/home/aansari/Documents/ME439/ME439Team125/install/local_setup.sh'
[1.199s] INFO:colcon.colcon_core.shell:Creating prefix util module '/home/aansari/Documents/ME439/ME439Team125/install/_local_setup_util_sh.py'
[1.201s] INFO:colcon.colcon_core.shell:Creating prefix chain script '/home/aansari/Documents/ME439/ME439Team125/install/setup.sh'
[1.204s] INFO:colcon.colcon_core.shell:Creating prefix script '/home/aansari/Documents/ME439/ME439Team125/install/local_setup.bash'
[1.205s] INFO:colcon.colcon_core.shell:Creating prefix chain script '/home/aansari/Documents/ME439/ME439Team125/install/setup.bash'
[1.207s] INFO:colcon.colcon_core.shell:Creating prefix script '/home/aansari/Documents/ME439/ME439Team125/install/local_setup.zsh'
[1.208s] INFO:colcon.colcon_core.shell:Creating prefix chain script '/home/aansari/Documents/ME439/ME439Team125/install/setup.zsh'
