[1.068s] Invoking command in '/home/aansari/Documents/ME439/ME439Team125/build/xarmrob': AMENT_PREFIX_PATH=/home/aansari/Documents/ME439/ME439Team125/install/xarmrob_interfaces:${AMENT_PREFIX_PATH} CMAKE_PREFIX_PATH=/home/aansari/Documents/ME439/ME439Team125/install/xarmrob_interfaces:${CMAKE_PREFIX_PATH} DEBUGINFOD_URLS=https://debuginfod.ubuntu.com LD_LIBRARY_PATH=/home/aansari/Documents/ME439/ME439Team125/install/xarmrob_interfaces/lib:${LD_LIBRARY_PATH} PYTHONPATH=/home/aansari/Documents/ME439/ME439Team125/build/xarmrob/prefix_override:/usr/lib/python3/dist-packages/colcon_core/task/python/colcon_distutils_commands:/home/aansari/Documents/ME439/ME439Team125/install/xarmrob/lib/python3.12/site-packages:/home/aansari/Documents/ME439/ME439Team125/install/xarmrob_interfaces/lib/python3.12/site-packages:${PYTHONPATH} /usr/bin/python3 -W ignore:setup.py install is deprecated -W ignore:easy_install command is deprecated setup.py develop --editable --build-directory /home/aansari/Documents/ME439/ME439Team125/build/xarmrob/build --no-deps symlink_data
[1.275s] /usr/local/lib/python3.12/dist-packages/setuptools/_distutils/dist.py:261: UserWarning: Unknown distribution option: 'tests_require'
[1.275s]   warnings.warn(msg)
[1.580s] running develop
[2.180s] running egg_info
[2.251s] creating xarmrob.egg-info
[2.252s] writing xarmrob.egg-info/PKG-INFO
[2.255s] writing dependency_links to xarmrob.egg-info/dependency_links.txt
[2.256s] writing entry points to xarmrob.egg-info/entry_points.txt
[2.256s] writing requirements to xarmrob.egg-info/requires.txt
[2.256s] writing top-level names to xarmrob.egg-info/top_level.txt
[2.257s] writing manifest file 'xarmrob.egg-info/SOURCES.txt'
[2.379s] reading manifest file 'xarmrob.egg-info/SOURCES.txt'
[2.381s] writing manifest file 'xarmrob.egg-info/SOURCES.txt'
[2.451s] running build_ext
[2.452s] Creating /home/aansari/Documents/ME439/ME439Team125/install/xarmrob/lib/python3.12/site-packages/xarmrob.egg-link (link to .)
[2.454s] Installing angle_keyboard script to /home/aansari/Documents/ME439/ME439Team125/install/xarmrob/lib/xarmrob
[2.455s] Installing angle_sliders script to /home/aansari/Documents/ME439/ME439Team125/install/xarmrob/lib/xarmrob
[2.457s] Installing cmd_keyboard script to /home/aansari/Documents/ME439/ME439Team125/install/xarmrob/lib/xarmrob
[2.459s] Installing cmd_sliders script to /home/aansari/Documents/ME439/ME439Team125/install/xarmrob/lib/xarmrob
[2.460s] Installing command_xarm script to /home/aansari/Documents/ME439/ME439Team125/install/xarmrob/lib/xarmrob
[2.461s] Installing endpoint_automatic_smooth script to /home/aansari/Documents/ME439/ME439Team125/install/xarmrob/lib/xarmrob
[2.462s] Installing endpoint_keyboard script to /home/aansari/Documents/ME439/ME439Team125/install/xarmrob/lib/xarmrob
[2.462s] Installing endpoint_keyboard_smooth script to /home/aansari/Documents/ME439/ME439Team125/install/xarmrob/lib/xarmrob
[2.463s] Installing endpoint_sliders script to /home/aansari/Documents/ME439/ME439Team125/install/xarmrob/lib/xarmrob
[2.463s] Installing xarm_kinematics script to /home/aansari/Documents/ME439/ME439Team125/install/xarmrob/lib/xarmrob
[2.464s] 
[2.464s] Installed /home/aansari/Documents/ME439/ME439Team125/build/xarmrob
[2.464s] running symlink_data
[2.465s] creating /home/aansari/Documents/ME439/ME439Team125/install/xarmrob/share/ament_index/resource_index/packages
[2.465s] symbolically linking /home/aansari/Documents/ME439/ME439Team125/build/xarmrob/resource/xarmrob -> /home/aansari/Documents/ME439/ME439Team125/install/xarmrob/share/ament_index/resource_index/packages
[2.465s] symbolically linking /home/aansari/Documents/ME439/ME439Team125/build/xarmrob/package.xml -> /home/aansari/Documents/ME439/ME439Team125/install/xarmrob/share/xarmrob
[2.466s] creating /home/aansari/Documents/ME439/ME439Team125/install/xarmrob/share/xarmrob/launch
[2.467s] symbolically linking /home/aansari/Documents/ME439/ME439Team125/build/xarmrob/launch/xarm_cmd_sliders.launch.py -> /home/aansari/Documents/ME439/ME439Team125/install/xarmrob/share/xarmrob/launch
[2.467s] symbolically linking /home/aansari/Documents/ME439/ME439Team125/build/xarmrob/launch/xarm_cmd_sliders_param.launch.py -> /home/aansari/Documents/ME439/ME439Team125/install/xarmrob/share/xarmrob/launch
[2.468s] symbolically linking /home/aansari/Documents/ME439/ME439Team125/build/xarmrob/launch/xarm_no_cmd_param.launch.py -> /home/aansari/Documents/ME439/ME439Team125/install/xarmrob/share/xarmrob/launch
[2.468s] symbolically linking /home/aansari/Documents/ME439/ME439Team125/build/xarmrob/launch/xarm_no_cmd.launch.py -> /home/aansari/Documents/ME439/ME439Team125/install/xarmrob/share/xarmrob/launch
[2.468s] symbolically linking /home/aansari/Documents/ME439/ME439Team125/build/xarmrob/launch/xarm_automatic.launch.py -> /home/aansari/Documents/ME439/ME439Team125/install/xarmrob/share/xarmrob/launch
[2.468s] symbolically linking /home/aansari/Documents/ME439/ME439Team125/build/xarmrob/launch/xarm_angle_sliders.launch.py -> /home/aansari/Documents/ME439/ME439Team125/install/xarmrob/share/xarmrob/launch
[2.469s] symbolically linking /home/aansari/Documents/ME439/ME439Team125/build/xarmrob/launch/xarm_endpoint_sliders.launch.py -> /home/aansari/Documents/ME439/ME439Team125/install/xarmrob/share/xarmrob/launch
[2.469s] creating /home/aansari/Documents/ME439/ME439Team125/install/xarmrob/share/xarmrob/urdf
[2.469s] symbolically linking /home/aansari/Documents/ME439/ME439Team125/build/xarmrob/urdf/urdf.rviz -> /home/aansari/Documents/ME439/ME439Team125/install/xarmrob/share/xarmrob/urdf
[2.469s] symbolically linking /home/aansari/Documents/ME439/ME439Team125/build/xarmrob/urdf/robot-xarm-pen.urdf -> /home/aansari/Documents/ME439/ME439Team125/install/xarmrob/share/xarmrob/urdf
[2.470s] symbolically linking /home/aansari/Documents/ME439/ME439Team125/build/xarmrob/urdf/robot-xarm.urdf -> /home/aansari/Documents/ME439/ME439Team125/install/xarmrob/share/xarmrob/urdf
[2.470s] creating /home/aansari/Documents/ME439/ME439Team125/install/xarmrob/share/xarmrob/config
[2.470s] symbolically linking /home/aansari/Documents/ME439/ME439Team125/build/xarmrob/config/robot_xarm_info.yaml -> /home/aansari/Documents/ME439/ME439Team125/install/xarmrob/share/xarmrob/config
[2.566s] Invoked command in '/home/aansari/Documents/ME439/ME439Team125/build/xarmrob' returned '0': AMENT_PREFIX_PATH=/home/aansari/Documents/ME439/ME439Team125/install/xarmrob_interfaces:${AMENT_PREFIX_PATH} CMAKE_PREFIX_PATH=/home/aansari/Documents/ME439/ME439Team125/install/xarmrob_interfaces:${CMAKE_PREFIX_PATH} DEBUGINFOD_URLS=https://debuginfod.ubuntu.com LD_LIBRARY_PATH=/home/aansari/Documents/ME439/ME439Team125/install/xarmrob_interfaces/lib:${LD_LIBRARY_PATH} PYTHONPATH=/home/aansari/Documents/ME439/ME439Team125/build/xarmrob/prefix_override:/usr/lib/python3/dist-packages/colcon_core/task/python/colcon_distutils_commands:/home/aansari/Documents/ME439/ME439Team125/install/xarmrob/lib/python3.12/site-packages:/home/aansari/Documents/ME439/ME439Team125/install/xarmrob_interfaces/lib/python3.12/site-packages:${PYTHONPATH} /usr/bin/python3 -W ignore:setup.py install is deprecated -W ignore:easy_install command is deprecated setup.py develop --editable --build-directory /home/aansari/Documents/ME439/ME439Team125/build/xarmrob/build --no-deps symlink_data
